*** Life<ConwayCell> 8x13 ***

Generation = 0, Population = 23.
.............
.*...*.*...*.
.**.**..*.*..
.*.*.*...*...
.*...*...*...
.*...*...*...
.*...*...*...
.............

Generation = 1, Population = 36.
.............
.**.***......
**.*.*..***..
**.*.**.***..
**...**.***..
***.***.***..
.............
.............

Generation = 2, Population = 24.
.....*.......
*******..*...
...*....*.*..
...........*.
...*.......*.
*.*.*.*.*.*..
.*...*...*...
.............

Generation = 3, Population = 31.
.***.**......
.***.**..*...
.*.*.*...**..
..........**.
...*......**.
.*****...**..
.*...*...*...
.............

Generation = 4, Population = 26.
.*.*.**......
*........**..
.*.*.**..*.*.
..*.*........
...*.........
.*.*.*...*.*.
.*.*.*...**..
.............

Generation = 5, Population = 18.
.............
**.......**..
.*****...*...
..*.**.......
...*.........
...*.....*...
.........**..
.............

*** Life<ConwayCell> 8x26 ***

Generation = 0, Population = 62.
..........................
.*....*...*...*...*.*****.
.**...*..*.*..**.**.*.....
.*.*..*.*...*.*.*.*.*.....
.*..*.*.*****.*...*.****..
.*...**.*...*.*...*.*.....
.*....*.*...*.*...*.*****.
..........................

Generation = 1, Population = 70.
.....................***..
.**.......*...**.**.****..
**...**..***..*.*.*.*.**..
**.*..*.*...*.*.*.*.*.*...
**..*.*.*.*.*.*...*.*.*...
***...*.*.*.*.**.**.....*.
.....**.............****..
.....................***..

Generation = 2, Population = 57.
....................*..*..
***......***..*****.*...*.
.....***.***..*.*.*.*.....
....*.*.*...*.*...*.*.*...
...*..*.*...*.*.*.*....*..
*.*...*.......**.**.*.....
.*...***............*...*.
....................*..*..

Generation = 3, Population = 53.
.*........*....***.*......
.*....*.**.*..*.*.*.**....
.*...***....*.*.*.*.*.....
....*...*.*.*.*...*..*....
...*..*.......*.*.*..*....
.**..........******.......
.*...***............**....
......*...................

Generation = 4, Population = 63.
.........**....******.....
***..**.****.**...*.**....
.....**...*.*.*...*.*.....
....*......*..*...*.**....
..**............*.**......
.**..*.*.....**.*.****....
.**..***......****........
.....***..................

Generation = 5, Population = 65.
.*......*..*..*****.**....
.*...****...***.*....*....
.*..*.**....*.**.**.......
...***.....*.*.*..*.**....
.****........**...........
....**.*.....**.....*.....
.**.*...*....**.*****.....
.....*.*.......**.........

*** Life<ConwayCell> 9x12 ***

Generation = 0, Population = 27.
............
.*****..**..
...*...*..*.
...*...*....
...*....**..
...*......*.
...*...*..*.
.*****..**..
............

Generation = 1, Population = 36.
..***.......
..***...**..
......**.*..
..***..*.*..
..***...**..
..***...*.*.
........*.*.
..***...**..
..***.......

Generation = 2, Population = 38.
..*.*.......
..*.**.***..
.....***.**.
..*.****.**.
.*...*.*..*.
..*.*..**.*.
.......**.*.
..*.*...**..
..*.*.......

Generation = 3, Population = 19.
....**..*...
....*..*.**.
............
....*......*
.**.......**
..........**
..........*.
.......***..
............

Generation = 4, Population = 18.
....**..**..
....**..**..
..........*.
..........**
............
.........*..
........*.**
........**..
........*...

Generation = 5, Population = 22.
....**..**..
....**..*.*.
..........**
..........**
..........*.
.........**.
........*.*.
.......**.*.
........**..

*** Life<ConwayCell> 8x32 ***

Generation = 0, Population = 70.
................................
...*.....*...***....**...*....*.
..*.*...*.*..*..*..*..*..**...*.
.*...*.*...*.*..*.*....*.*.*..*.
.*****.*****.***..*....*.*..*.*.
.*...*.*...*.*.*...*..*..*...**.
.*...*.*...*.*..*...**...*....*.
................................

Generation = 1, Population = 83.
..............*.................
...*.....*...***....**...**.....
..***...***..*..**.****..*...***
.*...*.*...*.*..*.**..**.*.*..**
**.*.*.*.*.*.*.*****..**.*..*.**
**.*.*.*.*.*.*.**..****..**...**
..............*.....**.......**.
................................

Generation = 2, Population = 58.
.............***................
..***...***..*.**..*..*..**...*.
..***...***..*..**.....*.*...*.*
**...*.*...*.*...........*..*...
.....*.*...*.*...........*.*....
**...........*.........****.....
..............**...*..*......***
................................

Generation = 3, Population = 53.
...*.....*...*.**...............
..*.*...*.*.**...*......***...*.
.....*.*...*.*.***.......*...**.
.***.*.*.*.*.**..........*..*...
.............**............*....
............**.........****...*.
..............*........***....*.
..............................*.

Generation = 4, Population = 50.
...*.....*..***.*........*......
...**...****.*...*......***..**.
.*...*.*.*.*...***...........**.
..*.*...*.*.....*.........*.**..
..*........................*....
............*..........*..*.....
.............*.........*..*..***
........................*.......

Generation = 5, Population = 56.
...**...**.****.........***.....
..***......*.*...*......***..**.
..*..*.*...**..*.*........**....
.***....***....***.........****.
...*......................***...
..........................**..*.
.......................***....*.
..............................*.

*** Life<ConwayCell> 16x16 ***

Generation = 0, Population = 72.
................
.**************.
................
**............**
................
.**************.
................
**............**
................
.**************.
................
**............**
................
.**************.
................
**............**

Generation = 1, Population = 144.
..************..
..************..
*..**********..*
................
*..**********..*
..************..
*..**********..*
................
*..**********..*
..************..
*..**********..*
................
*..**********..*
..************..
*..**********..*
................

Generation = 2, Population = 38.
..*..........*..
.*............*.
..*..........*..
................
..*..........*..
.**..........**.
..*..........*..
................
..*..........*..
.**..........**.
..*..........*..
................
..*..........*..
.**..........**.
..*..........*..
....********....

Generation = 3, Population = 60.
................
.**..........**.
................
................
.**..........**.
.***........***.
.**..........**.
................
.**..........**.
.***........***.
.**..........**.
................
.**..........**.
.***........***.
.***.******.***.
.....******.....

Generation = 4, Population = 48.
................
................
................
................
.*.*........*.*.
*..*........*..*
.*.*........*.*.
................
.*.*........*.*.
*..*........*..*
.*.*........*.*.
................
.*.*........*.*.
*...*.****.*...*
.*.*.*....*.*.*.
..*.**....**.*..

Generation = 5, Population = 56.
................
................
................
................
..*..........*..
**.**......**.**
..*..........*..
................
..*..........*..
**.**......**.**
..*..........*..
................
.......**.......
**.**********.**
.***...**...***.
..****....****..


*** Life<FredkinCell> 8x30 ***

Generation = 0, Population = 73.
------------------------------
-0-------0-00000-00000-00000--
-0-------0-0-----0-----0------
-0-------0-0-----0-----0------
-0---0---0-0000--0000--0000---
-00-000-00-0-----0-----0------
--000-000--00000-00000-00000--
------------------------------

Generation = 1, Population = 104.
-0-------0-00000-00000-00000--
010-----01-----1-----1-----10-
0-0-----0----0000--0000--000--
0-0--0--0----00-0--00-0--00---
0----1-----1--1001--1001--10--
0--0-1-0----0--00-0--00-0--0--
-----0----0----1-----1-----10-
--000-000--00000-00000-00000--

Generation = 2, Population = 99.
-1-------1-1-----1-----1------
-2-0---0--000-0--00-0--00-0210
-0-0-0-0----0-11-00-11-00-1---
--10010010-00-1---0-1---0-10--
-0000-000-0----1-2---1-2----0-
100-----0-0--0-1-0-0-1-0-0----
0-0--1--00---0---0-0---0-0-210
-01-101-10-1-----1-----1------

Generation = 3, Population = 137.
0200---00-02--0-02--0-02--0000
0--100010-11--1-01--1-01-----1
010-010--000--22--1-22--1--000
-0--121-2101--20-01-20-01--1--
---1-1-1101-00-2-3-0-2-3-01--0
-11-010--01001-2---1-2---100-0
1--0-2-01--001010--1010--1-3-1
-1--212-----00--0200--0200-000

Generation = 4, Population = 92.
-----0------001---001---001---
-20-1112-12200-1---0-1----0-1-
-2101-1-0--1003--02-3--0201---
-1-----0-------1---0-1-----2--
-------22-2---1--4011--40--001
-22-1-100-21-20--00-0--0021---
-0-----12------2---2-2----0-1-
--1-323-1---------------------

Generation = 5, Population = 116.
-20--1-0-10--12--2112--21--00-
0--1-22302-3-1--0101--01-0---1
032--12-----1142013--201----0-
02-01--12-01002-0-11--0--0-3-0
--0-0--3--3---2-0-12--0------2
1-3---2-1--2-3--0---1-0-1----0
110--20-3000-1--00--0-000-1--1
----4-4020-----0---0-0----0-0-

*** Life<FredkinCell> 8x10 ***

Generation = 0, Population = 26.
0---00---0
0--------0
0--------0
-0-0--0-0-
0-0-00-0-0
0--------0
0--------0
0---00---0

Generation = 1, Population = 46.
10-0110-01
-0--00--0-
1--0--0--1
0-0----0-0
10-0110-01
-00-00-00-
-0--00--0-
10-0110-01

Generation = 2, Population = 42.
2--1221--2
0100--0010
2--------2
-0-0000-0-
---1221---
-11011011-
----11----
2--1221--2

Generation = 3, Population = 40.
3--------3
1--------1
300-00-003
----11----
---2--2---
02-1--1-20
0000220000
-00233200-

Generation = 4, Population = 36.
40------04
--0-00-0--
--1----1--
000----000
1003--3001
--1----1--
--1-33-1--
--134431--

Generation = 5, Population = 40.
51--22--15
1-1-11-1-1
3--0000--3
-11----11-
-1-4224-1-
0---11---0
-0-0--0-0-
-0--55--0-

*** Life<FredkinCell> 8x8 ***

Generation = 0, Population = 32.
00000000
0-------
0-00000-
0-0---0-
0-000-0-
0-----0-
0000000-
--------

Generation = 1, Population = 16.
-------1
-------0
-------0
---0---0
----1--0
-------0
-------0
0000000-

Generation = 2, Population = 20.
------02
------0-
---0--0-
--0---0-
-----00-
----0-0-
000000-1
1-----1-

Generation = 3, Population = 24.
-----0-3
---0-0--
----00-0
-0-----0
--0--110
000-1-1-
----11--
2-000---

Generation = 4, Population = 24.
---001--
--0-0-0-
-0--1--1
0---0---
0010-22-
1---2-2-
-0--22--
--1-----

Generation = 5, Population = 28.
---112--
---0-0--
---0-0--
100-1-00
1--1-3-0
200-3-30
---0-3--
---000--

*** Life<FredkinCell> 30x5 ***

Generation = 0, Population = 34.
--0--
--1--
--2--
--3--
--4--
--5--
--6--
--7--
--8--
--9--
-----
-----
-----
+5-5+
+-2-+
+5-5+
+-2-+
-----
-----
-----
--9--
--8--
--7--
--6--
--5--
--4--
--3--
--2--
--1--
--0--

Generation = 1, Population = 64.
-010-
-0-0-
-0-0-
-0-0-
-0-0-
-0-0-
-0-0-
-0-0-
-0-0-
-0+0-
--0--
-----
00-00
-606-
-----
+6-6+
+0-0+
0-0-0
-----
--0--
-0+0-
-0-0-
-0-0-
-0-0-
-0-0-
-0-0-
-0-0-
-0-0-
-0-0-
-010-

Generation = 2, Population = 68.
0---0
0-1-0
0---0
0---0
0---0
0---0
0---0
0---0
0-8-0
0-+-0
--1--
00000
1-0-1
-----
+-2-+
-----
+-2-+
10-01
0---0
--1--
0-+-0
0-8-0
0---0
0---0
0---0
0---0
0---0
0---0
0-1-0
0---0

Generation = 3, Population = 64.
10101
-----
-020-
-0-0-
-0-0-
-0-0-
-0-0-
-070-
--9--
1---1
-----
-----
20102
-----
-----
-----
+0-0+
21012
1-0-1
-020-
1---1
--9--
-070-
-0-0-
-0-0-
-0-0-
-0-0-
-020-
-----
10101

Generation = 4, Population = 78.
2---2
0---0
0---0
0-3-0
0---0
0---0
0-6-0
0-8-0
0-+-0
-0+0-
0---0
00000
3---3
+606+
-----
+6-6+
--2--
32123
2---2
01310
-----
0-+-0
0-8-0
0-6-0
0---0
0---0
0-3-0
0---0
0---0
2---2

Generation = 5, Population = 66.
30-03
-0-0-
-020-
-----
-040-
-050-
--7--
-----
10-01
11+11
10-01
1---1
-0-0-
-----
--2--
+707+
-030-
--2--
-0-0-
-----
-0-0-
1-+-1
-----
--7--
-050-
-040-
-----
-020-
-0-0-
30-03


*** Life<Cell> 8x13 ***

Generation = 0, Population = 28.
-------------
-0--0--00000-
-0--0----0---
-0--0----0---
-0000----0---
-0--0----0---
-0--0--00000-
-------------

Generation = 1, Population = 56.
-0--0--00000-
01001001-1-10
0-00-0-0---0-
0----0--0-0--
01--10--0-0--
0----0-0---0-
01001001-1-10
-0--0--00000-

Generation = 2, Population = 54.
-1--1----1---
-*11*1-*0*0*1
-0--0-01-0-1-
--00--0-1-1--
1*00*10-1-1--
-0000-01-0-1-
-*--*1-*0*0*1
-1--1----1---

Generation = 3, Population = 57.
0*--*--0-*-00
0*--.*0*-.-**
010010---1-*-
00--0--0*0*--
*.--.-10*0*--
-1111----1-*-
0*--.*0*-.-**
0*00*--0-*-00

Generation = 4, Population = 35.
-*00.--1-.---
1.-1..-*0.0..
1---*----*0*-
1---1---.-.--
*.00*1*1.-.--
0---*----*0*-
-.0-.*-*0.0..
-.--*--1-.---

Generation = 5, Population = 55.
-*--.-0*-.0--
*.-**.0*1.1*.
-1--*0-1-*1*0
-00---00.0*0-
*.1-.-**.0*0-
11--.00--*1*0
0.-0**-*1.1*.
-.00.-0*-.0--

*** Life<Cell> 10x10 ***

Generation = 0, Population = 16.
00------00
00------00
----------
----------
----------
----------
----------
----------
00------00
00------00

Generation = 1, Population = 16.
--0----0--
--0----0--
00------00
----------
----------
----------
----------
00------00
--0----0--
--0----0--

Generation = 2, Population = 40.
-010--010-
0-10--01-0
11------11
00------00
----------
----------
00------00
11------11
0-10--01-0
-010--010-

Generation = 3, Population = 40.
-1*-00-*1-
1---00---1
*--0--0--*
--0----0--
00------00
00------00
--0----0--
*--0--0--*
1---00---1
-1*-00-*1-

Generation = 4, Population = 16.
-*.----.*-
*-1----1-*
.1------1.
----------
----------
----------
----------
.1------1.
*-1----1-*
-*.----.*-

Generation = 5, Population = 16.
-*.----.*-
*--0--0--*
.--------.
-0------0-
----------
----------
-0------0-
.--------.
*--0--0--*
-*.----.*-

*** Life<Cell> 8x10 ***

Generation = 0, Population = 28.
---0000---
--00--00--
-00----00-
-0------0-
-0------0-
-00----00-
--00--00--
---0000---

Generation = 1, Population = 8.
----------
----------
0--------0
0--------0
0--------0
0--------0
----------
----------

Generation = 2, Population = 16.
----------
0--------0
10------01
-0------0-
-0------0-
10------01
0--------0
----------

Generation = 3, Population = 16.
0--------0
1--------1
--0----0--
--0----0--
--0----0--
--0----0--
1--------1
0--------0

Generation = 4, Population = 44.
10------01
*00----00*
1010--0101
-0-0--0-0-
-0-0--0-0-
1010--0101
*00----00*
10------01

Generation = 5, Population = 16.
----------
.--------.
--*-00-*--
--0-00-0--
--0-00-0--
--*-00-*--
.--------.
----------

*** Life<Cell> 40x10 ***

Generation = 0, Population = 48.
----------
--0----0--
-0-0--0-0-
--0----0--
----------
----------
----------
----------
----------
----------
----------
-0-0--0-0-
--0-00-0--
----------
----------
----------
----00----
---0--0---
----00----
---0--0---
----00----
---0--0---
----00----
---0--0---
----------
----------
----------
--0-00-0--
-0-0--0-0-
----------
----------
----------
----------
----------
----------
----------
--0----0--
-0-0--0-0-
--0----0--
----------

Generation = 1, Population = 80.
--0----0--
----------
0---00---0
----------
--0----0--
----------
----------
----------
----------
----------
-0-0--0-0-
0-0----0-0
---0110---
--0-00-0--
----------
----00----
----11----
--0-00-0--
---0110---
--0-00-0--
---0110---
--0-00-0--
---0110---
--0----0--
---0--0---
----------
--0-00-0--
---0110---
0-0----0-0
-0-0--0-0-
----------
----------
----------
----------
----------
--0----0--
----------
0---00---0
----------
--0----0--

Generation = 2, Population = 160.
-0-0--0-0-
0-0-00-0-0
-0-0110-0-
0-0-00-0-0
-0-0--0-0-
--0----0--
----------
----------
----------
-0-0--0-0-
--0-00-0--
-0-0000-0-
0-01**10-0
-0-0--0-0-
--0----0--
---0--0---
--00**00--
-0-0110-0-
--01--10--
-0--11--0-
--01--10--
-0--11--0-
--01**10--
-0-0000-0-
----00----
--000000--
-0-0--0-0-
0-01**10-0
-0-0000-0-
--0-00-0--
-0-0--0-0-
----------
----------
----------
--0----0--
-0-0--0-0-
0-0-00-0-0
-0-0110-0-
0-0-00-0-0
-0-0--0-0-

Generation = 3, Population = 110.
--0----0--
----------
0--1--1--0
----------
----------
----------
--0----0--
----------
-0-0--0-0-
0-0----0-0
-0------0-
----------
--1-..-1--
---1--1---
---0--0---
--01--10--
--1-..-1--
0--1**1--0
-01-11-10-
0-00**00-0
-01*11*10-
0-00--00-0
-01*..*10-
0-0----0-0
-00011000-
--111111--
----00----
--1-..-1--
----------
-0------0-
0-0----0-0
-0-0--0-0-
----------
--0----0--
----------
----------
----------
0--1--1--0
----------
--0----0--

Generation = 4, Population = 144.
-0-0--0-0-
0-00--00-0
-00-11-00-
0--0--0--0
----------
--0----0--
-0-0--0-0-
-000--000-
--0-00-0--
----------
----------
-00----00-
-0--..--0-
---*00*---
----00----
-0--00--0-
00*0..0*00
--0*..*0--
01--**--10
--11..11--
01-.**.-10
--11--11--
01-....-10
---0000---
-1-1**1-1-
---*--*---
----------
-0-1..1-0-
-00----00-
----------
----------
--0-00-0--
-000--000-
-0-0--0-0-
--0----0--
----------
0--0--0--0
-00-11-00-
0-00--00-0
-0-0--0-0-

Generation = 5, Population = 184.
--010010--
----------
01--**--10
----------
0-00--00-0
----------
01-1001-10
0-1----1-0
--101101--
--0-00-0--
-00----00-
0-10--01-0
01-1**1-10
-00*11*00-
-0--11--0-
-1------1-
11.-..-.11
-0-....-0-
1*11**11*1
-0**..**0-
1*1.**.1*1
-0**--**0-
1*-....-*1
0-0-11-0-0
0--*..*--0
-01*--*10-
-0------0-
011-..-110
0-1----1-0
-00----00-
--0-00-0--
--101101--
0-1----1-0
01-1001-10
----------
0-00--00-0
----------
01--**--10
----------
--010010--
