*** Life<ConwayCell> 10x15 ***

Generation = 0, Population = 24.
...............
...***...***...
...***...***...
...............
...............
...............
....***.***....
....***.***....
...............
...............

Generation = 1, Population = 24.
....*.....*....
...*.*...*.*...
...*.*...*.*...
....*.....*....
...............
.....*...*.....
....*.*.*.*....
....*.*.*.*....
.....*...*.....
...............

Generation = 2, Population = 24.
....*.....*....
...*.*...*.*...
...*.*...*.*...
....*.....*....
...............
.....*...*.....
....*.*.*.*....
....*.*.*.*....
.....*...*.....
...............

Generation = 3, Population = 24.
....*.....*....
...*.*...*.*...
...*.*...*.*...
....*.....*....
...............
.....*...*.....
....*.*.*.*....
....*.*.*.*....
.....*...*.....
...............

Generation = 4, Population = 24.
....*.....*....
...*.*...*.*...
...*.*...*.*...
....*.....*....
...............
.....*...*.....
....*.*.*.*....
....*.*.*.*....
.....*...*.....
...............

Generation = 5, Population = 24.
....*.....*....
...*.*...*.*...
...*.*...*.*...
....*.....*....
...............
.....*...*.....
....*.*.*.*....
....*.*.*.*....
.....*...*.....
...............

*** Life<ConwayCell> 15x15 ***

Generation = 0, Population = 48.
...............
...***...***...
...............
.*....*.*....*.
.*....*.*....*.
.*....*.*....*.
...***...***...
...............
...***...***...
.*....*.*....*.
.*....*.*....*.
.*....*.*....*.
...............
...***...***...
...............

Generation = 1, Population = 56.
....*.....*....
....*.....*....
....**...**....
...............
***..**.**..***
..*.*.*.*.*.*..
....**...**....
...............
....**...**....
..*.*.*.*.*.*..
***..**.**..***
...............
....**...**....
....*.....*....
....*.....*....

Generation = 2, Population = 72.
...............
...**.....**...
....**...**....
.*..*.*.*.*..*.
.***.**.**.***.
..*.*.*.*.*.*..
...***...***...
...............
...***...***...
..*.*.*.*.*.*..
.***.**.**.***.
.*..*.*.*.*..*.
....**...**....
...**.....**...
...............

Generation = 3, Population = 48.
...............
...***...***...
...............
.*....*.*....*.
.*....*.*....*.
.*....*.*....*.
...***...***...
...............
...***...***...
.*....*.*....*.
.*....*.*....*.
.*....*.*....*.
...............
...***...***...
...............

Generation = 4, Population = 56.
....*.....*....
....*.....*....
....**...**....
...............
***..**.**..***
..*.*.*.*.*.*..
....**...**....
...............
....**...**....
..*.*.*.*.*.*..
***..**.**..***
...............
....**...**....
....*.....*....
....*.....*....

Generation = 5, Population = 72.
...............
...**.....**...
....**...**....
.*..*.*.*.*..*.
.***.**.**.***.
..*.*.*.*.*.*..
...***...***...
...............
...***...***...
..*.*.*.*.*.*..
.***.**.**.***.
.*..*.*.*.*..*.
....**...**....
...**.....**...
...............

*** Life<ConwayCell> 5x15 ***

Generation = 0, Population = 18.
...............
..***.....***..
..***.....***..
..***.....***..
...............

Generation = 1, Population = 16.
...*.......*...
..*.*.....*.*..
.*...*...*...*.
..*.*.....*.*..
...*.......*...

Generation = 2, Population = 24.
...*.......*...
..***.....***..
.**.**...**.**.
..***.....***..
...*.......*...

Generation = 3, Population = 24.
..***.....***..
.*...*...*...*.
.*...*...*...*.
.*...*...*...*.
..***.....***..

Generation = 4, Population = 36.
..***.....***..
.*.*.*...*.*.*.
***.***.***.***
.*.*.*...*.*.*.
..***.....***..

Generation = 5, Population = 24.
..***.....***..
*.....*.*.....*
*.....*.*.....*
*.....*.*.....*
..***.....***..

Generation = 10, Population = 24.
...............
.**.**...**.**.
.**.**...**.**.
.**.**...**.**.
...............

*** Life<ConwayCell> 10x10 ***

Generation = 0, Population = 6.
..........
....*.....
....*.....
....*.....
..........
..........
....*.....
....*.....
....*.....
..........

Generation = 1, Population = 6.
..........
..........
...***....
..........
..........
..........
..........
...***....
..........
..........

Generation = 2, Population = 6.
..........
....*.....
....*.....
....*.....
..........
..........
....*.....
....*.....
....*.....
..........

Generation = 3, Population = 6.
..........
..........
...***....
..........
..........
..........
..........
...***....
..........
..........

Generation = 4, Population = 6.
..........
....*.....
....*.....
....*.....
..........
..........
....*.....
....*.....
....*.....
..........

Generation = 5, Population = 6.
..........
..........
...***....
..........
..........
..........
..........
...***....
..........
..........

Generation = 6, Population = 6.
..........
....*.....
....*.....
....*.....
..........
..........
....*.....
....*.....
....*.....
..........

*** Life<FredkinCell> 10x20 ***

Generation = 0, Population = 4.
--------------------
--------------------
--------------------
--------------------
--------------------
--------------------
--------------------
--------------------
--------------------
---------00---------
---------00---------
--------------------
--------------------
--------------------
--------------------
--------------------
--------------------
--------------------
--------------------
--------------------

Generation = 1, Population = 8.
--------------------
--------------------
--------------------
--------------------
--------------------
--------------------
--------------------
--------------------
---------00---------
--------0--0--------
--------0--0--------
---------00---------
--------------------
--------------------
--------------------
--------------------
--------------------
--------------------
--------------------
--------------------

Generation = 2, Population = 16.
--------------------
--------------------
--------------------
--------------------
--------------------
--------------------
--------------------
---------00---------
---------11---------
-------01--10-------
-------01--10-------
---------11---------
---------00---------
--------------------
--------------------
--------------------
--------------------
--------------------
--------------------
--------------------

Generation = 3, Population = 16.
--------------------
--------------------
--------------------
--------------------
--------------------
--------------------
---------00---------
--------0--0--------
-------0----0-------
------0------0------
------0------0------
-------0----0-------
--------0--0--------
---------00---------
--------------------
--------------------
--------------------
--------------------
--------------------
--------------------

Generation = 4, Population = 16.
--------------------
--------------------
--------------------
--------------------
--------------------
---------00---------
---------11---------
--------------------
--------------------
-----01------10-----
-----01------10-----
--------------------
--------------------
---------11---------
---------00---------
--------------------
--------------------
--------------------
--------------------
--------------------

Generation = 5, Population = 32.
--------------------
--------------------
--------------------
--------------------
---------00---------
--------0--0--------
--------0--0--------
---------00---------
-----00------00-----
----0--0----0--0----
----0--0----0--0----
-----00------00-----
---------00---------
--------0--0--------
--------0--0--------
---------00---------
--------------------
--------------------
--------------------
--------------------

*** Life<FredkinCell> 20x10 ***

Generation = 0, Population = 36.
------------------0--0------------------
--000----------0000000000----------000--
---0------------0-0--0-0------------0---
----------------------------------------
----------------------------------------
----------------------------------------
----------------------------------------
----------------------------------------
--------0000----------------0000--------
---------00------------------00---------

Generation = 1, Population = 62.
--000----------00-1--1-00----------000--
-01110--------011------110--------01110-
---1------------101--101------------1---
---0------------0-0--0-0------------0---
----------------------------------------
----------------------------------------
----------------------------------------
--------0000----------------0000--------
-------011110--------------011110-------
----------------------------------------

Generation = 2, Population = 96.
---1---------------00---------------1---
012-210------0122------2210------012-210
-0---0--------0-2--00--2-0--------0---0-
--010----------0101001010----------010--
---0------------0-0--0-0------------0---
----------------------------------------
--------0000----------------0000--------
---------11------------------11---------
------01222210------------01222210------
-------000000--------------000000-------

Generation = 3, Population = 142.
00---00------0000-1111-0000------00---00
12313210----012--0----0--210----01231321
-10101--------1----------1--------10101-
--121----------1--2112--1----------121--
---1------------101--101------------1---
---0----0000----0-0--0-0----0000----0---
-------011110--------------011110-------
------00022000------------00022000------
-----0123--3210----------0123--3210-----
--------1111----------------1111--------

Generation = 4, Population = 116.
---1----------1-102--201-1----------1---
--424-210--0123----00----3210--012-424--
-------0----0-2--010010--2-0----0-------
----------------------------------------
--------0000------2--2------0000--------
--010----11----0101001010----11----010--
---0------------0-0--0-0------------0---
---------33------------------33---------
----012342243210--------012342243210----
-----00------00----------00------00-----

Generation = 5, Population = 186.
---2--000--00-2-2-3--3-2-2-00--000--2---
-2535-3210012-422-0--0-224-2100123-5352-
--010--1----103021-11-120301----1--010--
-------000000-0--0-11-0--0-000000-------
--010--011110--01-3--3-10--011110--010--
-01210--------012------210--------01210-
---1------------101--101------------1---
---00000----00000-0--0-00000----00000---
---0123--33--3210------0123--33--3210---
--------1111----------------1111--------

*** Life<FredkinCell> 10x20 ***

Generation = 0, Population = 20.
----------
--000-----
---0------
----------
----------
----------
----------
----------
0--------0
00-----0-0
00-----0-0
0--------0
----------
----------
----------
----------
---000----
----0-----
----------
----------

Generation = 1, Population = 40.
--000-----
-01110----
---1------
---0------
----------
----------
----------
0--------0
1------001
1-0---01--
1-0---01--
1------001
0--------0
----------
----------
---000----
--01110---
----1-----
----0-----
----------

Generation = 2, Population = 55.
---1------
012-210---
-0---0----
--010-----
---0------
----------
0--------0
10-----0-1
-00-------
--10-0-2-0
--10-0-2-0
-00-------
10-----0-1
0--------0
---000----
----1-----
-012-210--
--0---0---
---010----
----0-----

Generation = 3, Population = 81.
00---00---
12313210--
-10101----
--121-----
---1------
0--0-----0
1------001
------0--2
-----0----
--2--1-3-1
--2--1-3-1
-----0----
------0--2
1--000-001
0-01110--0
-0002000--
012313210-
--10101---
---121----
----1-----

Generation = 4, Population = 68.
---1------
--424-210-
-------0--
----------
0--------0
10010--0-1
20-0---1-2
1--------3
--0-01-0--
-0300--4-2
-0300--4-2
--0-01-0--
1--000---3
20--1--1-2
10-----0-1
0--------0
12-----210
0-------0-
----------
----2-----

Generation = 10, Population = 97.
2114------
37-67-----
-21-------
-01-----23
2--4-0-2--
-43-412--2
-1-3210-0-
-1-01-1-15
-31-2-22-1
24-----4-4
-2-2-2-4-4
--1143---1
-2----3-15
-0-04-2-0-
312-31-11-
12----0120
26--17----
4-31-132-0
-2-12---3-
40------22

*** Life<FredkinCell> 20x25 ***

Generation = 0, Population = 28.
--------------------
--000----------000--
---0------------0---
--------------------
---------00---------
-------000000-------
---------00---------
--------------------
------0-0000-0------
-------0-00-0-------

Generation = 1, Population = 44.
--000----------000--
-01110--------01110-
---1------------1---
---0-----00-----0---
-------0----0-------
------01----10------
-------0----0-------
------0-0--0-0------
-----0-011110-0-----
--------0--0--------

Generation = 2, Population = 64.
---1------------1---
012-210------012-210
-0---0---00---0---0-
--010--001100--010--
---0---100001---0---
-----0120--0210-----
------01----10------
--------1--1--------
----0-01----10-0----
-----0--1--1--0-----

Generation = 3, Population = 84.
00---00------00---00
12313210-00-01231321
-10101-0----0-10101-
--121-0-1--1-0-121--
---1-0-2-11-2-0-1---
---0012------2100---
--------0--0--------
----0--0-00-0--0----
---0-0121--1210-0---
---------00---------

Generation = 4, Population = 66.
---1-----00-----1---
--424-2--11--2-424--
-------1-00-1-------
--------------------
-----1--0220--1-----
--0--23-0000-32--0--
---0-00------00-0---
-------1-11-1-------
--0-01-321123-10-0--
---0-000-11-000-0---

Generation = 10, Population = 110.
---41---1--1---14---
25+-8-2-0--0-2-8-+52
--06-1033--3301-60--
012211--3--3--112210
0-0--5142662415--0-0
2-12----1--1----21-2
0--20102----20102--0
0--2-2142--2412-2--0
1-2-31--2222--13-2-1
-----1-013310-1-----

Generation = 20, Population = 88.
3--6314--33--4136--3
5---+3--------3+---5
-------46--64-------
--6-26-4----4-62-6--
2---563------365---2
2---0---2--2---0---2
-63545-382283-54536-
---5-64------46-5---
414-8--5-66-5--8-414
-2--4-014--410-4--2-

Generation = 30, Population = 100.
---7---74--47---7---
--+--753----357--+--
-3-8---5-66-5---8-3-
4--+57-86--68-75+--4
-2---+--7997--+---2-
5773-6+665566+6-3775
38-8--68+--+86--8-83
63-+98+--66--+89+-36
--6-+++------+++-6--
-------66++66-------

Generation = 40, Population = 82.
6----5---99---5----6
9-+++---8++8---+++-9
-5-+--7------7--+-5-
--+----+8++8+----+--
-88--++------++--88-
8+----------------+8
6+5-----+--+-----5+6
---++----------++---
5---+++-9999-+++---5
--+++94-7++7-49+++--

Generation = 50, Population = 96.
8--8-----99-----8--8
--++-+---++---+-++--
--++468--++--864++--
5--+-+-++++++-+-+--5
-9-6--+-++++-+--6-9-
--+-69++-++-++96-+--
+-6+-++------++-+6-+
-5--+-+-++++-+-+--5-
8--8+----++----+8--8
+--++--9----9--++--+

*** Life<Cell> 10x20 ***

Generation = 0, Population = 6.
--------------------
--------------------
--------------------
--------------------
--------------------
--------------------
--------------------
--------------------
--------------------
---------00---------
--------0000--------
--------------------
--------------------
--------------------
--------------------
--------------------
--------------------
--------------------
--------------------
--------------------

Generation = 1, Population = 12.
--------------------
--------------------
--------------------
--------------------
--------------------
--------------------
--------------------
--------------------
---------00---------
--------------------
-------011110-------
--------0000--------
--------------------
--------------------
--------------------
--------------------
--------------------
--------------------
--------------------
--------------------

Generation = 2, Population = 24.
--------------------
--------------------
--------------------
--------------------
--------------------
--------------------
--------------------
---------00---------
--------0110--------
-------00--00-------
------01****10------
---------11---------
--------0000--------
--------------------
--------------------
--------------------
--------------------
--------------------
--------------------
--------------------

Generation = 3, Population = 32.
--------------------
--------------------
--------------------
--------------------
--------------------
--------------------
---------00---------
--------------------
---------**---------
--------1001--------
-----01*....*10-----
------000**000------
-------011110-------
--------0000--------
--------------------
--------------------
--------------------
--------------------
--------------------
--------------------

Generation = 4, Population = 28.
--------------------
--------------------
--------------------
--------------------
--------------------
---------00---------
--------0110--------
--------------------
---------..---------
-----00-*11*-00-----
----01*......*10----
--------1..1--------
--------------------
---------11---------
--------0000--------
--------------------
--------------------
--------------------
--------------------
--------------------

Generation = 5, Population = 52.
--------------------
--------------------
--------------------
--------------------
---------00---------
--------------------
-------01**10-------
--------0000--------
-----00-0**0-00-----
--------.--.--------
---01**.*..*.**10---
----0000-..-0000----
--------1111--------
--------------------
-------011110-------
--------0000--------
--------------------
--------------------
--------------------
--------------------

*** Life<Cell> 20x10 ***

Generation = 0, Population = 36.
------------------0--0------------------
--000----------0000000000----------000--
---0------------0-0--0-0------------0---
----------------------------------------
----------------------------------------
----------------------------------------
----------------------------------------
----------------------------------------
--------0000----------------0000--------
---------00------------------00---------

Generation = 1, Population = 62.
--000----------00-1--1-00----------000--
-01110--------011------110--------01110-
---1------------101--101------------1---
---0------------0-0--0-0------------0---
----------------------------------------
----------------------------------------
----------------------------------------
--------0000----------------0000--------
-------011110--------------011110-------
----------------------------------------

Generation = 2, Population = 96.
---1---------------00---------------1---
01*-*10------01**------**10------01*-*10
-0---0--------0-*--00--*-0--------0---0-
--010----------0101001010----------010--
---0------------0-0--0-0------------0---
----------------------------------------
--------0000----------------0000--------
---------11------------------11---------
------01****10------------01****10------
-------000000--------------000000-------

Generation = 3, Population = 140.
00---00------0000-1111-0000------00---00
1**1**10----01*.*0----0*.*10----01**1**1
-10101--------1-.------.-1--------10101-
--1*1----------1--*11*--1----------1*1--
---1------------101--101------------1---
---0----0000----0-0--0-0----0000----0---
-------011110--------------011110-------
------000**000------------000**000------
-----01*....*10----------01*....*10-----
--------1111----------------1111--------

Generation = 4, Population = 108.
---1----------1--0*--*0--1----------1---
-..*..*10--01*..*1-00-1*..*10--01*..*..-
-------0----0-*-*010010*-*-0----0-------
---.--------------*--*--------------.---
--------0000------*--*------0000--------
--010----11----0101001010----11----010--
---0------------0-0--0-0------------0---
--------1..1----------------1..1--------
----01*......*10--------01*......*10----
-----00-*--*-00----------00-*--*-00-----

Generation = 5, Population = 166.
--0*0-000--00--0--*--*--0--00--000-0*0--
-.....**1001*.*..*----*..*.*1001**.....-
---1---1----10.-*1*11*1*-.01----1---1---
---.---000000-0-1-.--.-1-0-000000---.---
--010--011110--01-.--.-10--011110--010--
-01*10--------01*------*10--------01*10-
---1----1111----101--101----1111----1---
---00000-..-00000-0--0-00000-..-00000---
---01**......**10------01**......**10---
--------.11.----------------.11.--------

*** Life<Cell> 10x20 ***

Generation = 0, Population = 28.
----------
--000-----
---0------
----------
----------
----------
----------
----------
00-0--0-00
0-0----0-0
0-0----0-0
00-0--0-00
----------
----------
----------
----------
---000----
----0-----
----------
----------

Generation = 1, Population = 52.
--000-----
-01110----
---1------
---0------
----------
----------
----------
00-0--0-00
-10-00-01-
-01----10-
-01----10-
-10-00-01-
00-0--0-00
----------
----------
---000----
--01110---
----1-----
----0-----
----------

Generation = 2, Population = 81.
---1------
01*-*10---
-0---0----
--010-----
---0------
----------
00-0--0-00
1-0----0-1
-*-0110-*-
01*0000*10
01*0000*10
-*-0110-*-
1-0----0-1
00-0--0-00
---000----
----1-----
-01*-*10--
--0---0---
---010----
----0-----

Generation = 3, Population = 89.
00---00---
1**1**10--
-10101----
--1*1-----
---1------
00----0-00
-10-00-01-
*--0000--*
0.--**--.0
--.----.--
--.----.--
0.--**--.0
*--0000--*
-101---01-
000-11--00
-000*000--
01**1**10-
--10101---
---1*1----
----1-----

Generation = 4, Population = 66.
---1------
-..*..*10-
-------0--
---.------
00-*--0-00
1--00--0-1
0-10---1-0
*--1--1--*
1.--..--.1
0-.-00-.-0
0-.-00-.-0
1.--..--.1
*---111--*
0-1-0--1-0
1-1----0-1
01-1.-1-00
1*..-..*10
0-------0-
----.-----
----*-----

Generation = 10, Population = 73.
-1..--**-*
..*.......
-1.-*11---
.*..--.1.*
0...---.*-
-.-..-..-.
*-..--..1-
*10**0.0**
..1*.*1-..
-*.-1.0.--
-...10-.1-
*.--..-1**
..*...*10.
*..-.-*.--
-..-***..1
*.1-*1---.
*...*..**0
*-*-11***-
--01*-*0-0
**--.--..-

*** Life<Cell> 20x25 ***

Generation = 0, Population = 28.
--------------------
--000----------000--
---0------------0---
--------------------
---------00---------
-------000000-------
---------00---------
--------------------
------0-0000-0------
-------0-00-0-------

Generation = 1, Population = 44.
--000----------000--
-01110--------01110-
---1------------1---
---0-----00-----0---
-------0----0-------
------01----10------
-------0----0-------
------0-0--0-0------
-----0-011110-0-----
--------0--0--------

Generation = 2, Population = 64.
---1------------1---
01*-*10------01*-*10
-0---0---00---0---0-
--010--001100--010--
---0---100001---0---
-----01*0--0*10-----
------01----10------
--------1--1--------
----0-01----10-0----
-----0--1--1--0-----

Generation = 3, Population = 84.
00---00------00---00
1**1**10-00-01**1**1
-10101-0----0-10101-
--1*1-0-1--1-0-1*1--
---1-0-*-11-*-0-1---
---001*.----.*100---
--------0--0--------
----0--0-00-0--0----
---0-01*1--1*10-0---
---------00---------

Generation = 4, Population = 66.
---1-----00-----1---
-..*..*--11--*..*..-
-------1-00-1-------
---.------------.---
-----1-*0**0*-1-----
--0--***0000***--0--
---0-00------00-0---
-------1-11-1-------
--0-01-**11**-10-0--
---0-000-11-000-0---

Generation = 10, Population = 86.
.*..-0--1001--0-..*.
1**.**.0-**-0.**.**1
-*-*0*---11---*0*-*-
0*....1-....-1....*0
0011-..........-1100
*--1..*......*..1--*
-*..--..*00*..--..*-
00.-11-*-..-*-11-.00
11.0..1..--..1..0.11
--1*1-1*....*1-1*1--

Generation = 20, Population = 70.
....-.1*.--.*1.-....
.***....-..-....***.
-**...*.1..1.*...**-
-..*...*....*...*..-
.*-.-.***..***.-.-*.
.**.*..**..**..*.**.
1....-*.*..*.*-....1
*..-*****..*****-..*
..*...**....**...*..
...***........***...

Generation = 30, Population = 24.
....-....--....-....
.**....**..**....**.
.**......**......**.
-......**..**......-
....................
....................
....................
.......*....*.......
.......**..**.......
....................

Generation = 40, Population = 24.
....-....**....-....
.**......**......**.
.**..............**.
-........**........-
.........**.........
....................
....................
.......**..**.......
.......**..**.......
....................

Generation = 50, Population = 24.
....-....**....-....
.**......**......**.
.**..............**.
-........**........-
.........**.........
....................
....................
.......**..**.......
.......**..**.......
....................

