==23275== Memcheck, a memory error detector
==23275== Copyright (C) 2002-2011, and GNU GPL'd, by Julian Seward et al.
==23275== Using Valgrind-3.7.0 and LibVEX; rerun with -h for copyright info
==23275== Command: RunLife
==23275== 
*** Life<ConwayCell> 109x69 ***

Generation = 0, Population = 35.
.....................................................................
.....................................................................
.....................................................................
.....................................................................
.....................................................................
.....................................................................
.....................................................................
.....................................................................
.....................................................................
.....................................................................
.....................................................................
.....................................................................
.....................................................................
.....................................................................
.....................................................................
.....................................................................
.....................................................................
.....................................................................
.....................................................................
.....................................................................
.....................................................................
.....................................................................
.....................................................................
.....................................................................
.....................................................................
.....................................................................
.....................................................................
.....................................................................
.....................................................................
.....................................................................
.....................................................................
.....................................................................
.....................................................................
.....................................................................
..................................*..................................
..................................*..................................
..................................*..................................
..................................*..................................
..................................*..................................
.....................................................................
..................................*..................................
..................................*..................................
..................................*..................................
..................................*..................................
..................................*..................................
.....................................................................
..................................*..................................
..................................*..................................
..................................*..................................
..................................*..................................
..................................*..................................
.....................................................................
..................................*..................................
..................................*..................................
..................................*..................................
..................................*..................................
..................................*..................................
.....................................................................
..................................*..................................
..................................*..................................
..................................*..................................
..................................*..................................
..................................*..................................
.....................................................................
..................................*..................................
..................................*..................................
..................................*..................................
..................................*..................................
..................................*..................................
.....................................................................
..................................*..................................
..................................*..................................
..................................*..................................
..................................*..................................
..................................*..................................
.....................................................................
.....................................................................
.....................................................................
.....................................................................
.....................................................................
.....................................................................
.....................................................................
.....................................................................
.....................................................................
.....................................................................
.....................................................................
.....................................................................
.....................................................................
.....................................................................
.....................................................................
.....................................................................
.....................................................................
.....................................................................
.....................................................................
.....................................................................
.....................................................................
.....................................................................
.....................................................................
.....................................................................
.....................................................................
.....................................................................
.....................................................................
.....................................................................
.....................................................................
.....................................................................
.....................................................................
.....................................................................
.....................................................................
.....................................................................

Generation = 283, Population = 492.
.....................................................................
.....................................................................
.....................................................................
.....................................................................
....................**.........................**....................
....................**.*.**...............**.*.**....................
....................*..*.*.*.............*.*.*..*....................
.....................*...*.*.............*.*...*.....................
.....................*.**.*...............*.**.*.....................
.......................*.....................*.......................
...................*.**.......................**.*...................
.....................................................................
...................**...........................**...................
.....................................................................
.....................................................................
.....................................................................
.....................................................................
.....................................................................
.....................................................................
.....................................................................
.........*..............***...............***..............*.........
........***...*..........*.................*..........*...***........
.......*..***..*.**...............................**.*..***..*.......
......**...**......*.............................*......**...**......
.....**.*.***.......*......*..*.......*..*......*.......***.*.**.....
.....***.**....***.**......*..*.......*..*......**.***....**.***.....
........*.*....*.....****.*....*.....*....*.****.....*....*.*........
................*****.**..**...*.....*...**..**.*****................
.....**......**.*..**...**....*.......*....**...**..*.**......**.....
....*.......****........**...*.........*...**........****.......*....
....*.*.....**.........................................**.....*.*....
....*.*.......................................................*.*....
...**...........................................................**...
....*.*.......................................................*.*....
.....*.........................................................*.....
............................*...........*............................
...........................*.*.........*.*...........................
...........................*.*.........*.*...........................
............................*...........*............................
.....................................................................
.....................................................................
.....................................................................
.....................................................................
.....................................................................
.....................................................................
.....................................................................
.....................................................................
.....................................................................
.....................................................................
.....................................................................
.....................................................................
.....................................................................
.....................................................................
.....................................................................
.......................***...***.....***...***.......................
.....................................................................
.....................................................................
.....................................................................
.....................................................................
.....................................................................
.....................................................................
.....................................................................
.....................................................................
.....................................................................
.....................................................................
.....................................................................
.....................................................................
.....................................................................
.....................................................................
.....................................................................
............................*...........*............................
...........................*.*.........*.*...........................
...........................*.*.........*.*...........................
............................*...........*............................
.....*.........................................................*.....
....*.*.......................................................*.*....
...**...........................................................**...
....*.*.......................................................*.*....
....*.*.....**.........................................**.....*.*....
....*.......****........**...*.........*...**........****.......*....
.....**......**.*..**...**....*.......*....**...**..*.**......**.....
................*****.**..**...*.....*...**..**.*****................
........*.*....*.....****.*....*.....*....*.****.....*....*.*........
.....***.**....***.**......*..*.......*..*......**.***....**.***.....
.....**.*.***.......*......*..*.......*..*......*.......***.*.**.....
......**...**......*.............................*......**...**......
.......*..***..*.**...............................**.*..***..*.......
........***...*..........*.................*..........*...***........
.........*..............***...............***..............*.........
.....................................................................
.....................................................................
.....................................................................
.....................................................................
.....................................................................
.....................................................................
.....................................................................
...................**...........................**...................
.....................................................................
...................*.**.......................**.*...................
.......................*.....................*.......................
.....................*.**.*...............*.**.*.....................
.....................*...*.*.............*.*...*.....................
....................*..*.*.*.............*.*.*..*....................
....................**.*.**...............**.*.**....................
....................**.........................**....................
.....................................................................
.....................................................................
.....................................................................
.....................................................................

Generation = 323, Population = 192.
.....................................................................
.....................................................................
.....................................................................
....................**.........................**....................
....................**...*.................*...**....................
........................*.*...............*.*........................
........................*..*.............*..*........................
.........................**...............**.........................
.....................................................................
.....................................................................
.....................................................................
.....................................................................
.....................................................................
.....................................................................
.........*.................................................*.........
........*.*...............................................*.*........
........*..*.............................................*..*........
.........**...............................................**.........
.....................................................................
.....................................................................
.............*.........................................*.............
............*.*.......................................*.*............
............*.*.......................................*.*............
.............*.........................................*.............
............................***.......***............................
.....................................................................
..........................*.....*...*.....*..........................
..........................*.....*...*.....*..........................
..........................*.....*...*.....*..........................
.....*.........................................................*.....
.....*......................***.......***......................*.....
.....*.........................................................*.....
.....................................................................
.....................................................................
.....................................................................
............................*...........*............................
...........................*.*.........*.*...........................
...........................*.*.........*.*...........................
............................*...........*............................
.....................................................................
.....................................................................
.....................................................................
.....................................................................
.....................................................................
.....................................................................
.....................................................................
.....................................................................
.....................................................................
.....................................................................
.....................................................................
.....................................................................
.....................................................................
.....................................................................
.....................................................................
.......................***...***.....***...***.......................
.....................................................................
.....................................................................
.....................................................................
.....................................................................
.....................................................................
.....................................................................
.....................................................................
.....................................................................
.....................................................................
.....................................................................
.....................................................................
.....................................................................
.....................................................................
.....................................................................
.....................................................................
............................*...........*............................
...........................*.*.........*.*...........................
...........................*.*.........*.*...........................
............................*...........*............................
.....................................................................
.....................................................................
.....................................................................
.....*.........................................................*.....
.....*......................***.......***......................*.....
.....*.........................................................*.....
..........................*.....*...*.....*..........................
..........................*.....*...*.....*..........................
..........................*.....*...*.....*..........................
.....................................................................
............................***.......***............................
.............*.........................................*.............
............*.*.......................................*.*............
............*.*.......................................*.*............
.............*.........................................*.............
.....................................................................
.....................................................................
.........**...............................................**.........
........*..*.............................................*..*........
........*.*...............................................*.*........
.........*.................................................*.........
.....................................................................
.....................................................................
.....................................................................
.....................................................................
.....................................................................
.....................................................................
.........................**...............**.........................
........................*..*.............*..*........................
........................*.*...............*.*........................
....................**...*.................*...**....................
....................**.........................**....................
.....................................................................
.....................................................................
.....................................................................

Generation = 2500, Population = 192.
.....................................................................
.....................................................................
.....................................................................
....................**.........................**....................
....................**...*.................*...**....................
........................*.*...............*.*........................
........................*..*.............*..*........................
.........................**...............**.........................
.....................................................................
.....................................................................
.....................................................................
.....................................................................
.....................................................................
.....................................................................
.........*.................................................*.........
........*.*...............................................*.*........
........*..*.............................................*..*........
.........**...............................................**.........
.....................................................................
.....................................................................
.............*.........................................*.............
............*.*.......................................*.*............
............*.*.......................................*.*............
.............*...............*.........*...............*.............
.............................*.........*.............................
.............................*.........*.............................
.....................................................................
.........................***...***.***...***.........................
.....................................................................
.............................*.........*.............................
....***......................*.........*......................***....
.............................*.........*.............................
.....................................................................
.....................................................................
.....................................................................
............................*...........*............................
...........................*.*.........*.*...........................
...........................*.*.........*.*...........................
............................*...........*............................
.....................................................................
.....................................................................
.....................................................................
.....................................................................
.....................................................................
.....................................................................
.....................................................................
.....................................................................
.....................................................................
.....................................................................
.....................................................................
.....................................................................
.....................................................................
.....................................................................
........................*.....*.......*.....*........................
........................*.....*.......*.....*........................
........................*.....*.......*.....*........................
.....................................................................
.....................................................................
.....................................................................
.....................................................................
.....................................................................
.....................................................................
.....................................................................
.....................................................................
.....................................................................
.....................................................................
.....................................................................
.....................................................................
.....................................................................
.....................................................................
............................*...........*............................
...........................*.*.........*.*...........................
...........................*.*.........*.*...........................
............................*...........*............................
.....................................................................
.....................................................................
.....................................................................
.............................*.........*.............................
....***......................*.........*......................***....
.............................*.........*.............................
.....................................................................
.........................***...***.***...***.........................
.....................................................................
.............................*.........*.............................
.............................*.........*.............................
.............*...............*.........*...............*.............
............*.*.......................................*.*............
............*.*.......................................*.*............
.............*.........................................*.............
.....................................................................
.....................................................................
.........**...............................................**.........
........*..*.............................................*..*........
........*.*...............................................*.*........
.........*.................................................*.........
.....................................................................
.....................................................................
.....................................................................
.....................................................................
.....................................................................
.....................................................................
.........................**...............**.........................
........................*..*.............*..*........................
........................*.*...............*.*........................
....................**...*.................*...**....................
....................**.........................**....................
.....................................................................
.....................................................................
.....................................................................

Generation = 0, Population = 38.
....................
..*******...........
.....***............
......**............
....................
...**********.......
.....******.........
....................
......***...........
....................
....................
........*...........
....................
.......*............
....................
.......**...........
........*...........
...........**.......
....................
....................

Generation = 1, Population = 26.
...*****............
...**...*...........
...*................
.....*.*............
....*....***........
....*......*........
....................
.....*..............
.......*............
.......*............
....................
....................
....................
....................
.......**...........
.......**...........
.......**...........
....................
....................
....................

Generation = 2, Population = 22.
...*.***............
..*...**............
...*................
....*.....*.........
....**....**........
...........*........
....................
....................
......*.............
....................
....................
....................
....................
....................
.......**...........
......*..*..........
.......**...........
....................
....................
....................

Generation = 3, Population = 25.
.....*.*............
..****.*............
...*................
...***....**........
....**....**........
..........**........
....................
....................
....................
....................
....................
....................
....................
....................
.......**...........
......*..*..........
.......**...........
....................
....................
....................

Generation = 4, Population = 22.
...*.*..............
..**.*..............
......*.............
...*.*....**........
...*.*...*..*.......
..........**........
....................
....................
....................
....................
....................
....................
....................
....................
.......**...........
......*..*..........
.......**...........
....................
....................
....................

Generation = 5, Population = 24.
..**................
..**.**.............
..**.**.............
.....**...**........
.........*..*.......
..........**........
....................
....................
....................
....................
....................
....................
....................
....................
.......**...........
......*..*..........
.......**...........
....................
....................
....................

Generation = 0, Population = 54.
....................
..*******...........
.....***............
......**....***.....
....................
...****....**.......
.....**.***.........
....................
......***...*.......
....................
....................
........*...........
....................
.......*.*****......
*...................
***....**...........
........*...........
..***......****.....
.....***............
....................

Generation = 1, Population = 66.
...*****............
...**...*...........
...*.........*......
.....*.*.....*......
....*..*...*........
....*.**.***........
......**.***........
.....*..............
.......*............
.......*............
....................
....................
........*****.......
..........***.......
*......*.****.......
**.....**...........
.......**...**......
...*****....**......
...****.....**......
......*.............

Generation = 2, Population = 53.
...*.***............
..*...**............
...*................
....*.*.....*.......
....*..*...**.......
.........*..*.......
.......*.*.*........
.......**.*.........
......*.............
....................
....................
.........***........
.........*..*.......
.............*......
**.....*.*..*.......
**....*...*..*......
....**......**......
...*....*..*..*.....
...*........**......
....*.*.............

Generation = 3, Population = 63.
.....*.*............
..****.*............
...*.***............
...***.....**.......
.....*.....***......
............*.......
.......*.*.*........
......*****.........
.......*............
....................
..........*.........
.........***........
.........*.**.......
........*...**......
**..........**......
**...**....*.*......
....**.....****.....
...*.......*..*.....
...**.......**......
....................

Generation = 4, Population = 56.
...*.*..............
..**...**...........
.......*............
...*.......*.*......
.....*.......*......
..........*..*......
......**.*.*........
......*..**.........
......**.*..........
....................
.........***........
.........*..*.......
........**...*......
....................
**.........*..*.....
**..***....*........
....***...**..*.....
...*.*.....*..*.....
...**.......**......
....................

Generation = 5, Population = 62.
..***...............
..***.***...........
..**...**...........
............*.......
.............**.....
......*...*.*.......
......****.*........
.....*...*..........
......*****.........
........**..........
.........***........
...........**.......
........**..........
....................
**...*..............
**..*.*....**.......
...*......***.......
...*..*...**..*.....
...**.......**......
....................

Generation = 0, Population = 76.
********************
*..................*
*..................*
*..................*
*..................*
*..................*
*..................*
*..................*
*..................*
*..................*
*..................*
*..................*
*..................*
*..................*
*..................*
*..................*
*..................*
*..................*
*..................*
********************

Generation = 1, Population = 140.
********************
*.****************.*
**................**
**................**
**................**
**................**
**................**
**................**
**................**
**................**
**................**
**................**
**................**
**................**
**................**
**................**
**................**
**................**
*.****************.*
********************

Generation = 2, Population = 60.
*..................*
....................
...**************...
..*..............*..
..*..............*..
..*..............*..
..*..............*..
..*..............*..
..*..............*..
..*..............*..
..*..............*..
..*..............*..
..*..............*..
..*..............*..
..*..............*..
..*..............*..
..*..............*..
...**************...
....................
*..................*

Generation = 3, Population = 152.
....................
....************....
...**************...
..*.************.*..
.***............***.
.***............***.
.***............***.
.***............***.
.***............***.
.***............***.
.***............***.
.***............***.
.***............***.
.***............***.
.***............***.
.***............***.
..*.************.*..
...**************...
....************....
....................

Generation = 4, Population = 88.
.....**********.....
...*............*...
....................
.*................*.
.....**********.....
*...*..........*...*
*...*..........*...*
*...*..........*...*
*...*..........*...*
*...*..........*...*
*...*..........*...*
*...*..........*...*
*...*..........*...*
*...*..........*...*
*...*..........*...*
.....**********.....
.*................*.
....................
...*............*...
.....**********.....

Generation = 5, Population = 168.
......********......
......********......
....................
......********......
.....**********.....
....*.********.*....
**.***........***.**
**.***........***.**
**.***........***.**
**.***........***.**
**.***........***.**
**.***........***.**
**.***........***.**
**.***........***.**
....*.********.*....
.....**********.....
......********......
....................
......********......
......********......
*** Life<FredkinCell> 20x20 ***

Generation = 0, Population = 4.
--------------------
--------------------
--------------------
--------------------
--------------------
--------------------
--------------------
--------------------
--------------------
---------00---------
---------00---------
--------------------
--------------------
--------------------
--------------------
--------------------
--------------------
--------------------
--------------------
--------------------

Generation = 1, Population = 8.
--------------------
--------------------
--------------------
--------------------
--------------------
--------------------
--------------------
--------------------
---------00---------
--------0--0--------
--------0--0--------
---------00---------
--------------------
--------------------
--------------------
--------------------
--------------------
--------------------
--------------------
--------------------

Generation = 2, Population = 16.
--------------------
--------------------
--------------------
--------------------
--------------------
--------------------
--------------------
---------00---------
---------11---------
-------01--10-------
-------01--10-------
---------11---------
---------00---------
--------------------
--------------------
--------------------
--------------------
--------------------
--------------------
--------------------

Generation = 3, Population = 16.
--------------------
--------------------
--------------------
--------------------
--------------------
--------------------
---------00---------
--------0--0--------
-------0----0-------
------0------0------
------0------0------
-------0----0-------
--------0--0--------
---------00---------
--------------------
--------------------
--------------------
--------------------
--------------------
--------------------

Generation = 4, Population = 16.
--------------------
--------------------
--------------------
--------------------
--------------------
---------00---------
---------11---------
--------------------
--------------------
-----01------10-----
-----01------10-----
--------------------
--------------------
---------11---------
---------00---------
--------------------
--------------------
--------------------
--------------------
--------------------

Generation = 5, Population = 32.
--------------------
--------------------
--------------------
--------------------
---------00---------
--------0--0--------
--------0--0--------
---------00---------
-----00------00-----
----0--0----0--0----
----0--0----0--0----
-----00------00-----
---------00---------
--------0--0--------
--------0--0--------
---------00---------
--------------------
--------------------
--------------------
--------------------

Generation = 0, Population = 26.
--------------------
---------0----------
---------0----------
---------0----------
--------------------
---------0----------
---------0----------
---------0----------
--------------------
---------00---------
---------00---------
--------------------
----------0---------
---------000--------
-------0000000000---
---------00---------
--------------------
--------------------
--------------------
--------------------

Generation = 1, Population = 42.
---------0----------
--------010---------
--------0-0---------
--------010---------
--------------------
--------010---------
--------0-0---------
--------010---------
----------0---------
--------0--0--------
--------0--0--------
---------0----------
----------1---------
-------0-----0000---
------01---1----10--
-------0----00000---
---------00---------
--------------------
--------------------
--------------------

Generation = 2, Population = 65.
---------1----------
-------0-2-0--------
-------0---0--------
-------0---0--------
--------------------
-------0---0--------
-------0---0--------
-------0--10--------
----------1---------
-------010-10-------
-------01-010-------
-----------0--------
-------0---0-0000---
-------10-0001------
-----0120-0----0210-
-------1000-1-------
-------0011000000---
---------00---------
--------------------
--------------------

Generation = 3, Population = 93.
-------00200--------
------01-3-10-------
------0-000-0-------
------010-010-------
--------------------
------010-010-------
------0-0---0-------
------0101--0-------
--------0-200-------
------0-21---0------
------0--01--0------
--------0----0000---
------01----0---10--
-----0-2---1-----00-
----01--10---001--10
-----0-2-1102-0--00-
------0-1---1---10--
-------0----00000---
---------00---------
--------------------

Generation = 4, Population = 78.
---------3----------
-----0-------0------
-----0---1---0------
-----0---1---0------
--------------------
-----0----1--0------
-----0----0--0------
-----0---2---0------
----------3---------
-----01---01-10-----
-----0101-210--00---
----------0---------
------1-------0-----
-----103-00--100----
---012122----1122121
-----10------01-----
----------1---------
---------000--------
-------0011000000---
---------00---------

Generation = 5, Population = 130.
-----0--0-0--0------
----010-----010-----
----0-0-020-0-0-----
----010-020-010-----
---------00---------
----010--121010-----
----0-0---100-0-----
----010-0-1-010-----
------0---4---0-----
----0---211-021-0---
----0-2-2-321--110--
-----0-0001-0-000---
------2--0----1-----
---0----01110----000
--01---33-0-02-3---2
---0----0-1-2---0000
-----00---2--00-----
-------0-----0000---
------01---1----10--
-------0----00000---

Generation = 0, Population = 34.
---000000000000000--
--------------------
---------00---------
--------------------
--------------------
--------------------
--------------------
--------------------
--------------------
--------------------
--------------------
--------------------
--------------------
--------------------
--------------------
--------------------
--------------------
---------000--------
--------------------
---00000000000000---

Generation = 1, Population = 45.
--01-------------10-
---000000--0000000--
--------0110--------
---------00---------
--------------------
--------------------
--------------------
--------------------
--------------------
--------------------
--------------------
--------------------
--------------------
--------------------
--------------------
--------------------
---------000--------
--------01-10-------
---000000---00000---
--01------------10--

Generation = 2, Population = 48.
-01--0000--00000--10
--------------------
---0000--22--00000--
--------------------
---------00---------
--------------------
--------------------
--------------------
--------------------
--------------------
--------------------
--------------------
--------------------
--------------------
--------------------
---------000--------
--------------------
---0000---0---000---
--------------------
-01--0000---000--10-

Generation = 3, Population = 111.
012101--1001---10121
-0000--000000---0000
--01--10033001---10-
---0000------00000--
--------0110--------
---------00---------
--------------------
--------------------
--------------------
--------------------
--------------------
--------------------
--------------------
--------------------
---------000--------
--------01-10-------
---0000--0-0--000---
--01--10-1-1-01-10--
-0000--00-0-00-0000-
012101--10-01-101210

Generation = 4, Population = 84.
1232120--11---02123-
--------------------
---20--114411--002--
--------------------
---000001221000000--
--------------------
---------00---------
--------------------
--------------------
--------------------
--------------------
--------------------
--------------------
---------000--------
--------------------
---00000120210000---
--------------------
---20---02020---2---
--------------------
1232120--101-0212321

Generation = 5, Population = 120.
2-----101221-01---41
000--0000--00-0---0-
--031012----2101-30-
-----00------00-----
--01-------------10-
---000000--0000000--
--------0110--------
---------00---------
--------------------
--------------------
--------------------
--------------------
---------000--------
--------01-10-------
---000000---00000---
--01------------10--
-----000-----000----
--0310-01---10-0-0--
000--00-0---0000-000
2-----1012-2-1-----2

Generation = 0, Population = 30.
--------------------
---------00---------
--------------------
---------00---------
--------0000--------
---------00---------
--------------------
---------00---------
--------------------
---------00---------
--------0000--------
---------00---------
--------------------
---------00---------
--------------------
---------00---------
--------0000--------
---------00---------
--------------------
--------------------

Generation = 1, Population = 28.
---------00---------
--------0110--------
--------------------
--------------------
-------01--10-------
--------------------
--------------------
--------0110--------
--------------------
--------------------
-------01--10-------
--------------------
--------------------
--------0110--------
--------------------
--------------------
-------01--10-------
--------------------
---------00---------
--------------------

Generation = 2, Population = 90.
--------------------
-------012210-------
--------0000--------
-------00--00-------
------01200210------
-------00--00-------
--------0000--------
-------01--10-------
--------0000--------
-------00--00-------
------01200210------
-------00--00-------
--------0000--------
-------01--10-------
--------0000--------
-------00--00-------
------01200210------
-------000000-------
--------0110--------
---------00---------

Generation = 3, Population = 86.
-------000000-------
------01233210------
-------011110-------
--------1001--------
-----01------10-----
--------1001--------
-------01--10-------
------01211210------
-------01--10-------
--------1001--------
-----01------10-----
--------1001--------
-------01--10-------
------01211210------
-------01--10-------
--------1001--------
-----01--11--10-----
--------------------
--------------------
--------------------

Generation = 4, Population = 86.
--------1111--------
-----01------10-----
--------------------
-----00--11--00-----
----0121----1210----
-----00------00-----
--------2002--------
-----01------10-----
--------2002--------
-----00------00-----
----0121----1210----
-----00------00-----
--------2002--------
-----01------10-----
--------2002--------
-----00--11--00-----
----0121----1210----
-----00--00--00-----
--------------------
--------------------

Generation = 5, Population = 108.
-----0002--2000-----
----012123321210----
---------11---------
--------1221--------
---01--220022--10---
--------1001--------
-------03--30-------
----0121----1210----
-------03--30-------
--------1001--------
---01--22--22--10---
--------1001--------
-------03--30-------
----0121----1210----
-------031130-------
--------------------
---01--22--22--10---
--------0110--------
-----00--11--00-----
--------------------
*** Life<Cell> 20x20 ***

Generation = 0, Population = 6.
--------------------
--------------------
--------------------
--------------------
--------------------
--------------------
--------------------
--------------------
--------------------
---------00---------
--------0000--------
--------------------
--------------------
--------------------
--------------------
--------------------
--------------------
--------------------
--------------------
--------------------

Generation = 1, Population = 12.
--------------------
--------------------
--------------------
--------------------
--------------------
--------------------
--------------------
--------------------
---------00---------
--------------------
-------011110-------
--------0000--------
--------------------
--------------------
--------------------
--------------------
--------------------
--------------------
--------------------
--------------------

Generation = 2, Population = 24.
--------------------
--------------------
--------------------
--------------------
--------------------
--------------------
--------------------
---------00---------
--------0110--------
-------00--00-------
------01****10------
---------11---------
--------0000--------
--------------------
--------------------
--------------------
--------------------
--------------------
--------------------
--------------------

Generation = 3, Population = 32.
--------------------
--------------------
--------------------
--------------------
--------------------
--------------------
---------00---------
--------------------
---------**---------
--------1001--------
-----01*....*10-----
------000**000------
-------011110-------
--------0000--------
--------------------
--------------------
--------------------
--------------------
--------------------
--------------------

Generation = 4, Population = 28.
--------------------
--------------------
--------------------
--------------------
--------------------
---------00---------
--------0110--------
--------------------
---------..---------
-----00-*11*-00-----
----01*......*10----
--------1..1--------
--------------------
---------11---------
--------0000--------
--------------------
--------------------
--------------------
--------------------
--------------------

Generation = 5, Population = 52.
--------------------
--------------------
--------------------
--------------------
---------00---------
--------------------
-------01**10-------
--------0000--------
-----00-0**0-00-----
--------.--.--------
---01**.*..*.**10---
----0000-..-0000----
--------1111--------
--------------------
-------011110-------
--------0000--------
--------------------
--------------------
--------------------
--------------------

Generation = 0, Population = 8.
--------------------
--------------------
--------------------
--------------------
--------------------
--------------------
--------------------
--------------------
--------------------
---------00---------
--------0000--------
---------00---------
--------------------
--------------------
--------------------
--------------------
--------------------
--------------------
--------------------
--------------------

Generation = 1, Population = 8.
--------------------
--------------------
--------------------
--------------------
--------------------
--------------------
--------------------
--------------------
---------00---------
--------------------
-------01--10-------
--------------------
---------00---------
--------------------
--------------------
--------------------
--------------------
--------------------
--------------------
--------------------

Generation = 2, Population = 32.
--------------------
--------------------
--------------------
--------------------
--------------------
--------------------
--------------------
---------00---------
--------0110--------
-------000000-------
------01*00*10------
-------000000-------
--------0110--------
---------00---------
--------------------
--------------------
--------------------
--------------------
--------------------
--------------------

Generation = 3, Population = 8.
--------------------
--------------------
--------------------
--------------------
--------------------
--------------------
---------00---------
--------------------
--------------------
--------------------
-----01-.--.-10-----
--------------------
--------------------
--------------------
---------00---------
--------------------
--------------------
--------------------
--------------------
--------------------

Generation = 4, Population = 32.
--------------------
--------------------
--------------------
--------------------
--------------------
---------00---------
--------0110--------
---------00---------
--------------------
-----00------00-----
----01*1.--.1*10----
-----00------00-----
--------------------
---------00---------
--------0110--------
---------00---------
--------------------
--------------------
--------------------
--------------------

Generation = 5, Population = 30.
--------------------
--------------------
--------------------
--------------------
---------00---------
--------------------
-------01--10-------
--------------------
-----00--11--00-----
--------------------
---01-.*.--.*.-10---
--------------------
-----00--11--00-----
--------------------
-------01--10-------
--------------------
---------00---------
--------------------
--------------------
--------------------

Generation = 0, Population = 28.
--------------------
--------------------
--------------------
---------00---------
--------0000--------
---------00---------
--------------------
---------00---------
--------------------
---------00---------
--------0000--------
---------00---------
--------------------
---------00---------
--------------------
---------00---------
--------0000--------
---------00---------
--------------------
--------------------

Generation = 1, Population = 24.
--------------------
--------------------
---------00---------
--------------------
-------01--10-------
--------------------
--------------------
--------0110--------
--------------------
--------------------
-------01--10-------
--------------------
--------------------
--------0110--------
--------------------
--------------------
-------01--10-------
--------------------
---------00---------
--------------------

Generation = 2, Population = 88.
--------------------
---------00---------
--------0110--------
-------000000-------
------01*00*10------
-------00--00-------
--------0000--------
-------01--10-------
--------0000--------
-------00--00-------
------01*00*10------
-------00--00-------
--------0000--------
-------01--10-------
--------0000--------
-------00--00-------
------01*00*10------
-------000000-------
--------0110--------
---------00---------

Generation = 3, Population = 66.
---------00---------
--------------------
--------------------
--------------------
-----01-.11.-10-----
--------1001--------
-------01--10-------
------01*11*10------
-------01--10-------
--------1001--------
-----01-.--.-10-----
--------1001--------
-------01--10-------
------01*11*10------
-------01--10-------
--------1001--------
-----01-.11.-10-----
--------------------
--------------------
--------------------

Generation = 4, Population = 90.
--------0110--------
---------00---------
--------------------
-----00--00--00-----
----01*1*--*1*10----
-----00--11--00-----
--------*00*--------
-----01-.--.-10-----
--------*00*--------
-----00------00-----
----01*1.--.1*10----
-----00------00-----
--------*00*--------
-----01-.--.-10-----
--------*00*--------
-----00--11--00-----
----01*1*--*1*10----
-----00--00--00-----
--------------------
--------------------

Generation = 5, Population = 86.
-------01**10-------
--------------------
-----00------00-----
---------11---------
---01-.-*11*-.-10---
--------1--1--------
-------0*11*0-------
----01*1.--.1*10----
-------0.--.0-------
--------1001--------
---01-.*.--.*.-10---
--------1001--------
-------0.--.0-------
----01*1.--.1*10----
-------0*11*0-------
--------1--1--------
---01-.-*11*-.-10---
---------11---------
-----00--11--00-----
--------------------
==23275== 
==23275== HEAP SUMMARY:
==23275==     in use at exit: 0 bytes in 0 blocks
==23275==   total heap usage: 1,582 allocs, 1,582 frees, 250,928 bytes allocated
==23275== 
==23275== All heap blocks were freed -- no leaks are possible
==23275== 
==23275== For counts of detected and suppressed errors, rerun with: -v
==23275== ERROR SUMMARY: 0 errors from 0 contexts (suppressed: 2 from 2)