*** Life<ConwayCell>***
Generation = 10, Population = 83.
.................**.
.....*..........*..*
....*............**.
....*.**.....*......
..*...*.....*..*....
*...*...........*...
*.....*......*..*...
*.....**........**..
.*.***.......**.....
............*..*.*..
............*.***...
.....*......*..**...
....**......***.....
..................**
...**.............**
.*.*.**....*........
..*.****...*........
....**.*...*........
.....**...*......*..
....*.*****.....**..

Generation = 10, Population = 36.
................
................
................
................
................
................
................
.......*........
......*.*.......
......*.*.......
.......*........
................
................
................
................
..........***...
..........**.**.
..........**.*..
.............*.*
............**.*
..*..........*.*
.***..........*.
**.**...**......
........**......

Generation = 10, Population = 0.
..............................
..............................
..............................
..............................
..............................
..............................

Generation = 10, Population = 20.
....................
....................
....................
....................
....................
....................
....................
.......**...........
......*..*..........
......*..*..........
.......**...........
....................
..*.................
..*.................
.**.................
....................
**..***.............
....................
.**.................
..*.................

Generation = 10, Population = 33.
.**..........
*..*.........
*..**........
.***.........
...*.........
..**.........
.*..*........
.*.*......*..
*..*.....***.
.**......***.
.**..***.....
.............
.............

*** Life<FredkinCell> ***
Generation = 1, Population = 231.
-00-1-0---00-110--0-10---0-
01---1---0--10-00--1-0---10
--0-101---1---1-----0100-10
011-0--1--0001--1-0001----0
-0000-000011----0--10-11-0-
--0-00--1-00011--0010000---
0--0-100--1001----0--100-00
-0-011110000----0-1---0-011
0-----10-----1-011000010100
-0-0---100----100010-1---1-
0--00-0-0000---0011-10000--
-01-101-0-000-110-10-10-0--
0--00-0-1-010-00----0-1--0-
-0-----01---10-0-000----00-
--0---00--1000--01-100--111
-0-0-011-10--110-00--00----

Generation = 2, Population = 200.
--1--0-0--110----0-02-0-01-
1-0-020-0-0-2---10-----002-
-01--12---2--0----00---1--1
1220--02--11-2-02-11--0--01
----10111--20-001-021------
0-1---00201-1220-11211-10-0
---1-21-0-2-1---0-------0--
0----2----1-----10--00----2
-0--0--10-000-0--2-1-12-2--
0--1--0-1--0--2-------0-02-
-0---010111---01-22-2-1----
012-2-2--01------0-1--101--
-0-1-010---210-1-0-0-020010
---00-0--0-02-010---0000-1-
-0-----1----11-012-----0-22
0-0--12--2-----10-1---10000

Generation = 3, Population = 199.
0020-10--0---1---1-13--0--0
-1--1--0---03--02---0---1--
0-2---3-00---110----0--2-12
2331-01--0--030---22-1--01-
-0--2-----1------01---1100-
----0011---02-3--22322-2---
-------010--2-0-1000----10-
---0-3-1-0----00--1-1----1-
0-0----2---11-10-3--0---3-0
-00---1---01-0----100----30
01-0-1--22---0-2--30-----0-
1-30---0----001-0-12--21--0
-102-1-11---210201-10---121
--0-10101---3-1--0--11110-0
---0000-0----201-3--000-13-
-0-0023-0-0-011--0-0-021-1-

Generation = 4, Population = 204.
11-1121-0-11--10---2-00--1-
120---0---0140--3----0-0---
1-3-1-401-200-2---0-1-0---3
-44201-2-1-114-----30--0-2-
-1--30-1-----0--1-2210221-0
-0-0-----0-1--40-3-4-3030--
---10--1--2-3--021--01--2-0
0-------0110-01--02020--02-
-01--0-300--21----0--1-0--1
0-------1-1-01-----1-1-----
---1----33-0--0--241--10010
2--12-2100-0----10-3-132-01
-2--0212-0-232--1-0----0--2
--1---2120-04--1--0-222-1-1
-0----11-01-1--2--0---1----
0---13--1---12--01--0-32020

Generation = 5, Population = 193.
--22----------21--0---1-0-0
23-------01-510--001-1--120
2--021-120--1--000-021-2---
--5---1-0-1-2---2-2-1-010-1
0--0---21----1---03-213--0-
01-100--2-1---5--425-41410-
000-121--03---0--2-0-2---0-
--0013-1-221--2---3-310--32
01200--4--0--2----11-------
--01-0-----1-----012-2--03-
--02--1-4-11---2---220-1-2-
--3--0-211---011---4-2431-2
-------3---3430-211-0-21---
-0-01-3--10-5-12-0--3--1--2
----0-----20--03--11-----3-
---024----00-31-12-0------1

Generation = 1, Population = 221.
1101-11--------1--
001-000-0--0-0-11-
--000----0-1-0-001
---0-1--01111--111
---11---001-0-----
--1-100011-00---1-
--11-0100-0-10----
0-1-0--00---0--01-
0---1--0-0---0-0--
-00-00---01010---1
00---01-0-1----00-
11--0----1-1--0--1
00-01100---0-101-0
-101-0--10000-1---
11-1--001-01001000
-----010--01---011
0---0-----1-10-00-
-0--1---00------01
0-00-0-0-00----001
--111-0-010---1100
000-11------10-00-
0-1--1----1-1-1--0
01--011---00-01000
-0--------11-1000-
---0----0----01100

Generation = 2, Population = 232.
-2120--00--0-002--
-12--1----01-1-2--
0--1-00-010-01-1--
------00--22--0-2-
-----00-1----0-0-0
-02--111---11--0-0
0022--2-10-02100--
1-201--1--00100-20
1--0--0101-001-1-0
0-1----0--2---0---
-1--0-2---2000-110
220-10-0--020-10-2
-10-22-1----02-2-1
02-20100--1----00-
2-0200-1-01-1-211-
-0-0-12--01-0--1--
---01-000-2021--10
0---2---1-0-00-01-
-0----0--1-0-----2
--22---012-00-2---
--10----00-0-1---0
--200----0202-2001
---01220-01-0--11-
-100000-00---2--10
-00-0--0-0000-2211

Generation = 3, Population = 222.
1-2-1-1110-1----0-
---0-2-0----0-0-1-
-------01-1-1-02--
0--0-1110--3-0----
-00-1-1--01---0101
----1--2110--0---1
-1----3-2101-21---
-0--2002001-----3-
-001-01--2--1---01
10--0-01--30-0-00-
020010-0-03111----
3---2-0101-31-210-
02-0330-0----30-02
-------11-20-0-1--
3-1-11-2--2-2-3--0
--0----0--21---211
000--0---03---00-1
----30--201----1-1
---000--02010000--
----1--123-110-1--
-021-----10---00-1
-0----00-131-0311-
-101-33101-01---20
0-11-1--11110--02-
0--01---0---103-2-

Generation = 4, Population = 225.
---2-122-1----0210
0---0-0-000-1-1220
0------1---121-3--
----0222--2-1-0-21
-11120201----01---
--2021132-1-1100-2
022---4-3--2--2000
1---31--1---10004-
-1-2--21-30-----12
-1101---00---1-1--
13---1--0-4-2-----
-200---21-0-------
-3-14-----0------3
-202-------101----
--2-22---0---0-1-1
---00-210-32--0--2
1--0-100--4--1111-
000--100--2-000--2
--01--0-1-1211-102
-0222-0234--2---00
0--2--0--2-011-10-
0-2-----024-2142-1
--1---4212-1--1131
11-202--22-21--13-
10--2--01-0---4231

Generation = 5, Population = 237.
1-2-123312--00-32-
11---21-111121--3-
10---002-112-2-40-
000--333-1-32-1132
0222-----0--0-2-0-
003132-43--122--13
-----050-1--223-1-
202-420-2-1-2-1150
-2031-32--101-01-3
-2-12-0---3------1
240---2--05----1--
-3---003---31----2
0--253-1001-03--0-
0-1-01---0-2--11--
--3--3-2-----13--2
0------210-30012-3
2--11--1-0------21
---03----0-0---113
001-----22----0213
-13-3-1-4--1-0-11-
1-23-11-0-01--0--1
1-3-------5--253-2
--2-1-5--3121---4-
--1313-03-1-220240
--0-3-01-0--105342

Generation = 1, Population = 227.
0-01----1--110---0--0111-
-01-----0--0--1--0000-10-
----1-1---10-101-01-1-0--
-0--000----1-0-00-00--0--
0-000--100-0--00-00-000-0
0-011-11-1000-0-0010-0---
-0--0-0--00----0---1---00
--0-000110010-1-0---0-0-0
-0000-0-0-0------0-11-00-
00---00-0010--0---1-0----
--0100-00010-0-00-1-11110
-01-01001000-0-1-10000--0
-00-11001-0--1--0--100-1-
010-0100---0--0--000--11-
010---0-00--0-0---0--1--0
----00-001--00--0000--0--
----110---10---0-0-00----
1111-0-0----0------------

Generation = 2, Population = 224.
-0-20--0200--1--01----2-0
-1--0-0010---02-011-102-0
--0020200021--1-0-2-2----
----1---00---1-11-110--00
10-11-0---0-------1-11---
10-22---02111-1-112-01-0-
--0--0-0-110--0-00-2-0-1-
-0101---21--1--0---01-1-1
--1----0---00-----022--1-
1-0-0--011--0---0-20----0
00--11-----1-10-10-022---
0-201-1--1-----2-211-1-01
-11-2----01002---0021-02-
--1--2--00----10-11--02--
-2-0-01---0-101000-00-0--
0000---11----1--111----00
000---100-21000-010-100--
2--2010-0-0--0-0-0-00----

Generation = 3, Population = 235.
01-3-0--311112-0----0-3-1
02-0-0---1000---12------1
--1---31---20121-0-0--00-
0000------010-02--2-1-011
----2--1-01-0000---02-0-0
--0---1-13-22-2--2-0-2-10
00100----22-0010--03-102-
01--2--13--120---0-1-0---
0-----010-0110-000---0--0
201-1-0--2101-0010-100---
110-22-00-1-0210---1--11-
1---21-012--0---0322-20-2
-2203-0--1---3--01-32----
-12--3-01-00-0--02-0013--
-3-1--2-----212111-1111-0
--1-000--1-00-0-2----0011
11-01--11-----10---0--1-0
3--3---01-1--10-0101--0--

Generation = 4, Population = 227.
---4-100422223---1-0----2
--11-1-0--1-10202-101---2
-020--420023--3-012--0--0
1-11--0----21-131---2-12-
10---0--0---1---00---11--
1-1--0-124-33--01-2-03---
-12--0000-3-11210014-2---
1---30----0--1---102---01
-01--0-2-0----0-110---01-
31--201013-12---2------00
22--3-0---211-2-1----2-2-
20--3-1-2--0100--4-303-0-
--3----012-0-4001204-0--0
02-0---120110---13-1-2-10
04---03-0000-23-----2-201
00---------1-1--3-------2
-20-------210-2101-11--01
4-14--0----002-01---00100

Generation = 5, Population = 221.
---5---1--3-3--0--01---13
---2-2--11---13----12--0-
-1-12--3--3-0---1---2---1
2---1-1--0------2021---3-
210121--1--0-00011--2----
2-222-1--5144---2-3014---
02-0-1-1-240-2-211--03020
-1-041--3-11-21002--10--2
0-200-0301-11----2---0120
-2-0-121--1--0-0--2--0-11
3301-2----3-223-2--1-3---
---04-203--1211-052--4-1-
-2--3-----1---1-2--52-021
--2-03----2-10----12033-1
15010140-1112-41-1---1312
-1---00-110-020-4--0--01-
1-----1--03---32-2-2----2
-1-501-0----130--------1-

Generation = 1, Population = 219.
-00-0---0---1-----0--
00-0--00--010-0---0--
-10--0110---00---0-00
1--00-0010-110-0-----
0-1--001-----00-00---
--0-1--00--0-100-0--0
------00-0-----001000
--0--00-0-00101-0100-
00-0-0------00--1---0
1-0-----0-000-0-0---0
11-0-00--01100010--0-
-0-0-111-0-0---10---0
1---0-1----0-01---0--
--1--0---010--10-0-0-
0---0-01-00-01-0--0-0
0100---0--00010-0--0-
000-00-0--01------0--
1---0---0-0-1-0--01--
110-0-10-----10-0--00
10---010000101001--0-
0-0---001---10--0--0-
---------100--0-01-10

Generation = 2, Population = 219.
--10-00--00-200--010-
11------001-10-0--1-0
0-10-1----001--00-011
2-011-1-21-2210----00
1-2-011200---1--1-0-0
001---011-0---1-----1
----0-------0-0-1-11-
0---0--0-01-2120121-0
-1---1-----01-00--0-1
---0--00-0-11-10-0--1
--01------2-1-12100-0
01-10--2-10---0--00--
--0---2------1-00---0
-0-00-000-2--0-------
1----01---1----1-----
121100--0-111210-00--
11-0-1-1-01-00--0-1--
-0-0--00--10-010-1--0
221-10--00-00-101---1
2-0--1--1---1-1-200--
10-0---1-0-0--0---0--
0-0---00-2-1-----2--1

Generation = 3, Population = 251.
0-21-110-----11-0121-
-20---0011212-01----1
-1--0----0-120--1--22
--12--20--0-321---0-1
-0-0---3---0-200---0-
---0---2-0-00-20----2
-000100-00-010-021-20
---01-0--1203--12-201
--00--------2011-01--
-0-10-11--0-2-210100-
1-12--0--0312-23----1
12--11---2-00-110--0-
10-0-03000--02111-00-
--11101-1-30011-0---0
200-0----0--0--2000--
23-2-1---02-23--01-0-
-20-0202012--100--200
1-01-01--0----2----01
-3-02----10--121-0002
--1--21-20-12--0---00
21--00-211-1-01000100
10---01--3-20-0-0--1-

Generation = 4, Population = 218.
-0-2-22--000-2-01--2-
----0--1-2-2---200102
021--1---1----0--0-33
-02--03-2-------00--2
1-2-0---00-1----1---0
-----0-311-1---1-0-03
01--2--01101-101321-1
-001-010---141-2---1-
--110--0-0--3-22--201
---21--20-11-03--211-
2-2-0-1-0-423-341000-
2--12-12--0-102--0-1-
--01-14-1--013-22-1--
-0-221-02-4--2-------
-1--101--11--1-3-11-0
-4---2-0-1-----0---1-
1---1-1----1--11--3--
----------1--0-0-1112
----30---21--23--1--3
20--0-20-10-311---011
---011-322---1211----
--0---2--4--10101--2-

Generation = 5, Population = 226.
0---033-0----------3-
1-0--0----2320--11---
13-0-2-1-201-0--1-0-4
2-32--4-31-2--10--0--
-03--11-1--20---20---
-01-1----20-01-2-1014
1----0-122-21----32-2
--1--1-1----5----2221
--------0--04---1---2
1-0-20---0---141---2-
3-----2-1-53--4---111
320--123021-21-101-20
1-12----2001241330---
011-32-1-05---1-00--0
2-0---21---002-4-220-
-51-03---2-1-3--010--
---0-2---1--0-220-400
1----01---2-11-1--2--
23-0-1-00-20-3--1200-
311---3-22--4-2-2-1--
21-122---3--12-2-01-0
-0--0----5022121-20-1

Generation = 1, Population = 164.
-01--00--00---
---0-0-0--001-
01-010----011-
-0011011-0--01
---0-1-0---11-
0-0-0-00--000-
---0-1-00010-0
---0-------001
-0-00----1--01
00-011-100--00
11-00--10--0-0
011-----000-0-
11110-01-110-0
000---000-00--
-00100--1101-0
0--10-----11--
-00--0---00---
--11000-0-0-01
-1-0-10---0---
1-0011000010--
00-----1--101-
----010-10-111

Generation = 2, Population = 140.
012-0-1-01--0-
0--10-0-0-11-0
1-0121-----22-
----2------012
0001-2--00--2-
------11------
0--10-0---21-1
-00--0-00---12
-1-1---0-20-12
-1-1-2--1-0--1
220---0-10---1
1--0--00-1---0
2---1-------0-
--10---1--110-
0-1211-----2--
-00--0--002-00
-1-001---11-00
-0-2-----0--12
-----21-----00
2-11-211------
-1-0--0200----
00-01-10210-22

Generation = 3, Population = 161.
--301-2--2----
--0-101-102---
2-12-2--0--3-0
-0-130--000--3
1--20---110-3-
-00-0--2-00000
---21110003202
--10--0-1----3
0-020-01-3---3
--02----2-10--
-310--11----0-
-----0-1020--1
3111-00--11-1-
-0--000-0022-0
-023--00110300
---10-0011-1--
0-0---0--2--11
01-3--0-01-023
010-0----0-0--
-02------0--00
020---1-1---10
1---2--1321-33

Generation = 4, Population = 160.
-1---030-3----
00---1---13--0
-1-----0-00--1
0-024-1111---4
-0--1-----1140
-11----3-1-1--
-00-2-21114313
00-10---2000--
--1-1--2---014
0-13---1-021-1
242-0-2-10----
1---01---3-00-
42-211--0220-0
--101111-----1
0---1-11--1---
000-1-1122220-
11-001--0-10--
1----01-12--3-
---0-21----10-
21311-1--11---
-3-000-2201021
2-00-1-24-2---

Generation = 5, Population = 169.
-23-1--1-4---0
110-12--12-111
22-222-101-32-
--1---22--00--
-10-220-1122--
02-0---402--0-
-1-23-322-5--4
1--21000-1111-
--2-2003--01--
11241--22---02
3--010-121--01
-11-1---0-0-1-
-31--2--13--11
--21-22--0-202
1----122--2-00
1111-0-23--310
2-011-0-----1-
2----1---3-043
-1-10-200--2-0
32----2----0-0
04-11-1-31---2
-01-22---23-33

*** Life<Cell> ***
Generation = 1, Population = 277.
*-0.**01--1-*0.*1*1*000-1
-.0--.1..-0*..-.*-.--.-1.
.*0-.*...1.*0....--*0-0.-
--..0*.--0-....-.-00-1-0-
-..0**....-***.-.*-..1.-*
-1...0*--1*.-.*11-..-...-
-*01.11.*.*0..-.*-1.1-1.1
.*1*.---*01..1*-*--.*..1-
.-0.*-..*....----1.*.-.1-
-*0-..--..10*11-..0-0*..-
-*...00..*00..-....-1-.-*
1.0*-*-1*1.-.**---0..0..-
.1..101..*1*.0---*...--1*
*1-.-..-0.-.*0*.*-....-..
0-.00.-0*-**-*.--*-*..-1*
01**..-.**---*---.*0..*.*
0-*...-...0010...-**.--.-
*.*0*..-..*.*0*.**-0..-0.
1-10.1..1011101*1-.****.1
1..-1..1..--.*--..*-**-.*
-..*0..1.---.*0.*-.-.000.
.0.0-1-1.1**1*0--.0*10**-
-...1*--0...-**..1.0*-.-*
..---.01..-0-..0....001.-
*-00.110--.1*1.*0---1.*.-
-0....011..-.0.00.1...*.1
1-*.1-1-..0.-**1.--1--.*.

Generation = 2, Population = 288.
.-1*.*1*00*0*1.***-*--10-
0.-00.**.--..*-**-.--.0-.
.*-0***..*.*1....--*10-*-
-0*.-.*-010..*.-.-1-0*0--
-..1.....*-****0**-.***-.
0*...1.0-*..0**---..0*.*-
0.1-.--.*..1.*-.*--**--*-
..-..000*--*.*.-*-0.****-
.0-..0..*....-----**.0**0
0*-0.*0-..-1*-*0..-0-*..0
-..**-1*..1-..-....0*0.0.
-.1*0.-*.*.-.**0---..-.*-
.*.**1*...-*.-0--*...00*.
*-0*-.*-1.-..-*.*0*...-..
-0.-1.01.0**0..--*0*..-**
1-..*.-**.0--*0--*.1*...*
-0..*.-...--*1...-..*-0*0
*..1*..-.....-..**0-.*--.
----.-..*-*-*-*.--....*.*
***0****.*00..00**.0..0.*
0.**-*.-.000..-*.0*0.11-*
.-*1-*-*.***-.100*1.*1..-
-...**-0-*..-..*.-.-.0.-.
..000.--*.01-..1....1--*0
.011.*-1--.-.-..-000*.*.0
0-..*.1**..0.-.1-*-*.**.-
-0..--*-..-.0*.-*---0-.*.

Generation = 3, Population = 277.
.0**.**.--*-*-.*.*-.00-11
-*-1-....-0..*-*.-*-0.11.
**0-.....*.****..--**--*0
0-..0.*-1-1....0*--01.---
0..-..**..0*...-**-....-.
-**..-.-0*..-..--0..1..*0
1.-1.-1..***..-*.0-..0-*1
.*1..---*01....0.-1.....-
*10..-..*..*.00001*..1..-
1*-1..--..-*.-.1..--0...1
0*...0-**.--*.-....-.-.1*
-.*.1.0**.*0.**100-..-.*0
.*...-*.*.1..----**..1-*.
*-1.0..0-*0.*0.**-.*..0.*
0-*-*.--.1**1.*--.1.*.0**
-1.**.-**.1-0.100*.-***..
0-..**-...00*-*.*-..*01*-
...**..-...**0...*10.*00*
-01-.1***0*1.-*.--...**..
*..1.***..--**-1.*.1*.-.*
1...0..-.1-1*.0..1.-.---.
.0*-0*-....*1.*--.-..*..0
-....*-10...-....1.-.1*0.
.*-1-.-1**1*0..**.*.*--*-
.1*-.*1*0-*-.-..0--1..*.1
-0.**.-.*..-*0.-0*1...*.1
--..10*-..-.1..-*-----*..

Generation = 4, Population = 276.
.-.**...-0.-.-*.*.-*-11-*
-.-*0....-1...0**-*0-.**.
*.1-.....*.***..*--..0-*1
--..-**0-1*..**1*-1--.-00
1..-.**...-*...-.*0**..0.
0**..-*-1...-..1--*.-.**-
-.1-.1-*...*..0..1-..--*-
..-*.-00*1-.*..-.0*...*.0
.--*.-..*..**1----**.-..0
*.0-..-0*.1*.1.*.*00-..**
-..**-1.**10**0....-.-.-.
1.*.-.-...*1***----..0..-
.**..1*...-..-0-0.*..-0..
*1*.1*.-1.1.*1***-.**.1.*
10*0**--.-..*..0-.-.*.1.*
1-*...0.*.---.*-1*.1....*
--*..*0..*-1.1*..0...--.-
.***...0*....1**.*-1..-1*
-1*0.-..*-*-.0*.--......*
*.*-......00..--*.****0..
*.*.1..1.---..1****0*1--.
.1.--*0.*.**-..0-.-..*.*-
-*.*.*---...-*.**-.-*-.-*
.*0-0*-*..**1..**.***-1.-
**.1.*-.10*-.1..--0-.**.*
01.*..-.**.0*1.11.*..**.*
-0.*--.0..-.**.1*-0--0.*.

Generation = 5, Population = 235.
.-.**...0-.-.1*.**-*-*-1.
0.-.-....0-**.-.*-*-0....
..--***.**.**....0-*.-0.-
--..0*.1--...**-*0*-1.01-
*..-....**-....-..-....-.
-.*..1.0-...-..-10..1.**0
1.*-.--..*....-.**1..-1.-
..-**-11.*1....-.-.*....1
.--*.-*......-00-1...-..-
..-1*.-1..-..-...*1-0..**
-.**.--.*.--..-*..*0.0.1.
-.*.1.-*...*...10-0..-..-
....*-*..*-..0-01*.**-1*.
.-..-..0-.-**-..*0.**.-..
*1.-..--.-.**..10*-.*.*.*
*1....1*..-00.*0***-...*.
0-...*-..*--*-...-...--*-
....*.*1*.*..*.**.--..0**
--.-.-.**-*-*-..10...**.*
*..-.....*-1.*--*.....1..
*.**-**-.---..*....1.*-0.
**.1-*1*....1..-0.1..**.-
0*.*..-10*..-....1.-*-*-.
..1-1*-.*.****.**.*.*0*.-
...*.*1*-1.1.*..-0--.....
-*.*..-*...1.*.--.***...*
-1..1-.-*.-*.*.-*-1101.*.

Generation = 1, Population = 52.
-*0*-0.-.1--
.-.-1.1-.-*-
-.-.1*..--0*
.-1000.1....
*.-.-*-.0--.
*10-*...*.--
0-0..-.-.*1-
*-*----0-*0-
0-*01..----.
----1..1.*00
-...11..-.-*
*1-.-**..0-1

Generation = 2, Population = 48.
0.-*0-.-.---
.0*-*.-0.-*-
-.0.*...-0-*
.0*-11.-....
*.-.0*0*10-.
*---....*.0-
-0-..-.0..-0
*-*-0-0--*-0
1-*--..----*
0-0--..-..--
0...--..-*-*
.*0.-**..--*

Generation = 3, Population = 53.
-*-*-0.0.-0-
.1*0**1-.-*-
-.-.*...0-0.
.1*-*-.1.**.
*.0*-.-**1-.
*---.*....--
0--..-.-**-1
*0*-----0.--
--*01..--00.
--10-..-..--
1.*.-1..0.-.
.*1.0....00.

Generation = 4, Population = 63.
0*0*01.-.110
.-.1..*-.0*0
-.-...**-0-*
.**0*1.*..*.
*.-*-.0*.--.
*100...*..-0
--0..0.0**--
*-*-0--01.00
1-.1*..--11.
00*--..-.*0-
-...--..-*0.
.*-*-....11.

Generation = 5, Population = 53.
1*-*-*.-.-*-
.1.*..*-.1.1
-.0....*-1-*
.**1**....*.
*.0.-*1**-0.
*-1-*.....0-
---.*-.1.*--
.-*01-0--.-1
--.**..0--*.
--*-1..-*.10
1...--..0.1*
..-.0....--.

Generation = 1, Population = 220.
-*1-0..*1.-..*--*---1-
-.0*1-1000-..-..1..-.-
-.*.0.-*.0.--..-1-*1*0
*.1.0.01.--.-.----..*.
*.-.-*.0-..-*--**-0**.
-1-..--*--.0.-0.0.*-*-
*-1.1.-...1.0.1.*0.0.*
*0.-.0***.-.1-..01-*1*
*0.0.*.*0001*0.10-.0--
...1.1*-*-*-..1..*--.*
--1...0.-1..-..0....0*
-00--.1...0*.-..1.1..*
0*-1.....1--0.....0-0*
--.0.1-*.*01.11.-...--
--***-.1-0-0.1.-.**-.*
**0*.--**...0.-0.-.-.*
-0*-1.**10..10.*-*-0-*
-.-.-11**00..*-*0.-1-0
*111.--0-.--.10.--1.--
0-..1110*.....101---..
0-0*-.-...-..-***-.-1.
.--**----*0.0.0.-1...*
..-0-1.....1..*..*.-0-
1*-.*.-..1.-.1-0*0...*
-1-0.1*--.1--1-.1..*1-

Generation = 2, Population = 217.
0*-01**.-*-...00.0-0-0
-.1.*-*-1-0..0.*-..0.0
0.*.-.0..1.--..0*-.-*1
..*.1.1*.0-.0.-0--....
*.0.-*.-0..-.0-**--.**
0--..00.0-.-*01.-..-.-
*--.-*0.*.-.1.*..-.1.*
.-.0.-....-.--*.1--*-*
*-.1....--1-*1**-0.1--
.*.*.-.0.-.-**-...00.*
--**..-.--.*-..-**..1*
-----.*..*1*.-..-**...
1*0**.*.**00-*...*1-1*
00.-.--..*--.-*.-***0-
0-...-.-0101.*.0...0..
*.-..--...**1.01.-.0.*
--.0-...--**--.*0.-1-*
0.-.-**..11...0*1*-*-1
*--*.-0-0.0-.--.-0-.-0
--..*--1*.....*1-00-..
1-1.0.0***0..0...-.0-.
.--..---0.1*-.-.-*..**
..01--...*.-*.*..**0-0
**0*..0..-*0**01.-**.*
-*--**.0-.-00*0***..*-

Generation = 3, Population = 197.
1*11*.**-*-...1-*--1-1
-.*.*0*----..-..-.*1.-
-.*.-.-..**-0..1*0.-*-
..*.-.-*.10.-.0-0-....
..1*-..-1*.-.10**0-...
-10.*1-.-0.0*1-.0..0.-
.0-.1*-...-.*.*..-.*..
.-.1*0....0*--..--0*-.
.-.-*...-0--**.*0-.-0-
.*.**-.-.-.-..-*..1-.*
--**..0.-1.*-..0*...**
00--0*.**.*..0..-.....
-.-*.*.**.1--...*.*0-*
1-.0.-0*..0-.1*.0*..--
--...-.11*1-.*.1*..-..
..-..--.....**1*.-*-..
--.-1...--..--..-*0--*
1.-.0***.**...1.**-.--
.11.*-101.10.--.---.01
--..*11-..*...**--1-..
---*1*1...-*.-*.*-.--.
.--..-0-1.-*-*0.0*...*
..--0-...*.1..****.-0-
*.1..*-..-*1..--.0...*
-*--***-0.--1.1.*****-

Generation = 4, Population = 220.
***-*.**-.0...--.0-*--
0...*-*---0..-..-.*-.0
-**.0*0.***--..**1*-.1
.**.-.1..*-*0.1--0....
..*.-..-*..0.-1..10...
0--..-0.-1*1.-1.1**1.-
.1-.*.0...1......-.**.
.0.*.-....1*10**111*-.
.0*1....0---*.**10*---
....*1.-.-*0*.1..*-0.*
00....-*--*.0.*-*...**
11-01*....**.-.*-*.*.*
-*0*.*....-0-****.*1-.
-0.1*-1...-1.-*.1.*.-0
0-...-*--*-1...-...-..
..-..--.**..**-*.-*0..
0-.0*.*.-0..10..-.-10.
-*0.1....***..-.**-.0-
.**..-*1*.*1.--.001.1*
-0*..**-.**...**-0-0..
--1**.*...-**-..*-.--.
.--*.-1--.1*-*1.1.....
..01--...*.-.**...*0-0
.*-*..-..-*-**-1.-...*
-*-0***--.1--.-.*****-

Generation = 5, Population = 203.
**.-..**1.1...--.-0.11
1...*0.-1--*.-..1..-*1
-.*.-.1.*..-0..****1.*
....1.*...0*1**---....
..*.-..0*..-.1-..*-*..
--0..11*-*.-.1***..-*-
**1..*1...-......-..*.
*-.**-...*-.*-..***.-.
.-.-....-0-1....*-.1-0
*..***.0.0*-*.-...1-.*
--**..0.01..1.*0**.*.*
-*0--**...*..0..-*.*.*
-.-...*...---*.....-1.
-1.-*1*...0-.-*.*.**0-
--...0.1-*-*.**1.**0..
..-..--***.*.*-..0*-*.
--*1**..--..--*.0*---.
-.-.*.*.......-.*.-.--
*....-*-*..-.-0.--*.-*
0-..*..-**..*..*-11-*.
---.*.**.*0.*-..*-.0-.
.-0..0*0-.**0.-.**....
..1*0-...*.1.......1-1
.*1..*0..-*-**0-*0...*
0.--**.0-.*01.-.*****-

Generation = 1, Population = 137.
.**000.....0-11-..-.-0..0
-0**1.-***--.-1--..-..*.-
*....-1-.*-.1-.1--.*00*1-
11.-.-1..1-1-.-.1-10.-..-
-0.-0--.--0-..-.-..1.*0*1
.....-1-10.-*--1..**-.-.*
-...*....1-*0.-.0-0*..*..
---...1.0*-0*1..*.10..*0-
*--00..--00*0-00*.1...-*-
*.-.-*0...-*..*.1.--0.1--
*110.--*.-.-..00.----1.-*
...--*10..0-.-.---...1..-
---.0-.1*.101*0....--.1.*
10*.11--..*...*.-1.*-*.--
..---.-**-*110.11.1.-*1-.

Generation = 2, Population = 153.
.*.111..*..--*-0..-.0-..-
--..-.-***00*-*--..0....0
*..*.0*-.*0.-0.---**--**0
--.-.0*..*0--.-.--*1.-..0
-1.0-0-*00--..-.0*.-..-*-
.....0--*-.-*00-.*..0*-.*
-....*...--.1.-*1-1.*.*..
0--***-.1.01.**.*.*-..*-0
.0011.*----.-0--*.*..*0*0
*.0.-*1...-**...**00-*--0
*--1*-0*.-.0..-1.----**0.
.**0-*-1.*1-*0.0--...***-
000*10.-*.*--*-....0-*-..
*-.*-*0-........--*.-*.-0
.*0-0.0..-*--1****-.0**0.

Generation = 3, Population = 166.
...*-*.**.*0-*1-..-.-0..0
00**1.-*..1-*-*--.*1*...1
....*-.-..1.--.--0..00..1
11*-.1....-1-.-.1-.-.-*.1
0-.---0*1---.*0.1*.1*.0*1
.....-1-*-.0*-1-..**-*-*.
0....**..-0.*.0.-0*.*.*..
---...-.-.1*.**.*.*0...01
*11*-.*00-0.-1-0*...**1.1
*.1.0.*...0**..**.11-.101
*-1-.--**0.1.*0*.0000..-*
...1-.1*.*-0*-.10-.....*0
-11.-1.-*.*0-*0....--*-*.
*0..-.-0.*...*.*0-**-..--
.*10-.1..0.11*****-.1**1.

Generation = 4, Population = 146.
.*.*1.*****10*-0..0*--..1
1-*.-*0**.-0*0*0-.*-...*-
....*-.0..*.1-.---*.-1..-
--.0.-**..--0.0**0*1.-*.-
1-.----.-0--.*-.-*.-*.-.-
.....--0*0.1*0-1*...-.-.*
-....***.11...-.-1..***.*
-00..*-.1.*.....*.*1...1-
*-**-**-1--.-*0-....**-.-
*.-.-**...-.......--0.--*
.-*-.-0..-.-.*-..1111.*0.
...-0.*...11.0.-1-***.**-
--*.1-.1...-1*1..*.00.-**
*1.*-.--.*......-1**-..--
**-10.-.*1**-*...*-*****.

Generation = 5, Population = 150.
.****....***1.11..-*0-..-
-0*.1.1...1-.1.-0**-....-
...**-.-....--.-0-..0-*.-
1-.-.1***.011.1**1.**-..-
-1.0--0.-100..-.1..-..0.1
.....0--.1.**--***..-.0*.
-....*...--.*.-*1-*****.*
-1-*..1.*.*......***...--
*1**-..-*00.0.10....**1.1
..-*0.....-..**...1--.1-.
.1.1.--*.-.1*.0..****.*-*
...11.**..**.-.1--......-
0-*.*1.-..*-***.*..1-*-**
*-..1.-0.*.*..*.0*..0..-0
**--1.-.***.-....*1****..

Generation = 1, Population = 186.
-10*.*-**.-.*.110-01.-.
*0-.-1-*1.0*---.*.0*.*1
--*-*-*0.-0*...*..-..-.
*-*-0*1*.*--0*-*..10-.-
1..-*....1**.0.---*..--
*11.-**..0*--.1*000--..
000.--0*.0...-..01..--.
..--**1..*-...-..*...1-
*-001*.-...-*-0*0.-0.1.
*-*-.-01-...10*01*1--.*
-...0*.101...----0.-*-*
-..--1..0..-0-1-.-1.-0-
*.-.1-111..**...0*-..**
-*-*0.-.01-.011*0..-.*.
.100*--.*.1.-..1-11-.00
0.0.-0**-*1..**0-..--.*
*1-*-.0.10--0.*--0.1---
..10*.-.-1*-..0**.-.--*
*.--.0**.0.--*-1**-.-.0

Generation = 2, Population = 181.
---.*.-***0*..*-----*0.
*-0.-*0.-.-.--0.*.-**.*
--*-*-.1.--...****-.*0.
.-.-1.**.*001*-...-10.-
-.*0*..*.*.*.1.-0-...--
.*-*-***.1.--.**11-0-..
-1-*001*.-...-..-*..-0.
*.--..-**.0...0..**.**0
.---*..0...0*0-.-.--***
.-*-.01--...--.1*.*-0.*
0...1*.-1*..*0-0-1.0.0*
0..-0*..-..-1--0*0-.-10
..-**0*-*..*....-*-.***
-*0.1.0.1*-.---.-.*-*..
*-11.-0...**0..-0**0.--
1.1.-1*.-.-*.*.-0*.0-**
**-.-.1.*100-..0--.-0--
*.*1*.-.-**0..-...-.-0.
..00*1*.*1*-0.0-.*0.-.1

Generation = 3, Population = 185.
0-0..*-***-....10---*1.
.-1.0*1.1*0.-0-.**0*..*
00.-*-.**00**.*.**0..1.
.-*--.**.*-1-*-..*1*-*-
-.*1.....*.*.*.-1-***--
.*1.-....**0-.***---0..
-*-*-1*..0...-*.-..*-1*
..-0..-.*.-***-..***..-
.-00.*.1*..1*1-*0.-0...
.0.0.-*-0..*--.-***01..
1*.*-..1*...*1---*.-.-.
1..-1..*-*.-*-1-.11.-*1
.*-..1*-**......-*-**.*
-*-.*.-.-*-.0--.0..0*..
*1***--..***1..1-..-.00
-.**0**.0.1....--..10*.
*.0.0.****110..--0.--00
*..*..-.0..-*.0...0.--.
.*-1.-..**.0-.-1..1.-.-

Generation = 4, Population = 173.
--1***0*..-....*--0-**.
*-*.-.*.*.-.---...1*..*
11*0*-...-1...**..1..**
.-*-1.**..0-1*-*..-.0*0
-..*.....*.*.*.-*0...--
.*-.-...**.-0**.*1001..
0*0*-*..*1...-*.0*.*0*.
..--.*1.**0*..-***.*..0
.-11..******.--*-.0-...
*1.-.-*--*.*1-*-...1*..
-*.*-.*-.*.***---..0*0.
*.*--*..-*.0*0-0****-*-
**0.***1.**..*..-*0...*
-.-.*.0.-.-.11-.-.*-..*
**...-0.*...-..--..-.-1
-...-.*.1.-....0-..*-..
..1.1.*...*--*.-0-*1--1
*..**.0.-..0**-..*1.-0.
..-*.-..**.--.--..*.-.-

Generation = 5, Population = 171.
01-***1*..-.....0011**.
*0..-.*...0.--0*.**...*
--.-*0*..0**.***..*....
.-.-**...*11**0*.*1.1.-
-.**...*.*.*...-.-...00
**-*-......-1.*..--1-*.
1*-.-**..*.**-*.1...1*.
..--.*-...1*..-....*.*-
.-**.........--*-*-0*..
*-.-.0*--...-0*-..*-.*.
1...1**1**....-00*.1.-.
*..--..*0*.-.1-1*...0*-
*.-.*..****.....-.1..**
-.0**.-.1*0.*-1.-**0.**
.....0-.....1..1-..0.0*
1*..0.*.**1....--.**0..
..-.*.*....--**--0.-0--
..*.*.1*0**1**0...*.0-.
..0**-.....00.--.**.-.-