*** bchean #1, ConwayCell, 31x7 ***
Generation 0, Population = 27.
.......
.***...
.***...
.***...
.......
.......
.......
.......
.......
.......
.......
.......
.......
.......
..***..
..***..
..***..
.......
.......
.......
.......
.......
.......
.......
.......
.......
.......
...***.
...***.
...***.
.......

Generation 1, Population = 24.
..*....
.*.*...
*...*..
.*.*...
..*....
.......
.......
.......
.......
.......
.......
.......
.......
...*...
..*.*..
.*...*.
..*.*..
...*...
.......
.......
.......
.......
.......
.......
.......
.......
....*..
...*.*.
..*...*
...*.*.
....*..

Generation 2, Population = 36.
..*....
.***...
**.**..
.***...
..*....
.......
.......
.......
.......
.......
.......
.......
.......
...*...
..***..
.**.**.
..***..
...*...
.......
.......
.......
.......
.......
.......
.......
.......
....*..
...***.
..**.**
...***.
....*..

Generation 3, Population = 36.
.***...
*...*..
*...*..
*...*..
.***...
.......
.......
.......
.......
.......
.......
.......
.......
..***..
.*...*.
.*...*.
.*...*.
..***..
.......
.......
.......
.......
.......
.......
.......
.......
...***.
..*...*
..*...*
..*...*
...***.

Generation 4, Population = 56.
.***...
*.*.*..
**.***.
*.*.*..
.***...
..*....
.......
.......
.......
.......
.......
.......
...*...
..***..
.*.*.*.
***.***
.*.*.*.
..***..
...*...
.......
.......
.......
.......
.......
.......
....*..
...***.
..*.*.*
.***.**
..*.*.*
...***.

Generation 5, Population = 36.
.***...
*....*.
*....*.
*....*.
.......
.***...
.......
.......
.......
.......
.......
.......
..***..
.......
*.....*
*.....*
*.....*
.......
..***..
.......
.......
.......
.......
.......
.......
...***.
.......
.*....*
.*....*
.*....*
...***.

Generation 6, Population = 38.
.**....
*.*.*..
**..***
.......
.**....
..*....
..*....
.......
.......
.......
.......
...*...
...*...
...*...
.......
**...**
.......
...*...
...*...
...*...
.......
.......
.......
.......
....*..
....*..
....**.
.......
***..**
..*.*.*
....**.

Generation 7, Population = 42.
.***...
*.*.*..
**.***.
*.*..*.
.**....
..**...
.......
.......
.......
.......
.......
.......
..***..
.......
.......
.......
.......
.......
..***..
.......
.......
.......
.......
.......
.......
...**..
....**.
.*..*.*
.***.**
..*.*.*
...***.

Generation 8, Population = 30.
.***...
*....*.
*....*.
*....*.
.......
.***...
.......
.......
.......
.......
.......
...*...
...*...
...*...
.......
.......
.......
...*...
...*...
...*...
.......
.......
.......
.......
.......
...***.
.......
.*....*
.*....*
.*....*
...***.

Generation 9, Population = 34.
.**....
*.*.*..
**..***
.......
.**....
..*....
..*....
.......
.......
.......
.......
.......
..***..
.......
.......
.......
.......
.......
..***..
.......
.......
.......
.......
.......
....*..
....*..
....**.
.......
***..**
..*.*.*
....**.

Generation 10, Population = 42.
.***...
*.*.*..
**.***.
*.*..*.
.**....
..**...
.......
.......
.......
.......
.......
...*...
...*...
...*...
.......
.......
.......
...*...
...*...
...*...
.......
.......
.......
.......
.......
...**..
....**.
.*..*.*
.***.**
..*.*.*
...***.

*** bchean #2, ConwayCell, 13x9 ***
Generation 0, Population = 57.
****....*
****....*
****....*
****....*
****....*
****....*
****....*
****....*
*.......*
*.......*
*.......*
*.......*
*********

Generation 1, Population = 51.
*..*.....
....*..**
....*..**
....*..**
....*..**
....*..**
....*..**
...*...**
*.*....**
**.....**
**.....**
*.*****.*
*********

Generation 2, Population = 35.
.........
...**..**
...****..
...****..
...****..
...****..
...**.*..
...*..*..
*.*...*..
..*...*..
...***...
.........
*.......*

Generation 3, Population = 32.
.........
...*..**.
..*......
..*....*.
..*....*.
..*....*.
..*...**.
..***.**.
.***.***.
.**.*.*..
...***...
....*....
.........

Generation 4, Population = 30.
.........
.........
..**..**.
.***.....
.***..***
.***...**
.**..*..*
....*...*
.........
.*.....*.
..*......
...***...
.........

Generation 5, Population = 19.
.........
.........
.*.*.....
....*...*
*...*.*.*
*...*....
.*..*...*
.........
.........
.........
..***....
...**....
....*....

Generation 6, Population = 19.
.........
.........
.........
...***.*.
...**..*.
**.**..*.
.........
.........
.........
...*.....
..*.*....
..*..*...
...**....

Generation 7, Population = 16.
.........
.........
....*....
...*.**..
.......**
..***....
.........
.........
.........
...*.....
..*.*....
..*..*...
...**....

Generation 8, Population = 19.
.........
.........
....**...
....****.
..*..***.
...*.....
...*.....
.........
.........
...*.....
..*.*....
..*..*...
...**....

Generation 9, Population = 16.
.........
.........
....*....
...*...*.
...*...*.
..***.*..
.........
.........
.........
...*.....
..*.*....
..*..*...
...**....

Generation 10, Population = 15.
.........
.........
.........
...**....
......**.
..***....
...*.....
.........
.........
...*.....
..*.*....
..*..*...
...**....

*** bchean #3, ConwayCell, 22x22 ***
Generation 0, Population = 56.
*.....................
.*....................
..*...................
...*..................
...**.................
...***................
....***...............
.....***..............
.....****.............
......****............
......*****...........
.......*****..........
.........****.........
..........****........
............***.......
.............***......
..............***.....
................**....
..................*...
...................*..
....................*.
.....................*

Generation 1, Population = 30.
......................
.*....................
..*...................
..***.................
..*..*................
......*...............
...*...*..............
........*.............
.........*............
..........*...........
...........*..........
......*.....*.........
.............*........
.........*....*.......
...............*......
............*...*.....
.............*...*....
................**....
.................**...
...................*..
....................*.
......................

Generation 2, Population = 26.
......................
......................
.**...................
.**.*.................
..*.**................
......*...............
.......*..............
........*.............
.........*............
..........*...........
...........*..........
............*.........
.............*........
..............*.......
...............*......
................*.....
.................*....
................*.....
................***...
..................**..
......................
......................

Generation 3, Population = 30.
......................
......................
.***..................
....**................
.**.**................
.....**...............
.......*..............
........*.............
.........*............
..........*...........
...........*..........
............*.........
.............*........
..............*.......
...............*......
................*.....
................**....
................*.*...
................*.**..
..................**..
......................
......................

Generation 4, Population = 31.
......................
..*...................
..***.................
.....*................
...*..................
....***...............
......**..............
........*.............
.........*............
..........*...........
...........*..........
............*.........
.............*........
..............*.......
...............*......
...............***....
...............**.....
...............**.**..
......................
.................***..
......................
......................

Generation 5, Population = 32.
......................
..*...................
..***.................
..*...................
......*...............
....****..............
......**..............
.......**.............
.........*............
..........*...........
...........*..........
............*.........
.............*........
..............*.......
..............**......
..............*..*....
..............*...*...
...............***....
................*.....
..................*...
..................*...
......................

Generation 6, Population = 31.
......................
..*...................
.**...................
..*...................
......**..............
......................
......................
......***.............
........**............
..........*...........
...........*..........
............*.........
.............*........
.............***......
.............***......
.............**.......
..............*...*...
...............***....
...............**.....
.................*....
......................
......................

Generation 7, Population = 30.
......................
.**...................
.***..................
.**...................
......................
......................
.......*..............
.......***............
........**............
.........**...........
...........*..........
............*.........
............**........
............*..*......
............*.........
......................
.............**.**....
..............*..*....
...............*......
................*.....
......................
......................

Generation 8, Population = 34.
......................
.*.*..................
*..*..................
.*.*..................
......................
......................
.......*..............
.......*.*............
.......*..............
........***...........
..........**..........
...........***........
...........***........
...........**.........
......................
.............*........
.............*****....
.............**..*....
...............**.....
......................
......................
......................

Generation 9, Population = 32.
......................
..*...................
**.**.................
..*...................
......................
......................
........*.............
......**..............
.......*..*...........
........****..........
......................
.............*........
..........*...........
...........*.*........
............*.........
.............*.**.....
............*..***....
.............*...*....
..............***.....
......................
......................
......................

Generation 10, Population = 43.
......................
.***..................
.*.*..................
.***..................
......................
......................
.......*..............
......***.............
......**..**..........
........****..........
.........**...........
......................
............*.........
...........**.........
............***.......
............****.*....
............**.*.*....
.............*...*....
..............***.....
...............*......
......................
......................

*** bchean #4, FredkinCell, 18x5 ***
Generation 0, Population = 26.
0000-
000--
00---
00---
0----
0----
0----
0----
0----
-----
-----
0----
0----
-----
-----
0----
00---
00000

Generation 1, Population = 28.
-1110
1----
11---
1-0--
-----
-0---
-0---
-0---
10---
0----
0----
10---
10---
0----
0----
1----
1--00
-1--1

Generation 2, Population = 35.
-2--1
20000
22---
20-0-
000--
010--
0-0--
--0--
--0--
-----
-----
2-0--
2-0--
-----
-0---
-0-00
2-01-
--0-2

Generation 3, Population = 49.
-3--2
-----
33--0
310-0
1----
1210-
10-0-
00-0-
-010-
--0--
0-0--
3-10-
3-10-
000--
01000
-10-1
-0--0
0110-

Generation 4, Population = 44.
0-11-
2----
---01
421-1
-0-00
23--0
210-0
-10-0
--2-0
0----
1----
--2-0
-02-0
11100
-----
-2-0-
--0-1
12-1-

Generation 5, Population = 48.
1-222
300-0
-3-1-
532--
1-011
-4---
-----
--1--
1-3-1
100-0
200-0
3-3-1
--30-
222--
0-0-0
1-0--
20---
231--

Generation 6, Population = 46.
23---
-1--1
3----
-4-01
2---2
---00
-10--
01200
20--2
211--
311--
40-02
--41-
--3-0
-1---
-2101
3-0--
-421-

Generation 7, Population = 43.
3-2-2
3200-
-3-1-
5--1-
---1-
24-1-
---0-
--3--
313-3
3--00
4---0
----3
3---0
--40-
0200-
--2-2
---11
-5322

Generation 8, Population = 45.
4332-
-31--
340-1
--2-1
-00-2
35--0
21-10
0-4-0
---04
---11
51---
---0-
-04-1
-----
1----
1-3-3
-00-2
26-3-

Generation 9, Population = 53.
54432
342-1
451-2
54---
-----
-6---
3-021
11---
3---5
311--
621-0
4----
3151-
224-0
220-0
224-4
3--13
3-3--

Generation 10, Population = 45.
-55--
4-30-
5---3
----1
2----
---10
4-1-2
22-0-
-130-
42-1-
73---
-0-03
4262-
3-501
3-1--
33-0-
--02-
4---2

Generation 11, Population = 49.
-6---
54-1-
651-4
---12
-0-1-
---2-
51--3
---1-
32-15
-3121
-41-0
4-3-4
-3731
-2612
-2200
-4-14
--1--
-63--

Generation 12, Population = 47.
-753-
-53--
-62-5
5----
2----
3-13-
6212-
--420
4-32-
-4232
--20-
---0-
---42
33--3
333-1
35---
-02-3
47-3-

Generation 13, Population = 40.
5-642
564-1
-----
6-2-2
-001-
-6--0
---3-
--5-1
-2435
-5--3
---1-
-----
437--
-----
4-4-2
-64--
3132-
5-3--

Generation 14, Population = 47.
67---
---12
-6---
-431-
--122
37-3-
-2--3
--6-2
4-5-6
46-34
-42--
4030-
5-84-
-3--3
-35--
3-5-4
-2-33
674--

Generation 15, Population = 50.
78642
5-423
67--5
6-4--
20--3
4-140
-3--4
2-7--
5263-
---4-
75-10
-1--4
6----
-46--
---0-
--615
33-4-
785-2

Generation 16, Population = 45.
--75-
---34
782-6
---1-
311-4
5-2-1
6-1-5
3-8-2
--7-6
-----
8----
423-5
-38-2
-57--
-351-
3-7-6
---53
-963-

Generation 17, Population = 42.
-88--
564--
8-3-7
--4-2
---25
-7---
-----
4----
528-7
4-2-4
9-2-0
-3--6
-49-3
368-3
---2-
-68-7
333--
7+---

Generation 18, Population = 43.
---5-
-7534
98--8
6451-
-1-3-
5-241
63---
5-8-2
6---8
-6---
+53--
-430-
-5---
47-14
4-5-2
---1-
---53
-----

Generation 19, Population = 44.
-8-6-
---4-
-9319
-----
32---
6-352
7413-
-2--3
7-839
47--4
+----
-5416
----3
--82-
53--3
3--27
--3-4
---32

Generation 20, Population = 51.
7--72
-----
9+-2+
6-512
-3-35
---63
-52-5
53824
8-9-+
58--5
+531-
-6---
-5-44
4-934
-4-24
4--38
33---
---4-

*** bchean #5, FredkinCell, 26x26 ***
Generation 0, Population = 78.
--------------------------
-00000000000000000000-----
-0-----------------0------
-0----------------0-------
-0---------------0--------
-0--------------0---------
-0-------------0----------
-0------------0-----------
-0-----------0------------
-0----------0-------------
-0---------0--------------
-0--------0---------------
-0-------0----------------
-0------0-----------------
-0-----0------------------
-0----0-------------------
-0---0--------------------
-0--0------------00000000-
-0-0-------------0-----0--
-00--------------0----0---
-0---------------0---0----
-----------------0--0-----
-----------------0-0------
-----------------00-------
-----------------0--------
--------------------------

Generation 1, Population = 112.
-00000000000000000000-----
0------------------110----
0--00000000000000001------
0-0-----------------------
0-0-----------------------
0-0-----------------------
0-0-----------------------
0-0-----------------------
0-0-----------------------
0-0-----------------------
0-0-----------------------
0-0-----------------------
0-0-----------------------
0-0-----------------------
0-0-----------------------
0-0-----------------------
0-0--------------00000000-
0-0-------------0------110
0-0-------------0--00001--
011-------------0-0-------
01--------------0-0-------
-0--------------0-0-------
----------------0-0-------
----------------011-------
----------------01--------
-----------------0--------

Generation 2, Population = 94.
-1-----------------1------
1-0---------------02210---
-0-1-----------------0----
--1-0000000000000000------
---0----------------------
---0----------------------
---0----------------------
---0----------------------
---0----------------------
---0----------------------
---0----------------------
---0----------------------
---0----------------------
---0----------------------
---0----------------------
---0-------------00000000-
---0-------------1-----1--
---0-----------01-0---0221
-0-0-----------0-0-1-----0
12-0-----------0--1-0000--
-2-------------0---0------
-10------------0---0------
-0-------------0-0-0------
---------------012-0------
---------------0-2--------
-----------------10-------

Generation 3, Population = 148.
-------------------2-00---
-----------------013-210--
-----0000000000000---1----
----1--------------100----
---1-000000000000000------
--0-0---------------------
--0-0---------------------
--0-0---------------------
--0-0---------------------
--0-0---------------------
--0-0---------------------
--0-0---------------------
--0-0---------------------
--0-0---------------------
--0-0------------00000000-
--0-0-----------0------110
--0-0----------0-200000-00
-00-0---------0-2----013--
-1--0---------0-0----0---1
23-10---------0-0---1--100
---0----------0-0--1-000--
0210----------0-000-0-----
01------------0-01--0-----
-0------------01-3-10-----
--------------010--0------
---------------00-10------

Generation 4, Population = 126.
-----------------0-3------
-----00000000000-----3210-
-----1-----------------0--
-----0----------------0---
-----1---------------0----
-0101-00000000000000------
-0---0--------------------
-0---0--------------------
-0---0--------------------
-0---0--------------------
-0---0--------------------
-0---0--------------------
-0---0--------------------
-0---0-----------00000000-
-0---0-----------1-----1--
-0---0-----------0----0---
-----0-----------3---1----
0----0-------0103-00-124--
-----0-------0---0---1---2
3----0-------0---0---0----
-------------0-------1---0
-3--0--------0--11101-00--
-2-0---------0-0-2---0----
-10----------01--4---0----
-0-----------0------------
------------------2-0-----

Generation 5, Population = 240.
-----000000000000---00000-
----0----------100-324-210
----0--000000000-----101--
----1-0-------------------
-001-2-00000000000000-----
0---2-1------------100----
0--0-1-0000000000000------
0-0-0-0-------------------
0-0-0-0-------------------
0-0-0-0-------------------
0-0-0-0-------------------
0-0-0-0-------------------
0-0-0-0----------00000000-
0-0-0-0---------0------110
0-0-0-0---------0--00002--
010-0-0---------0-0-------
00--0-0------000-4-00201--
-0--0-0-----0---4-11-2-521
----0-0-----0--0-1-10--10-
-3--010-----0-0-011-1-0---
02--00------0-0-0-01-2-00-
041--0------0-0-22--2-1100
0-0---------0-0-0--0-1-0--
021---------012-151-010---
01----------01---20-00----
-0-----------0---1---0----

Generation 6, Population = 194.
-----1---------1-----1-1--
---01-0-------0211-435-321
---1-1-1---------0-1-----0
-01-20-0--------00010000--
-1-2---1-----------1------
1-10---0----------02110---
-0-----1-------------0----
--10101-000000000000------
-------0------------------
-------0------------------
-------0------------------
-------0---------00000000-
-------0---------1-----1--
-------0-------01-0---0221
-0-----0-------0-1-1-----0
12-----0-----00-10-0------
-1-0---0-----1-1-----3---0
-100---0---01-10--22-32632
---0-0-0---0-0---2--------
-41112-0---0--10-2--20-1--
-3-0-1-----0-------2------
15-0-10----0----33-0--2-11
---0-0-----0-0---2---2-1-0
13-0-------012---6-1--1---
-2---------0-2---3---1----
-10----------10-02---10---

Generation 7, Population = 276.
---0-----------2-0-3-2-2-0
--0-2--------013----------
-0-2-2020-----000-0-0-0--1
0-2-3---0------011-----100
-2-3-20-0-------000-0--0--
--2-2-1-0--------013-210--
--0-01-2-000000000---1----
--2---2-1----------100----
--0000-1-00000000000------
------0-0-----------------
------0-0--------00000000-
------0-0-------0------110
------0-0------0-200000-00
-0----0-0-----0-2----013--
-10---0-0----0-1-2020-02-1
2300--0-0---0-1-2--100----
--010-0-0--0-2-2-40-04-1-1
0--1000-0-0-2-2-4-33------
--0-01--0-0-0-0-03-10-0-02
3----3-10-0-0-21-31-31--0-
--0-0--0--0-0-000-03-20000
2----210--0-00-04--12--12-
--0--1----0-010---0-0---01
2--100----01-32-1---01---0
---0------010-----00020---
0-10-------00-1-1-2-0-10--

Generation 8, Population = 176.
-------------0-3----------
------000---0124-1143523--
-----3---0-------0-------2
-----0---0--------0-------
-----3---0---------1-----0
--303-201-00000001241---0-
-0---2---1-------------0--
-0---0---0------------0---
-0---1---1-----------0----
--000-101-0000000---00000-
-----0---0-------1-----1--
-----0---0-------0----0---
-0---0---0-------3---1----
01---0---0-------0--0-----
-2---0---0-------3-3------
34---0---0-------00-------
-----0---0-------5--------
-10--1----1030305---03263-
-1-0-2---------0-----1---3
-4--14--------3-------0--0
-3---1---0---0---0-----1-1
-5------00--1----31-----31
-2-----0-0-0-----2-0------
-3----0--01------6--1----1
-----0---0-------3---3---0
--2-0-------------3011-10-

Generation 9, Population = 276.
------000----10400030202--
------1-1--012---------421
----04-2-10-0000010101010-
----3-0-0-0---------------
--03-4-1-1-000000002------
--4-4-3-2-1--------522----
01-0-3-2-2-0000000000-----
0-2-1-2-1-0---------------
01-0-2-1-2-000000----1000-
--1-1-2-2-1-----1--011-110
--00-1-0-1-00000-20-0002--
-0--0-0-0-0-----0-0-------
-10-0-0-0-0-----0-0-------
120-0-0-0-0-----2-0-------
0-0-0-0-0-0-----0-0-------
4-0-0-0-0-0-----211-------
0-0-0-0-01-00202-6--04010-
0-1-0-0---2----16--314--4-
0-0-0-0---000001-----201-4
3-1-250--0-------3------0-
0-0--20--10-----01------0-
2-1--2--110-----442-----4-
0-0-----0-0-----0-0-----0-
241-----012-----1-1-----02
-20-----01------04-00400-1
-1-------0--------4----21-

Generation 10, Population = 222.
-----1---0-0-------------0
----2-2-2--1232-------2532
---2-5---2-0-1---------2--
--2-4-----1---------00010-
-2-4-------1---------0----
1-5--------0------26331---
-2---------1-------1------
-----------0-----00100000-
-2---------1-----0-0---1--
0-2--------0---02--122-221
---1-------1---1-3-0-1---0
010-1010101-000-10-00001--
-2---------0---0---0------
-31--------0---0---0------
-2---------0---1-3-3------
---------01-001--2-100011-
---------2-1-----7---5---1
-------00-30--327-3425265-
-----2-0---------3-1---2--
-----61101000031-41--10-1-
---0-3-0-2-0---0-2-----1-1
---003-0-210---055-1---1-1
-2-0-1-0---0---0-2-0---1--
-521---012-1---1-62-111---
-3-0---0-2-----1-5-1-----2
02-------10-----1---11--2-

Generation 11, Population = 272.
-----------1-10-------02-1
---------002-434-----536--
----------0102------010-02
-----------0-0-----111-210
-----------20-----020-000-
----------1-0----137-420--
----------0-0----00-0--00-
----------0-0---0------110
----------0-0--0-10-0---00
-0--------1-0-0-3002------
-00--10001-2-0-2-4-------1
12102-----2-1-1-2--1-1-210
--0-000000-1-0-1-30--101--
1420------0-0-0-200-0-----
03-------0-1-0-2-4---0020-
-4------0-2-1-2-2----1--2-
-------0-3-2-2-2-8--0-0-0-
-----10-104-304-8-45-6-76-
----030-00--00---4-2--030-
---127---2-1-----52-321---
--010-0-0----0--0--3-2-202
-511-4-----11-01-6-22-2--2
030-02------0-0-0-01-2-201
26-20001---21-2--73-2-2--2
--010-010--1--02060-0-0---
1-20---00-10--------2212--

Generation 12, Population = 166.
---------0-2--------------
--------211325451---------
-------------3-0----------
-------------10-----------
--------------------------
---------020-0--0----5310-
---------2---0-----1---1--
---------0---0---0----0---
-2-------2---0-----0-1----
01---0202-2010--4-13----2-
-1---2---2-------5---1-2-2
23---0---0-------0---20---
-2-------1---------------0
-531-00000------3----0--2-
-4-0-------------5-------1
-50--------------2---20--0
-1---0---4---3---------1-1
-------0--50--52--5-2---72
---------1-------5-3-2-4-4
------1-03--------3-43-1-0
-----------------2-4-3-3--
-----5--1-12-0-2--233--14-
-----3-0---0---0-------3-2
-----11---2-----1-41313--3
-----0---2---2---7---4---2
----------2-0-101240--232-

Generation 13, Population = 262.
---------103-1040---------
-------032-4-6-621--------
--------0201---1----------
------------0-1-----------
---------102--0-0----0000-
--------2--1-100-1-736-210
--------0--10-0-000-0102--
-0------1-0-0-0-0-0-------
-30--201-3-1--0-01-1----0-
122-1---3-3---00-02-2-----
0-0-0--0-3-200---6-0020-0-
341-211-1-2-----210-0-1---
---0--00--0-----03----0---
16---1----0----0----0-13-1
0--1000000-------60---0--2
461--0---0---0--231-031-2-
02--0-000--20--2-80-05--0-
-1---10-10613-638--5---783
------00-2-0--010----3-50-
-----7--1-0------5--54---1
-----30--200-0-00--5-4---2
----061---2----35-344-225-
----0-0---010101-----2-403
----022------3---75--24-0-
----01--0-0----2080--500-3
-----0-------12--3-12-3-3-

Generation 14, Population = 238.
-------0-------5----------
------2143---747321-------
---------3---3-2-1--------
--------0--0--2-1----1021-
---------2-----0---2---1--
-------03---02-1-23847-321
-2-----2-2---0-0-1-1-2---0
01---02-20--1-----1-00011-
-4-0-3-2-----0-0-------1-0
-33-2-20---01--1413-3-0---
-----------3-1-2---1-----2
---0-----03-10-0--1112-21-
-----0-1-1-1---------1---0
-73--20-0-10--0---00--24-2
-4-2---------0-2---3-----3
572-010-0120--2-3-2--4--3-
-3-1-----4-----3---0------
-21--21--1------------2--4
-1---3-1-3-1-0-2---3-4---4
----281---11-03-0-3-6511-2
-----4-0-3-1-------6-5-3-3
---1-720---21--4--455-33-2
---0---0-0---2---2-1-3---4
---213-11--2-4-----133--13
---1-2-1---1---3-------1--
-----10-0-2-023--4423243--

Generation 15, Population = 296.
-------1-1---1-6-00-------
-----032--1-2----324------
------02040104-3-2---1020-
-------0-01-0------112-320
-------10-0200-1-0-3----00
-0----3-40-11-------------
-30--3-3-30-01-1-2-2----01
12201-3-3-00-0-----111-220
--0-04-3-3-10--1-1---1020-
1-40-03-3-3-2002--43------
-1010-00-3-4-2---6020202--
--1-21-01-4-2--12122---320
-200010-02-2-001-----2---1
1-4-0-10-02-0----01-0-35--
---------0--0-----040002-4
6-3-1-1-12-11------10-11--
-----------2--------050-01
032-0-2-1-61-0---------785
02-------402-10-----05050-
-4-13-21-322--41----7-----
---1---1--0--0000-07-6----
--12---11-2-2-0-5-5-6-4---
--0-----0-0--3010-0--4-4--
--23---22-23-521-75---4-2-
--020-020--2----080----2-3
---00-10---01-4-15------3-

Generation 16, Population = 148.
-----1-2------------------
----2143-32437--343535363-
---------5---5---3-----3--
----------2--1----0---0---
-2---------3-1-----4-0----
11----------22------------
-4-----------------3-2----
23-----------10---1---0---
-------------0-2-------3--
-35----------1--41------2-
-2-2---------3-----------2
-4--3--------0---23-------
-3---2-------1-----0-----2
-75112-101301-0031-01---2-
-------0-----0-----5---3--
--------2----0------1-2---
-3-------4---3------------
-43------1-2-1--------2---
-3-0---1---3-------3---6--
-5--4-3-----005---3-85111-
-3-----------1-1---8------
-5--0-2------------5------
-3-0---0-------2-2-1------
-63-----3-----3---61------
-3-------2---2-----1------
----------2-2-------------

Generation 17, Population = 204.
-----203010301--000302020-
---032--------4745-----742
----05020601--0--4010104--
-0----------0-2-----------
-30---------0-0-----------
225---------3-0-----------
0-0---------0-0-----------
3-2---------1-1--0--------
0-0---------0-0--10-------
1-6---------2-0-524-------
0-0---------0-0-0-0-------
3-1---------2-1-234-------
0--003010202-2-10--1------
1-----------2-1--2-120----
-40200010001-1-206060-----
-7----------1-2-----------
04-------5020-0-----0-----
054----012-3-26----5-6----
0-0-----0404--0------507--
3-1---------116--5--9--222
0-0----------20-0--9-6030-
2-1----------0---65-6-----
0-0---------------0-0-----
274---------------723-----
04-----------------20-----
-2-----------------2------

Generation 18, Population = 196.
---0---------2---1-----3--
--01434-----3---563---3853
-0---6-----2-5-----------2
01--4000002-1--0-1011203--
-4-4-------3---1----------
-360-------1---1----------
-4-0-------1---1-2--------
---0-------0---001--------
---0-------1---2-2-1------
---0-------0-----353------
---2-------4-------2------
--2-3110104-30213---------
-3-1-------3---2-3-2-2----
2-5--------0---03312313---
-----------2---3-7-7------
---011102--1203-3321------
-5-----0---3-3-3----------
16-1--2123--3373--5-27-7--
-3-0-----5---1-2-5-3-----4
---1----132-2271--3--51333
---1---------3---2---7-4--
---2--------21---7-57-435-
-3-0---------3-----1-4----
38-3-------------7-343----
-5-----------------3-5----
-32---------------43------

Generation 19, Population = 284.
---1-20-------0--2-----4-1
--12-453-----7-76745-549--
-1-20-0206----030--101---3
122-51----3---21-2-----420
--05-40102-4--0-00040001--
24-14-----2-3-0-02--------
050-0-----0-0-0-030-------
-32-1-----0-1-11-211------
--0-0-----0-0-030-020-----
--6-2-----3-2--25--43-----
---3-20003-5-30206-30-----
----4-----5-4--24----2----
-----30102-4-2---40303----
-7--------3-2-11-----245--
0-0200010-0--1-4-----00---
-731---13222-14-44--1-----
-60-000-0504---4-8-005-1--
27-20232--6-4--48--538--85
-4--0-010---0---------0--5
-51-4--1243-3---05--9--4--
--0-0---030-0--103-9-8--03
-51-0------2320-58--8-5462
-4--0--------40---0--5-40-
49-41--------5--1--4-44---
---2-------------8--060---
1-30-------------55-32----

Generation 20, Population = 192.
---2-------------3-3-2-5--
--234----3--3---78--3---5-
-2-----3-7-------4-------4
23----0--0---13--3--------
-4-------3---1-1---------0
------304-314---13384733--
---0-3---3-----1----------
--3--0---0----2-----------
-----4---3-------2---1----
-3703-303-403-036--542----
-----3---4---4---7--------
-----1---0---0---34-131---
-3---4---3-------5---4-1--
---11-----40--2-3312-3562-
---3---2-0---2-5-7--------
----1-1--3----5-5-2-2421--
-7---1---6---3-5-9-------1
3843-3--2-73537-9-5-4---9-
-----3-----4-1-2-5-3-----6
3----8---5---2----3-------
-3---4---4-1---2-4-----4--
2----7--12-343-4------65--
-----3-----1-5-2-----6----
5----3------16-1----45--2-
-5-----------2---9-----2--
--4-0-----------1-6-------

*** bchean #6, FredkinCell, 15x11 ***
Generation 0, Population = 54.
00000000000
-----------
----000----
---0---0---
---0---0---
---0---0---
-000000000-
-0-------0-
-000000000-
-----------
--0--------
-0-0-------
0---0000000
-0-0-------
--0--------

Generation 1, Population = 60.
1---------1
0000---0000
----1-1----
--01-0-10--
--0-0-0-0--
-0---0---0-
0--1---1--0
0-0-----0-0
0---------0
-0-0000000-
-----------
--0--000000
-0-01-----1
--0--000000
-----------

Generation 2, Population = 59.
2-00---00-2
---1---1---
00-0-0-0-00
-0-2---2-0-
--10---01--
---0---0---
1---000---1
-----------
1-000000--1
---1-----1-
-0000-----0
-----1-----
0--120---0-
-----1-----
--0--000000

Generation 3, Population = 78.
--1-0-0-1--
-0--000--0-
1---------1
-10-000-01-
--210-012--
0--1-0-1--0
-0--1-1--0-
--00---0---
--11---10--
000-00000-0
01-11------
000-020--00
-002-10-0-1
0-00---00-0
-0-00-----1

Generation 4, Population = 59.
----101----
---1---1---
-00-----00-
-2-2---2-2-
0--2---2--0
---2---2---
---1-0-10--
-------1-0-
1-2--0-2-01
-1-----1---
12-220-000-
-----3-0-1-
0---2--010-
---1-1-1---
--0-10-0002

Generation 5, Population = 71.
----2-2----
-0---0---0-
1-10---01-1
-3030-0303-
--2-0-0-2--
0-0-000---0
--02---21--
0-00--0-01-
-0-10-----2
02-10-0---0
2--3---1--0
-0-004----0
-0---101--1
0----2--0-0
-0-02-----3

Generation 6, Population = 63.
-0-0-0-0-0-
---1---1---
-----0-----
-4-4---4-4-
0--2-0-23-0
---2-----0-
-01--013--1
-0-1-0-1-2-
1122-0--0-3
---2-----1-
320-20--00-
-1-------1-
-102-2-2-0-
-0-1-3-----
---13---004

Generation 7, Population = 85.
2--1---1--2
-0020-0200-
-0--1-1--0-
---50-050--
--2-----4--
00-30-0---0
1-221---10-
---2--020-0
22-3-10----
--03----02-
43133101110
--000--0--0
02---3---11
010-04010-0
-00-4--01-5

Generation 8, Population = 57.
---2---2---
---3---3---
11-0---0111
-4-6-------
0--2----500
-1-----2---
203--0---11
-0-------2-
332--2---03
-2-4-------
5---4--222-
-1-1-4-1-1-
--0224---22
-----5-2-0-
----5-----6

Generation 9, Population = 81.
--132-231--
000-0-0--00
2---1-1---2
05--0--5---
-0230---6-1
02-3-00----
3-421-131-2
0-0-----0-0
4-3-0-0-0-4
030--0-10-0
-3-3--0---0
--02-5-20--
--13-50-133
--0106---10
---1---0---

Generation 10, Population = 52.
2-------2-2
---3-----1-
-110--2---3
-----0-----
01-4--0----
-----1-----
-0-320----3
-----------
-3---2-2---
-4-----2---
-4-441-2-21
---3-6-3---
-2242612-4-
-1-----2---
---2-00-106

Generation 11, Population = 74.
-0-3---3-0-
00-40-0---0
22--1--0---
0-0-0-0---0
12--00-2---
0----2----0
3--4--1--1-
---20--2--0
443-0--30--
0-040-0-020
55-------32
------0-0-0
0--5-7-3--3
02--0-03--0
-00--1102-7

Generation 12, Population = 54.
-1-4-------
-1-----3---
3----02-1--
-----0-5-4-
23-4--0-6--
---3-3-2---
4045----1-3
-0---0-3---
-----2-----
-------2-3-
-6-44---2-3
-1-3---3-1-
1-2-2--4-4-
-------4-1-
--12-2213-8

Generation 13, Population = 74.
22--2--3---
-204-0-----
----1-3----
-5-601----0
34-500-----
------0-0-0
51--2--3---
-1-201----0
-4--030--0-
-4-4000-0--
57--51-2---
-2040-0402-
-2-5-71---3
0--106--02-
-023-3-240-

Generation 14, Population = 52.
3-----2-2--
---5---3---
--102--0--3
-6-------4-
4---1---6--
---3---2---
6-4-3------
---3---3---
4-331--3---
---5---2---
68-46--323-
-3-5---5-3-
-32------4-
-2-2-7-----
-1--54-35-8

Generation 15, Population = 74.
-2-4-0-3-0-
0--6---4--0
--2130311--
---6---5---
-----0-----
----0-0----
-----0-----
--040-040--
--4-230-0--
-4--0-0--3-
7--57104--3
--06--060-0
1435-7-4153
0-0-0804020
022-6--46--

Generation 16, Population = 43.
---5---4---
-----------
323-----213
---7---6---
---5---2---
---3---2---
--453-131--
-1-------2-
--533-131--
-----------
----8-----4
---7-6---3-
----28-5-64
---2-9---3-
----7-----8

Generation 17, Population = 67.
--1-2-2-2--
0206---4010
4-4-----3-4
06-80-07-40
--2-1-0-6--
-----------
--564-242--
0-0-----0-0
--6-4-2-2--
--05--020-0
-----------
--0--706040
---539---75
--0--+04040
-----------

Generation 18, Population = 62.
3-25---43-2
---7---5---
--513-314--
-7-9---8-5-
4--52-12--1
---3---2---
61--5-3--13
-----------
44-3--33-0-
-4-6-0-----
---5-1---3-
-3-------5-
--36-+1-186
-2-------5-
--2--424608

Generation 19, Population = 76.
--3-2-2-4--
0-0-----0-0
--6-4-4-5--
--0-0-0-0--
--263-236--
-2040-0300-
725-----224
---40--4--0
5--44-44--4
-5---1-2---
--16-20-244
0-----0----
-447-+2-2-7
0-02---40-0
---375---19

Generation 20, Population = 70.
324-----502
---7---5---
42--5-5--14
-7-9---8-5-
--374-347--
---5---4---
83-6--34-3-
-1---1-5---
--6--355205
-----2-3-3-
7-27---43-5
-----7-6-5-
155--+-53-8
-2-3---5-5-
0----624-2-

*** bchean #7, Cell, 24x14 ***
Generation 0, Population = 95.
-**-----------
-**------.....
-**------.000.
-**------.000.
-**------.000.
-**------.000.
-**------.000.
-**------.000.
-**------.000.
-**------.000.
-**------.000.
-**------.....
--------------
.--00000------
.--0---0------
.--0-0-0------
.--0-0-0------
.--0---0------
.--00000------
.-------------
.-------******
.-------******
.-------******
.-------******

Generation 1, Population = 100.
0**0----------
0..0-----..*..
0..0-----.-1-.
0..0-----*1-1*
0..0-----*1-1*
0..0-----*1-1*
0..0-----*1-1*
0..0-----*1-1*
0..0-----*1-1*
0..0-----*1-1*
0..0-----.-1-.
0**0-----..*..
-0000000------
.-0-----0-----
.-0-----0-----
.-0--1--0-----
.-0--1--0-----
.-0-----0-----
.-0-----0-----
.--00000000000
.------0*....*
.------0......
.------0......
.------0*....*

Generation 2, Population = 113.
-**-0------0--
-..-0----.....
-**-0----.-*-.
-**-0---0*-0-*
-**-0---0.*-*.
-**-0---0.*-*.
-**-0---0.*-*.
-**-0---0.*-*.
-**-0---0.*-*.
-**-0---0*-0-*
-..-0----.-*-.
-..1-000-.....
---1---1---0--
.---000-10----
.0-0-0-0-0----
.0-00*00-0----
.0-00*00-0----
.0-0-0-0-0----
.01-000---0000
.--1---1------
.--000-1..**.*
.-----0-......
.-----0-......
.-----0-*.....

Generation 3, Population = 137.
0..-10----0-0-
-..0-0---.....
0**--0--0.0.0.
0..--0-0-*111.
0..--0-0-.*0**
0..--0-0-.*-**
0..--0-0-.*-**
0..--0-0-.*-**
0..--0-0-.*0**
0**--0-0-*111.
-.*-1-000.0.0.
-..*01--0.....
--0*--0*-00-0-
.0-0111-*-00--
.1-1---10-0---
*--11.11--0---
*--11.11--0---
*-01---1-1-000
.-*-1110--1--1
.0-*0--*0---0-
.-0--10*......
.--00-1-......
.----0-0......
.----01-......

Generation 4, Population = 122.
-..-*-0--0---0
-.*-0-0-0*....
-**-0-0--.1.1.
-..-0--10.-**.
-*.-0---0..1..
-*.-0---0**0..
-*.-0---0**-..
-*.-0---0**0..
-..-0---0..1..
-.*0-10-0.-**.
0.*0*-11-.1.1.
-...1*001.*...
--1.00-.-1-0-0
.101----.011--
**--000-------
*-0*-.-*-0-0--
*0-*-.-*0-1-00
.---000----1--
.-.----1----0*
.--.-00.1000--
.--00*1.*.....
.--11-*0......
.--0-1--......
.---0-*-......

Generation 5, Population = 136.
-..0.-10-10-0-
-**-----1**...
0**---1--.-.*.
-**0-0-*-*-.*.
0..0-0---..-..
0**0-0-01..-..
0**0-0-01..0..
0..0-0-01..-..
-.*-1-00-..-..
0**--*-01*-.*.
-**1.-*-0.*.*.
0**.*.11*.*.*.
--*.---*-*-1--
*-1*1-1-.---00
*.011-1---0---
.-1*-*-*0-0--0
*10*-*-*10--11
.0--1-110---0-
.-.-1-1--0101.
.--.---.---1-0
.-0-1.*.*.*...
.-0*--.1......
.-01--00......
.----0.0......

Generation 6, Population = 132.
-.*-.0*10----0
-..-----*.*...
1..-----0.1*..
0..--10.-.1...
1..---0-0..-..
1..1-----..0..
1..1---1**.-..
1..10101-..0..
-.*0--110*.-..
1..--*--**-*..
0..**-.--.*.**
1....*-*..*.*.
--..--0.0*0-00
.-*.--*-.01-11
..1--0*-00100-
*-*.1*1.-010-1
**1.1*1.-1-0--
*1--*0-*-10---
.0.0*-*--1-1-*
.-0*---*100*0-
.010-..*......
.01.--.**.....
.0--0-11*.....
.-000-.1......

Generation 7, Population = 139.
-..0.1*--10-0-
0..--00-*.**..
*..--0101.**..
-*.-0*-.-.**..
-*.0--1--..1..
-*.*0-00-*.-..
-**--0--*.*-..
**.*--1*1.*-..
-**--0-*1*.-..
***--*--..1**.
-*..*0*10.*.**
*...**1**.*...
0-..--1.1.1-1-
.1..--*0.1*1*-
..-1--.-1--1-0
*0*.-.*.-1*10-
..-.*.-*1--111
.*--.--*-*11-0
*1.-.1*1---*1.
.0-.---*-1-*1-
.---1.*...**..
*1-.1-........
.10-1-*-......
.-1--0***.....

Generation 8, Population = 151.
0..-*-*1-*-0-0
1..00110*...*.
**.--1*--...*.
-**-1.0.0*..*.
1*.10-*--..*..
1*.*10-11**0..
-..1--01..*0..
*..*01*.*.*0..
0..-111.*..1..
*..0-.--..-.**
0.**.-.*-.*.**
**..*.-...*.**
1-..0--.*.-1*0
.-..-1*1.*.*.-
*.--1-*--01---
.-**1...0*.--1
*.1...-**11**-
**0-.0-.0*-*-1
***-.*.*0--.-*
*10.000*--0.-0
*--0**....***.
*--.-0........
*---*1*-......
.-*0-1**......

Generation 9, Population = 135.
1..-*1.-0.--0-
-..11*-1*..***
*..00-.--*.***
0..0*.-.1..**.
-..-10*--..**.
-*..*1---*.1*.
-*.-00--...1*.
...*1*..*..1*.
-*.0-*-..***..
*.*1-*00..1..*
-.***-..0.....
*.*.*.-..**...
*-..1-1***--.-
.-..1***.*.*.1
..1-*0*--1*--0
.0*.-*..-..1--
*.-.*.1*.--*.1
..11.11.1.1*0*
...0....--1.1*
.*-.---*-11.-1
*--1......***.
*1-*1-.....*..
.10-.-.-......
.0.10-.*......

Generation 10, Population = 119.
-..-.-*-1.--1-
-..--.-****...
..*11-.01*....
1..-..0.-.....
1..-*1*00....*
1..*.*--1..*.*
1.*-110-...*.*
...**.*..*.*..
-*.-1.-***....
...*0*-1*.**..
-....-**-.*...
..*.*.1...*...
.0..-0-...-1.0
.-..*.......**
.**-.-.-1-.101
.1*.1..*-..*0-
..-.*.-*.--..*
..*-.*-.-*-.1.
...1*.**0--.-.
..0.--0.-**.1*
*01**....*..*.
*-1**0....***.
.*11.-.1......
.1.*11........

*** bchean #8, Cell, 17x17 ***
Generation 0, Population = 60.
-----------------
-*********-------
-*00000000-------
-*0--------------
-*0-******-------
-*0-*00000-------
-*0-*0-----------
-*0-*0-***-------
-*0-*0-*00-------
-*0-*0-*0--------
-----------------
-----------------
-----------------
-----------------
-----------------
-----------------
-----------------

Generation 1, Population = 57.
-000000000-------
0*.......*0------
0.-111111-0------
0.1--------------
0.1-*....*0------
0.1-.-111-0------
0.1-.1-----------
0.1-.1-*.*0------
0.1-.1-.--0------
0*--*--*---------
-00-00-00--------
-----------------
-----------------
-----------------
-----------------
-----------------
-----------------

Generation 2, Population = 54.
-----------------
-.........-0-----
-.-*----*010-----
-.*--00000-------
-.--...***-0-----
-.-0.-*-*010-----
-.-0.*--00-------
-.-0*--..*-0-----
-.*0**0.--10-----
-.00*00*--0------
--1--1--10-------
-00-00-00--------
-----------------
-----------------
-----------------
-----------------
-----------------

Generation 3, Population = 58.
-----------0-----
-........*-10----
-.-.111-.1--0----
-..-01-1-1-------
-.10.*....010----
-.11*-*1.---0----
-.1-.*-0-1-------
-.-1.10.**010----
-..-..-*----0----
-*11.-1*--1------
----0--0-1-------
01--1--1---------
-00-00-00--------
-----------------
-----------------
-----------------
-----------------

Generation 4, Population = 68.
---------001-----
-....*....---0---
-.-.-**-.-1-10---
-..--*0--*-0-----
-.--...**.1--0---
-***.-.-*01-10---
-.*0..-10*-0-----
-.--*-1..*---0---
-..-**0.-0--10---
0.-*.0**0--00----
0-1-11-----------
1--0--0--0-------
--1--1--10-------
-00-00-00--------
-----------------
-----------------
-----------------

Generation 5, Population = 90.
-----0--01-*00---
-....**..*-1-10--
-.-.1..1.--0*-0--
-..-0*---*-------
-.10..**..*--10--
0*.*.-.1.1-0*-0--
-*.-*.-*1.0------
-.1-*1*..*01-10--
0..-..1.-11---0--
1*-*.1.*1-11-----
----*-0011-00----
*10--0-1-10------
0-*--*----0------
01--1--1---------
-00-00-00--------
-----------------
-----------------

Generation 6, Population = 104.
----01-01--*-----
-...****.*-----0-
-.-.*..-*-1-*010-
-..--*--0.-000---
0**-.***.**--*-0-
1*.**-.-.--1*010-
-*.-*.-**.1000---
0*--*-*...-*-*-0-
1.*0..*.--*0--10-
-*-.*-..------0--
--1-*-1-*---10---
*--0-10*0---0----
--*0-*0---10-----
--00*00*--0------
--1--1--10-------
-00-00-00--------
-----------------

Generation 7, Population = 122.
---0--0-*-0.0--0-
-..*.....*-101-10
-.-.*..-*1-0.1--0
0*.--*--1.0111---
-.*-.******10.010
-..**-.-.11-.---0
0..-*.-*..*-11---
-.--*-*..*0.0*010
*.*1*...-1*-1---0
-*1.*1.*1-110-1--
0--0*1*0*1-0-1---
.1011--.-10-1----
00.10.1010-1-----
-111.-1*--1------
----0--0-1-------
01--1--1---------
-00-00-00--------

Generation 8, Population = 86.
--0101--.1-.1-01-
-..**..*..0-1----
0.-.*..1*-1-.-1-1
1*.--*---.--*--0-
0**-.***...*-.1--
1..**-.-.-*-.01-1
-..-*.-.*..----0-
-*1-*-..*.1.1.---
..*-..**--.0----1
1.-..-..---*-0-00
-01-.*.1.--1-----
.---*--.0*1------
11.*-.-1---------
----.0-.-0-------
0-1-11-----------
1--0--0--0-------
--1--1--10-------

Generation 9, Population = 126.
-01*1*00.--**-1*0
0.*...**..1-*1-10
1*-****-*-*0.1-0-
*.*--*--1.0-.10--
1.*-.**....*-.*-0
*.***-*1.1.-.1-0-
0**-**-....-11---
0*--.1..**-*-.-10
..*1...*--*1-0--*
-.-..1.*--1*---1-
-1*0...-*1-*11-00
*-0-*--*1**------
**..-.1---1------
-111.11.0-1------
1--0*------------
*10--0-1-10------
00--0--0*-0------

Generation 10, Population = 126.
-1**-*1-.--**0*.-
1.......***-.-0*-
*.-**..1*-*1.-11-
*.*--.01*.11.---0
-.*-....***.0..1-
*....-.*.-.1.*1--
1..0..-*.**-*-0-0
-.11.**.**1*-*0*-
.****..*--.*--10*
-*-.*-**---.--1*0
-**1*.*1.--.-*--1
*-11.1-**..-10-00
*...0.*----1-----
0---.*-*--*0-----
*01-.10011-------
.*1-1--*0*-0-----
---0--0-*010-----

*** bchean #9, Cell, 27x28 ***
Generation 0, Population = 110.
----------------------------
----------------------------
----------------------------
---------0000000000---------
------000----------000------
----00----------------00----
---000----------------000---
---0--000----------000--0---
---0-----0000000000-----0---
---0--------------------0---
---0--------------------0---
---0--------------------0---
---0--------------------0---
---0--------------------0---
---0--------------------0---
---0--------------------0---
---0--------------------0---
---0--------------------0---
---0-----**********-----0---
---0--***----------***--0---
---0**----------------**0---
----00----------------00----
------000----------000------
---------0000000000---------
----------------------------
----------------------------
----------------------------

Generation 1, Population = 196.
----------------------------
----------------------------
---------0000000000---------
------00-1--------1-00------
----0-1-1-00000000-1-1-0----
-------00----------00-------
--0-1--00----------00--1-0--
--0---1-1-00000000-1-1---0--
--0-0-00-1--------1-00-0-0--
--0-0----0000000000----0-0--
--0-0------------------0-0--
--0-0------------------0-0--
--0-0------------------0-0--
--0-0------------------0-0--
--0-0------------------0-0--
--0-0------------------0-0--
--0-0------------------0-0--
--0-0----0000000000----0-0--
--0-0-00-**********-00-0-0--
--0---***-00000000-***---0--
--0-..-00----------00-..-0--
-------00----------00-------
----0-1-1-00000000-1-1-0----
------00-1--------1-00------
---------0000000000---------
----------------------------
----------------------------

Generation 2, Population = 268.
----------------------------
---------0000000000---------
------000----------000------
----00-10*0------0*01-00----
---0--*-*01------10*-*--0---
--0-----100000000001-----0--
-01--0--100000000001--0--10-
-0-0-0*-*01------10*-*0-0-0-
-0--1--10*0------0*01--1--0-
-0---0000----------0000---0-
-0---0---0000000000---0---0-
-0---0----------------0---0-
-0---0----------------0---0-
-0---0----------------0---0-
-0---0----------------0---0-
-0---0----------------0---0-
-0---0---0000000000---0---0-
-0---0000-11111111-0000---0-
-0--1---0..........0---1--0-
-0-000...0-111111-0...000-0-
-010..-11000000000011-..010-
--0-0---100000000001---0-0--
---0--*-*01------10*-*--0---
----00-10*0------0*01-00----
------000----------000------
---------0000000000---------
----------------------------

Generation 3, Population = 324.
---------0000000000---------
------00-1--------1-00------
----0-11-0-000000-0-11-0----
----11---.-0----0-.---11----
------*0.-*-0000-*-.0*------
--1--000*--111111--*000--1--
0---11-0*--111111--*0-11---0
0-0-0-*0.-*-0000-*-.0*-0-0-0
0-0--00--.-0----0-.--00--0-0
0-0----1-0-000000-0-1----0-0
0-0-0--0-1--------1-0--0-0-0
0-0-0-0--0000000000--0-0-0-0
0-0-0-0--------------0-0-0-0
0-0-0-0--------------0-0-0-0
0-0-0-0--------------0-0-0-0
0-0-0-0--0000000000--0-0-0-0
0-0-0--0-1111111111-0--0-0-0
0-0------0-******-0------0-0
0-0-*00-1..........1-00*-0-0
0-0-11.*.10-****-01.*.11-0-0
0-*-.*0**-1------1-**0*.-*-0
--1--00-*--111111--*-00--1--
----0-*0.-*-0000-*-.0*-0----
----11---.-0----0-.---11----
----0-11-0-000000-0-11-0----
------00-1--------1-00------
---------0000000000---------

Generation 4, Population = 254.
------000----------000------
----00----------------00----
---010---1--------1---010---
---0-*0--.-10--01-.--0*-0---
--0-00.-*0*--11--*0*-.00-0--
00-0--1-.0--------0.-1--0-00
10-0---1.0--------0.1---0-01
--1-1-.-*0*--11--*0*-.-1-1--
---0-1-1-.-10--01-.-1-1-0---
---000-*-1--------1-*-000---
----10-1------------1-01----
------1-0----------0-1------
-------0-0000000000-0-------
-------0------------0-------
-------0-0000000000-0-------
------1-0-11111111-0-1------
----10---**------**---01----
---0-000-11......11-000-0---
----*110-..........-011*----
-----*...*--.**.--*...*-----
1-*0..1..0*------*0..1..0*-1
00*0--1-*00******00*-1--0*00
--001-.1.0*--11--*0.1.-100--
---0**0--.-10--01-.--0**0---
---010---1--------1---010---
----00----------------00----
------000----------000------

Generation 5, Population = 258.
----0-1-10--------01-1-0----
-------001--------100-------
--0-*1--0-000--000-0--1*-0--
---1-.110.-*1--1*-.011.-1---
0---1-.0*1*--**--*1*0.-1---0
--11----.----11----.----11--
--11----.----11----.----11--
0-----*0.1*--**--*1.0*-----0
---1-*-*-.-*1--1*-.-*-*-1---
--0-11-*--000--000--*-11-0--
------0*-1--------1-*0------
----0-----00000000-----0----
-------101--------101-------
------0-0----------0-0------
-------10111111111101-------
----0--0--********--0--0----
----*-00-..-1111-..-00-*----
--0--11----......----11--0--
----.-*-1**......**1-*-.----
0-00-..***--....--***..-00-0
*0.-****.1.-0--0-.1.****-.0*
--.1-0*0.--.*..*.--.0*0-1.--
0-----.-.-.00--00.-.-.-----0
---1..1--*-*1--1*-*--1..1---
--0--1--0-000--000-0--1--0--
-------001--------100-------
----0-1-10--------01-1-0----

Generation 6, Population = 332.
---0---0--0------0--0---0---
--0--0-1---00--00---1-0--0--
-0-0**-1-111-00-111-1-**0-0-
0---1.**1.0.----.0.1**.1---0
-000-0*-.-*--..--*-.-*0-000-
00-----0*00-1**1-00*0-----00
10--1-01.00-1**1-00.10-1--01
-01---*-***--..--***-*---10-
0---1*0*0*0.----.0*0*0*1---0
-0-0*-0*0-11-00-11-0*0-*0-0-
--0---1*--0--00--0--*1---0--
---0-01-001------100-10-0---
----0--*1*-000000-*1*--0----
-----0---0000000000---0-----
----0---1-********-1---0----
---010----........----010---
--00*0--0..--**--..0--0*00--
-0-0-**-011..**..110-**-0-0-
0--0.-*0-.*......*.-0*-.0--0
1011-.....--....--.....-1101
*1.0.....*.010010.*.....0.1*
-0.-0-.-*0-.****.-0*-.-0-.0-
-0---0.1.0*-1111-*0.1.0---0-
0---..-1-*0.*00*.0*-1-..---0
-0--1---1-11-00-11-1---1--0-
--0-00-1---00--00---1-00-0--
---0---0--0------0--0---0---

Generation 7, Population = 298.
----001110--0--0--011100----
---0-1--010-1--1-010--1-0---
--01..1-0**-0110-**0-1..10--
-001*...*.-.-00-.-.*...*100-
0--111.0.-*00**00*-.0.111--0
-1-1001-.11--..--11.-1001-1-
-1-1----.11--..--11.----1-1-
0-*0--.-...00**00...-.--0*-0
-00--.-.-.1.-00-.1.-.-.--00-
--01*11.-1**----**1-.11*10--
---01-*.0---0--0---0.*-10---
----01---1--0--0--1---10----
-----0-**.--1111--.**-0-----
----0-000-1------1-000-0----
----10-1-1........1-1-01----
------1---.*....*.---1------
--1-.1-01..-1**1-..10-1.-1--
--0-0..0---..**..---0..0-0--
10--.-*1-.*......*.-1*-.--01
*1-*1.....01****10.....1*-1*
.*.1*...***1*11*1***...*1.*.
--.---.-.1-......-1.-.---.--
-10---**.1.-*--*-.1.**---01-
-0--..1*0.1..--..1.0*1..--0-
---0*--1-1--------1-1--*0---
---0-1-*--0-1--1-0--*-1-0---
-----01110--0--0--01110-----

Generation 8, Population = 324.
----11--*--010010--*--11----
---10*0-1----------1-0*01---
---*.*--1.*--**--*.1--*.*---
-11-..*.*.-.1111.-.*.*..-11-
-0-*--.-*-*--..--*-*-.--*-0-
-*-*11*-*-*-1**1-*-*-*11*-*-
-*1--10-.---1**1---.-01--1*-
--.-1-.-.*.1-..-1.*.-.-1-.--
-1111*0.-**.----.**-.0*1111-
---*.--*-***-00-***-*--.*---
----*-**-10-1001-01-**-*----
-------00-10----01-00-------
----010...00----00...010----
---01-1--0-000000-0--1-10---
---0-1-*1-*......*-1*-1-0---
--0-10-000..****..000-01-0--
-0*0.-0-*..-*..*-..*-0-.0*0-
0-1--*.---1.*..*.1---.*--1-0
---0*1*-1.*......*.1-*1*0---
.*-*-*.**.1*....*1.**.*-*-*.
**.-*...*..*.**.*..*...*-.**
--.10-.0.--......--.0.-01.--
0-10-0*..**0.11.0**..*0-01-0
01-1.*-.1.-..--..-.1.-*.1-10
-00-*---1-1-0--0-1-1---*-00-
--010*0.-1--*00*--1-.0*010--
---00--*-1-010010-1-*--00---

Generation 9, Population = 322.
-------1.001----100.1-------
--0-1.1--1001--1001--1.1-0--
-0-*..11-..1-..-1..-11..*-0-
0-*1*...*.-******-.*...*1*-0
0-0*-1*0*-.0-..-0.-*0*1-*0-0
0*1*-**-.-.--..--.-.-**-*1*0
1**-1--1.11--..--11.1--1-**1
--.-*0.-.*.--**--.*.-.0*-.--
0*-***1.0...-00-...0.1***-*0
-0-..11*-...0--0...-*11..-0-
----.-*.0-1-*11*-1-0.*-.----
-----11-11*--00--*11-11-----
-------.*.-1-11-1-.*.-------
--0---*--------------*---0--
---1-*0.--*......*--.0*-1---
--1-*-1--1.******.1--1-*-1--
-1.1.1-0*..1*..*1..*0-1.1.1-
-0*0-..--1*......*1--..-0*0-
10--.-.1*.*......*.*1.-.--01
**-*-...*.-**..**-.*...-*-**
**.1.**.*****..*****.**.1.**
-0.---*-*10*....*01*-*---.0-
11*11-*****1.**.1*****-11*11
---*.*-**.-.*00*.-.**-*.*---
----.111*1--1--1--1*111.----
---*-.1*-*--.11.--*-*1.-*---
-------.-*-1*11*1-*-.-------

Generation 10, Population = 286.
--0-1---*-1------1-*---1-0--
---1-**11-1-*00*-1-11**-1---
---...-*-*.-0..0-.*-*-...---
11.-....*.0*.**.*0.*....-.11
-01.1-.-*1.1-**-1.1*-.-1.10-
1.-.1..0.1*1-..-1*1.0..1.-.1
-..1*1--*-*1-..-1*-*--1*1..-
--.-.-.0.**-0**0-**.0.-.-.--
1*-*..-.-...----...-.-..*-*1
-10..--.0*.*1001*.*0.--..01-
-0--.0..11*-****-*11..0.--0-
----0*--*-*--11--*-*--*0----
--0--1-.*.--------.*.-1--0--
-0----*00-10-00-01-00*----0-
--0-1.1*--********--*1.1-0--
----.-*---...**...---*-.----
0*.*.-01*..-....-..*10-.*.*0
-1.-0.*-0**......**0-*.0-.1-
-1--.-.**.*......*.**.-.--1-
..-.1.*...1.*..*.1...*.1.-..
...****..............****...
0-.-0-.0.--..**..--.0.-0-.-0
**.**0.....-....-.....0**.**
01-*..-...1..11..1...-..*-10
----.-*-.-11*00*11-.-*-.----
--0.0*-.0*00.--.00*0.-*0.0--
---0--1.1.-******-.1.1--0---

*** bchean #10, Cell, 23x14 ***
Generation 0, Population = 62.
--------------
--*-------*---
-*0*-----*0*--
--*-------*---
------*-------
-----*0*------
------*-------
--*-------*---
-*0*-----*0*--
--*-------*---
--------------
-************-
--------------
--*-------*---
-*0*-----*0*--
--*-------*---
------*-------
-----*0*------
------*-------
--*-------*---
-*0*-----*0*--
--*-------*---
--------------

Generation 1, Population = 108.
--0-------0---
--*-------*---
0*-*0---0*-*0-
--*---0---*---
--0---*---0---
----0*-*0-----
--0---*---0---
--*---0---*---
0*-*0---0*-*0-
--*-------*---
-0-0000000-00-
0.**********.0
-0-0000000-00-
--*-------*---
0*-*0---0*-*0-
--*---0---*---
--0---*---0---
----0*-*0-----
--0---*---0---
--*---0---*---
0*-*0---0*-*0-
--*-------*---
--0-------0---

Generation 2, Population = 184.
-010-----010--
0-*-0---0-*-0-
1*-*10001*-*10
0-*-00100-*-0-
-0100-*-0010--
---01*-*10----
-0100-*-0010--
0-*-00100-*-0-
1*-*10001*-*10
00.0-000-0.0--
----11111---1-
-............-
----11111---1-
00.0-000-0.0--
1*-*10001*-*10
0-*-00100-*-0-
-0100-*-0010--
---01*-*10----
-0100-*-0010--
0-*-00100-*-0-
1*-*10001*-*10
0-*-0---0-*-0-
-010-----010--

Generation 3, Population = 140.
-1*1-----1*1--
1-.-1-0-1-.-1-
*.-.-111-.-.-1
1-.-11-11-.-1-
-1*11-.-11*1--
--01-.-.-10---
-1*11-.-11*1--
1-.-11-11-.-1-
*.0.*---*.0.*1
--.1-1-1-1.100
00--*****----0
-............-
00--*****----0
--.1-1-1-1.100
*.0.*---*.0.*1
1-.-11-11-.-1-
-1*11-.-11*1--
--01-.-.-10---
-1*11-.-11*1--
1-.-11-11-.-1-
*.-.-111-.-.-1
1-.-1-0-1-.-1-
-1*1-----1*1--

Generation 4, Population = 132.
-***--0--***--
*-*--010--*---
**-.1-*-1.-.1-
*-*---1---*---
-*.*--.--*.*--
-01*1.-.1*10--
-*.*--.--*.*--
*-.-**-**-.-*-
.*-..0-0..-..-
-0*--*0*--**11
110-**.**--0-1
-............-
110-**.**--0-1
-0*--*0*--**11
.*-..0-0..-..-
*-.-**-**-.-*-
-*.*--.--*.*--
-01*1.-.1*10--
-*.*--.--*.*--
*-*---1---*---
**-.1-*-1.-.1-
*-*--010--*---
-***--0--***--

Generation 5, Population = 148.
-***0-1-0***0-
*-.--1-1--*-1-
*.0*-1.1-*-*-1
*-*-11*11-*-1-
-...--.--..*0-
01-.*.-.*.-10-
-*..10.01..*--
*0*-**-**-.-.0
**-..-0-..0..1
-1.1-.-.-1**--
**--**.**0-11*
-............-
**--**.**0-11*
-1.1-.-.-1**--
**-..-0-..0..1
*0*-**-**-.-.0
-*..10.01..*--
01-.*.-.*.-10-
-...--.--..*0-
*-*-11*11-*-1-
*.0*-1.1-*-*-1
*-.--1-1--*-1-
-***0-1-0***0-

Generation 6, Population = 156.
-***10-01**.-0
*-.--*1*-0.-*-
*.-*1-.-1*-.--
.-*0**.**0*-*-
-..*-0*0-**.10
1-1.**-**.1*-0
0...*-.-**.*-0
.-*-*.1.*0.0*1
..-**---*.1***
0-.--*0*--..--
**0-*...*-0--.
-............-
**0-*...*-0--.
0-.--*0*--..--
..-**---*.1***
.-*-*.1.*0.0*1
0...*-.-**.*-0
1-1.**-**.1*-0
-..*-0*0-**.10
.-*0**.**0*-*-
*.-*1-.-1*-.--
*-.--*1*-0.-*-
-***10-01**.-0

Generation 7, Population = 108.
-***--1--**.--
*-.-1.-.--.0.-
.*-.-1.1-.-*--
.0*-.....-.-*-
0*..-1.1-...--
*--...0...-.0-
1...*-*-....0-
.0.0*.-..-.1.*
..-**---*.*..*
1-*10*-*0-*.11
**1-.***.--1-.
-............-
**1-.***.--1-.
1-*10*-*0-*.11
..-**---*.*..*
.0.0*.-..-.1.*
1...*-*-....0-
*--...0...-.0-
0*..-1.1-...--
.0*-.....-.-*-
.*-.-1.1-.-*--
*-.-1.-.--.0.-
-***--1--**.--

Generation 8, Population = 112.
-***-0-01.*.--
*0.--*1.-0.1.-
**-.--.-1.0*--
.1*0.....-.-.0
-.*.1-*-1...--
*--...1*..-.10
**.**-.0...*1-
.-*-..1..-.-.*
.*-..---*.*..*
*1.*1.0.--*.*-
*.--.*.**----.
-............-
*.--.*.**----.
*1.*1.0.--*.*-
.*-..---*.*..*
.-*-..1..-.-.*
**.**-.0...*1-
*--...1*..-.10
-.*.1-*-1...--
.1*0.....-.-.0
**-.--.-1.0*--
*0.--*1.-0.1.-
-***-0-01.*.--

Generation 9, Population = 150.
-**.-111***.--
.1.01**.1-.*.-
..-.-1.1-*1*11
*-.1...*.-.0.-
0.*.--*1-...1-
*-1.*.-.*.-*-1
****.0.1...*-0
*0*-..-*.-.1.*
**-*.--0.*.***
*-*.**-.-1.*.-
**-0****.00-1.
-............-
**-0****.00-1.
*-*.**-.-1.*.-
**-*.--0.*.***
*0*-..-*.-.1.*
****.0.1...*-0
*-1.*.-.*.-*-1
0.*.--*1-...1-
*-.1...*.-.0.-
..-.-1.1-*1*11
.1.01**.1-.*.-
-**.-111***.--

Generation 10, Population = 138.
0***--*-***.--
.*.1-...*0...0
..-*-*.*1*-.-*
.1.-...*.0.1.0
-.*.11*--..*--
*1-.**1.*.1*1*
....*-***.**--
.-.0*.1*.0.-.*
..-**001...*.*
.-....-*0-...1
**11..*.*-11-.
-............-
**11..*.*-11-.
.-....-*0-...1
..-**001...*.*
.-.0*.1*.0.-.*
....*-***.**--
*1-.**1.*.1*1*
-.*.11*--..*--
.1.-...*.0.1.0
..-*-*.*1*-.-*
.*.1-...*0...0
0***--*-***.--
