*** Life<ConwayCell> 109x69 ***
Generation = 0, Population = 3106.
.**..**....**...****.**..*.....*.**...**....*.*..*....*.*.*..*..**.*.**...***.***..**
**.***.**...*****.*......**........****.**.******..**.*.......*....***..**.*.....*...
********...***...*..*...*.*.***.*.....*..***.*.*...*.....*...*...*......*.**..*..**..
*..........*****.****...******..*....*....****...*.*...*.*.***..*.*...**.*...*....**.
***..**.*......**.*....*...*..****.*.*******..**.*...**.**.**.***..*..*......**.*.*.*
***...*..*****.**..***.**.***.**.***....*.******..*....*.*.***..***.**.***.*.*..*....
**...*.**..*.*.**..***.*.*.*.*.**....**..**....****.*..**.***...*.*...*...*.*....***.
..*...*..*...**.....*...*.*****..*.*.******.*....***.*....**.*.*..***.....*.**....*.*
.***.*.*.**.*.*.*..*.**.**.******.*.*.***.*...*.*.***..******..*....**.....***.**.*.*
**...*..**..**.*....*.*..*******.***..*....***.***.**.*.*....**.*..*.**.***.***.....*
.**.*.*..**.....*........*......**..****.****..*.**.*.*...**....*...*.*..**.*.**.****
.*..*..***..*.*..*....**.**.*.*..*.*..*.*.*.****...*****....***.**...**..*******.*.**
*..*...**..**.**....*....*.**.*...*.*.......***.***.****.**.**.***.**.*.*.**.*..*..**
*...*.*....*****.**.*.*..*.*.****..*.*.***.......*...*...**.....*.*****.***..***.*.**
*..**.*..**...**..****..***..**.*****...*...*.......*..*..*....***.**..**....**...**.
.*...*******.*......*****..*.***..*.***.*.*...*.....**.**....*.****..***....*.*.**.*.
...*.**..***.**..*.**....*****.***.***..***.**.*...*....**...*.**.....*.*.**.**.*.*.*
*..*.**...*.**..*.**********..*....*...*.......*..**.**.*.*****..***..****.***.....**
..*.....*..*....**.**.*.**.**....**.**.......*..*.***.*.*******..***.**..*.****..****
*...*****.*.*.*.***.*********.......**..**.*...**.*...**.**.*..**.***....*...*..**..*
.*.**.*.*..*****..*.***..*..**..***..*..**..*.********..*.*.******......*...*..**.**.
.*.........*....**.*..*****..*...*.*...*.*..*...**.*.*.***...***..*.***..*.*.*.*.***.
***.******..****..*..*..*.**.*....*.*..*.*.***.*...*...*.***.*.*...*.*....**.*..*.*..
*.....*....*..****.*..*..***..***....*****.*...*.*.**.*****...*...*..**..*..*..*.***.
*...*****...*..***.*..****..*...**********.***.**.*..***.**.******..*...*....***.*..*
*.****.*.**....*.*...*..***..*.*....*.***..*..****..**.***.*.****..****..**..*....*..
*.*..**.*.*.**.**...*...**......****.*.*...*..*..**....**.*...*..**.*..****...***.***
**...***.*...***..*.*.****...**.*******.**......**..*.*..*.**........*.....**..***..*
***..*****..**.**..*.**...***.**..***.**.**..*..*..***.**.*.*.....**..**..*..***.***.
.*.*******.**..***..**.**..****.**....*.***..***..*.*.*.**.*....*.**.**.**.****..**.*
*.**..**.*.*....****.***...*.****.*.....**.**.*..*..*.....**..*..*.**..*.......***.**
*..***..*..**.*.***.*.....*.*.**....**.....**...*...*.********.*.*.*...*.*..*..***..*
*.***.*****.*.*..**..***...***.**.*.....*....***..*.*....***..**..****..*****.*..**.*
*..**..*..***...********.**.*.**....*....*...*.**.*...**.**.*...*..*.*****.*.*.*.*...
*.****.****.........*..*.*....******.*..**....**.***.......**..****..****.*...*..*.**
.**..***.**.***********.*.*....***..*.*.***..*.*......*..*.......***.****.**..*****..
**..*.........*...***.*..*.*..*.***......****...*****..*.**...**....*...*.*...****.*.
*..**..**.****.*.*.**.********.*.*.*..**.*.....***.*.**.*.*..***...**..**..*...*..*.*
..*.*..*...*..*.**..*...*.****.....*.****.**.****.****..**..**.*.*...*.**.*.*.*.*.*..
***....***...*..****..***..*...*....*.**.......*......*.*.**.*....***.****..*.*.*...*
****....**..**.*.*.**.*....*...*.***.***.***..*.*.*..*....*.****..*.***..*...*.***.*.
***..**..****.........**...**.*.***.*..........**..*..*...*.***.*...*.**..***.*.**...
..*****....**..***.***.***..**....*.*...***.**.**..**.*****.*...*.***..*..**..****...
*.**.*.*...****.****.*.*...*..*..***.*...*.***.*.*.....***.**...**.*....*..**.*.*....
*.*....****..****..***..***.**...***.***.**.*.*....***.*....**.****..***..*.*..***...
..*.**.**..*...*.*****...*.*.**.*..***.*.*...*.*.*...**.*..***....*....*.**.*****.*..
***..*........**....****.*...*..**..********.*.*.*....**..**.*.**.**...****....*.*.*.
...*.*..*.*.***.*.*..*.*.**...*.*.*....****.*...*********.***.*.*..*...*.....*.***..*
**..*.*..*.*.**..*.***..**...***..***...*****..***..**..*.**.*...*.....*.*.**..*.**..
..*******.******.....**.*.*..*..****.**..*.*.*.***.**.*.**...*..*.**.**...*......*.**
**....*...*.*...*..*.*..***..***..******...*...*.*.......****...*.***...*...**..****.
..*.....*.*..*..*..*..*.*.****.*..*.****..****..**...**.*...***.....*.*..**.*...*.*..
...**......*..**.*****.****...*.**.*.*.*.......*.**.***..*****.***.......***........*
*.**..**..**.*......*..**.**...*.****.**.*.....*.*.*..**..***..*.**.***..***.....*...
***..*****.**.*.******.***.........***..******.*****.*****.*..***..**..*****.*...*..*
**.**.*.......**.***...***.**..***.*.*.*******.***..*.**....*..*.****...*..***.*..*..
*..**..**.....**.**.**.*....**....**...*.*..****...*.**...**.**....**.*****..*.***..*
.**.**........*******.**...*....**....*.******.*..*.****...*.****......*.*****.*.*...
.*.....*....*.*..*****..***.*...**..*..*****...**..*****..****...*.*...*...**.**.*.**
.*..*.****.*...*..**.***.*..*..***.*.*..***.*******..**..*....*......**.*....****.**.
**..*.*.***...**....*.***.*...****..***.*.*.**...*.**...***..*.*..*.......****..**..*
.*.*...*..*.*.***..*.*..*.***..*..***.*.***.*...**.******.***.*.**.***..*...***..**.*
..*.*..*..**..*.**.*..**..***..*...*.......*.*******..*.***..*.*.*..****...***.****.*
..***.**...*..**..**...***...**...**....**.****..**..****..**..*.*.**...*..*...*..**.
*.***....*****.*.***.*..**.*.********..**......*.***.****..***..*.....**.**.*...*....
..***.*..*..**.*.*.*.*....*.*.*.**...*....***.*****.*.*..*..*......*..****..****...**
**...**.*...**...*.*.***...*...*...****.***.*......*....**.*****.**.*.*.**.*...*.***.
***....**..*.*****...*...***..*.....**..*..**..*.*..**..**.****...*....****.*....*.**
*****.**.****....*..*..*....*.**...**...**..**....*.*..*..*..***.*....**.***.*.*...*.
.......**..***......*..****.*.*..***..**.*..**...*...**..***.*.**.**.****..********.*
.*...**..*.*.*..*.*..*...**.*..**..*.**.*......**..*.*.**...*..*.*.*.******.*.***..**
**...***..*......**.**..*.***.*..*.*.*****....**.***.*.*...**.*.***.*.*.**..*...*.**.
.****.**.*..*.**.****..**.*.**...***...*.*.*..*.**.**.*.*.*.*.***.*.***.*....**..**.*
*.***.*..*..**....*.*.*..*.**..**.*.*.**...*.*******.*..**.**.**..*..*....*.*..*.*...

*** Life<FredkinCell> 20x20 ***
Generation = 0, Population = 4273.
00-0--0-----00-0--0000-0--0---00----0--0-0---0--00--00-0--0-0000---00-000-0-000-0-0-0-0--00000
--00----00-0-00-00--0---0-00-00--0-0--00000000-0-0--0--00-0--0---00000-000-00000-00-0--00-0--0
---00000-00--0--00----------00--0----0--0-00000--0--0-000-000-0--000-00-0-0-0-00-0---00--00000
--00------00----0000---0--0-000---000000-0---0-00--0---00-0--0-0-000-----0---0--0-----0--00000
--000000-----00-0-000--0000---0-----0--00----0-0000-000000-00000--0000-0000--000-000----0-0000
---000000000---0--00---0--000-000---0-0-000--0--00---000000-0000-0--0-00------0--00----00----0
-0000-00-0-000-0--00-0-000--00-000-----0--0-0-000-00--000-0-0-00--0000-00-00---00-0-0-0----0--
-000-0-0---00-000--00--0000-0----000-000--0--0-0-----0---0-0--00-0-000---00-0-0--000000-----00
000000-0000-0-0-000--00--00-00000-0000-0--0-----00-0-00--0000-00-000-00--00--00-0---0-0-00----
----0000---000-0----0--0000000000-0-0000----0-0000--0000-0----0--0-0---0----0-00-0---0--000-0-
-0000-00---0--0----0--000-----00-00-----00-00-000---0-0-00-00000-0-0-00--0-000000-000-00---000
--0-00------0-0000--00-00------0-000000-000---0-00-0-00000-00000---0-00--0--00--00-0---0---0--
-0---0----0000-0-00----0-00000-0--0000---0-0---0--0000----0-0000---00-0-0-0000-0-000--0--0---0
--000-----0-0--00--0-0---0000000-0-00--0-00-0--0-00-0-00000--0-00-000-0-0000000-0--0--00-0---0
--00---00-0---0--0--000-00--0--0-0-0--0-000--000-00---0-000-0-00000---0---0-------0-000000-00-
-000--0-----0-0----0000---0-0-00000-00--0-0----000000--000-0----0-0---0-0--0-----0-00---0--000
00---0--000--000----000---0---0-0-00-0-0-000-0000-00000--00-0--00------00---0-00-0--000000-00-
-0--000--00-0--0-00000000--0-00--0-0-00---000--00-0--000---0000-0----0-0-0000---00-0---00-0000
----00-0--0-0--0--0----00---0-0------0-000---00----0-00---0--0-000--0--0---0-0-0000-0-0-0000-0
00-0--0-000--00---0000-00-000---00-0-00-00--00-000--0-0--0000-000--0-0-0000-000-0-00-000000-00
00-0-000-000000--00----0000-0---00-000----0--0-------0-00--0--00--00-0--00---0--0-0---0-0-0000
0--00000000000-0---0-00--0-0--000-000---00--0--000-0--0----0--0---0-00-0-00-00---000000-----00
00-0-0---0-0-00000-00-0-0--0---0000-000--0-0000-0-000---0---0-0-0-000--0-----00---0-----00-0--
00-000-00-000-0--0--000----000-------0-00-0-0-0-00--00-00--0--00---000----0-00-00--000--000--0
0-00--00-0----000-00---000-0--0-0000000--0-00000--0-0-0----000--0-0---0-0--0----000---00000-0-
-00-0000-00--00--0--00--00--00000--0-00000--00-0-0-00----00-00--0000-0--0-0-0---000--0000-000-
--0---0------0-0---0-0-00--0-0-0--0-00-000-0-000000---000--00-0--0-----0-000-00-0--0000---0-0-
0-0--0000-00-0---00--00-0-00--0--0--000-0-0--0-0000--0-0--0-0----0000000000-0----------0--0000
0-00-0000-00-0--00-0--0-00-00000-0---000000-0-0--0-00-----0-0000--0-000--0-00--00--00-0000-00-
--00-000----00---000000-00-0-0---00--000-0-0-000-0-000-0-000---0-0---00---000----00---00-0-0--
------000-00-00--0-0000-0---00000-0--0----0000----0000000-0-0000--00-00--0---------00-0-00---0
--0-0-0--00-0-000000000--0--0-00-00-00-00--0--00-00-----000-0-----00---00---0------00--00-00-0
--00-000-0-0000--0-0-0-00-0---000-0-00--00-----0-0--0--00000-000000--00-0-0-000--0---00-0-0--0
0000-00-00000---00-0000---0-0-0000-0-0--00--0---000-000-00000-0-0000--0-00----0--0---00---000-
000-00000-0-00--00-0-0--000000---0----0--0000--00-00--0----000--00-0--000000-0--00--00-000-000
00-00---00-0-000000---0-0-0-0---0-0-0-0-00-0000-000-0--0-0-00--0----0-000-000--0-0-0-00-000-0-
0---00-00---0--0---0000-000-0-00-0000-00---00-0----000-00-0-0----000--00-0000---0--0-----0000-
-00-0-0-0-0-----0-0-00------0---00--00-0--00-00-00000000-0--0--00--0-0--------0--0-000---0--00
-0----0-000000--0--0-00---0-0-0-000000---0-0-0-0-0-0----0--0---00--0------00-00-00--0----00-00
--0--00--0000000--0----0--0-0000------0--00--0000--00---0-00-00-000---00-00-0--00----00-000-00
00--0---000--00---00---000-000-000----0-0-----00---000-0--0-00-0-00000----0--0-0------0--000-0
----00--00-000-0---000000-00------0-0-0000-00-0-000-----0---0000----00000-0--000-00-----000-0-
-0-0--0-0---00-0--000-0-0-00-00000-000--0-000-00---0-0--0-----0-00---0-000--0--0--00----000--0
00--00000-000--0-000------00000-0--0--0--0000-00-00--0-00000-0-----000-000000-0--0000-000--0-0
0-00-00---0--00------0-00-0--0--00---0000--0-0--0--0----0-0000000-0--0--0-0-0---------0-00--0-
-0----0---0-0-0-0------0-00-00-0-0-0-0-00-0000---00-----00---00-000-00--0-0-0-----0-00-0--000-
0--00000--0-00---0-0-000-0-----0-00--------0----00-0---0----0-0-0-0-----0---0-0---0----00000--
000-0-0--000-0000--00-0--00-0--0000---00000--0-00-00000--0-0---000-0-000-0---0-000---0-----0-0
-0---0--00-0-0--00--0--00--0-----0-0-0--0-00-0--0--00--0000-0000--00--0--00---0--0-000--0---00
-0-00---0---0--00----0---0-00--0-0000-0---00--0--00-0-0-000--000-00-0--0-0000---00-0----00----
0000--0-0-0-0-----0--0-0-----00--0--00-----00000---0-0--00-0-0--00-----00-0-0-00--000---------
00---0----0-00--0---0-000--000-00-0-00--0-0---0--00-0-0--0---0-000-0-0-00---0----000-00--0---0
00-0-000-0-0000-000--00----0-0-00-000---00----0--0----0----00-0--0--00-0-00-00-0---00------000
0000-0----0-0------00---0000-0--0--0-0-0-00-0------0--00-0-0----0-0000--00-------0---0000--0-0
-000--0-0-000----0-----0-000-00-0--0-000-0-000-000------0-00--0-0-------00-----0------0--0--00
-0-000-00-----0-0-00--0-0--0-0---0000--0-0--0------0-0-000--000---0--00-00000---0--0-0----00--
00-000---00000-00-0000-0---0000-0000-0-00---0---000-0---0---0-0-----00000--0-0--00000-0--0-0-0
-00-0-0-000-00--------------0-0--0--0000----0---0----000-00000-----0----00-0---0----0000-00-00
--0-----00--00-----00------0---0------000--0---0----00-0000-00-00-0-00000-00----000-00--0--0--
-00-0---0------0--0--0---00000-0000-00-------00000---00-0---0---0-0-00-------0--00-000000-00--
0000000-00--0-0-00-0-0--000000-00-----0-00---00000-0---0---0-0000--0-00--0000-00-0-0-0---000-0
000-00-0--00---00-0-00--0-0---0-00-00--00---0000--00-0-0-0---00-00--0-000-00-0--0--0--0000--0-
---00000--00-0--00-00--0-00--0--0--0-----000--00-00-----00--0---0---00--0--000---0-0---0-00-0-
0-0---0-00-0000-00-0-0-0--0000--0---00----0---00-----0---0-000-0-------0-0000-0------0---0-0-0
000000----000-0--0--00--00-----0-0--0--00--00---0-000---000---0-000-00----0-----00000000----0-
000-00000----000-00000-----00--0--00--0-00-----0--0000-----0----00-00-0-0-000--0--00-----0-0--
--00-0-00--0-----0-00--0---00-0--00--0--0------0---0000-00--0-0-0-00---000--0000-0-0-0--000--0
---00--000--0--0000--000-000000000000--00-00--0-000000---0-0----00--0--0000--0---00---0-00000-
-00--0---00-00---------0--0000-0-00-0-0-0-00-00-0000-000000-00-0-00-00-00000-0--000000---00000
00--00000-0-0000-000-0---00-000-00000000-0--00--00-0---000-00--0000000-0-000------0--0000000-0
0--0-0-0----0-00--0--00-0000000-0-000---0000000-0-0000-----0--000---0-0--00000000-00-00--000-0
--0--000--0-------000--00-0-0-0-00-000--------00---00000-----0-0000-----000-0--0-0-0-000000-0-
0-00--0-0--0000-----0---00--0----0-00---0-0000-0-0--000----0000---00-0000--0--------00-0--0-00
-0-000000--0----00--00-0-----0--0----0-0---0-000--000--0---00000-0-0---00000000-0-0-0000---0-0
0-00--0-00--0-----0-0-00---------00--0--00-00-000--00000-00--000000---00---0---000--0-0-0-0--0
-00--00-0-0----------000----00-00000000--000-0--000---000----0--000-0-00---0-0-00------000--0-
---00--00-0---------00000-0----000-00---0-0-0000-0--0--0---00000--00-00---0---0-00-00--000--0-
0-000-0----0000---0--0-0000-0000--00-------00---0-000000--0-0---0-0-00----00000-0-0-0--0-00--0
-0---00--0---0---000-0-00---0-00-000--00-0-0-0---00--0-00-0-000-0--000000-0-000-0--0-000--0-0-
0-000-00---0000-0-0-00-0--0-0--0-----00-0-0-0-------0-0---0-0-00--0--00-0-0---0-0000--0-----00
000000-0-0-0-00-00-----0000--000--00--0000--0-0-0000--00---00-00--00-00---0000000-0000---0-0--
--00000-0-0--0-000-0---00000-0-0-0-0-0-------00--000000-0----00-0-0--0------00-0--0----0-0000-
0-0--00-00-00---0-0--000-0-----0-0-0-000-0-000--0-0-0--000-0-0-0-00000---0-0-0--00--000-0---00
----0000-0-------0--0--00-0-0----0--00--0--00--00-0-0-----00-0000---0------00--0---00--0--00-0
-00000-----0-------0-00---00-00------00-0-00-000-----00-000---00--0000--0-00-0-0-00---0-00--00
-00--000--000-00-0--0000---000---000-----00---0--0-0----000000--00--0-0-00-0----0---0-0-00--00
0---0--00-0---0-00-00--000---00---0---00--0-----0-00---0--00--00--0-000-0-----00000-0-000---0-
-0000--00000-00-0--0--00--0-0-00---0-0----0--000-00-0--0--00----0-0-000--0---00-0--00--0-00-0-
00---0-0-0------0-0-000-0-0-000-0-000-0--00-00-000000-0000-0-00--000-00-0-0---00-0--0---0-0000
0-000------00----0--0000--00-00-0-00--0-----0-0-----0-00-0--00000000-00-00--0-----0----00---0-
-0----0000--000000----0---0-00----0-0-0-00-------0-0--0-0-0-000---00--000-000000---0000-0--000

*** Life<Cell> 20x20 ***
Generation = 0, Population = 3671.
0*-.*-***-*0.***.0-..*-0.0---0...0*-....--0.*0-.0-0-.0*.0-0*-.0..*.0.**-***.*-*0.0..-**-.---0.0.-
-0.-0*-.---.-*-0**.0.00-.*-.*.-00*0**.0-0*0--.*-0-0*-*0*.0***---.-*0*.-.*00.*.-*.-0.-.0--*..*-.*.
-..00*.00--*.-*.0....00.*.*-*.-0**.*0.*-**-0*--*.*--0*0.-**00**...-*0*--..-*0*.-0***.-*.0.0*.-**-
0.00.0-.00.0.*.--0-.-.00.**-0---*0..-0-.-0*.0--.0*-0.*0.*0*.*-..*.-**-**.0-*.0--0-0.-.*-*-00*.--0
0*-***--0.00-*.*0.0**-.-0.0-0***.*.0--*0*0..000--0-0.-0..*-00*-**.-.0.-*-*0*.0--.*00.000.-.--0-0*
.0*.*-0..*-*.0.0.--0.*0-.*0.*0--.00.-00.-*0-*.0.0-*.0..0...*-*--0.0..*.0.0*.--.**.**.-00..0-.000*
*0.-0-***.-.*.***00*0.00-.-00--*-*00-*.***.0***0-00-.0*-0*.0**.-..*00-00-.*.-*-0-00*00-*...-.*.0.
-**-.*-0-00*-.*-000*---*.--*.00.--0**-**..*0***.0..0**0.-0-*--.0--.*00.*..-*00-0-.0*--.*.0-.0*0**
.-00-*.-.*0.-0.0-0*.0.**-0--**-0.--0-0-.-**.--000.-*0.*.*.0.0..0---*-0*0-0**0.00-0.0-.*---*-*000.
0*-0--**--0.0*-*0.-.*00-0*.--.-0**.-00.*-0*-*0-00--0-*-*.0000-*00.-0.-**.-.-**.0*0*0-*0.*-.0-....
--*-*0-*0-00-00.****.0-*-*0--.0--*---0-0.0--0..*-.00*0-**.0-*00.*---..*-*--..-.***.-.0.00.-00.00*
00.-00-*0*0*-.0-.*.-***-.-0.0*0-....--*00-..-...*-.0**00..--*.-0.00000.*00*.0.0.0.-0*.0*..*..*.**
-.0-*.*00..-0*.0-*-*0-*-00-0*.-*00*-.***-0.*.-.--..-.*-.*0.0-..-.*0-.*-0*--*.--0.--.-*.**.-0-0.00
..0.-****.-.*.0-.-0.*.**0*.0-00*00**-.0*---0-.0-*.0--.-*.-.-.0-0--.-00*-..*00.0..--0.*.00-*00-00.
---**..-*-*00-.0...0*.*.0-.*-.-0-.*.-0.*0-.0.0*.-.0-*..-0-*0-0.--.---.--.*.0*.*0---***-*.*0*.*0.*
0-*-**0--**--..0.*-*..**.--00..*--.***0*0-....*0.*00-.---.-*-..-*0*.*00-.-.00--0-0*0.*0*.-....-0-
-0-000.*.00.0**.*--*.0.0-00.0--.0*0.*000*.**-000-0-00--..**0.*000.0....--0-.0*-.0-.0-**0-0-.-00.-
--**...0.-00-*.0--.0*.00*-00.0000..-*-*.0*0-..-.-00*.*-00-*-0*****.--*..-*-0*0..-0*-0.**.*--.*.**
*.-0-.*-...****-.0*.--**00***--*.***..000*--*.*00.-0-0**..*---*00*-.-..*00.*-0**.-00--.**0.0*0.-0
---*000-..0--0..*-00.-.0-..-.00-*-0.*-0..-*-*0*-.00--*-*0-.*000*00.*000-.0**-0-0.*-0*-.0.--.*----
*--0.-.0.-0*-..00.0-*--.*00-0.*-*00*.*--.*.--00-----0...000-.--0-*.--**0-**-.0.0**-0*00.**0*0.*0.
*000.0.-.0-.--0-0.*.**00.*000.-..000*0-.-.-*0-00-.0*--*00.0.*.*..*00-.0*-**.*-.**-.....0-.**-0*.*
..*00**0***---**0000.*.0*-..*.-.-.-.*.--*.*00*.-*-*-.0.--.*0-0-0*-0..0.-0-00.*-.-00.0-0*---.**-.*
.*0**..**.*0-.-..0.0**0-00*.-0.-*0-*0.-0.-*-****-00*0..*.-0..*0..0*0.*0*0.0.*.**-..-0-0-0*00*00-*
.*----*-*.*.*0.-.-..00*00.**-.0-.--..0.00.*0-..0.0000*.*.-00*-0-*.0.0.--.-.0-.00.0..000--..**-00*
0*000.0*00-.-*..*0*.--.0-.**-*..0.-**.0--.0.--*00.-*00.----.*--0-0.*0-00*-.-0-.0.0.-.*.-.-0.-.*-0
00.0*..0.00....0-.--*..0*-*0*-0--..0.**.0.0...0.-0-.*--.0.00*-.0..0.*-0*----*.-0---.-..00*0..--.0
-*-*0*..*.0*-*.0----**-0.*.*0.*-0---.*.*0***.-0-0-*-*-0.*.0--00.*0..*-0.--.**-0*-0.0.*...*..*---*
-0*0.00-0-..--*-**-*.0-.--*-*.-0**-0..-.0*0**.****-.--**0-0.0***0*000.*-*--0****-**0*0.-..00*0**.
00.--0**---**.000**-0.*---*.-0*-.**-.----0..--*.0--.*0.-0*-**.0.-*--***---**0-*.-0.*..00000.0-*.*
.*0-0*..-0-0*--.***0--....-..-..0.00**.*--*0.---0-**-..-..00.*.*-*.**0--.--*-0.-.*.*--..-0*0.----
-*--..0*-0-.*..0000***-.**0*0..**--**.-*-00***-0...000---..*-*.-**-**.0..0*-.-0-.0..*-0--.-0.0---
---..0.-.*.-0***.-.*.***.-*00.00-.**.*00..0.0-..**0-..-000*000*--*0.***-*-.....0.--0-.-*-*-..0..0
0.-..*0-0*--.-.-*.0*.**-0..000.*0.*...--0-.-..*.0*---***.-.*..---0*...*---.*-*0.*--0.-0-*-0-0**..
0*-.0..*.0.--*---***-0*0--.-*000*.0--0.*-*..*.0.*0**-.*--**0---..*.*--0*000*0*.**...-*-.*--.*.*.*
.0-.*****--0-**00-*.0-0.-..**0---0..*00*0**00-0-0***0*0*-*-.*.*-0*0..-*0*.---0..-*.*-.0--.-.*000.
**-..--*.000.*.00*0.-..0*0--**..*.0..000***.*0-**--**..--0*---.*..*--..-..-0*.0.**---.*0.0-*-*00-
0.*.0*-..--**..**0-000..--.-0.*-.*--.*.**..0.--.*-*..0.-.*.-*.000.*.**000--..*.000.0*-*--0--*.00-
0.0.-***.--.-0-*..-..-*...*-0-.000-.0-*0.0-00.-00*00....*-.-0.**00.0----*-.00-*-.-0**0-*-..--*---
**..0-.--0-.*--.-..*-0-.*.-0-*-.0--..00.00*-0---0*-0**0---*0**0.*-.*-*-*00*0*0-*-.*0.*0000.*.0.0-
-0-00.-..*-0**00-.****-.00...0**..--.0.-.0...00-*.0.---*-0.00.**-0-.0*0.*0*.*.-.-0.***0.00..*000*
0-..-*...*0-*--*.---0-**-.*000.0....*--0*-.-0.0-.0.*-0-*.*0-.00*..00*.00-***-0..-.-.*-.00*****0-.
---00-*.-0-00000-.*.-0-0-*-0.****-*.-000.0**..*--0.*-*0*-*.-..**...0-0**0.-**0-.*00.-..-*.0**-0.0
.*.0-0*0--*-.00*.-.-**-0*-..*-00*.-*-**-0*-.0-.0....***00-.-0-.*00-0-0-0.*000.*0.-***-..-..**-.*-
-.-*-*.0*-0-.*00**00.*--0....-0.0--.-*-00-.0**--*-.-0-*.*...0--.00.0.*.0**0.0-00.00**-0.**.--.-0*
00*.*0..0--*.0*0**00-0-0---*-.-.0*0-*.-*--***-*-0.-0.--....0..*0-.*.*0.*--**0-...--*0-0*-0.-00.*0
-...*..*..--*00.0**0.-..*0*...*.**..0*****-*0**0*0..0***00**0.-*..--0**-...*.0.--.-**.**0*0*0.--0
..*.*000.*-00000..**0--.*-..0--0-.0*0.*.*--.0***..*.0-*-***-..**.--***0*.-.0.-**---***-....0**0-*
0-.*0-.00.--0--0-..*0.-0**0-..-00*000.0..-....-.*-00--0.-*0.*0.00.-000-0000*..00*.0.0.*-000.0.*-*
**--**0....0....0..*00***..0*00--0-*0*0.*...***.--*0-*.*0*.0**.-0.**00*.0*.0***-.-..*0000*..0**0.
0.00-0-**0--.*-***----.00**.0--.0*--.--.-.0-..00-*--..*0.*...**.0--.----.*-*00.**.-0.***0.-...0*.
*.-*0.*--.0-...*.--0*.-*--0-*.0.**-.**.0-*0.00-**.*0*.--*..0-***---0*---0.-*.-.-*-...*-.*-0..--.*
*0-*-0..-0..-.-.--0-.0-0-000...**-.*..*.00*.0.0*.-.0*0*.0-00*..*0-**-0*000*0-.0*0**.-**.**--..0**
*0*00**-*00..**0.0**--.0.--0--000*....0-.00*-0.-*.*.0-*000*.0***0-*-.0-0--***-*0*-.0*..0000.0*.0*
.0**-.00-**-**-*..*-.*..00-0***0-.**..-**.0*.*-0000-0-0--*-.*.00*0-0..*.*-*.---*.-.0--*0-.*.0--0-
..0-00*.00***....-0*--*--0-0*0-0*..-*-..*0-*.**-..-*..*0.0-*.*---..-.*.-0..*0***.-*--...00.**-**-
00*0.*000-0*0.0*-0.*00-0-.00..-*.-.**-*.*--..*-.-0..****-0-.0...0...0*.-0000*-0-.*******-*-.*--.0
0*-*0.00..0---.***-.0..--00.-.0-00..**0-****00.-0.-*.000.0----*0-**-*-**0.0*--0**-*0*-00*.0.-.*..
.*00-*-*.-.0---..00.-00*00*--.-00*.00.*--0---.-**-.-0-0*.-0..*-0.--0-**00-.-*-0*-.*.-.-*--*..-00.
*0-*.-*-.**00..*-**.0---.0-0.-.*-0---.-*0.--*0-.*0*.000-*..0-*0.*0***00...0**.0--.*0-0-*.000*.0--
-*000*0*0-..00.-.--0**--0.-*-**-0-*--.0-..*0**-*00-.0.-0*..00--***.0.00*.-.*-0.-*--.*.*----0-..00
*--.-.**.-0.0**00.*-0.0.-*0**.0.-.-*000-..*.--*0.0-*00-00.0*00...**.**00.--*00-*.-*..-.-0**0...-*
00*-00..***.000-00.-**...0-.*..0.--*0.*--00*.**.-0.0-.--.--.0-*00.-**.*-**0--*-00*0.*.*00-.0.-.0.
.-0..0*0*00-00.0**..*.-00-00-0.-**-00-.*0-.*0*.0.*-.**.0-00***0-.0*-00.-*-00--.....-.0*-0.-.--0**
.0.*-0--*...00.**.0**0.----0--.00..-----.-0*0-..--*0--00-*.0--*-0...0..-0--*..0*0*...0-*0*.-.*0*0
0.**.*00*-00..---....-0.0**0..-.0-.-**..00...*0*.-.**0-.*.***.*-*--0*-0.000*...*.*...*-*-**.*..**
-***.0.00.-00.00-0-0----*-*-.*.0*0-.-*-.-0.-*.*0*-*0.00**-0-0.-*-**0..**.000*0*00-*0.-**.0-*-.-00
0*000..0*--***.0.0-0-0.*..--**.-0-0-00***00.0.-*0-0--.*...-**.0-0*..0*****-0.*-.*0--...0.*-..-.-*
--*.-0.0.**0..-.*.----0-..--*--0*-*.-.*.---0.*.*0.0**.-*.0-.0*----0--0...*.--**-....*-.*..*-.*-.-
-*-.**.0-*..-0..*0--0..00--0.*-..**-0*-*.*.*00.*.*..**.--0.**.....0-0.00*-*0.-...0.-***0-.00*****
*0-**...*00.*.--0-0-*..*..00**.0*.-.*00.*-0*-0*0*0.*-.-0**0*--***.-0*0-0-.0*..0-*..000*.-.-.-*00-
*0-...-**0**--0*****-0.0-.---.0.*-..0-*.*-00-0-.*---0**.00..--*-*-*.-..0.0..00.--0-.0...*0-.-0.0.
*00.**.*...-*.***.0-00-*-00**..0.**--*0*-*---.0.0*.***.-0.**-0.---***0-*0.-*-*0-.0--000-0-0*.0-.0
-00.--*...*-*0..000-0-*-0..-*.0-.**...0*0***--.--*0.-0-0-0.*...-*00---00-0-0000*-.0..*-.--...0.*-
-.*-0***0..--0**0-0.**-0*.0*--0--.*.--0...-*...-.**00-*--00.0.00-.---*---.0-0-*.0.0--00**--00.0-.
0*00.0*..-.-*--0-*---0-.*-.*-**0.0*00*0*0.-..-***0*.*0*.*.-.-0*-0-.0*.**-*---*0---*.0.-0.0...00.-
**0.00.00--*-*-.*0-****0-00*.*0-0.00.-.0.0.*.0..0--00.00**.*.*..-*--..*-*.....*-0.****00-..*.0*.0

Generation = 1, Population = 2920.
1*0.*0**.-.1**.*.10.**0-*10---...-.-....0-1*.1-*1-1-*-..-0-.-.-....1.*.-*.*..-*-*-..0**0.0-01*-.-
-1*-1.-.--0*0*--.**-.1--.*-***0-1.1.*.1--.---.*010-*0.-..-...---.-.-..0**1-...-*.01*-.-0-**.*0.*.
0*.-1..1--0..0*.1.*.*-1.*.*-**0-....-.*-..-1*0-*..-01.1.-..1-.....-.-.-0..-.1**--..*.0*.1.-..0**-
1.11.-0.11.-.*.00--*0.-1..*---00.1.*--0.01..--0*1*-1..1.*-...0..*.0..0**.10..-001--.-..0*--1**001
-.-...-01.11-*.*1*1**-.--.--1.**...-00.-.1..1--00101.-1..*0-1*-**.0.1.-*-.1*.100..--*1--*-*0-10-.
.1...01..*0*.1.-.00-..--**-..---.1-.0--.0.10..-.--..-..-.*..-.0-1.1..*.-.-..--.*.....0-1*.-0*1--.
*1.010....0.*....11.1.--0.---0-.-.--0......-...1-1--.-.01*.1.**0.**1--110**.-*--01-.-10*...-...-.
-..-.*010-1*-..----.0-0..00*.-1*---..-.*...1....1..-..1.010.00*10-..1-...*0.1-0-0.-.-0.**--*-.1.*
*0---*.-..1.-1.1--..1...010-**01.0-1-1-*0...-0-11*0.-...*.1.1*.---0*0-.1-1*.1.1101.-0**-0-*0.11-*
1*-1-0.*---.1.0.-.-..1--1..-0*--.**-11..-1.-*101-0---.0..1--10.1-.01*-...0*-**.1.-.--*-.*0*10...*
-0*0.-0.-01-0--...**.--*0.-00.1--*0--10-.1-01***0*1-.10...10.--..-0-...-.-0**0.....-.1.--*--1*11*
11*01-0.-.1.-.1-...0...-.01.-.--..*.-0.-10*.0....0*-..--..0-*.--.-1---..--**-.-.1*01*.1..**..*...
0.1-*..-1.*--..--*0.10.0--0-..0.11.-.*..0-*..-.--*.0.*-.*1.--.*-.*--..0-.-0..-0-.--*-*....0101.1-
..1.0.....0...-0*--...*.-..-01-.11.*0.-.-00-0*1-.*100.0*.0.-.1--00.011*-**.--.1..-01.*.1-0.-1---.
0-0....-*0*--0*1*..-*...1-.*-*---...-1..-0.1*1..0.-0...---*--1*00*0--.--...1..*-00-...0..*1..*-.*
-0*-..1--..--..1..-*.....0---..*-0....1.10**...-.*1-0.--0.0.0*.-*-**.-10.-.-1--101.1..1..-..*.0--
----1-.*.-1.1*..*-0*.-.-01-.1-0.-*1..1-1..**-11----11--.**.-..111.1**.*-010.1.0.-0.10..1-10.0-1.0
0-...*.1*----..--0.-*.--.-1-.1-1-..-*0..1.--*.-.---..*0-10.01.....*-0...-*--.1.*-1.--....*00...**
..---.*-.......-*1..00..1-...00...*.*.1-1.00*.*-1.01-1....*--0.--.0.0..*-1..01.*.0--0-...-*1.-*-1
--0*----..10-1..*011.-*10..0.1-0.--.*01..0*-*1.-*11--*0.--.*--1.11..-1-0.1.*--0-.*01.-.1.-0..-000
*---.-.-.--*0.*11.-0*-0..1-01.*-*1-...--..*00-1--0---*..1---.0010..--..--..-.1.1.*--.-1.**1.-.*1.
*-11.1.-.10*-01--.....--..1-1.0.*-11.-0.0*-.---1-*-*--*--.-.***...110.-.0...*0.*.0.....1-...--..*
*..-1..1...--0*.111-...-.0..**-.0.0...--.**1-..0*0.0.-.-0.*101-1*--..1.01011.*-.-11*1--.-0-...0.*
.*1........1-*0*.1.-..--1-*.--.0.1-*-*01.0.-...*0--.-....0-...-..1.1.*-*-.1.*..*0**0-0-01*-1.1-0*
..0--0*-..*.*-.-*-..-1.1-...0*-0*0-..-.-1.*1-..-.-1--....0--*010*.1.1.--.-.-0.-1.1..-1-00....01-*
-.-1-.-.1-0*-**.*-.*-0.-0...0***-.0*..1--.-.-0*11.-.--*00--..0-10-..1--1*0.-10.-.1.-**.0*-1.0**0-
-1.1...1.--**..1-*00**.1.0.-.010-..1....1.-..*-.0--..-0*1.--*-.1..-.*-1.----*.--0--.-.*1-.-*.-0.-
-.0.1...*.-*-..1-0--.*-1.*..1.*01---.*..-...*0-01-*-.-1.*.--0--..-..*--.0-...0-.-1.1.**.....*-0-*
-1.-.1-010*.0-.-..0*.1-.--*0*.01..0-..-*-.1.*.*...-*--*.101.-...1.--1.*-.0-1....-*.-.-.0..--.-*.*
11.0-1.*-00**.---..--*.0-0.*-1*-...0.0-0-1..00*.--0**1*--.-...1.-.-0..*000*.--.*0-...*1--11.10*..
..1-1...01--.00....-00....-.*0*.1.-1.**.00.-.00-1-*.0..-.*11.*.*0*...-0-.00.0-*-**.*--*.--.-.00-0
0*--*.1.--0....-111..*-***1.-**.*00...-*-1-..*--...--1000...0..-..0...1*.1*-.---*1.**----*-1.10-0
00-..1.0.**0-**..0.......-.-1.110.*..*--..1.1-*...1-..----.--1*0-.-.*.*-.-*..*.-*001-*0*0*-*.-..-
1*-.**101*0-*-.-*.-....--.*---..-.*.**00--.-....1.000*...-...*0-01..*..--0.*0*1.*001*--0*0---.*..
-*0.1....1*00*-00...0-.1--.0.--1..10-1..-...*.-..-..-..00*.---0....*001.1--*-..****.0*0..00......
.-0.**...0-1-*.1--..-01.0..*.1-00-***-1.1..-10101...1.1*-.0....01.-*.0*1..0-01..0**.0*1-0.-*.1--*
*.-*.--*.1-1.*.1-.-.-.*1*10-..*.*.-..11-.....10..-0....001*0--....*00..-..01*.-...0-0.*1*1-*-.-10
-.**1*-**0-*.*...-01-1**00.0-.*-..--*......1.0-..0...-.-***0..---.*.**---0-....11-.-.0.0010-*.--0
-.1.0.*..0-*0--*..-*.0*....01-*11-0.--.-.10--.01-.1-..*..-*--...-1.1--00.-.---.0.--..--.-**0-*---
*...1-*0010*.00*-.**01-**.--0*-.1--.*--.1-.01-0-1.--**1-0-*1..1..0.*0*0.-1.1.10.0*.1..111-*..-.1-
01-1-*-.**01..--0.*...-.-1...1.**.--*1.0.1***1--*.-.0--*-1.--...0--.-.-..-....-.0-....-.11...-11*
--*.0*..**1-.00.*---1-.*-..1-1.-....*0--.0.--.-0*1.*-10*.*1-*1-...11..1--...-1..0.0.*-*1-.....1-*
000-1-.*01-111110..*010-0*01.....-.*--1-.-***.*-01.*0.1.0**-.....*.-0-..1.0..--**--.-..-*.-..01.-
...-0-.---*-.1-..0.-.*--.-..*011..-.-..--.-.1-*-*..*...1--.010*.1-----0-..111..-.0..*0.*-...*0*.0
0.-*0..-*-1-..--..1-.*001....01.--0*-*0---.-..--*0.-10*.*..*100.--.1.*.1..1.----*11..-1.***0-*01.
1-*..-..10-*.1.1..-1-1--00-.0.-.1.1-*.-.0-...-.0-.0-.0-....1.**--**..1.*--..--*..0-.1-1.--.--1*.1
0.*....*..-0.-1.-..1.0.**-**........1....*0.-..1.1*.-.*.11..1*0.*.0-1..0.....-*0-.0.....-*-.1.0--
.....--1..-1-11-....-0-..0.*-0-10.-.1...*--*-.....*.10.0...-.....-0...1..0.-.-..---...0....-..--*
1-*.10.-1.-01--1-...1.--..1-..---.1-1.-..-....-..-1---1.0.-..-.--*-1-1--11-...11*.-.-..0-11.-..0*
*.-0..1..*.-*.*.1***1-.....1*-1-0-0.1.-*.....**.0-.--*..-..1...--.*.11*.-..1...0.-...1-1-.**-..-*
-.1--1-**1-0..-*.*0--0.11.*.---.-.00.-0*0.10..--0*0-.**-.*.*....100.-00-.*-.1-.**.0-....1.0...-.*
*.-.1.*-0.-0..**.0-1*.0*-0-0**-...0.***-0.1.-1-..**1..--*..10...0---*-0-1.-..0.0.-*...0..0-..--.*
.-0.-1.*-1..-.0*--10.----11-**...0*.*.*.1-..1.1..-.-.-*.-0-1....--*.0-.11-.1-*-.-.**-**...0-.*1..
.-.--..0.--***.-*1.*0-.1.-------1*.*..1-.--.01.0..*.-0.-11..1...10.0.1-10-..*-.-.-.-*..-11-.-*.1.
*-..0.11-..0..0**..0*.**1--1...10.**..-*..-..*011--01--0-.-...-1.10-***.*-*.-00..-*1-0*-0...-----
*.--11..-1.....**--.-0*--101.-01*.*0*0...10*.*.-..-*...-.--*.*-0-*.0.**0-...1..**-.00...1-..*-**-
-1.-..-1-01.-*1*01..110-0.--.*-..0.*.0*..00...-.--**....--0.-***-*.*-..-1-1-.0-0........-.-.*0-.-
-.-.1.-1.*100-**..-.1..---1.-.----....1-*.**--*-1*0*.--1.1--0-*-0**0.-..1.-.001.*0.1.0--..1*0**..
..-10*-**0.1---*.1-.01-*--.--.--1..1-.*-01-0-.0*.-*-1-1..--.**-1.-01-..1-0.0*-1.-...0*-.--...011.
*1-..0.0.**1-*..-*..1000.101*0..-1-00*0*1*0-.-0..1*.1---***10*1..1...-1.*.1...1-0**10-0**111**100
0.-1-.-.1-..1-.-.001..-0-.-.0**0-0*-0.1-.**-..0.11-.-.--...1-0-*...1.1-..-..-1.-.0-.***-0-0--..1-
*0-.-....-1.1..--.*0-.-.-*-...1.0.-.1-10....00.-.--*11---*1.-1........--.0-*-1-*.-*..-*--*.1*..0*
--*-1-......1---1-*0*.**.10...*-*00.1.*--11.....0-.10.--.0-.--.-1.0....0*.-0-*---*-*..*-1-.1.-*1.
*01..1.-.1--11.-......01101-0-*0.*---0.*1-..1..-**-.**.1---...1-.1*011.0*0--00....*-*-.--.-.---..
.-.*--00....--.*..1**1*0-00-00.11..0-0-0.-1.-0.*--*-001-0..-0-*-1.*.-..0--0.*.1*-*..*-0.1.*-.*1.1
-....*-1.-1-..0-0*...--*-..-*.-.--.0**..1-....1.*-...-0.....*.*0*---*-1.-11.........**0.0..***...
0....1.11.-1-.1--1-1000-*0*-.**1.1-*0.-.0-.0*..-.-*-.-1.*-1--.0.-..-.....11-.1.1--*1.-.*.-0*-.0-1
1.-11*.1.--..*.1.1-1--**..00**.0-01-11.**11.1.-.1--00....*-...-01...1.....01..0.*1-0...-.*-..0.-*
00..01.-.*.-.*-*..-00--0*.--.001*0*.-...0--1.*..-.-.*.-.*10.1.--0-1001.....-0**0**..*-.*.**-.*-.-
-*-..*.10...--.**1-01**-10-1.*0...*--.-***..-1.......**---....**.*101.11*0.-*0**.-.-...-0.--....*
.1-****..--.**0---10**.*..11.*.1*.0..1-.*0-.01.1.-**0.-1..-*-0*.*.01*10--.-..*--***1-1..0*0*-.11-
.1-..*0*.1..00-.....-1.-0*---.-..-.*1-..*0---10..0-0-.*.1-..--*0*-*.-..-.-..1-.--10.-...*1-.0-.1*
.--*.*.*...-*.....-0--0*01-**.*-..*0-.-.-.0--.-*-..*...-1..*--.---..*10.1*0*-.--*1-0-11-101..-0*-
--1.-0..*..-*-..1-1---.-1..0*.1-*..*..1.-*.*0-.--.-.010-01...**-*---001-0-0-11-.-.1*..0.--*..1.*-
0..01...1..-0-..--1.*.01*.1*-----...0--...-*...0...---.---1*-.-10.00-*0--*-01-..-.-0---**-011.1-.
-.-1.1...-.-*0-1-.-00--..-..-..1*1.1-*1.1.-.*-**.1...-....0*--.0--.1*.**0*---.10-0*.1.0-.-**.-1.0
*.-.1-.1100.0.0.*--.***101-*.*-0-.--.0.1.-...-*.1--1-.--**..***.-.00.**0*....**--**.**--0...*-**-

Generation = 2, Population = 3144.
*.-.*-*..-*-.**.*--***1-**1-00...-.-....--*..-0.-0-0*0..0-0.-.-....-..*-*....0.0*-**1**-.101**0.-
0*.--.0*-0-.1.-0...0.*0-..-...---.-..**00.0-0..-*10.1.0..0...---.-.0..1..*-...0**1-*-.010**..1.*.
-..-**.---1..1..*.*.*0-**.*0..1-****0.*0..0**1-...01-.**0..-0.....0.-*0-..0.**.00*.**1*.*.0..1..-
*.**.0-.-*.0.*.-1-0.1.--.*.0--1-*-..--1*1-**--1.*.0-..-..-**.1***.1*.1.*.*-..011*0-.0..1*0--..-1*
0*0..*01-.---*.**.*.*0.00*00-***..*--1.-.*.*-0--1*--.0****1-**0.*.-.-.-*0*-*.*11..-0*-00.-*1-*--.
***..-***.-..**0.11-*.-0**0..000.-0*---.-**1..-*0-..-..0...*0.1-*.-.**.-.0.*--.*.....-0-**--.---.
*-*1-1..*.-.*....--.**001.000--.-.-01.....*-...-0-0-.-.1*..-...-..**--*--.**-*---*0.0*-....-.*.-.
-.*0..--1-*.-..0-00.---*.-1*.0-*00-.*0***..-..*.*.*-..-.1*-.--.*1-..*0*...1.*010-.-.--..*0-*0**..
*-000*.-***.--*-0-..*..*-*-0..1-.10-0*-*1...-10-*.1.-...*.*.*..-00-.10.--*..-.-*1*.01..0-0.1.*--*
-.0*-1..00-.*.-.-.0**-0--.*-1.00...0**.*-**-.-1*--0--*1*.-0---*-0*1**0..*-.0...*.0.--.-**1.*-...*
01.1.-1*01--10-...***00*-.-1-.-00.10-*10.-01-...-.-0.*-..*-1.0-..0--...-.-1..-*.***0.**--.0--.--*
-*.1--1*0.-.0.-0.*.1..*-.1-.0*--*.*.0-.0-1..1.**.1.-**0-..10..0-.-*0--..-0..-*0.**-*..-..*......*
1.-0*..0-.*0-..0-*1**1*-0-10.*-*--.0.*..1-..*0.-0..1.*-**-*-0*.0**-0*.10.-1*.010.00.0*..*.--1-*-0
..-.1...*.-*..--.-0**.**0..-1--*--*.1*-.---0-.*0**--1*1*.1*-.*0--1.1--*-.**0-*-..-1-.*.--1.-*0-0.
-0-....0.-*001.-...-....--..0*000**.--..--.-.-*.-.01.*.00-*0-*.--.-00.-0*..-.**0---***1*******-..
-1*0..--0.*-0..*.*-**....1000**.-1*..*-**1....*-.**-1.-01.1*1..0.0..*0-1*0*-*00*1*.******-..*.10-
0000--.**0-.*...*01**-.01--.-0-*0**.**0-....0**0-0-*--0....0..*--.*.*.*01*1**.-.--.-1..----.1-*.1
-0...*.-*00-0..-01.-**--*--0**--0**0*-..*.-0..-*0-0..*1---.1****..*0-..*-.--.*.*--.0-...*.--***.*
..00-.*-.......0.*..-1*.*0...11*......*-*.--...-*.-*--.*.**0--.-0.1.1**.--..1-.*.----0...-.-.0*--
001.0-0-..*-0-*..1--.-*--**1.*--*00**--*.1.-.**0**--0*1.0-..00*.-*..---1.**.-0-0.*-*.-.-*--..011-
.0--*0.-.00.1..--.--*-1.*-0--.*0**-**.--*..--0-----00*.*-0-0.----.*00..00..0.*.*.*-0.0-.**-.-.*-.
*-***-.0.*-*0-*--.**..0-.*-0-.1.*0-*.0-.1.0.0--*0*-.0-.0-*0......**-1.-*1.**.1...-.*...--.*.--*.*
*..--..-...-01..***0...-.-*.**-.1.1.**-0...*0.*1.-.1.-.0-**-1-0**-0..*.-*-**.*0*-**.*--*-10...-.*
.*-*.**....-0.1..**-..---0.*--.1.*0.-.-*.1.-...*--0.-...*1-...0..-*-.*-*-.*.****-..-01--**--**-1*
.*1-01.0.**..0.-*-..0**-0*.*-.01.--**0.--***0..-.0-0-..*.100*1-1..-.**--.0.0-.0*.-.*---11.**.1--*
-.-*0.0*---.-**.*-.*0-.0-...-...-*1*..-0-*0.0-*--*0.-0*1---..10*-0..-0-**1.0*1.0.*.0**.1.--*1..1-
0-.**..-*--..*.*0*-1.*.*.1.-.--1-.***...-.-...-.-00..01.**-0*-***.-**--.-0-0*.-0-0-.0..--.-*.--.0
-*-*-.*...-.0..*-10-.*-*.*..*..-*000....0..**-01--.-.0-...0010-..-.**0-*--..*-0.-**-.*.......---.
-*.0.*--*1..10.0..1..-0.-0.1..1-*.--*.0.0.-......*0.--*.--*.0...-.--*.*-.10-....-**0*-.-..0-*-*..
*-.-0*.*-11.*.0--..0-*.---..--.-..*1.1010***-1..00-..-*00.-*..-.-*0-..*---..0-.*-0*..*--0**.*1...
..-0*.**1-00*11..*.011.*..0*.-..*.-*.*..11*-.1----*.1..0**-*****-**..0-0.11.--.0...*--*.--.0.11-1
-.-0*.-*001**..0***.**-.****0....--***-*0*-.*.0-.*.--*--1***-..-.*-...***-.0.000.*...--0-*-*.---1
110..*.1...10*.*.1*.....*0*0-.---.*.**--*.-.-0...**-..000-.---.1-*0*..*-*0...**0.-1*-*-.1.-.*0**0
-.-**.-1-.1-.0.-**-....0-..-0-*.0.*...-10-.-.*..-*---...*0....101*....*---.*-**..--*.00-.1-0-....
-.-.-..*.*.11*---...--*---*1*00**.*--*..0...*.0.*-..-..--*.---1..***11-.---.0.......1.-..-1......
.-1.**...-0-0*.---..-1-.1..**-0---*..-**-..0-1*-*...-.*.0.1*...1*.-..-.*.*1--*.*-...1.*01.-**-0-*
.*0..-0*.---.*.*0.0.-..*.*10***.**0..*-0.....*-.*--...*-1*.-0-...**1-..0.*--**-*..1-1..*.-0*-.0*1
0**.**0*.1-*.*...01---..1-.1-.*-**00.*....*-*10*.-*..-.-...-..---*...*-00--*...-*0.-.-.-1---*.--1
0**.-....-0.10-*..0..1...**--0*----*--.-.*100.-*-*-0..*.*-.0-...0*.*00-1*-*0-0.1.0-..00.0..10.000
*.*.*0*-1-1..1-*-**.--0**.---.-.-00**--.-0.--010**00*.-0-0**..-.*1.*-*-*0-.-.*1.-*.-..*---.*.0.*-
-*0--.-...--..--1.*..*-*--...-.**.-0.-*-.-...*--..-*100.0*.00*..--0.0.-..0..**0.--**.*-.-*...0-**
-0..-**...-0.--.*00-*-**-..*-**0...*.--0*1.--.-1.-.*-*1...--.*0..***..-00...0-..-.-..-.*0*....-0*
1-----.*1--*--*--*.*1*101*--.....-..---0.-***.*01-.*1.*.1..-..*..**--0.*-*1.*00**-0*-..0*.-.*-*.-
*.*--0.0--*-.*-**-*0..00.0***1**..0*-**--.0.*-.-...*...-00.-*1**---00---..*-*..0.1*..1**0.**.-..-
1*-*-..0*0*-*.-0..--.*---*...--.00-*0*100-.-..0-*1*-*1**..*.*-1.00*-**.*..*.0-00*-***-*.***10.-**
--*..-.*-10**-*-..-*---011-*-*0.-**0*.0.--...-.1-.10*10.****...0-**..*.*0-..-0*..10*--**0-.0--..-
1......*..0-.0**-..*.-.*.-.*...***..-*..**1.-..****.0.****..*.-*..---*.1*....0*10.-..*..0.0.-.10-
...*.00**.0-0*--....-10.*-.*---*1.0.-*...--.0.....*.*1.-.*.-.*...-1.**-*.1.-.-..0-0...-.***-..0-*
*-.**1*--.0---0--**.**--..-0.*00-.*--*-..-....0..0*000-*-.-..-.-0*--0*00*-0...***.-.-..1-*-*-..1*
..0-..-..*.0***.*...--...***.------.**-**......*1-*-0*.*0.**...-0...*-.*0**-...-.-...--*-..*0..-*
-*-----..--1**0...-00-.-***.-00.0.11.--.-.-1**00-.--***0...*....---.0-10..0.--.***10..**-.1*..-**
.*-*-..-1.01.....1--**1*01-1.*0...-.*..0-.*.---.*..*.*-0**.*1...1--0*010**-..1.1*0*..*1*.-0..00*.
.0-.--.*0-**0.-.-0*1.-0-0-*0.*..*-..*.*.*0.**.-..0.0.-.*01-*....--*.1-.-*0.-0*0.-.**0****.-0.***.
.-.-0*.-.00***.0.*..-0**.00000---...***-.--.--.1*..*--*-*-*.-...*-.-.*0-10.**0*-.-.0...0-*-.0*.-.
.0..1.*-0.*1.*1...*-....*--*..*-1....*-...0*..-**0--*-0--.-.*.0*.*1-....*-.*011*.0*--1.--...000--
**-0-*.*0*...*...--*0-.-0*--*-1*...-.-..*-1***.0..-....0.--.**0--*.1...10..*-..**0*-1*.**0..*0*.0
--.-**0*-1-.-**.1*..-*---.-0..-**-.*.-***-1.*.0.0-..*...---*-...0..*0.*-*--0.101.***....0.0..-0*-
-.-***0-..*110...*-*-..000-.-.--00*.*.--*..*00*0*.-.*---.--01-.-1..1*-.**.0.-1-.*1.-.10-..**1..*.
..0*1*-*.1.--0-*.*0*1-0*00.00.-0-.**-..01--10*1..0.0*--*.-0...--.0--0..---*1*0-.-...-.-*00...1--*
**0*.1.1...-0...0*..-1-1.*--.-.*-*0-1.-.*.--.0-..-*.*000.***1.***-.**--***-**.*-1**-1--.*-*-*.*-1
-.0-0.-.--..*-.-.-1-.*-10*0.-..10-*0-.-0..*0..1**--.-*--*..*0-0....-.--..0*.0*.0.10.*..01-10-..-0
*1-*0....0-.-*.-0..1-.0*0*-...-.1.-.--*1*..*11.-*00***0-0**.0**.......-0*--.---.*0***-*00*.-*..1*
-0*---......---0--*1***..*-*..*0.11**..0-*****..1-*-1.-0*1-.-0.0-.1.*.*-..010*000*-*.*.---***0*-*
.--.*-*0.-00-*.0.*....1---*-10.-..-0-1.**-**-..-**-....--0-..**0**.--*.1.1----..***0*0.--*0.-0-..
.0*.001-*...00*******-.10---11.-*.*10--1.0-.--**0-.--1-0-..01-*0*.*.-..1-01.*.*.-...*01.**.-.**.-
0...**0-.0--..101*...-0.-..0*.0.00.1.****0.***-*.0.*.--..*.*..*-*000.--.0-*..*.**.*.*.-.1........
1....-.**.--0**---------*-*-...-.*0.1.-.--*1**.-.0.-.0**.0-00*1.-..-.*...-*-.-*---*-.0***-1*-.--*
-.0**..*.0-.**.*.*--0-....--...-01-0-*.*.-*.**-.-0-1-*.*..0*..-1-*..**...*-*..1..-01*..-.*0**1*0.
--**-*.-...-..-*.*01--0-..0-.11*.1..0.*.-0--.*..0.-**.0.**1.-.0010-1-******--..1.**..0...**0..0.-
-*0*...*1...0-.***01-..--10*..-...*0-.0*..*.--.......**-00***.*...--*.--*1.0.-...-.0*..-1.-0..**.
*--......0-.*.1-0-*1...*..*-.*.*.*1.*-0..10.1*.-.-**1.0-..0.-1....1*.---0.-...--*..*--.*1.-*-.*-0
.*0*..1**-.*1--...*.-*.0-.--0*0*.-..*-..*-----1**-0--...*0..--*-*-*.-..-.0**--.-0*-.-**..*0.-0.**
.0-..*.*...0*.....--0-1.---**..0..*1-.0.0.--0*-.0.**..*0-...00.0--.***-.-.1.0*-0*--1-*---1-*.-1.-
00-.-1***..0*0..--*-0-.0-..1..*-..***.-.0..*10.--.-.1-1--*.**.*0*00---*-1-1--*0.0***.*1.--..*-.*0
-.*-**..*..0--..00*.**1-****--00-***---*..0*.**1*..-00.-0--*0.---*1--.1-0.01--*.-*01--0*.-1**.*-.
-.0*.-.*.0.0*10--.-11--..0.*-.*-**.-0***-.-..-*..-...-....-.-0.1--.*....1*000.-1--..*.--*0*..0-.-
..-.--.*--1*1.-*.0-****--*-...-1-.-0*1.-.-...0*.--0-0.-0.******.-.1-.*.1.*...**-0**.**-0-..*.-**-

Generation = 3, Population = 3023.
**-..-**.-.1.***.10*..--.**-11...-.-..**00.*.1-.-111*1..-0-.-.-....1...-.....-.-.0**-**-.-1-**1.-
-*.--.-*--0*-.--***1..--..-.**0-1*1***.11.-01..0**-.*.1..-...---.-.-..-..*-.*.1..-1.0.1-1....-...
-.*-**.1-0-*.****.*..-1****-..*-****1..1..1..*-**.1*-***1**--***.*1.0*--**-.*..1-..*.-....1..*.*0
*.**.--.1.*-.*.----.-.--...-0--0*-..0--.*1..-0-**.1-.*-..-*..-..*.-***.*.*-*.1*-.-0.-..-.101*.0*.
1.1.**1--.-10*....*.*1*-1.1--...***-0-*0....----*.--.1****--..1.*.0*1*0*-*-..***..01*---.0**-.00.
....*0..*.-.**.-.*--..-1..1..-1-.1-.-0-.0*.-*.0*1-..-..-..**-.*-.*1****0.1.*0-.**.*..-11**-0*---.
*1.---*.*.0..*.*.--.**---.11100.0*---.***.*-...---10.-.-.*.1...0**.*00*1-*..0*--0.1.1*-*..*0.**-.
-..1.*-1-0**0..-011*-0-..--..-1*---..1..**.-.**.*.*0..-.*.-.0-.*--*..1*..**.*1---.0.-0..*--*-.*..
.-1--*.0..**01.1--..****-*-1..*1.-111.0.-...0*11*.-*-.*.*.**...-1--.*1.--***1*-.-**1*..1--.-.*-0.
-.-.0*..11-**.0.0*-..110-.*--*--...-....0**-.--*-01-0*-**-1-1-.--.-*.-...-*-..*..-.-0*-*.-.*0..**
1-.-.--.--10*10..*...--*0.--0.---.---.-1.1-*-*..-.--..0*.*-**-0**10-...-.--..-*....-*.*-0.---.-1*
1*.--0-.-.1.1*11.*.-...-*--.1*00*.*.-0.11-*.*.***-*0..1-*.--..--.0.---..0-.*0.1...-...1..*......*
-.1-***11**--..1-**..-.010*1.*-*--*-.**.--.**1.01.*-..-.*1.01..1**01**-1*0-*.1*1.--.1*..**-1*1*11
..-**..***0...-0.--...*.-*.-*1-.--*.**0.0-0--.*-**-0*.-..*.-..1--*.-11*0.*.--.1.*-*-...10*.-.-0-.
01-*...-*0*11*.1...-.*.*10*.1.11-...0-*.00.1.1*.0.-*...1-0.-0*.0-.0--.--...1...--0-...*...*...-*.
-*.-..-01.*0-....*0.*...**--1...0*..**1***.....-**.--*---.-.***-.-*..11*.1.0.11.-.*......-*...-1-
1-1-10.*.-1.**.*.--..-.1--0.1-0*1.....1-.*..1*.-01-*--1....-...1-**.*..-*.*...0.00*1*.*1---*-0..*
-1..*.*-.11-1..--*.-..--.-11..-1-..-*-*...0-**-.-0-***---0.*.***..*10...-*00.**.0-.--.....-0*....
*.-1-.*0..*..*.-.**.--*.*-...*-*.....*.0**-0...0..-*--.****-0-.--.*.****-1..-1.*.0--0-...-.-.1.-1
11-.1010.**-1-..**1-.-*10..***00.1-.*0-*.-.-.**-**10-.*.-0..1-..-*..-1-*.***-1--..-..-.1*--..--*0
.10-.1*0*--.-..--.0-.--.*-10-**-..0..*--*..--1----01-..*110-*00--..--.*1-..1.*....--.-1.**-.-..-.
*0***-.-**0.10.00...**10.*---.*..-1..10***-.1--*-.0.1-.--.-....**..1**0.*....-.*.-.*...10.*.-0...
*..-1**1...-1****..-...-.0..**-.*.*.**-1.***-***.0*-.-.10..----**0-.**.0*-....1*-.*.*-0.0--*.*0.*
**1*.**....11.-*...-**0--1.*-0.*.*-.-.0..*.-.***0--*-..*.*0...1.*1.1.*-.-.......0.*--*00..0-**-**
.**---.1*...*1.0*-*.-**11*..0.1-.-0.*1*-1...-*.0*1--0..*.---*--**.1.**0-.1.10.-..1**0-0--.*..*10*
0*-.1.1*-00.0*...-**-0.1-**.-.**0**..*1--*-.1-.11.-*0-.---0..-1.0-.*11-..*.1.*.-...-.****--.*..-0
--....*-.0-.**..1.0*.*.*.*.-.-1--...*...1*0.*.-*0--.*1-.**0-.-..*.0*.0-*-1--..-1---.1.*1-.0**--.-
-*-*-*.***-.1..*0---**0*.*.....-*-1-.*.*1....-1*1-.-.11*..-1-1-*.-...10.0-..*--.0..-.*.....*.-0-.
-*.1.*--*-*.*1.1*****1-.01*-..--*.-0*.1.-.1..***.*1.--*.10*.1*..-.0-*.*-.*11.*..0..-*0.-..1-*0...
.-*0-...---...1--..10*.0-0.*--.-.**-.-1--..*-*..1-0*.1*1-.-...1.0*-0..*---.*-0..--...*-01**..-.*.
..1-....--11.--..*.-**..*.-.*-....-.....*-.-.*--10*.-*.-..1..**.-....--1.***00.-.*..0-**0-.1.-*-*
0*--..-.1-*....-.....*0*....1....--...-*-.-.*.-0.*.--*-0*..*-*.-..0*.*...1.-*-11...**0--0.-*.----
*-1..*.-...-1*.*.*.*...*.1.-1*1-0**..*00..-.-1*.***0..1-10.0--**0.-..**0*1*....-*-**-*-*-*-**-**-
1*-**.1-1.-0.-.-**-....--..010*.1.*.**0*10.-***.-*---....-....-1-.....*000..0..*.--*.-10.-0--***.
-.0.-**.**.**.0-0...--*-00**.--.*.*00...1...*.1.*-..-..-0..0-0*...**-*-.-00*-......**.-.*--.*....
.-**.*.**--1-..10-..0--*-....-----**.0.*-..-1-*-**..-...1.**...**.-..0*..**00*..0...-.*1**0.*-10*
*.1..0-**101.*..1.1.-..*.*--..*.*.1.**11...*..0.*00....--**--0...***0..-.*--**-*.*--***..11.0.-.*
-....*1**-0*.*.*.1*1-1..-0.*-..-*.1-..*..**1.*-*.-*..-.-**.0..---....*-1---*.*.1.-*-.0*-*100*.-0-
1...-...*-1.*1-...-*.-*..**-11*11-0.-0.-.**--.0.0.-1*..**-.10...-..*-1-*.-*--1.-.-0..1-.1..--.11-
*....-.---****-*0.**-11***0--.0*-1-.*00.11.0---1.*--..1---....-.*-..-*-*--*1..-*0*.1*.*110**.1..0
-.-10.-*..01..--*....*-.--...1.***--.1.-.-...*--.*-.*1-.1*.--**.001.-.-..-..*.-.--*...-*-**.*1-..
-1*.0.**..11.-0**1-0.-..-...-.*-*....---***00*-**-*.-.*.**-0..-.....*.1-1.*.-1..0*-.*0**1*...*--*
*-0---.**1-*1-*-0...*.---*--.....-**-0-1.-*.***1*1***.*.**.-*...**.0--**1*-.*--**0-*0..1..0*.-.*0
*.*-0-.-0-*-**0**0*-..--.1.**-****1*0..00*1.*0*0.......--1.0*-..--01-0--*.*-*..-.*...*..1....-.*0
-.-*0..1.1.0*.-1*.1-*.---....--.1--.1.--10.-..-0*-.-.*......*0*.11.1.*.***..10-1.-..*0.....-1.0..
--*..-**1--.*1.1..0.010----.-.1.1..1..1.-0...-**0.*-.*1.....***10.**.*..-0..--...*1.--*.1-.1--*.1
-.........--.-.*0...*0...0.*........-**..**.0..**...-......**.0.**---*.*.*...-.--.-*..*.-.1*-.-1-
...*.-1.*.--1.10..**--1*.0**00-.-.1.1**..00.-..*.....-.-.*.-....*--*..1..-.-.0..---...-*...-..1-*
.0**.*.-1.1--011-*..**--.*--..---*.0-*0..-....-**1.--1-*-*0..0.0-*-11.--.-1....***0.-..*0*1*-..**
.*--**1....-.....**.-0..*..*.--00--.**-.....*...*0*01...1.**...01*.**-..1.*1..*-.0*..--*0...1..0.
0*-0---..1-*..-*..01--*-....0--*-.**.0-*0.-***--0*0-...1........---.-0-1..1.-0**..*1.*..1.-..*-.*
**-.1..-*.-*.....*-1..*.---*..-..*0.**.--**.-10**.**.*01.*.**...-0-1.-*1..-.**.-.1....-..01..-1..
.10.01.*-1..-*-.01.*.0--1-.1.....0.**.*.*1**..-*.-.-.0..--0**...-0..*0.-.1.--.-.0...-....*--...*.
.-.0-**0.1-....-**.*01*..11------...*.*0.00.0-.-...*-0*0*1**1..**-*-.*1-*-...-.-.0.1...11.0*-..1.
*1***.*11..-..*...*-***..0-...*1-...**-..*-...0..10-.-1-0.0**.-*.**-..*..-..1**..-.--*.-0*.*1--00
**---...1......*.0-*1-.0-*01*--....0.0*.*-*..*.1.*-..*.-.--**.---*.**..*1***-....-.0*****1.**1..-
01*0..1.0*-*-.*.**.*-.00-.0-..-..-**.0..*-*...1.10......--0*0..*1*..-**-.0-1.---...*....1.1..--.-
-.-...-1.**--1.*..0*-*.-1-1*0.-0--..*.10..*.-1.-**-.*0-1.---*0.0***-.0.**.1.---**-.1.*1-..****.**
..-.*.0**-*101-...-**11.11.11.01-...0..1*10-1.-.*-*1.--**-1..*01.-01-*.---.*.--*-.*.0*-*11...---*
..-..*.**..11*..1...-*0-..-1.-**0.1--.-.**0-.10.*-*..1--.*..-.***-.**01.*.-...*0*.*-*0-..1*1**.--
-.1-1*-.-0..*-.-*---**0*1.1.-..--0*1-.-1.**-..***--.0.0-....10-....1.--..-*.-**-.*1.*.*-*0-10*.--
*--.-....-1.-..--*.*-.-.1.-...1.*.-.10*-....*-.-.-1...101.*.-..*......-1*--.--0..-...0*11..1..***
--*---....*.--01--***....*0****1**-***.--....*.*--.1*.-1.*-.--.1-*-..**0.*1--*---.-....010...1*1*
.--.*1*1.1111*.-......*-1-*0--.0*.0---.*.-..-**-..-...*--10....-..*--*.*.*00-0.....1.1.--.-.--0*.
.1..11*0****11.....*.1**100-*-*1*..-10--.1-.0-*.-0*00---0..-*0.1...*-.**0--*.**.-....1***.*-.**.-
1..**.--.-1-..*1*..*.0-.-*.1*.-*--.*.***.-....1*.1*.*-0*.......0*-11.0-.-1*..*.*.*..*.-.-.*......
**...1.*.*-1-..00---0-00.-.-...-..1.-.0.0-.*...0.-.-.-.*.111-*-.0..0.*...-*-.-*-00*-.1***0-.-*0-.
1*-.*.**.-0.*..*.*---0...*--..*-1*1--**..-*...0.-1-*0.....-...0*1**....*..-*..**.-1-*..0..-..-*1.
--..0.*-...-**0*..1--0-0.*1-.*-*.*..-...0-0-**..-.0*..1...*.1*-1-----.**...0-..-.*...-..*..1..-.-
-*1**...*...10*...-*1..01*-***0*...10.1**.**0-....*...*--1..*.*.**10**1-.-.-.-..*0.-*..-*.--***..
*1-...*..-0.*.-010.-*.*.***-.*.***-.*-1.**-****1.0***.11..1.--**.*-*.--01.0*..-0****-1**-.-*0*.-1
**-...***-*.*00..**.-*.10.0--.-*.0..*0..*-0--1***--00**.*1..00*0.-*.0..-.1**-0.-1*0.0***.*1*0-..*
.--.**....*1......-010-*--0*...1..*-0*-.-*---.-.1.**.**1-***-1.100.***-.1.-.1*01.1-*-.1-1*1**--.-
1--.-*..*.*1.1..1-*---.--*.-.**0*...*.1.1**.*1.0-*0.*1*--.*...*1.1--0-*-*----.-.-....*-*-0..*1**1
0.*0**...*.-0-*.1-*...*1**.*00110...00-**.1*...-...0-1.0--1*-.0--.---.*--.1---*.-.1----**--.*.*-.
-.-**1**.-.1.-1-0.--*0-*.-.*0.*-.*.1-..*1.0.*0...-.**0..**0.01.-00.*..*.-.111.1---..*.00*-...-1*-
..0.--..1-*.-.-..--*.*.10.0...---.01.-.1.-...1*.-0---.0-..*****.-.--...-.*.****01*.***---**..-*.0

Generation = 4, Population = 2999.
**0..0**.-***.**.-1*..--...---*..0*0***.11**.-0.----**..0-0.-.-....-...-.....-.-.1**1**0.1--.**.-
-**-1*-*0-1*1.-0...-..00..-.*.---.*..*.*-.--**.-..0...*..-*..000.0*0*.-.**0..*-..-*.-.*--*.**-.*.
0.*0*.**0--*.****.**.0****.0*.*0....*.**..-*.*-...-*1..*-**10.*****.-*0-.*0**..-0.**.-....*.**.*1
..*..-0*-**0...01--*1.-1..*0-0-1.1..-01.**..01-...*-..1..0*..1..*.1....*.*-..-.1.01.0..-.--**.-..
*.*...*1-*-*1.*......-*0-**01.....*-11*1....1000..0-.-****10..*.*.-.-.1.-*1*....*.1-.100.1..0.--.
*..**-...*0....0..--..--..-.*-*0.--.--0.-*.1..1*-0..-.*0...*0.*-..*....1.-.*-0..*.*..-**..-1.--0.
.*.111*.*.1..**..-1***00-.----1.1*0--**...*0...1-1--.-.-.*.**.*-....1-.--*..1.0-1.-.**0....1.**0.
0**-**0*11..-..01--*---..01..-*.-00**-..**.-*...*..1*.1**.0.-0.*1-*..*.*.....*1-0.-.01.**0-*0..*.
.0---*.1....-**-0-.*...*-.0-.*.-.1*-**-*-.*.1.**..1.-**.*.*.*..--00**-*-0...*.-.1**-...*--.-.*11*
1.0.1**.**-...1.1*0.*-*1-**--*-0...0...*1**-.--*01*01*-..1*-*0.1-.-**0...-*-*.*..0*-1.0**-..1....
*-.-*--.0--1.*1..**..0-.-*011.100.1--.1*.*-*1*..0.-0*.-..*1**-1***1-...-.-1*.0**...0*.*0-.-01.1-.
-*.--1-*0.-.-.*-.*.-...0.-1.-.-1**..01.-*1*.....*-*1..*0..--.*0-.-.000.*1-**1.-...-.*.*..**.**...
1*-0...**..00*.--**..-.1*1**..0*-1*0....--*.**.-*..1*.0**-*1*..*..--..1-.--*.*.*.-0.***...-**-*--
.*-.......1.*.0-.00...*.0..-.--*-1..*.1.10-00..0..1-*.-..*.0..-0-..--*.-.*.--**.*0.1.***1..0*-10*
1--**..0.1.*-.***..-.****-*.-.**-*..--..1-.-.**.-.0*...--1.0-..-0*100.--...****---0....**.*...-*.
0..0*.1--..-0...*.1...*...00-...-*..*.-.......*0...-1.-0-.-.*..0*-*..*-**-.1**-*1....***.0**..1*-
-----1.*.--.**..*-1..-.---1.*-1.-*..*.--.***-*.0-*-*-0-....0...*-*..*.*-*.....-.--*-...*0--*1-...
0-*.*..1***-*.*00**-..00.0-***---..0.0*...-0.*0.-1-*.*-0-1.******..-1.**-.11**..11.0-*....0-.*...
*.0-0..-....**.-....-1*.*0*..*1*.......-**0-...-..-.-1**...01-*0-**....*--..1-.**-00-0...-.1*-.-*
---**1-1.**---..*.*1.0*-1.**..1-*--.*1-*.1.0***0***10.*.0-..--..1...-*-..*.*--00..-..-.**--..01*-
.*--.-.1.0-.-*.1-.10.0-..1*-1..-.*1*..-0.*.--*-00-1--..*-*1-*-1-0..00..--*.*..*...-0.0-...-.-..1.
*1...1.0.*1*--.--*...*-1.*-01.**.0-..*-...-*-0-*0.-.-0.--.0..*...*.*..-.*....1.*.-.*.***1.*.01*..
...0-..****-*......-...0.-..**-**.***.-*...*0....1*-.-.-1*.----..-0....1*0....**-**.*01.110*..1.*
*.**....*..**.-..*.0*.----.*-1.***0.-.1..*.0....-0-*-.**.*1...-..-.-..-*0......*-..-0.-1.*11..-..
...-01.-***..-.-*-*.-..*-..*-.*1.01***.--*..-*.1.*101...*1-0.11...-...10.*.-1.-..***1--11*....-1.
1*-.-*-.1-1.1..**0..--.-0.*.0.*.-**...-00.-**-.**.0*1-.10-1*.1-.-0..**-..*.*...0..*0....*0-.*.*-1
0-*.*..1.--...***.-....*.*.-.0*--.***...-.1*.*-.10-*.--***--.0*.**1*.-1*0*00*.0----.-..--.1.*00.0
0.-.-*.*..-.-...1--0..-*.......0.---.***-.**.--.--.-*-*...0-1*-..-*..--.-0.**--*1..-.........--0.
0*.-..0-*1.***.-.**..*-.1-.-..-1*.01*.*.0.-.**....-*-0..*-****.*1*-0*.*0.*--.*..1..0*1.0*.*0*1*..
.-.-0...0--.**--0..--..--1.*--.-.**-.1*10...-*..*-1**-.*-.-**.**1*0-.**---..0-*.00....1-*.*.*1**.
..*-....11-*.-1....-....*.-**0....0....*.1.0.*0--1.*1*.-*.-.****0*.**0--**..1-.0...*1-..1-.*.1.0.
-.0-..-.--*.*..0*.*..*-*...*-....00...-*-.-.*.--...00*01*..*-*.0..1.**...-.-*0****...--01*0*.--01
.--***.-.*.-*....**....**-.-*.---.***.11..-.1-.....1..-0-1*10-**1.0.**.1.-**.**0*-*.0*0*1*0**0.*0
-.-**.*-**11.0*-.*0....00..-*1*.-.....1.*1.0*...1.-0-..**0*.**1*-...*..111..-....--..-*-.---0..*.
0.1.-....*.**.-0-...00.11-**.00*...1-...**.**.-.*0..-..01**1-1*.*...-*1.-11.0*.....***-..--.*...*
.0**.*...0---***10..-1-*-....-0--0...1.*-..-*-*-..*.-...*..*.*.**.-..-*.*..11**.-..*-.*-..-.*-*-*
.***.-0..-1*....*.*.0.*...10...*..-.*.*-*..*..1..1-....-1..00-..****1..0**-1..-*.*-0*....**.-.0.*
-*...*-..11..*..**.---*.1-.*-..-*.-0*..***.-**-..-*..-.-...1..---....*-*00-*.*.**-*0.1.-**1-**-1-
*...-.*.*--..*0*..0..1.....0*-.*-01*-1.-...0-.-.-*-*...**-*-1...0...---**0*00*.-.-1..*0.-..-0**--
.....-.011...*-*-***--***.-00.-.-*-.*-1.*-.-10--.*00..---0..**1**-*.0.-.01***.1.-*.******1.*.*.*-
0*-*-*-*.*1*.*00...*.*-*01...-...*0-***-.-...*0-.*-..*0.-**00..*--*.0*0*.-*.*.-*-0*...0.-....*1..
-**.1**...-*.0-..*--*0..-...-.*0*.*.*---***-1.0..-..-.*...--**0*...*.**0*..*0-.*-.-.*-..-....*1-*
*0-0--*..*-.-1.--..*..--1.01.**..-..0--*.0.....-.-**.*.....0*....*.1--*.-.1.*-0*.1-*-..*..1..0*.1
..*010.01-.-..1..-*0..--.**..-.**.*.-**-1.-.*1.1..****.--**1.-.*-01*-1-0..*-*.*-.***.**.-..*.-*.-
1*0.-***.-*1..-*..--*.0--....--.--0.**1--1.-..01.1.-.**......1..-*.-.*.*..**-1--*-*.*-**...--*1.*
-0.*.0***--***.-..1.1*10-1-.-.-**..-*.**--...0*.1..0.**........-1..*.*.*--*.00....**1-**-0**-1*.-
-.....*.*.--*0..1**..-.**1.*.*.....*-..**..*-....*..-......**.1...--1*..*....0.--.-...*.0.**1.1-0
...**--*.*01-.-1.***01*..1.*-10.-.-**..*.--*0.*..*...1.0**.0***..01*.*-..1.-.-..000...-*...-..--*
.-.*...0**-0-1*--*..**-0.*--..-0-**--.-..0....0*.-.0---.0.-*.-*1-*-*-*0-.1**..***.-.-.*.1*-*-.*.*
..-0.**..**0...*.*..-1*......-1-1-0...-*...***...-.-*.**-.**..*--*.*.-..-.**.*.0.-...10.1.**-.*1.
-.--010..--...0.*.--0-*1...*-00*-.*..--.1*-*..--1.10.*.*.*..*...1--*--1****.--.**..*...**.1..*-*.
..-.**.-**0.*....*0-.***0-0**.-.**-....00...---...****--*...*...11--.0.-*.0.**.1*-*...-.*-*..--*.
*-1.--.*0**.0.0.-*.*.100--.*.....1....*..-..**-**-*-.-..01-..*..-1.**-.1*-.-0.-.-**.-.....00..**.
*-.1-..1.*0....0*...1-.**-*---00-.....*1.1-.-1.1..*.--.-*-..**.*.-*0*.--.-...0.-.-.-...*-.1*-.*-.
**.**..*-*.-...*...-...*.-0....*1..*..0...0*.*-.*-1-*0*01.-..*0*...-*.*..0****...0*--*.01...--0-1
..0-1**.-.....**.10.--.1-*1-.01...*1.1***1*..*.-..-....-.-0..*---..**..*-*.*-*...-.-.**..-...*..0
-**1..-.-.1.0.*..*..-*1--.-0..-..0**.1..*-**.*-.-1*.***.-01.1.***..*-*.0.1-*.--1..**....*.*..--.0
0*0*.*0*...1-*.***1.1..-*0-.-*-10-..*.*-..*.--.0..-**1-**---.-.1...-.-.***-*--1**1**.**-..***..**
..-..*1..1.*1*0...-*.--.-*.*-.-*-..*1**-.*1--.1.*0**.-1**0-.*.1*.---0..1--...--.0.*.-.0*--...---*
..0*.......--...*..*1.1-..-**0*.1.*-1.-...10.*-.*-*.*--0**..1...*1...1*...1..*.1*.*-.--..*.*.*.-1
0.--**0.--*.*-.0*---*.1.-*-.-.*101**-*--..*0..*.*1-*-.1-**..*1-.*..*.10.*0..0*.-**-.*..0.-1*1..10
.1-*0....-**1..0-*..0.0.*.-.*.*...0.-1*-.....-.-*0-.*.-1**..0.*.*.....--*--.-11..0...1.**..*....*
00.010*.....1-1*1-***..**.1.**.*..1*...0-...**..1-.*.*0*..0.--.*-.-..*.1..--0*---.-.**.-*1...*.-.
.01***.-.--**..0..*...*1*-.-10.1..----*..0..-..-..0..*.---1...*-*.*-1*....1---.....-**.--.0.-01.*
.-..**.1....*-.*.....-..*1--*-*-.*.-*---*-1.-0..0-.--1---*.0.1****.*0*.*101*.*..-....-**.*.0.***-
*.**..0-.0*0.****..*.10.-*.***-*--.*...**0...*-*.-..*-1*.***.*.-*-**.1-*-*****.*.**.*.-.-.*......
..**.-.***---..1------11*-*0...1*.**-.-.-0.....1.-.0*-****-*-.-.-..1..*..-*-.-.-11*1*****1-.0*--.
-*0.*..**--.*....*---1.*.*--..*0*.-01**..1*.**-.1-0*1....*-...1.***....*..-*..**.1*-.*.1.*-..-**.
0-..-.*-...0..1**.---1-1..*-..-..*.*0...1--1**..-*-.***....*-.-*1--10..*...10..1.***.-.**..-*.-*-
-*-**..*....*1...*-*-..-*.-*..-..***-.-.....11......*.*-0-*.*....*-1**-1*-*-.-.*.1.-***-*.-0..*..
.*-*.**.*01...11--.-*.*....-.*...*1..1*...-....-.1....**..-*--....-..1-1*.-**.01....--..-*-.-.*1*
**0...**.-*.*-1*.**.0..--.---.0*.1*..-***-----...-011....-..11.1.0..1*.0.*..11.0-.-.1.....*.1-...
*0-.**..*..-..*...01---*---*...-.*.-1.-*0.0-0.0.*......*1..*0*.*--....-**.1***-*.*0*-.*-*.*..-1.-
*01.0.*....-.-.**-*-00.--*.-...-.*....-.-...**.-0*-..-.0-...**.-.*0-10*-.01-1.-*-.*...1.-1...-***
1**1...***.0-0*.--.*.***.*.*11-*-*.*-10...*...*1...1--.---*.-.1-0*-00.*00**-10..-.-100-..--.*..0*
0*0..****0*-.1*-1*0-*-0..0..-.*-**.*-...-.1.*-*..1**.-.**.1.--.111......-*-*-.--00*.*.11.-...0*.-
..-*10**--..-.0..-0..*.-1.-*..0--.1-.-.**-..*-*.1-010*-0..*...*.0.-0...-......*--..***-0-*...0*.-

Generation = 5, Population = 2939.
*.-**-.**0*.****.1*...10...-11...1*-*****-***--.--11.*..--1.-.0...*1...-.*...0.-.***-**1**11***.-
0..0-.-.---.-.0-.*.-**--..-**.-0-**.....-*00.**-..-...***-..*11-.-.-**1.*.-.*.1..-..0.*-1*.*.1.**
-..-*...--1..*...***.1...*.-..*-*...*.....1*..0...1*****-..-1.......-*1-..1**..--....-....*..****
..*..01.1*.1...--0-**.0-...1--1**-.*0-*.*..*-*-...*-.**..1...-....*..*.*..0.*-.-.1*.-**1.1-...-..
..*..**--.-.*.*.*....1*--*.1-..**..-**.*.***-11-**11.1....*-..*...-.-.-*0*-**..**.-1.*1-*-*.1.-0.
*....-....-.*..-..10*.--*.1.*-*1*1-*00-.0..*..-.-1*.-.*-....-.*0.......-*-.*0-..*..**0..*.0*.1-1.
...--*....*...*.*1****-11.1-10-.*.---****..-*.**0*10.-.-.*....*-.*.*--*-0...-.1--.1**.-....-.*.1*
1..1..1.**..-..1-1-.-00**1-..-**-1-..1.***.-***.*****.-.*.1.0-***0*..****...*.---.0*--.**1-*1....
.11-0..*....0**1--.**.**0.-1.*.1*-.-.*-*1.*.***...*.0...*.*.*..--11..-*1-..**.-.-.*1*...00.1.*-**
*.-*-.*.**0.*.-.-.-.*1*--..--*01...-**..-..-.1-.1-.1*.-.*-.0.1.*-.1..1...0*0*.*..-.0*.-.*1.**....
*-.1*01.--1-.**....*.--*0.--***--.--0**...-*-...-.11..0.***..--.***0..*0.0*..1**..*1*..--*-1*.-1.
1**1---.1*-*1.*1*..-..*1.1-.1*0*....1**-**.....**-**..*-..--..-0.0*1-1***-..*.1*..0.......*...*..
**--..****.11.*-0....-*-.-**..1.1*.1...*-0..**.-*..-*.-.*1****.*..-1..--*0-*.*.**--.....**-..1*-1
.*1**..*.*-...1-.--..*..-..0.-0.--.*..-*-101-..-.**-**1*.*.-..11-**1-*.-..*--...*1.-....-**-*--1*
*-0***.-.-**1.*.*.*-.*..*-**-.**-**.--.**-.1**..-.-.*..10*.1-..0-.*-1*-0*.**...----.*.......**0..
1..-..-0-..-1.*.*.*..**...11-***0**...-..**.*..-*..0-.0-1.-**..-.-...*1**1.-..1***.......1..*.**0
--101-.*.01.*.*..0-*.-*1--*..0-.1.***.1-..**-*.1-.-*111.*.*1....-*.**..-***...-*--*-**.*1-0.*-*..
1-..***-**.-..*-1.*0.*-1.1-...01-..-*1..*.01.*1.0*-..*11--........*1*.*.-.*-**.*-*.1-.*...-0.*...
..11-.*-....***0...*0-...1....**.......-**10...0..0.--....*--0.--*...*.*01..*-...01--1*..-.**1.-.
11-***-*.**01-*..**-.1.-*...*.*0*-0***-*.-.1**.1..*-1...--*.--*.*.**-.0.*..*-1--*.0*.-*..0-.*1-*-
**00.-.-.-0*1..--.--.--*.-.-*.*0.*-*.*01...--.1110*-0***1*--.0--1**-1..--*..**....01.1-..*1.0..*.
*-*..-.-..**-0.00.*.*.-*.*11*.**.11...0.*.0*11-*-.-.1-.00.1*.*...*.**.-*..*..-.**0.*....-.*.1-*..
*..11.**...-*.....*0*.*1*0*...0....***-....*1....-*-.0*-*..--1-..--....-.1.....*-.*..1-.-*-...**.
..**........*.-..**1..----.*0*....1.-.-.*..1....0--.-..*..*...1..-.-..-.-.....**0..--.-*..*-..0*.
*.*-1-.1*.*.*-.-.-**0...-.**-..-.1-.***0-*.*-.**..*--**..--1.-*...-..**-.**--.-.**..-10-*..*..--.
-*-*1*1**0**-.*..1..--.1-***-...0....*111*-*.0.*..-.-0.-1-**.-1*-1.***0......*.-.*.-*..*.--**.*1*
-1..**.**-0...*...-....*.*.-.1*--*****..1*-...0*-10..--...00.1*.*.***-**-.--.*-10-0.-..-0*-**--.1
-.0.-*.*..-.1**.*---..0*.......1*---..**-**..--.10*0*1*...11-.-..0..*--.--...--*-..1*....**..-0-.
-*.-.*-0**.*.*.-***...0.--.1..1-*.--*...1*1***....-.--**.-*.....*.-1*.*1*.11.**.-..1***1*.*-.*...
.1.0-...-1-...-0-*.--..-0-**-1.0*..-**.*-*..-....0*..1**0*-.....-.10...-0-..10*.-1*...-0*.*..-.*.
...0....-*1*.--.**.-....*.0*.1....-*.....-.-.*10--..-..0*.-.....1....1-1...*--.1..*.*0..--...*.-.
-.1-*.-.10*.**.1*.*...-*...*1*...11...-*0.-**.0-...11.-*....-..-..*.....*1*-.1...**..0---.1..-01-
.--..*.-*..-*.**...*.....1.-*.1--***.*--..-.-1....*-.*----.*--..**1....*.-**...1.0..1*1.*.1..1..-
1.-....-*.--.1*-**-*...11..-.*.*-.*.***..-.-.*..**010.*..-....-.1*.**..---..0..*.-0..0.-*10--.**.
-.*.1*.....*..01-.*.1-.*--.*.--*...-0.*..*....1**1*.-..--..-0*..*...-*-.1-*.-.*....***0..--**...*
*-..*....1---**.*1.*0*1*-*..*-100-..*-**1**0*-.0*.*.-........*....0**-*....-*.*.-...1..1..0*.-.-*
*..*.0-..1-***....*.-.*...*-...**.-**.*-.*.*..*..-0....0*.*11-.*******.-..--..-*.*11.*..*.*.-.1.*
-*...*1*.*-***..*.*-0-**-0..-..0**--..*****1**-..0*..-.0****..---.***.-.-10..*.**0.-.**0*.--*.---
....-.*..01.**-*..1*.-..*.*1.1..1--.--*0.*.-0.-.0*-*....*0*1*.*.1*..010..-.-1..1*-*...-.-..--..1-
**...0.-*-....-.-*.*01...*0--.-.1.0..-**.1.-*---**--*.10-1....-.*-..1.0.-*....-.0*.**...**.....*0
1*0*0*0*.*-*.*--.*.*.*0.1*...-.*..--*.*0*1.*..-0.*-..*-.1**-1...-0*.-.1..-....-*--*...1.1.....-..
0...*..***-*.--...00.-**-.*.-**-*.*.*-0-***--.1..1*.-.*...10..-**..*...1***.11.*0*0*.0..-...*.*-.
*--110..*.0.1**--..*..-0-.-*.*...-..1--*.1***.*1.1*..**....-...*.*.-00..1**.*--*.*0*-**...-.*-..*
...1--.-*-*0..-..0*-*.0-.***.1**.*..0..0-*-..*.***.....-0.*-.1..-1-*-*01.**1*.*-.....*..-...*0..-
*.-.-....1*-.*-...--*.1--**..--.-01.*.*---.-*.--.-.-......*..-..-*.-.*.****.-*-1.1...0..*..-1.*..
-1..*-..*1-..**1*.*.-.*-1*0.-.1....-*...-0...1*.-**-***.....**.1-....*.*-0*.11*..**.--..11..0-..-
-.**......00.-*.*....-...*...*.*...*1*..*..*-.*****.-*.**.**..**.*00**..**..*1.-0.-..**.-...*.*-1
...**0-...---.--....1*...-..--1.-.-**..*.00*1****.*..-.1**.1....*--*..-.**.0.0*.--1...0....-**-0*
.-**.*.-..---**10*....--*.10.*0-0**-1.-.*-*...-*.1.--11.1.-..-.*-*0*-*10.-.**.*...0.-**.-*1*0.*.*
..01.....*.-**.*.*..1-..*....-*--0-*..0..*.*****.-*0****-******--*.*.1..1...*..-.-...*-.-..*1*.-*
-.-----**--...-**.01--.-*.**011.0.*..--.-*-*..-0-*--...*.**.**.**00.0-***...1-...*....*.*.-...0**
..0**..-..-....***1-....1-1..*0***-....1-*..01-**....*0-....**..--0-.-.1..1.***-.1**..-**-*..0-**
.--*01**1...1*-*-*.*.-111-..*..*.*....*..1..**-**-*-*0.*1*0..**.-*...-.**1.11.-.-**.-.....1-..**.
*-.*-.*-..-*..*-*...--..*-*--01--....***.--*--.*..*.00*-.-..*..**-*1..11*0*..1.-.-.-..**-*-*0**-.
**.....*-**-.....*.-..**.--*.*..*.***.-...-*.*0..-*-.-*--*0...-*..*0....*-.*.**..1.10*.-*...--1-*
*.1--**.-....***.-1.-0.*-*--.1***..*.-..*-...**-..-....0*-1**.0-0..*...*-*..1**..0.0***.*-......-
-..-..-*-.-*-......*-**-0.--**0**1...*..*0.**.1.1**...**-1-*-****..*0..-.--*.1-*...*...*.**.*0-.-
1.1*.*1*...*-..*****-*.0*-1.0.--1-....*0....-1*-..0..--..10-.-.-...1*0.*.*-.01*..-..***-.***...**
..-..*-*.-**-*1...-..-1.-*.*-.-.1*..-.*1.**--.-.*-...-*..-1..***.0-1-*.*-0*..01.-...-*-*11...1--*
..1*......*1-.*.*..*-.*1..0**-..*..-*.0...*-**0..-..*10-..**-.*.**...-..**-.****..*1.-0**..*...--
-*11.*1.-0*.*0.-.---*.-.-.1*-..-1-..0*--..*-*....-0*0*--..****-.*...*--.*1..1..-..-...*1.-*.*..*1
.*-.1....0*.*..--**.-.1.*.0**.....-.1-*-...**1.0.-1**.1-..**1.*.*...**0-*--.0**.*1...*.*...*...**
11.1-1*...*.--*.*0*.*.....-....*..-*.*.-0.......*-**.*-*..1*0-*.1*1.***-..111*---.-....-***.***-.
*--....1.-1**..-.**...**.-.0*-.**.0001.**-..1*.-.*-..*.1--**.*.-..*0-..*..*-0-.....1*..00.-.01-..
.1.....-.....-.......1...-0-.-.1*..-.00-.--.01*.-0.--*-00*.1.-......1..*-1-..**.-..**-*..*.-**.*-
.**..*-1.-*1**..*....*-.0....*0*-0.**..*.-*...-**-.**0-....*.*.-*0...*1*0....**.....*.-.1.**.....
....*-*...-10*.*-1-1-0-*.-.-.*.*.**.-*0*--..**.**-*-.-*...1*0.1*-..**.***-.0.1.1*-.-...*.--.1*-0.
-*-...*..--...*...0-0*...*00..*1..-1**..*-*..*0.-11.*....*0...-.***.*.**..-**.**.*.1.*.-.*0.*-**.
-0..-**0*..-..****-10*-*.**-..1*.*..-...---*..*.-*-...**.***-.-*-0---*.*..*-1..-...*.-...*.-.*0*0
-*-**..*******....-.-**-..-...-.*...-*1....*--......*..0--*.*...*.--.*-*.-*0.-.*.*.-***0**0-.**.*
..0*.*..*--.*.--1-.-**.....1..*...*..**...-....-.-*.*.**..-*01..*.-*.--*..-**.1*....-1..-*-*0**-.
..1*.....-**.-*.***.1*.1-.-0-.1..*.*.-..*00-0-...-1-*.*.*-..--.**-..**.-.*..*-.-1.0*-.....**-0*..
.10.*......-.**...1*101.010....1.*.1-.-.-*--1.-**.**...**..*-...0-**..-*..-...-*.*1*-*.-..**.0*.0
.--.1.*..*.1.1.*.-*-1-.-1..-...0.*..**1*1*..*..--*0..-.1-......1.*10--.0.-*0-.0.0*....**--...1*.*
*..**......---..-0.....*.*..-*1*0*..-*1.....*.**...*0-.-00.*0*-1-.11-.*--..1-1..0.1*110*.0-....-*
-.-......1*-*-.-**-1*-1..1.*0.*1**.*0.**1**..-*.**...0***.-*--**--.**..*-*1*-*111-*...*-*0..*-..0
.*-*-1..-0..-*1*.-1*.*.1-.0...110*--.-...0.*.-.*-0-*-.-1**......1*1-...-.......01*****01-....-*.-

