*** Life<ConwayCell> 109x69 Downing***
Generation = 0, Population = 35
.....................................................................
.....................................................................
.....................................................................
.....................................................................
.....................................................................
.....................................................................
.....................................................................
.....................................................................
.....................................................................
.....................................................................
.....................................................................
.....................................................................
.....................................................................
.....................................................................
.....................................................................
.....................................................................
.....................................................................
.....................................................................
.....................................................................
.....................................................................
.....................................................................
.....................................................................
.....................................................................
.....................................................................
.....................................................................
.....................................................................
.....................................................................
.....................................................................
.....................................................................
.....................................................................
.....................................................................
.....................................................................
.....................................................................
.....................................................................
..................................*..................................
..................................*..................................
..................................*..................................
..................................*..................................
..................................*..................................
.....................................................................
..................................*..................................
..................................*..................................
..................................*..................................
..................................*..................................
..................................*..................................
.....................................................................
..................................*..................................
..................................*..................................
..................................*..................................
..................................*..................................
..................................*..................................
.....................................................................
..................................*..................................
..................................*..................................
..................................*..................................
..................................*..................................
..................................*..................................
.....................................................................
..................................*..................................
..................................*..................................
..................................*..................................
..................................*..................................
..................................*..................................
.....................................................................
..................................*..................................
..................................*..................................
..................................*..................................
..................................*..................................
..................................*..................................
.....................................................................
..................................*..................................
..................................*..................................
..................................*..................................
..................................*..................................
..................................*..................................
.....................................................................
.....................................................................
.....................................................................
.....................................................................
.....................................................................
.....................................................................
.....................................................................
.....................................................................
.....................................................................
.....................................................................
.....................................................................
.....................................................................
.....................................................................
.....................................................................
.....................................................................
.....................................................................
.....................................................................
.....................................................................
.....................................................................
.....................................................................
.....................................................................
.....................................................................
.....................................................................
.....................................................................
.....................................................................
.....................................................................
.....................................................................
.....................................................................
.....................................................................
.....................................................................
.....................................................................
.....................................................................
.....................................................................
.....................................................................

Generation = 1, Population = 63
.....................................................................
.....................................................................
.....................................................................
.....................................................................
.....................................................................
.....................................................................
.....................................................................
.....................................................................
.....................................................................
.....................................................................
.....................................................................
.....................................................................
.....................................................................
.....................................................................
.....................................................................
.....................................................................
.....................................................................
.....................................................................
.....................................................................
.....................................................................
.....................................................................
.....................................................................
.....................................................................
.....................................................................
.....................................................................
.....................................................................
.....................................................................
.....................................................................
.....................................................................
.....................................................................
.....................................................................
.....................................................................
.....................................................................
.....................................................................
.....................................................................
.................................***.................................
.................................***.................................
.................................***.................................
.....................................................................
.....................................................................
.....................................................................
.................................***.................................
.................................***.................................
.................................***.................................
.....................................................................
.....................................................................
.....................................................................
.................................***.................................
.................................***.................................
.................................***.................................
.....................................................................
.....................................................................
.....................................................................
.................................***.................................
.................................***.................................
.................................***.................................
.....................................................................
.....................................................................
.....................................................................
.................................***.................................
.................................***.................................
.................................***.................................
.....................................................................
.....................................................................
.....................................................................
.................................***.................................
.................................***.................................
.................................***.................................
.....................................................................
.....................................................................
.....................................................................
.................................***.................................
.................................***.................................
.................................***.................................
.....................................................................
.....................................................................
.....................................................................
.....................................................................
.....................................................................
.....................................................................
.....................................................................
.....................................................................
.....................................................................
.....................................................................
.....................................................................
.....................................................................
.....................................................................
.....................................................................
.....................................................................
.....................................................................
.....................................................................
.....................................................................
.....................................................................
.....................................................................
.....................................................................
.....................................................................
.....................................................................
.....................................................................
.....................................................................
.....................................................................
.....................................................................
.....................................................................
.....................................................................
.....................................................................
.....................................................................
.....................................................................
.....................................................................
.....................................................................
.....................................................................

Generation = 2, Population = 56
.....................................................................
.....................................................................
.....................................................................
.....................................................................
.....................................................................
.....................................................................
.....................................................................
.....................................................................
.....................................................................
.....................................................................
.....................................................................
.....................................................................
.....................................................................
.....................................................................
.....................................................................
.....................................................................
.....................................................................
.....................................................................
.....................................................................
.....................................................................
.....................................................................
.....................................................................
.....................................................................
.....................................................................
.....................................................................
.....................................................................
.....................................................................
.....................................................................
.....................................................................
.....................................................................
.....................................................................
.....................................................................
.....................................................................
.....................................................................
..................................*..................................
.................................*.*.................................
................................*...*................................
.................................*.*.................................
..................................*..................................
.....................................................................
..................................*..................................
.................................*.*.................................
................................*...*................................
.................................*.*.................................
..................................*..................................
.....................................................................
..................................*..................................
.................................*.*.................................
................................*...*................................
.................................*.*.................................
..................................*..................................
.....................................................................
..................................*..................................
.................................*.*.................................
................................*...*................................
.................................*.*.................................
..................................*..................................
.....................................................................
..................................*..................................
.................................*.*.................................
................................*...*................................
.................................*.*.................................
..................................*..................................
.....................................................................
..................................*..................................
.................................*.*.................................
................................*...*................................
.................................*.*.................................
..................................*..................................
.....................................................................
..................................*..................................
.................................*.*.................................
................................*...*................................
.................................*.*.................................
..................................*..................................
.....................................................................
.....................................................................
.....................................................................
.....................................................................
.....................................................................
.....................................................................
.....................................................................
.....................................................................
.....................................................................
.....................................................................
.....................................................................
.....................................................................
.....................................................................
.....................................................................
.....................................................................
.....................................................................
.....................................................................
.....................................................................
.....................................................................
.....................................................................
.....................................................................
.....................................................................
.....................................................................
.....................................................................
.....................................................................
.....................................................................
.....................................................................
.....................................................................
.....................................................................
.....................................................................
.....................................................................
.....................................................................
.....................................................................
.....................................................................

Generation = 3, Population = 84
.....................................................................
.....................................................................
.....................................................................
.....................................................................
.....................................................................
.....................................................................
.....................................................................
.....................................................................
.....................................................................
.....................................................................
.....................................................................
.....................................................................
.....................................................................
.....................................................................
.....................................................................
.....................................................................
.....................................................................
.....................................................................
.....................................................................
.....................................................................
.....................................................................
.....................................................................
.....................................................................
.....................................................................
.....................................................................
.....................................................................
.....................................................................
.....................................................................
.....................................................................
.....................................................................
.....................................................................
.....................................................................
.....................................................................
.....................................................................
..................................*..................................
.................................***.................................
................................**.**................................
.................................***.................................
..................................*..................................
.....................................................................
..................................*..................................
.................................***.................................
................................**.**................................
.................................***.................................
..................................*..................................
.....................................................................
..................................*..................................
.................................***.................................
................................**.**................................
.................................***.................................
..................................*..................................
.....................................................................
..................................*..................................
.................................***.................................
................................**.**................................
.................................***.................................
..................................*..................................
.....................................................................
..................................*..................................
.................................***.................................
................................**.**................................
.................................***.................................
..................................*..................................
.....................................................................
..................................*..................................
.................................***.................................
................................**.**................................
.................................***.................................
..................................*..................................
.....................................................................
..................................*..................................
.................................***.................................
................................**.**................................
.................................***.................................
..................................*..................................
.....................................................................
.....................................................................
.....................................................................
.....................................................................
.....................................................................
.....................................................................
.....................................................................
.....................................................................
.....................................................................
.....................................................................
.....................................................................
.....................................................................
.....................................................................
.....................................................................
.....................................................................
.....................................................................
.....................................................................
.....................................................................
.....................................................................
.....................................................................
.....................................................................
.....................................................................
.....................................................................
.....................................................................
.....................................................................
.....................................................................
.....................................................................
.....................................................................
.....................................................................
.....................................................................
.....................................................................
.....................................................................
.....................................................................
.....................................................................

Generation = 4, Population = 84
.....................................................................
.....................................................................
.....................................................................
.....................................................................
.....................................................................
.....................................................................
.....................................................................
.....................................................................
.....................................................................
.....................................................................
.....................................................................
.....................................................................
.....................................................................
.....................................................................
.....................................................................
.....................................................................
.....................................................................
.....................................................................
.....................................................................
.....................................................................
.....................................................................
.....................................................................
.....................................................................
.....................................................................
.....................................................................
.....................................................................
.....................................................................
.....................................................................
.....................................................................
.....................................................................
.....................................................................
.....................................................................
.....................................................................
.....................................................................
.................................***.................................
................................*...*................................
................................*...*................................
................................*...*................................
.................................***.................................
.....................................................................
.................................***.................................
................................*...*................................
................................*...*................................
................................*...*................................
.................................***.................................
.....................................................................
.................................***.................................
................................*...*................................
................................*...*................................
................................*...*................................
.................................***.................................
.....................................................................
.................................***.................................
................................*...*................................
................................*...*................................
................................*...*................................
.................................***.................................
.....................................................................
.................................***.................................
................................*...*................................
................................*...*................................
................................*...*................................
.................................***.................................
.....................................................................
.................................***.................................
................................*...*................................
................................*...*................................
................................*...*................................
.................................***.................................
.....................................................................
.................................***.................................
................................*...*................................
................................*...*................................
................................*...*................................
.................................***.................................
.....................................................................
.....................................................................
.....................................................................
.....................................................................
.....................................................................
.....................................................................
.....................................................................
.....................................................................
.....................................................................
.....................................................................
.....................................................................
.....................................................................
.....................................................................
.....................................................................
.....................................................................
.....................................................................
.....................................................................
.....................................................................
.....................................................................
.....................................................................
.....................................................................
.....................................................................
.....................................................................
.....................................................................
.....................................................................
.....................................................................
.....................................................................
.....................................................................
.....................................................................
.....................................................................
.....................................................................
.....................................................................
.....................................................................
.....................................................................

Generation = 5, Population = 128
.....................................................................
.....................................................................
.....................................................................
.....................................................................
.....................................................................
.....................................................................
.....................................................................
.....................................................................
.....................................................................
.....................................................................
.....................................................................
.....................................................................
.....................................................................
.....................................................................
.....................................................................
.....................................................................
.....................................................................
.....................................................................
.....................................................................
.....................................................................
.....................................................................
.....................................................................
.....................................................................
.....................................................................
.....................................................................
.....................................................................
.....................................................................
.....................................................................
.....................................................................
.....................................................................
.....................................................................
.....................................................................
.....................................................................
..................................*..................................
.................................***.................................
................................*.*.*................................
...............................***.***...............................
................................*.*.*................................
.................................***.................................
.....................................................................
.................................***.................................
................................*.*.*................................
...............................***.***...............................
................................*.*.*................................
.................................***.................................
.....................................................................
.................................***.................................
................................*.*.*................................
...............................***.***...............................
................................*.*.*................................
.................................***.................................
.....................................................................
.................................***.................................
................................*.*.*................................
...............................***.***...............................
................................*.*.*................................
.................................***.................................
.....................................................................
.................................***.................................
................................*.*.*................................
...............................***.***...............................
................................*.*.*................................
.................................***.................................
.....................................................................
.................................***.................................
................................*.*.*................................
...............................***.***...............................
................................*.*.*................................
.................................***.................................
.....................................................................
.................................***.................................
................................*.*.*................................
...............................***.***...............................
................................*.*.*................................
.................................***.................................
..................................*..................................
.....................................................................
.....................................................................
.....................................................................
.....................................................................
.....................................................................
.....................................................................
.....................................................................
.....................................................................
.....................................................................
.....................................................................
.....................................................................
.....................................................................
.....................................................................
.....................................................................
.....................................................................
.....................................................................
.....................................................................
.....................................................................
.....................................................................
.....................................................................
.....................................................................
.....................................................................
.....................................................................
.....................................................................
.....................................................................
.....................................................................
.....................................................................
.....................................................................
.....................................................................
.....................................................................
.....................................................................
.....................................................................
.....................................................................

Generation = 6, Population = 84
.....................................................................
.....................................................................
.....................................................................
.....................................................................
.....................................................................
.....................................................................
.....................................................................
.....................................................................
.....................................................................
.....................................................................
.....................................................................
.....................................................................
.....................................................................
.....................................................................
.....................................................................
.....................................................................
.....................................................................
.....................................................................
.....................................................................
.....................................................................
.....................................................................
.....................................................................
.....................................................................
.....................................................................
.....................................................................
.....................................................................
.....................................................................
.....................................................................
.....................................................................
.....................................................................
.....................................................................
.....................................................................
.....................................................................
.................................***.................................
.....................................................................
...............................*.....*...............................
...............................*.....*...............................
...............................*.....*...............................
.................................***.................................
.....................................................................
.................................***.................................
...............................*.....*...............................
...............................*.....*...............................
...............................*.....*...............................
.................................***.................................
.....................................................................
.................................***.................................
...............................*.....*...............................
...............................*.....*...............................
...............................*.....*...............................
.................................***.................................
.....................................................................
.................................***.................................
...............................*.....*...............................
...............................*.....*...............................
...............................*.....*...............................
.................................***.................................
.....................................................................
.................................***.................................
...............................*.....*...............................
...............................*.....*...............................
...............................*.....*...............................
.................................***.................................
.....................................................................
.................................***.................................
...............................*.....*...............................
...............................*.....*...............................
...............................*.....*...............................
.................................***.................................
.....................................................................
.................................***.................................
...............................*.....*...............................
...............................*.....*...............................
...............................*.....*...............................
.....................................................................
.................................***.................................
.....................................................................
.....................................................................
.....................................................................
.....................................................................
.....................................................................
.....................................................................
.....................................................................
.....................................................................
.....................................................................
.....................................................................
.....................................................................
.....................................................................
.....................................................................
.....................................................................
.....................................................................
.....................................................................
.....................................................................
.....................................................................
.....................................................................
.....................................................................
.....................................................................
.....................................................................
.....................................................................
.....................................................................
.....................................................................
.....................................................................
.....................................................................
.....................................................................
.....................................................................
.....................................................................
.....................................................................
.....................................................................
.....................................................................

Generation = 7, Population = 96
.....................................................................
.....................................................................
.....................................................................
.....................................................................
.....................................................................
.....................................................................
.....................................................................
.....................................................................
.....................................................................
.....................................................................
.....................................................................
.....................................................................
.....................................................................
.....................................................................
.....................................................................
.....................................................................
.....................................................................
.....................................................................
.....................................................................
.....................................................................
.....................................................................
.....................................................................
.....................................................................
.....................................................................
.....................................................................
.....................................................................
.....................................................................
.....................................................................
.....................................................................
.....................................................................
.....................................................................
.....................................................................
..................................*..................................
..................................*..................................
..................................*..................................
.....................................................................
..............................***...***..............................
................................*.*.*................................
..................................*..................................
.....................................................................
..................................*..................................
................................*.*.*................................
..............................***...***..............................
................................*.*.*................................
..................................*..................................
.....................................................................
..................................*..................................
................................*.*.*................................
..............................***...***..............................
................................*.*.*................................
..................................*..................................
.....................................................................
..................................*..................................
................................*.*.*................................
..............................***...***..............................
................................*.*.*................................
..................................*..................................
.....................................................................
..................................*..................................
................................*.*.*................................
..............................***...***..............................
................................*.*.*................................
..................................*..................................
.....................................................................
..................................*..................................
................................*.*.*................................
..............................***...***..............................
................................*.*.*................................
..................................*..................................
.....................................................................
..................................*..................................
................................*.*.*................................
..............................***...***..............................
.....................................................................
..................................*..................................
..................................*..................................
..................................*..................................
.....................................................................
.....................................................................
.....................................................................
.....................................................................
.....................................................................
.....................................................................
.....................................................................
.....................................................................
.....................................................................
.....................................................................
.....................................................................
.....................................................................
.....................................................................
.....................................................................
.....................................................................
.....................................................................
.....................................................................
.....................................................................
.....................................................................
.....................................................................
.....................................................................
.....................................................................
.....................................................................
.....................................................................
.....................................................................
.....................................................................
.....................................................................
.....................................................................
.....................................................................
.....................................................................
.....................................................................
.....................................................................

Generation = 8, Population = 80
.....................................................................
.....................................................................
.....................................................................
.....................................................................
.....................................................................
.....................................................................
.....................................................................
.....................................................................
.....................................................................
.....................................................................
.....................................................................
.....................................................................
.....................................................................
.....................................................................
.....................................................................
.....................................................................
.....................................................................
.....................................................................
.....................................................................
.....................................................................
.....................................................................
.....................................................................
.....................................................................
.....................................................................
.....................................................................
.....................................................................
.....................................................................
.....................................................................
.....................................................................
.....................................................................
.....................................................................
.....................................................................
.....................................................................
.................................***.................................
.....................................................................
...............................*.....*...............................
...............................***.***...............................
................................*...*................................
.................................*.*.................................
.....................................................................
.................................*.*.................................
................................*...*................................
................................*...*................................
................................*...*................................
.................................*.*.................................
.....................................................................
.................................*.*.................................
................................*...*................................
................................*...*................................
................................*...*................................
.................................*.*.................................
.....................................................................
.................................*.*.................................
................................*...*................................
................................*...*................................
................................*...*................................
.................................*.*.................................
.....................................................................
.................................*.*.................................
................................*...*................................
................................*...*................................
................................*...*................................
.................................*.*.................................
.....................................................................
.................................*.*.................................
................................*...*................................
................................*...*................................
................................*...*................................
.................................*.*.................................
.....................................................................
.................................*.*.................................
................................*...*................................
...............................***.***...............................
...............................*.....*...............................
.....................................................................
.................................***.................................
.....................................................................
.....................................................................
.....................................................................
.....................................................................
.....................................................................
.....................................................................
.....................................................................
.....................................................................
.....................................................................
.....................................................................
.....................................................................
.....................................................................
.....................................................................
.....................................................................
.....................................................................
.....................................................................
.....................................................................
.....................................................................
.....................................................................
.....................................................................
.....................................................................
.....................................................................
.....................................................................
.....................................................................
.....................................................................
.....................................................................
.....................................................................
.....................................................................
.....................................................................
.....................................................................
.....................................................................
.....................................................................
.....................................................................

Generation = 9, Population = 92
.....................................................................
.....................................................................
.....................................................................
.....................................................................
.....................................................................
.....................................................................
.....................................................................
.....................................................................
.....................................................................
.....................................................................
.....................................................................
.....................................................................
.....................................................................
.....................................................................
.....................................................................
.....................................................................
.....................................................................
.....................................................................
.....................................................................
.....................................................................
.....................................................................
.....................................................................
.....................................................................
.....................................................................
.....................................................................
.....................................................................
.....................................................................
.....................................................................
.....................................................................
.....................................................................
.....................................................................
.....................................................................
..................................*..................................
..................................*..................................
..................................*..................................
...............................*.....*...............................
...............................*.*.*.*...............................
...............................*.....*...............................
.....................................................................
.....................................................................
.....................................................................
................................**.**................................
...............................***.***...............................
................................**.**................................
.....................................................................
.....................................................................
.....................................................................
................................**.**................................
...............................***.***...............................
................................**.**................................
.....................................................................
.....................................................................
.....................................................................
................................**.**................................
...............................***.***...............................
................................**.**................................
.....................................................................
.....................................................................
.....................................................................
................................**.**................................
...............................***.***...............................
................................**.**................................
.....................................................................
.....................................................................
.....................................................................
................................**.**................................
...............................***.***...............................
................................**.**................................
.....................................................................
.....................................................................
.....................................................................
...............................*.....*...............................
...............................*.*.*.*...............................
...............................*.....*...............................
..................................*..................................
..................................*..................................
..................................*..................................
.....................................................................
.....................................................................
.....................................................................
.....................................................................
.....................................................................
.....................................................................
.....................................................................
.....................................................................
.....................................................................
.....................................................................
.....................................................................
.....................................................................
.....................................................................
.....................................................................
.....................................................................
.....................................................................
.....................................................................
.....................................................................
.....................................................................
.....................................................................
.....................................................................
.....................................................................
.....................................................................
.....................................................................
.....................................................................
.....................................................................
.....................................................................
.....................................................................
.....................................................................
.....................................................................
.....................................................................
.....................................................................

Generation = 10, Population = 74
.....................................................................
.....................................................................
.....................................................................
.....................................................................
.....................................................................
.....................................................................
.....................................................................
.....................................................................
.....................................................................
.....................................................................
.....................................................................
.....................................................................
.....................................................................
.....................................................................
.....................................................................
.....................................................................
.....................................................................
.....................................................................
.....................................................................
.....................................................................
.....................................................................
.....................................................................
.....................................................................
.....................................................................
.....................................................................
.....................................................................
.....................................................................
.....................................................................
.....................................................................
.....................................................................
.....................................................................
.....................................................................
.....................................................................
.................................***.................................
.....................................................................
................................*.*.*................................
..............................**.....**..............................
................................*...*................................
.....................................................................
.....................................................................
.....................................................................
...............................*.*.*.*...............................
...............................*.....*...............................
...............................*.*.*.*...............................
.....................................................................
.....................................................................
.....................................................................
...............................*.*.*.*...............................
...............................*.....*...............................
...............................*.*.*.*...............................
.....................................................................
.....................................................................
.....................................................................
...............................*.*.*.*...............................
...............................*.....*...............................
...............................*.*.*.*...............................
.....................................................................
.....................................................................
.....................................................................
...............................*.*.*.*...............................
...............................*.....*...............................
...............................*.*.*.*...............................
.....................................................................
.....................................................................
.....................................................................
...............................*.*.*.*...............................
...............................*.....*...............................
...............................*.*.*.*...............................
.....................................................................
.....................................................................
.....................................................................
................................*...*................................
..............................**.....**..............................
................................*.*.*................................
.....................................................................
.................................***.................................
.....................................................................
.....................................................................
.....................................................................
.....................................................................
.....................................................................
.....................................................................
.....................................................................
.....................................................................
.....................................................................
.....................................................................
.....................................................................
.....................................................................
.....................................................................
.....................................................................
.....................................................................
.....................................................................
.....................................................................
.....................................................................
.....................................................................
.....................................................................
.....................................................................
.....................................................................
.....................................................................
.....................................................................
.....................................................................
.....................................................................
.....................................................................
.....................................................................
.....................................................................
.....................................................................
.....................................................................
.....................................................................
.....................................................................

