*** Life<ConwayCell> 6x4 ***

Generation = 0, Population = 4.
....
..*.
.**.
.*..
....
....

Generation = 1, Population = 6.
....
.**.
.**.
.**.
....
....

Generation = 2, Population = 6.
....
.**.
*..*
.**.
....
....

Generation = 3, Population = 6.
....
.**.
*..*
.**.
....
....

*** Life<ConwayCell> 90x69 ***

Generation = 0, Population = 55.
.....................................................................
.....................................................................
.....................................................................
.....................................................................
.....................................................................
.....................................................................
.....................................................................
.....................................................................
.....................................................................
.....................................................................
.....................................................................
.....................................................................
..................................*..................................
..................................*..................................
..................................*..................................
..................................*..................................
..................................*..................................
.....................................................................
..................................*..................................
..................................*..................................
..................................*..................................
..................................*..................................
..................................*..................................
.....................................................................
..................................*..................................
..................................*..................................
..................................*..................................
..................................*..................................
..................................*..................................
.....................................................................
..................................*..................................
..................................*..................................
..................................*..................................
..................................*..................................
..................................*..................................
.....................................................................
..................................*..................................
..................................*..................................
..................................*..................................
..................................*..................................
..................................*..................................
.....................................................................
..................................*..................................
..................................*..................................
..................................*..................................
..................................*..................................
..................................*..................................
.....................................................................
..................................*..................................
..................................*..................................
..................................*..................................
..................................*..................................
..................................*..................................
.....................................................................
..................................*..................................
..................................*..................................
..................................*..................................
..................................*..................................
..................................*..................................
.....................................................................
..................................*..................................
..................................*..................................
..................................*..................................
..................................*..................................
..................................*..................................
.....................................................................
..................................*..................................
..................................*..................................
..................................*..................................
..................................*..................................
..................................*..................................
.....................................................................
..................................*..................................
..................................*..................................
..................................*..................................
..................................*..................................
..................................*..................................
.....................................................................
.....................................................................
.....................................................................
.....................................................................
.....................................................................
.....................................................................
.....................................................................
.....................................................................
.....................................................................
.....................................................................
.....................................................................
.....................................................................
.....................................................................

Generation = 1, Population = 99.
.....................................................................
.....................................................................
.....................................................................
.....................................................................
.....................................................................
.....................................................................
.....................................................................
.....................................................................
.....................................................................
.....................................................................
.....................................................................
.....................................................................
.....................................................................
.................................***.................................
.................................***.................................
.................................***.................................
.....................................................................
.....................................................................
.....................................................................
.................................***.................................
.................................***.................................
.................................***.................................
.....................................................................
.....................................................................
.....................................................................
.................................***.................................
.................................***.................................
.................................***.................................
.....................................................................
.....................................................................
.....................................................................
.................................***.................................
.................................***.................................
.................................***.................................
.....................................................................
.....................................................................
.....................................................................
.................................***.................................
.................................***.................................
.................................***.................................
.....................................................................
.....................................................................
.....................................................................
.................................***.................................
.................................***.................................
.................................***.................................
.....................................................................
.....................................................................
.....................................................................
.................................***.................................
.................................***.................................
.................................***.................................
.....................................................................
.....................................................................
.....................................................................
.................................***.................................
.................................***.................................
.................................***.................................
.....................................................................
.....................................................................
.....................................................................
.................................***.................................
.................................***.................................
.................................***.................................
.....................................................................
.....................................................................
.....................................................................
.................................***.................................
.................................***.................................
.................................***.................................
.....................................................................
.....................................................................
.....................................................................
.................................***.................................
.................................***.................................
.................................***.................................
.....................................................................
.....................................................................
.....................................................................
.....................................................................
.....................................................................
.....................................................................
.....................................................................
.....................................................................
.....................................................................
.....................................................................
.....................................................................
.....................................................................
.....................................................................
.....................................................................

Generation = 2, Population = 88.
.....................................................................
.....................................................................
.....................................................................
.....................................................................
.....................................................................
.....................................................................
.....................................................................
.....................................................................
.....................................................................
.....................................................................
.....................................................................
.....................................................................
..................................*..................................
.................................*.*.................................
................................*...*................................
.................................*.*.................................
..................................*..................................
.....................................................................
..................................*..................................
.................................*.*.................................
................................*...*................................
.................................*.*.................................
..................................*..................................
.....................................................................
..................................*..................................
.................................*.*.................................
................................*...*................................
.................................*.*.................................
..................................*..................................
.....................................................................
..................................*..................................
.................................*.*.................................
................................*...*................................
.................................*.*.................................
..................................*..................................
.....................................................................
..................................*..................................
.................................*.*.................................
................................*...*................................
.................................*.*.................................
..................................*..................................
.....................................................................
..................................*..................................
.................................*.*.................................
................................*...*................................
.................................*.*.................................
..................................*..................................
.....................................................................
..................................*..................................
.................................*.*.................................
................................*...*................................
.................................*.*.................................
..................................*..................................
.....................................................................
..................................*..................................
.................................*.*.................................
................................*...*................................
.................................*.*.................................
..................................*..................................
.....................................................................
..................................*..................................
.................................*.*.................................
................................*...*................................
.................................*.*.................................
..................................*..................................
.....................................................................
..................................*..................................
.................................*.*.................................
................................*...*................................
.................................*.*.................................
..................................*..................................
.....................................................................
..................................*..................................
.................................*.*.................................
................................*...*................................
.................................*.*.................................
..................................*..................................
.....................................................................
.....................................................................
.....................................................................
.....................................................................
.....................................................................
.....................................................................
.....................................................................
.....................................................................
.....................................................................
.....................................................................
.....................................................................
.....................................................................
.....................................................................

Generation = 3, Population = 132.
.....................................................................
.....................................................................
.....................................................................
.....................................................................
.....................................................................
.....................................................................
.....................................................................
.....................................................................
.....................................................................
.....................................................................
.....................................................................
.....................................................................
..................................*..................................
.................................***.................................
................................**.**................................
.................................***.................................
..................................*..................................
.....................................................................
..................................*..................................
.................................***.................................
................................**.**................................
.................................***.................................
..................................*..................................
.....................................................................
..................................*..................................
.................................***.................................
................................**.**................................
.................................***.................................
..................................*..................................
.....................................................................
..................................*..................................
.................................***.................................
................................**.**................................
.................................***.................................
..................................*..................................
.....................................................................
..................................*..................................
.................................***.................................
................................**.**................................
.................................***.................................
..................................*..................................
.....................................................................
..................................*..................................
.................................***.................................
................................**.**................................
.................................***.................................
..................................*..................................
.....................................................................
..................................*..................................
.................................***.................................
................................**.**................................
.................................***.................................
..................................*..................................
.....................................................................
..................................*..................................
.................................***.................................
................................**.**................................
.................................***.................................
..................................*..................................
.....................................................................
..................................*..................................
.................................***.................................
................................**.**................................
.................................***.................................
..................................*..................................
.....................................................................
..................................*..................................
.................................***.................................
................................**.**................................
.................................***.................................
..................................*..................................
.....................................................................
..................................*..................................
.................................***.................................
................................**.**................................
.................................***.................................
..................................*..................................
.....................................................................
.....................................................................
.....................................................................
.....................................................................
.....................................................................
.....................................................................
.....................................................................
.....................................................................
.....................................................................
.....................................................................
.....................................................................
.....................................................................
.....................................................................

*** Life<ConwayCell> 6x6 ***

Generation = 0, Population = 14.
......
.****.
.*.**.
.**.*.
.****.
......

Generation = 1, Population = 12.
..**..
.*..*.
*....*
*....*
.*..*.
..**..

Generation = 2, Population = 20.
..**..
.****.
**..**
**..**
.****.
..**..

Generation = 3, Population = 8.
.*..*.
*....*
......
......
*....*
.*..*.

Generation = 4, Population = 0.
......
......
......
......
......
......

*** Life<FredkinCell> 20x20 ***

Generation = 0, Population = 4.
--------------------
--------------------
--------------------
--------------------
--------------------
--------------------
--------------------
--------------------
--------------------
---------00---------
---------00---------
--------------------
--------------------
--------------------
--------------------
--------------------
--------------------
--------------------
--------------------
--------------------

Generation = 1, Population = 8.
--------------------
--------------------
--------------------
--------------------
--------------------
--------------------
--------------------
--------------------
---------00---------
--------0--0--------
--------0--0--------
---------00---------
--------------------
--------------------
--------------------
--------------------
--------------------
--------------------
--------------------
--------------------

Generation = 2, Population = 16.
--------------------
--------------------
--------------------
--------------------
--------------------
--------------------
--------------------
---------00---------
---------11---------
-------01--10-------
-------01--10-------
---------11---------
---------00---------
--------------------
--------------------
--------------------
--------------------
--------------------
--------------------
--------------------

Generation = 3, Population = 16.
--------------------
--------------------
--------------------
--------------------
--------------------
--------------------
---------00---------
--------0--0--------
-------0----0-------
------0------0------
------0------0------
-------0----0-------
--------0--0--------
---------00---------
--------------------
--------------------
--------------------
--------------------
--------------------
--------------------

Generation = 4, Population = 16.
--------------------
--------------------
--------------------
--------------------
--------------------
---------00---------
---------11---------
--------------------
--------------------
-----01------10-----
-----01------10-----
--------------------
--------------------
---------11---------
---------00---------
--------------------
--------------------
--------------------
--------------------
--------------------

Generation = 5, Population = 32.
--------------------
--------------------
--------------------
--------------------
---------00---------
--------0--0--------
--------0--0--------
---------00---------
-----00------00-----
----0--0----0--0----
----0--0----0--0----
-----00------00-----
---------00---------
--------0--0--------
--------0--0--------
---------00---------
--------------------
--------------------
--------------------
--------------------

Generation = 6, Population = 64.
--------------------
--------------------
--------------------
---------00---------
---------11---------
-------01--10-------
-------01--10-------
-----00--11--00-----
-----11--11--11-----
---01--11--11--10---
---01--11--11--10---
-----11--11--11-----
-----00--11--00-----
-------01--10-------
-------01--10-------
---------11---------
---------00---------
--------------------
--------------------
--------------------

Generation = 7, Population = 32.
--------------------
--------------------
---------00---------
--------0--0--------
-------0----0-------
------0------0------
-----0--------0-----
----0----------0----
---0------------0---
--0--------------0--
--0--------------0--
---0------------0---
----0----------0----
-----0--------0-----
------0------0------
-------0----0-------
--------0--0--------
---------00---------
--------------------
--------------------

Generation = 8, Population = 16.
--------------------
---------00---------
---------11---------
--------------------
--------------------
--------------------
--------------------
--------------------
--------------------
-01--------------10-
-01--------------10-
--------------------
--------------------
--------------------
--------------------
--------------------
--------------------
---------11---------
---------00---------
--------------------

Generation = 9, Population = 32.
---------00---------
--------0--0--------
--------0--0--------
---------00---------
--------------------
--------------------
--------------------
--------------------
-00--------------00-
0--0------------0--0
0--0------------0--0
-00--------------00-
--------------------
--------------------
--------------------
--------------------
---------00---------
--------0--0--------
--------0--0--------
---------00---------

Generation = 10, Population = 56.
---------11---------
-------01--10-------
-------01--10-------
---------11---------
---------11---------
--------------------
--------------------
-00--------------00-
-11--------------11-
1--11----------11--1
1--11----------11--1
-11--------------11-
-00--------------00-
--------------------
--------------------
---------11---------
---------11---------
-------01--10-------
-------01--10-------
---------11---------

Generation = 11, Population = 56.
-------0-22-0-------
------0------0------
------0------0------
-------0----0-------
--------0--0--------
---------00---------
-00--------------00-
0--0------------0--0
----0----------0----
2----0--------0----2
2----0--------0----2
----0----------0----
0--0------------0--0
-00--------------00-
---------00---------
--------0--0--------
-------0----0-------
------0------0------
------0------0------
-------0-22-0-------

Generation = 12, Population = 64.
---------33---------
-----01--00--10-----
-----01------10-----
--------------------
--------------------
-00------11------00-
-11------11------11-
--------------------
--------------------
30---11------11---03
30---11------11---03
--------------------
--------------------
-11------11------11-
-00------11------00-
--------------------
--------------------
-----01------10-----
-----01--00--10-----
---------33---------

Generation = 13, Population = 120.
-----00-0--0-00-----
----0--01--10--0----
----0--0-11-0--0----
-----00------00-----
-00------11------00-
0--0----1--1----0--0
0--0----1--1----0--0
-00------11------00-
01---11------11---10
--1-1--1----1--1-1--
--1-1--1----1--1-1--
01---11------11---10
-00------11------00-
0--0----1--1----0--0
0--0----1--1----0--0
-00------11------00-
-----00------00-----
----0--0-11-0--0----
----0--01--10--0----
-----00-0--0-00-----

Generation = 14, Population = 184.
-----1101331011-----
---01----------10---
---01--112211--10---
-00--11------11--00-
-11--00--22--00--11-
1--10--02--20--01--1
1--10--02--20--01--1
0-1--00--22--00--1-0
1-1--22--11--22--1-1
3-2-2--21--12--2-2-3
3-2-2--21--12--2-2-3
1-1--22--11--22--1-1
0-1--00--22--00--1-0
1--10--02--20--01--1
1--10--02--20--01--1
-11--00--22--00--11-
-00--11------11--00-
---01--112211--10---
---01----------10---
-----1101331011-----

Generation = 15, Population = 56.
---0-2--------2-0---
--0---1------1---0--
-0-----2----2-----0-
0-------0--0-------0
---------33---------
2------------------2
-1----------------1-
--2--------------2--
---0------------0---
----3----------3----
----3----------3----
---0------------0---
--2--------------2--
-1----------------1-
2------------------2
---------33---------
0-------0--0-------0
-0-----2----2-----0-
--0---1------1---0--
---0-2--------2-0---

*** Life<FredkinCell> 10x30 ***

Generation = 0, Population = 36.
------------------------------
------------------------------
-------------0000-------------
------------000000------------
-----------00000000-----------
-----------00000000-----------
------------000000------------
-------------0000-------------
------------------------------
------------------------------

Generation = 1, Population = 16.
------------------------------
-------------0000-------------
--------------11--------------
------------------------------
----------0--------0----------
----------0--------0----------
------------------------------
--------------11--------------
-------------0000-------------
------------------------------

Generation = 2, Population = 40.
-------------0000-------------
------------011110------------
------------------------------
----------0---00---0----------
---------010------010---------
---------010------010---------
----------0---00---0----------
------------------------------
------------011110------------
-------------0000-------------

Generation = 3, Population = 56.
--------------11--------------
-----------01222210-----------
----------0-00--00-0----------
----------1--0110--1----------
--------0---0-00-0---0--------
--------0---0-00-0---0--------
----------1--0110--1----------
----------0-00--00-0----------
-----------01222210-----------
--------------11--------------

Generation = 4, Population = 100.
-----------00----00-----------
-----------12333321-----------
---------010-1111-010---------
--------00200-22-00200--------
-------0101010110101010-------
-------0101010110101010-------
--------00200-22-00200--------
---------010-1111-010---------
-----------12333321-----------
-----------00----00-----------

Generation = 5, Population = 48.
----------0---11---0----------
---------0-23444432-0---------
----------21------12----------
--------------33--------------
------0------1--1------0------
------0------1--1------0------
--------------33--------------
----------21------12----------
---------0-23444432-0---------
----------0---11---0----------

Generation = 6, Population = 56.
------------0----0------------
--------0-----55-----0--------
----------3--1--1--3----------
------0---20--44--02---0------
-----010----12--21----010-----
-----010----12--21----010-----
------0---20--44--02---0------
----------3--1--1--3----------
--------0-----55-----0--------
------------0----0------------

*** Life<FredkinCell> 40x40 ***

Generation = 0, Population = 15.
----------------------------------------
----------------------------------------
----------------------------------------
----------------------------------------
----------------------------------------
---------0-0----------------------------
---------00-----------------------------
----------------------------------------
----------------------------------------
----------------------------------------
----------------------------------------
----------------------------------------
----------------------------------------
------------0-00-0000-0-----------------
----------------------------------------
----------------------------------------
-----------------------000--------------
----------------------------------------
----------------------------------------
----------------------------------------
----------------------------------------
----------------------------------------
----------------------------------------
----------------------------------------
----------------------------------------
----------------------------------------
----------------------------------------
----------------------------------------
----------------------------------------
----------------------------------------
----------------------------------------
----------------------------------------
----------------------------------------
----------------------------------------
----------------------------------------
----------------------------------------
----------------------------------------
----------------------------------------
----------------------------------------
----------------------------------------

Generation = 1, Population = 42.
----------------------------------------
----------------------------------------
----------------------------------------
----------------------------------------
---------0-0----------------------------
--------010-0---------------------------
--------0-1-----------------------------
---------00-----------------------------
----------------------------------------
----------------------------------------
----------------------------------------
----------------------------------------
------------0-00-0000-0-----------------
-----------0--11-1--1--0----------------
------------0-00-0000-0-----------------
-----------------------000--------------
----------------------01-10-------------
-----------------------000--------------
----------------------------------------
----------------------------------------
----------------------------------------
----------------------------------------
----------------------------------------
----------------------------------------
----------------------------------------
----------------------------------------
----------------------------------------
----------------------------------------
----------------------------------------
----------------------------------------
----------------------------------------
----------------------------------------
----------------------------------------
----------------------------------------
----------------------------------------
----------------------------------------
----------------------------------------
----------------------------------------
----------------------------------------
----------------------------------------

Generation = 2, Population = 54.
----------------------------------------
----------------------------------------
----------------------------------------
---------0-0----------------------------
---------10-----------------------------
-------0-2-0-0--------------------------
-------01--00---------------------------
---------1-0----------------------------
---------00-----------------------------
----------------------------------------
----------------------------------------
------------0-00-0000-0-----------------
----------------------------------------
----------0-0022--00-00-0---------------
-----------------------000--------------
------------0-00-0000-0-----------------
---------------------012-210------------
----------------------------------------
-----------------------000--------------
----------------------------------------
----------------------------------------
----------------------------------------
----------------------------------------
----------------------------------------
----------------------------------------
----------------------------------------
----------------------------------------
----------------------------------------
----------------------------------------
----------------------------------------
----------------------------------------
----------------------------------------
----------------------------------------
----------------------------------------
----------------------------------------
----------------------------------------
----------------------------------------
----------------------------------------
----------------------------------------
----------------------------------------

Generation = 3, Population = 110.
----------------------------------------
----------------------------------------
---------0-0----------------------------
--------010-0---------------------------
-------00210-0--------------------------
------0103010-0-------------------------
------0-20111---------------------------
-------0-201----------------------------
--------0-1-----------------------------
---------00-----------------------------
------------0-00-0000-0-----------------
-----------0--11-1--1--0----------------
----------0--0---0--00--0---------------
---------0--1--30111-1101---------------
----------0--0---0--0001110-------------
-----------0--11-1--10100-00------------
------------0-00-000-123-3-10-----------
---------------------00-0-00------------
----------------------01-10-------------
-----------------------000--------------
----------------------------------------
----------------------------------------
----------------------------------------
----------------------------------------
----------------------------------------
----------------------------------------
----------------------------------------
----------------------------------------
----------------------------------------
----------------------------------------
----------------------------------------
----------------------------------------
----------------------------------------
----------------------------------------
----------------------------------------
----------------------------------------
----------------------------------------
----------------------------------------
----------------------------------------
----------------------------------------

Generation = 4, Population = 56.
----------------------------------------
---------0-0----------------------------
---------10-----------------------------
----------------------------------------
----------------------------------------
-----0-2-----0-0------------------------
-----01------00-------------------------
----------------------------------------
----------------------------------------
---------1-00-00-0000-0-----------------
---------00-----------------------------
----------------------------------------
-----------------------010--------------
--------0-00-024---2-2212-0-------------
----------------------------------------
----------------------------------------
-------------------102-----210----------
------------0-00-0000-1-----------------
----------------------------------------
----------------------------------------
-----------------------000--------------
----------------------------------------
----------------------------------------
----------------------------------------
----------------------------------------
----------------------------------------
----------------------------------------
----------------------------------------
----------------------------------------
----------------------------------------
----------------------------------------
----------------------------------------
----------------------------------------
----------------------------------------
----------------------------------------
----------------------------------------
----------------------------------------
----------------------------------------
----------------------------------------
----------------------------------------

Generation = 5, Population = 142.
---------0-0----------------------------
--------010-0---------------------------
--------0-1-----------------------------
---------10-----------------------------
-----0-0-----0-0------------------------
----010-0---010-0-----------------------
----0-2-----1-1-------------------------
-----00------00-------------------------
---------0-00-00-0000-0-----------------
--------02011-11-1--1--0----------------
--------0-1-0-00-0000-0-----------------
---------00------------000--------------
--------0-00-000---0-0--21--------------
-------0--11-1-50-1--3-2-0-0------------
--------0-00-000---0-0011-0-------------
-------------------010-----000----------
------------0-00-0--13----13-10---------
-----------0--11-1-1-0-0---000----------
------------0-00-0000-0-----------------
-----------------------000--------------
----------------------01-10-------------
-----------------------000--------------
----------------------------------------
----------------------------------------
----------------------------------------
----------------------------------------
----------------------------------------
----------------------------------------
----------------------------------------
----------------------------------------
----------------------------------------
----------------------------------------
----------------------------------------
----------------------------------------
----------------------------------------
----------------------------------------
----------------------------------------
----------------------------------------
----------------------------------------
----------------------------------------

Generation = 6, Population = 178.
---------10-----------------------------
-------0-2-0-0--------------------------
-------01--00---------------------------
-----0-0-2-0-0-0------------------------
-----10--21--10-------------------------
---0-2-2-3-1-2-0-0----------------------
---01--02--12--00-----------------------
-----1-0-2-1011--0000-0-----------------
-----00--11--01-------------------------
-------0-3122-22--00-00-0---------------
-------01--01----------000--------------
--------011-00---10-10-11-0-------------
---------01----------100-200------------
------0-0022---61--21-23-10-0-----------
-------------------101-221-000----------
--------0-0000---10-21-00-0-------------
-----------------101-423-324-210--------
----------0-0022--02-11-0---------------
-------------------110-101-000----------
------------0-00-0000-0-----------------
---------------------012-210------------
----------------------------------------
-----------------------000--------------
----------------------------------------
----------------------------------------
----------------------------------------
----------------------------------------
----------------------------------------
----------------------------------------
----------------------------------------
----------------------------------------
----------------------------------------
----------------------------------------
----------------------------------------
----------------------------------------
----------------------------------------
----------------------------------------
----------------------------------------
----------------------------------------
----------------------------------------

*** Life<FredkinCell> 13x27 ***

Generation = 0, Population = 115.
----00-------00----00------
-000-0----000------0-----0-
---00-0---0--0000-0--0--00-
-00---00-0---00-0----0--00-
-0---0-0----0----00-0-----0
--000-00-0----00--0-00-0---
-0------0--0-0-----0--0---0
--------0--00-0-----0-0----
------0----0-0--00----0-0--
----0--0--0--00---0--00-00-
-0---0-0----0----00-0-----0
--000-00-0----00--0-00-0---
-0------0--0-0-----0--0---0

Generation = 1, Population = 167.
-00-1-0---00-110--0-10---0-
01---1---0--10-00--1-0---10
--0-101---1---1-----0100-10
0-1-0----------01----100---
0100----0--0---0-1--10-00--
-01-101-0-000-110-10-10-0--
0--00-0-1-010-00----0-1--0-
-0----0010011--000-----00-0
----00--0--1010011--0---1--
-0-0---100----100010-1---1-
0--00-0-0000---0011-10000--
-01-101-0-000-110-10-10-0--
0--00-0---0----0---------0-

Generation = 2, Population = 155.
--1--0-0--110----0-02-0-01-
1-0-020-0-0-2---10-----002-
--1--120---00--0----1-1----
10-01-0-0-00----2---0211-00
-2-1000010-1--------21---0-
0---------------1021---01--
-0-1-0-0-01-1--1000--02-0--
--00------1-2-011-0----1-0-
----11-0-0--1-1--2------2-0
---100-2----0-----21-2-00-0
-0---010111---01-22-2-1----
012-2-2-10111-2--0-10--01--
---1-010001-0--1--00-00---0

Generation = 3, Population = 166.
0020-10--0---1---1-13--0--0
----1-----1--0--2-01--011-0
--2-1--10-1--01-00-021200-0
2-1-----1011-----0-01322--1
03--1-1-21020----10------1-
-0--1-1-0-000----132---1---
--02-----1--20---11-013-1--
--1------02----2--10-0-----
--00---1---1--2---00-0-0301
-002110---0010-0-0-20-01--1
-1-00-2122---0-2----30-0--0
1230----2-----3101----01200
00--012-11-010--0-1-011-00-

Generation = 4, Population = 163.
1--112100---021---0-40-1-11
11--2-000-202--03-120------
003-2122-0--0-2---0132-----
3020--0-21---00---0-243---2
---12-2-32---0--02-0210-0--
-1--2-2-1--11---12-3-1---0-
---3--0--21--1010-2-1240-0-
-0-0---01-3-20--1-2-0--1-00
--1--1--0002---0---1010----
0-1-2--20-11--11--2---12---
---1-0--33-0-10------1-----
----20---0-1104212---1-231-
----1-3--2-1-1--10--1--0---

Generation = 5, Population = 171.
2-222-21-01---2-0111-1---22
2-----1--03-3-014-2310-1-20
1--0-----1--103-0012------0
-13-1--0-21----02-1-3--200-
0-------4-02-1-0--0-3-----0
0-103---20-2201-2-34--01-10
--04-01-13--2---1130-3-----
0-1100-1---13--22-30-002--1
0-2---011----1-1--021--0-01
--22-1031--21---00--02-30--
0----12---1-0-12022-32--00-
-----------2--5-2-1--2---20
---121-013-212----10--11-0-

Generation = 6, Population = 180.
3-3-3--2---10230--2-42010--
-10-222-01--401-5-3-------1
2-----220-10----1---32--011
3240-00-2---0----0-04433-12
1--1----5---020102-0410-011
1--14-203-0-3121324---12-2-
-015--20--11--0-2--1-44--0-
1-22---21032--0--0410---0-2
1--011---0--1--21--3-1--31-
-0-3---4-0-3--11--2-1----11
-1010---33--1----3---31----
1--02-2020-31-6232---3-2-31
--02-2-1-4---3--10-11-22-1-

*** Life<Cell> 20x20 ***

Generation = 0, Population = 6.
--------------------
--------------------
--------------------
--------------------
--------------------
--------------------
--------------------
--------------------
--------------------
---------00---------
--------0000--------
--------------------
--------------------
--------------------
--------------------
--------------------
--------------------
--------------------
--------------------
--------------------

Generation = 1, Population = 12.
--------------------
--------------------
--------------------
--------------------
--------------------
--------------------
--------------------
--------------------
---------00---------
--------------------
-------011110-------
--------0000--------
--------------------
--------------------
--------------------
--------------------
--------------------
--------------------
--------------------
--------------------

Generation = 2, Population = 24.
--------------------
--------------------
--------------------
--------------------
--------------------
--------------------
--------------------
---------00---------
--------0110--------
-------00--00-------
------01****10------
---------11---------
--------0000--------
--------------------
--------------------
--------------------
--------------------
--------------------
--------------------
--------------------

Generation = 3, Population = 32.
--------------------
--------------------
--------------------
--------------------
--------------------
--------------------
---------00---------
--------------------
---------**---------
--------1001--------
-----01*....*10-----
------000**000------
-------011110-------
--------0000--------
--------------------
--------------------
--------------------
--------------------
--------------------
--------------------

Generation = 4, Population = 28.
--------------------
--------------------
--------------------
--------------------
--------------------
---------00---------
--------0110--------
--------------------
---------..---------
-----00-*11*-00-----
----01*......*10----
--------1..1--------
--------------------
---------11---------
--------0000--------
--------------------
--------------------
--------------------
--------------------
--------------------

Generation = 5, Population = 52.
--------------------
--------------------
--------------------
--------------------
---------00---------
--------------------
-------01**10-------
--------0000--------
-----00-0**0-00-----
--------.--.--------
---01**.*..*.**10---
----0000-..-0000----
--------1111--------
--------------------
-------011110-------
--------0000--------
--------------------
--------------------
--------------------
--------------------

*** Life<Cell> 10x20 ***

Generation = 0, Population = 16.
--------------------
--------------------
--------------------
---------00---------
--------0000--------
--------****--------
--------0000--------
---------00---------
--------------------
--------------------

Generation = 1, Population = 10.
--------------------
--------------------
---------00---------
--------------------
-------0----0-------
-------0....0-------
-------0----0-------
--------------------
---------00---------
--------------------

Generation = 2, Population = 36.
--------------------
---------00---------
--------0110--------
-------0-00-0-------
------010--010------
------0-*..*-0------
------010--010------
-------0-00-0-------
--------0110--------
---------00---------

Generation = 3, Population = 22.
---------00---------
--------------------
--------1--1--------
-------1----1-------
-----0-*----*-0-----
-----0--.**.--0-----
-----0-*----*-0-----
-------1----1-------
--------1--1--------
--------------------

Generation = 4, Population = 48.
--------0110--------
--------0000--------
---------11---------
-----00*----*00-----
----01-.0000.-10----
----0-0-*..*-0-0----
----01-.0000.-10----
-----00*----*00-----
---------11---------
--------0--0--------

Generation = 5, Population = 36.
-------0-**-0-------
-------0----0-------
-----000----000-----
-------*----*-------
---0--0.----.0--0---
---0----....----0---
---0--0.----.0--0---
-------*----*-------
-----000-**-000-----
-------0----0-------

*** Life<Cell> 11x24 ***

Generation = 0, Population = 134.
-*-*--*-*0--*0*-0.0-.-*-
*0*-0.0-.-*-0*0*0*.*0--*
0*0*0*.*0--*.00---.0****
.00---.0*****.0*-.0*-00*
.0-0*.**..0-*.0*-.0*-00*
-0-..0*-..0-.0-0*.**..0-
-0-...0.--00--*-00*-..0-
.0.--00--0.-0..-0--.-*-0
-0.-0--0*.0..---0..-0--.
-0--0*.0.0***00.*-*0*.--
0***00.*00.-*...--0*-*0*

Generation = 1, Population = 95.
-*0*-0.-.1-0*1.01.--.0.-
.-.-1.1-.-*0-.-.1*..--0*
-.-.1*..--0..-1000.1....
.1-0-0.1......1.0.-.01-.
*-01*.....-0*.-.-.1.---.
0-0.*1.-.*--*---....*.--
0-0...-*---1--*01-*-.*1-
*-*--1----.--..0--0.-*0-
0-*010--..1..000-..-1--.
----1..-.-..*-1*.-*1..00
1***1-.*--.-*...00-.0*-.

Generation = 2, Population = 124.
0.-*0-.-.-0-**.1-*--.-*0
.0*-*.-0.-.--*0.*.*.--1.
-.-*-...-01*.0----*-***.
.-01-1*-...*.**.1.0*1*0.
*0-*..*...01**0.0.-*-0-.
---.**.0..00*000.*.*.*0-
---.**0.000--0*1*-.0*.-0
*-*--*00--.0-*.--01*-.-0
1-*-*-0-..-..1110.*----*
-0-0-..0.-.**0-..-**..11
****-0..0-.0.*.*11-*1*-.

Generation = 3, Population = 115.
-*-*-0.0.1--**.-1*--.0*1
.1*-*.1-.0.0-.1**.**0--.
-*0.-**.01-*.-1--0*1...*
.-1*-**1.*......*.-.*.-.
.10*...*..--..1.1.-.0-0.
00-*...-*.11.---.*.*.*1-
0-0*..-.1--1-1.*.0.1.*-1
.-.00.-1-0*--..-01*.-.0-
*0*0*010..-*.*--1..0---*
01-1-**-.-.*.1-..-...**-
**.*--..-0.1.**.-*0*-*-.

Generation = 4, Population = 124.
0*0*0-*-**0-***--*-0*1**
**.0*.*-.-.1-.-.....1-1*
0.1.-...1*-..0*-01.-....
.1*.-*.-.**.....*.0.**0.
*-1....*.*01..-***-*101.
---.*..-***-*000.*.*..--
101...-**-0*--...-.*.*--
*0.1-.-*01*0-.*--*.*-.-0
*1.-.1*-*.-*..11*.*-100*
1*0-1..-.0.*.--..0.*.**-
**..10..0-**.**.1.-.-*-.

Generation = 5, Population = 105.
-.-.--.-.*10**.11.-1*-.*
...-*..0.-.--.-******0-*
1.*.1*..**-..1.--*.-*..*
****0..1...*..*...-...-.
.1**......-***-...1.*1-.
-0-*...0...-*---.*.*..1-
-1**..0..-1.-1.**-.*..11
.1.-0.-.--.10.*--*.*-.-1
.*.0***0..-**.--*..-*11*
*.1-*.*-*-.*.1-..-**...-
*.**-1..-0***...-.-.1*-.

