*** Life<FredkinCell> 20x20 ***
Generation = 0, Population = 4.
--------------------
--------------------
--------------------
--------------------
--------------------
--------------------
--------------------
--------------------
--------------------
---------00---------
---------00---------
--------------------
--------------------
--------------------
--------------------
--------------------
--------------------
--------------------
--------------------
--------------------

Generation = 1, Population = 8.
--------------------
--------------------
--------------------
--------------------
--------------------
--------------------
--------------------
--------------------
---------11---------
--------1--1--------
--------1--1--------
---------11---------
--------------------
--------------------
--------------------
--------------------
--------------------
--------------------
--------------------
--------------------

Generation = 2, Population = 16.
--------------------
--------------------
--------------------
--------------------
--------------------
--------------------
--------------------
---------11---------
---------22---------
-------12--21-------
-------12--21-------
---------22---------
---------11---------
--------------------
--------------------
--------------------
--------------------
--------------------
--------------------
--------------------

Generation = 3, Population = 16.
--------------------
--------------------
--------------------
--------------------
--------------------
--------------------
---------11---------
--------1--1--------
-------1----1-------
------1------1------
------1------1------
-------1----1-------
--------1--1--------
---------11---------
--------------------
--------------------
--------------------
--------------------
--------------------
--------------------

Generation = 4, Population = 16.
--------------------
--------------------
--------------------
--------------------
--------------------
---------11---------
---------22---------
--------------------
--------------------
-----12------21-----
-----12------21-----
--------------------
--------------------
---------22---------
---------11---------
--------------------
--------------------
--------------------
--------------------
--------------------

Generation = 5, Population = 32.
--------------------
--------------------
--------------------
--------------------
---------11---------
--------1--1--------
--------1--1--------
---------22---------
-----11------11-----
----1--2----2--1----
----1--2----2--1----
-----11------11-----
---------22---------
--------1--1--------
--------1--1--------
---------11---------
--------------------
--------------------
--------------------
--------------------

*** Life<FredkinCell> 5x5 ***
Generation = 0, Population = 1.
-----
-----
--0--
-----
-----

Generation = 1, Population = 4.
-----
--1--
-1-1-
--1--
-----

Generation = 2, Population = 4.
--1--
-----
1---1
-----
--1--

Generation = 3, Population = 12.
-1-1-
1-2-1
-2-2-
1-2-1
-1-1-

Generation = 4, Population = 4.
--2--
-----
2---2
-----
--2--

Generation = 5, Population = 12.
-2-2-
2-3-2
-3-3-
2-3-2
-2-2-

*** Life<FredkinCell> 9x9 ***
Generation = 0, Population = 5.
---------
-0-----0-
---------
---------
----0----
---------
---------
-0-----0-
---------

Generation = 1, Population = 20.
-1-----1-
1-1---1-1
-1-----1-
----1----
---1-1---
----1----
-1-----1-
1-1---1-1
-1-----1-

Generation = 2, Population = 12.
---------
---1-1---
----1----
-1-----1-
--1---1--
-1-----1-
----1----
---1-1---
---------

Generation = 3, Population = 24.
---1-1---
--2-1-2--
-2-----2-
1---2---1
-1-2-2-1-
1---2---1
-2-----2-
--2-1-2--
---1-1---

Generation = 4, Population = 12.
----1----
---2-2---
---------
-2-----2-
1-------1
-2-----2-
---------
---2-2---
----1----

Generation = 5, Population = 20.
---------
--3-2-3--
-3-1-1-3-
--1---1--
-2-----2-
--1---1--
-3-1-1-3-
--3-2-3--
---------

*** Life<FredkinCell> 31x15 ***
Generation = 0, Population = 21.
---------------
-------0-------
---------------
---------------
---------------
-------0-------
---------------
---------------
-------0-------
---------------
-------0-------
---------------
----0-----0----
-----0---0-----
------0-0------
-------0-------
------0-0------
-----0---0-----
----0-----0----
---------------
-------0-------
---------------
-------0-------
---------------
---------------
-------0-------
---------------
---------------
---------------
-------0-------
---------------

Generation = 1, Population = 40.
-------1-------
------1-1------
-------1-------
---------------
-------1-------
------1-1------
-------1-------
-------1-------
------1-1------
---------------
------1-1------
----1--1--1----
---1-------1---
---------------
-------1-------
------1-1------
-------1-------
---------------
---1-------1---
----1--1--1----
------1-1------
---------------
------1-1------
-------1-------
-------1-------
------1-1------
-------1-------
---------------
-------1-------
------1-1------
-------1-------

Generation = 2, Population = 46.
---------------
-----1---1-----
---------------
---------------
---------------
-----1---1-----
-------2-------
-------2-------
-----1-1-1-----
---------------
----11-1-11----
-----1---1-----
--1----1----1--
---1---1---1---
---------------
-----1---1-----
---------------
---1---1---1---
--1----1----1--
-----1---1-----
----11-1-11----
---------------
-----1-1-1-----
-------2-------
-------2-------
-----1---1-----
---------------
---------------
---------------
-----1---1-----
---------------

Generation = 3, Population = 116.
-----1---1-----
----1-2-2-1----
-----1---1-----
---------------
-----1---1-----
----1-212-1----
-----11311-----
-----11-11-----
----1--2--1----
----1-----1----
---12-----21---
--1--21-12--1--
-1---11211---1-
----1-121-1----
---1-1-2-1-1---
----1-2-2-1----
---1-1-2-1-1---
----1-121-1----
-1---11211---1-
--1--21-12--1--
---12-----21---
----1-----1----
----1--2--1----
-----11-11-----
-----11311-----
----1-212-1----
-----1---1-----
---------------
-----1---1-----
----1-2-2-1----
-----1---1-----

Generation = 4, Population = 56.
---------------
---1-------1---
---------------
---------------
-------2-------
---1---2---1---
-------4-------
---------------
---12-----21---
-----1-1-1-----
---2--2-2--2---
-------2-------
1------3------1
-1-----------1-
--1----3----1--
---1-------1---
--1----3----1--
-1-----------1-
1------3------1
-------2-------
---2--2-2--2---
-----1-1-1-----
---12-----21---
---------------
-------4-------
---1---2---1---
-------2-------
---------------
---------------
---1-------1---
---------------

Generation = 5, Population = 110.
---1-------1---
--1-2-----2-1--
---1-------1---
-------1-------
---1--131--1---
--1-2-3-3-2-1--
---1--252--1---
---11--3--11---
--123--3--321--
------1-1------
--1-3-----3-1--
1--1---3---1--1
------242------
---------------
------1-1------
--1-2-----2-1--
------1-1------
---------------
------242------
1--1---3---1--1
--1-3-----3-1--
------1-1------
--123--3--321--
---11--3--11---
---1--252--1---
--1-2-3-3-2-1--
---1--131--1---
-------1-------
---1-------1---
--1-2-----2-1--
---1-------1---

*** Life<Cell> 20x20 ***
Generation = 0, Population = 6.
--------------------
--------------------
--------------------
--------------------
--------------------
--------------------
--------------------
--------------------
--------------------
---------00---------
--------0000--------
--------------------
--------------------
--------------------
--------------------
--------------------
--------------------
--------------------
--------------------
--------------------

Generation = 1, Population = 12.
--------------------
--------------------
--------------------
--------------------
--------------------
--------------------
--------------------
--------------------
---------11---------
--------------------
-------111111-------
--------1111--------
--------------------
--------------------
--------------------
--------------------
--------------------
--------------------
--------------------
--------------------

Generation = 2, Population = 24.
--------------------
--------------------
--------------------
--------------------
--------------------
--------------------
--------------------
---------11---------
--------1**1--------
-------11--11-------
------1******1------
---------**---------
--------1111--------
--------------------
--------------------
--------------------
--------------------
--------------------
--------------------
--------------------

Generation = 3, Population = 26.
--------------------
--------------------
--------------------
--------------------
--------------------
--------------------
---------11---------
--------------------
---------..---------
--------*11*--------
-----1*......*1-----
------11*..*11------
-------1****1-------
--------1111--------
--------------------
--------------------
--------------------
--------------------
--------------------
--------------------

Generation = 4, Population = 32.
--------------------
--------------------
--------------------
--------------------
--------------------
---------11---------
--------1**1--------
---------**---------
--------****--------
-----11*.--.*11-----
----1**......**1----
-------*....*-------
--------....--------
---------**---------
--------1111--------
--------------------
--------------------
--------------------
--------------------
--------------------

Generation = 5, Population = 42.
--------------------
--------------------
--------------------
--------------------
---------11---------
--------------------
-------1*..*1-------
--------1..1--------
-----11-*..*-11-----
------********------
---1*..........*1---
----11-......-11----
-------*....*-------
---------..---------
-------1****1-------
--------1111--------
--------------------
--------------------
--------------------
--------------------

*** Life<Cell> 9x9 ***
Generation = 0, Population = 5.
---------
-0-----0-
---------
---------
----0----
---------
---------
-0-----0-
---------

Generation = 1, Population = 20.
-1-----1-
1-1---1-1
-1-----1-
----1----
---1-1---
----1----
-1-----1-
1-1---1-1
-1-----1-

Generation = 2, Population = 12.
---------
---1-1---
----1----
-1-----1-
--1---1--
-1-----1-
----1----
---1-1---
---------

Generation = 3, Population = 24.
---1-1---
--*-1-*--
-*-----*-
1---*---1
-1-*-*-1-
1---*---1
-*-----*-
--*-1-*--
---1-1---

Generation = 4, Population = 24.
----1----
--**-**--
-*-----*-
-*--*--*-
1--*-*--1
-*--*--*-
-*-----*-
--**-**--
----1----

Generation = 5, Population = 44.
--1---1--
--*****--
1*-1*1-*1
-*1-*-1*-
-***-***-
-*1-*-1*-
1*-1*1-*1
--*****--
--1---1--

*** Life<Cell> 5x5 ***
Generation = 0, Population = 1.
-----
-----
--0--
-----
-----

Generation = 1, Population = 4.
-----
--1--
-1-1-
--1--
-----

Generation = 2, Population = 4.
--1--
-----
1---1
-----
--1--

Generation = 3, Population = 12.
-1-1-
1-*-1
-*-*-
1-*-1
-1-1-

Generation = 4, Population = 4.
--*--
--.--
*.-.*
--.--
--*--

Generation = 5, Population = 8.
-*.*-
*-.-*
..-..
*-.-*
-*.*-

*** Life<Cell> 30x20 ***
Generation = 0, Population = 100.
-0----------------0-
-0----------------0-
-0----------------0-
-0----------------0-
-0----------------0-
-0---0--------0---0-
-0---0--------0---0-
-0---0--------0---0-
-0---0--------0---0-
-0---0--------0---0-
-0---0--------0---0-
-0---0--------0---0-
-0---0--------0---0-
-0---0--------0---0-
-0---0--------0---0-
-0---0--------0---0-
-0---0--------0---0-
-0---0--------0---0-
-0---0--------0---0-
-0---0--------0---0-
-0---0--------0---0-
-0---0--------0---0-
-0---0--------0---0-
-0---0--------0---0-
-0---0--------0---0-
-0----------------0-
-0----------------0-
-0----------------0-
-0----------------0-
-0----------------0-

Generation = 1, Population = 212.
111--------------111
1-1--------------1-1
1-1--------------1-1
1-1--------------1-1
1-1--1--------1--1-1
1-1-111------111-1-1
1-1-1-1------1-1-1-1
1-1-1-1------1-1-1-1
1-1-1-1------1-1-1-1
1-1-1-1------1-1-1-1
1-1-1-1------1-1-1-1
1-1-1-1------1-1-1-1
1-1-1-1------1-1-1-1
1-1-1-1------1-1-1-1
1-1-1-1------1-1-1-1
1-1-1-1------1-1-1-1
1-1-1-1------1-1-1-1
1-1-1-1------1-1-1-1
1-1-1-1------1-1-1-1
1-1-1-1------1-1-1-1
1-1-1-1------1-1-1-1
1-1-1-1------1-1-1-1
1-1-1-1------1-1-1-1
1-1-1-1------1-1-1-1
1-1-111------111-1-1
1-1--1--------1--1-1
1-1--------------1-1
1-1--------------1-1
1-1--------------1-1
111--------------111

Generation = 2, Population = 80.
---1------------1---
-1-1------------1-1-
---1------------1---
---1-1--------1-1---
---1-*--------*-1---
-----*-1----1-*-----
-----1-1----1-1-----
-------1----1-------
-------1----1-------
-------1----1-------
-------1----1-------
-------1----1-------
-------1----1-------
-------1----1-------
-------1----1-------
-------1----1-------
-------1----1-------
-------1----1-------
-------1----1-------
-------1----1-------
-------1----1-------
-------1----1-------
-------1----1-------
-----1-1----1-1-----
-----*-1----1-*-----
---1-*--------*-1---
---1-1--------1-1---
---1------------1---
-1-1------------1-1-
---1------------1---

Generation = 3, Population = 172.
-***1----------1***-
*---1----------1---*
-1*-11--------11-*1-
--*--*1------1*--*--
--**-*11----11*-**--
---1**-*1--1*-**1---
----**--1--1--**----
-----1*-1--1-*1-----
------*-1--1-*------
------*-1--1-*------
------*-1--1-*------
------*-1--1-*------
------*-1--1-*------
------*-1--1-*------
------*-1--1-*------
------*-1--1-*------
------*-1--1-*------
------*-1--1-*------
------*-1--1-*------
------*-1--1-*------
------*-1--1-*------
------*-1--1-*------
-----1*-1--1-*1-----
----**--1--1--**----
---1**-*1--1*-**1---
--**-*11----11*-**--
--*--*1------1*--*--
-1*-11--------11-*1-
*---1----------1---*
-***1----------1***-

Generation = 4, Population = 148.
-***-1--------1-***-
**----------------**
-**--------------**-
--.--.--------.--.--
-1*.1.*------*.1.*1-
----..*.-11-.*..----
----..---11---..----
------*--11--*------
------*--11--*------
-----1*--11--*1-----
-----1*--11--*1-----
-----1*--11--*1-----
-----1*--11--*1-----
-----1*--11--*1-----
-----1*--11--*1-----
-----1*--11--*1-----
-----1*--11--*1-----
-----1*--11--*1-----
-----1*--11--*1-----
-----1*--11--*1-----
-----1*--11--*1-----
------*--11--*------
------*--11--*------
----..---11---..----
----..*.-11-.*..----
-1*.1.*------*.1.*1-
--.--.--------.--.--
-**--------------**-
**----------------**
-***-1--------1-***-

Generation = 5, Population = 240.
-**.--1------1--.**-
*.**-1--------1-**.*
-***------------***-
--.-1.*------*.1-.--
**..-*.*-11-*.*-..**
-1*-.*..*--*..*.-*1-
----..--****--..----
-----*.******.*-----
------********------
----*-.******.-*----
----**.******.**----
----**.******.**----
----**.******.**----
----**.******.**----
----**.******.**----
----**.******.**----
----**.******.**----
----**.******.**----
----**.******.**----
----**.******.**----
----*-.******.-*----
------********------
-----*.******.*-----
----..--****--..----
-1*-.*..*--*..*.-*1-
**..-*.*-11-*.*-..**
--.-1.*------*.1-.--
-***------------***-
*.**-1--------1-**.*
-**.--1------1--.**-

