***Life<ConwayCell> 2x2 ***

Generation = 0, Population = 3.
.*
**

Generation = 1, Population = 4.
**
**

Generation = 2, Population = 4.
**
**

Generation = 3, Population = 4.
**
**

Generation = 4, Population = 4.
**
**

Generation = 5, Population = 4.
**
**

***Life<ConwayCell> 4x4 ***

Generation = 0, Population = 6.
....
.***
***.
....

Generation = 1, Population = 6.
..*.
*..*
*..*
.*..

Generation = 2, Population = 6.
....
.***
***.
....

Generation = 3, Population = 6.
..*.
*..*
*..*
.*..

Generation = 4, Population = 6.
....
.***
***.
....

Generation = 5, Population = 6.
..*.
*..*
*..*
.*..

***Life<ConwayCell> 20x20 ***

Generation = 0, Population = 5.
....................
....................
....................
....................
....................
....................
....................
....................
....................
....................
....................
....................
....................
....................
....................
....................
....................
.*..................
.**.................
*.*.................

Generation = 1, Population = 5.
....................
....................
....................
....................
....................
....................
....................
....................
....................
....................
....................
....................
....................
....................
....................
....................
....................
.**.................
*.*.................
..*.................

Generation = 2, Population = 5.
....................
....................
....................
....................
....................
....................
....................
....................
....................
....................
....................
....................
....................
....................
....................
....................
....................
.**.................
..**................
.*..................

Generation = 3, Population = 5.
....................
....................
....................
....................
....................
....................
....................
....................
....................
....................
....................
....................
....................
....................
....................
....................
....................
.***................
...*................
..*.................

Generation = 4, Population = 5.
....................
....................
....................
....................
....................
....................
....................
....................
....................
....................
....................
....................
....................
....................
....................
....................
..*.................
..**................
.*.*................
....................

Generation = 5, Population = 5.
....................
....................
....................
....................
....................
....................
....................
....................
....................
....................
....................
....................
....................
....................
....................
....................
..**................
.*.*................
...*................
....................

***Life<ConwayCell> 20x20 ***

Generation = 0, Population = 24.
..............*.....
.............*.*....
..............**....
...**...............
...*.*..............
....**..............
....................
....................
............**......
...........*..*.....
............*.*.....
.............*......
....................
....................
....................
....................
.*..................
*.*.................
*.*.................
.*..................

Generation = 1, Population = 24.
..............*.....
.............*.*....
..............**....
...**...............
...*.*..............
....**..............
....................
....................
............**......
...........*..*.....
............*.*.....
.............*......
....................
....................
....................
....................
.*..................
*.*.................
*.*.................
.*..................

Generation = 2, Population = 24.
..............*.....
.............*.*....
..............**....
...**...............
...*.*..............
....**..............
....................
....................
............**......
...........*..*.....
............*.*.....
.............*......
....................
....................
....................
....................
.*..................
*.*.................
*.*.................
.*..................

Generation = 3, Population = 24.
..............*.....
.............*.*....
..............**....
...**...............
...*.*..............
....**..............
....................
....................
............**......
...........*..*.....
............*.*.....
.............*......
....................
....................
....................
....................
.*..................
*.*.................
*.*.................
.*..................

Generation = 4, Population = 24.
..............*.....
.............*.*....
..............**....
...**...............
...*.*..............
....**..............
....................
....................
............**......
...........*..*.....
............*.*.....
.............*......
....................
....................
....................
....................
.*..................
*.*.................
*.*.................
.*..................

Generation = 5, Population = 24.
..............*.....
.............*.*....
..............**....
...**...............
...*.*..............
....**..............
....................
....................
............**......
...........*..*.....
............*.*.....
.............*......
....................
....................
....................
....................
.*..................
*.*.................
*.*.................
.*..................

***Life<ConwayCell> 6x3 ***

Generation = 0, Population = 6.
...
...
...
...
***
***

Generation = 1, Population = 5.
...
...
...
.*.
*.*
*.*

Generation = 2, Population = 3.
...
...
...
.*.
*.*
...

Generation = 3, Population = 2.
...
...
...
.*.
.*.
...

Generation = 4, Population = 0.
...
...
...
...
...
...

Generation = 5, Population = 0.
...
...
...
...
...
...

***Life<ConwayCell> 4x4 ***

Generation = 0, Population = 8.
****
....
....
****

Generation = 1, Population = 8.
.**.
.**.
.**.
.**.

Generation = 2, Population = 8.
.**.
*..*
*..*
.**.

Generation = 3, Population = 8.
.**.
*..*
*..*
.**.

Generation = 4, Population = 8.
.**.
*..*
*..*
.**.

Generation = 5, Population = 8.
.**.
*..*
*..*
.**.

***Life<ConwayCell> 9x10 ***

Generation = 0, Population = 58.
**********
**********
**......**
**......**
*........*
**......**
**......**
**********
**********

Generation = 1, Population = 12.
*........*
..........
...****...
..........
..........
..........
...****...
..........
*........*

Generation = 2, Population = 12.
..........
....**....
....**....
....**....
..........
....**....
....**....
....**....
..........

Generation = 3, Population = 12.
..........
....**....
...*..*...
....**....
..........
....**....
...*..*...
....**....
..........

Generation = 4, Population = 12.
..........
....**....
...*..*...
....**....
..........
....**....
...*..*...
....**....
..........

Generation = 5, Population = 12.
..........
....**....
...*..*...
....**....
..........
....**....
...*..*...
....**....
..........

***Life<ConwayCell> 10x10 ***

Generation = 0, Population = 12.
..........
..........
....**....
....**....
...*..*...
...*..*...
....**....
....**....
..........
..........

Generation = 1, Population = 12.
..........
..........
....**....
...*..*...
...*..*...
...*..*...
...*..*...
....**....
..........
..........

Generation = 2, Population = 20.
..........
..........
....**....
...*..*...
..******..
..******..
...*..*...
....**....
..........
..........

Generation = 3, Population = 8.
..........
..........
....**....
..*....*..
..........
..........
..*....*..
....**....
..........
..........

Generation = 4, Population = 0.
..........
..........
..........
..........
..........
..........
..........
..........
..........
..........

Generation = 5, Population = 0.
..........
..........
..........
..........
..........
..........
..........
..........
..........
..........

***Life<ConwayCell> 10x10 ***

Generation = 0, Population = 20.
*........*
.*......*.
..*....*..
...*..*...
....**....
....**....
...*..*...
..*....*..
.*......*.
*........*

Generation = 1, Population = 20.
..........
.*......*.
..*....*..
...****...
...*..*...
...*..*...
...****...
..*....*..
.*......*.
..........

Generation = 2, Population = 32.
..........
..........
..******..
..******..
..**..**..
..**..**..
..******..
..******..
..........
..........

Generation = 3, Population = 20.
..........
...****...
..*....*..
.*......*.
.*......*.
.*......*.
.*......*.
..*....*..
...****...
..........

Generation = 4, Population = 44.
....**....
...****...
..******..
.**....**.
***....***
***....***
.**....**.
..******..
...****...
....**....

Generation = 5, Population = 24.
...*..*...
..*....*..
.*......*.
*...**...*
...*..*...
...*..*...
*...**...*
.*......*.
..*....*..
...*..*...

***Life<FredkinCell> 20x20 ***

Generation = 0, Population = 4.
--------------------
--------------------
--------------------
--------------------
--------------------
--------------------
--------------------
--------------------
--------------------
---------00---------
---------00---------
--------------------
--------------------
--------------------
--------------------
--------------------
--------------------
--------------------
--------------------
--------------------

Generation = 1, Population = 8.
--------------------
--------------------
--------------------
--------------------
--------------------
--------------------
--------------------
--------------------
---------00---------
--------0--0--------
--------0--0--------
---------00---------
--------------------
--------------------
--------------------
--------------------
--------------------
--------------------
--------------------
--------------------

Generation = 2, Population = 16.
--------------------
--------------------
--------------------
--------------------
--------------------
--------------------
--------------------
---------00---------
---------11---------
-------01--10-------
-------01--10-------
---------11---------
---------00---------
--------------------
--------------------
--------------------
--------------------
--------------------
--------------------
--------------------

Generation = 3, Population = 16.
--------------------
--------------------
--------------------
--------------------
--------------------
--------------------
---------00---------
--------0--0--------
-------0----0-------
------0------0------
------0------0------
-------0----0-------
--------0--0--------
---------00---------
--------------------
--------------------
--------------------
--------------------
--------------------
--------------------

Generation = 4, Population = 16.
--------------------
--------------------
--------------------
--------------------
--------------------
---------00---------
---------11---------
--------------------
--------------------
-----01------10-----
-----01------10-----
--------------------
--------------------
---------11---------
---------00---------
--------------------
--------------------
--------------------
--------------------
--------------------

Generation = 5, Population = 32.
--------------------
--------------------
--------------------
--------------------
---------00---------
--------0--0--------
--------0--0--------
---------00---------
-----00------00-----
----0--0----0--0----
----0--0----0--0----
-----00------00-----
---------00---------
--------0--0--------
--------0--0--------
---------00---------
--------------------
--------------------
--------------------
--------------------

***Life<FredkinCell> 20x20 ***

Generation = 0, Population = 28.
0-------------------
00------------------
0-------------------
00------------------
0-------------------
00------------------
0-------------------
00------------------
0-------------------
00------------------
0-------------------
00------------------
0-------------------
00------------------
0-------------------
00------------------
0-------------------
00------------------
0-------------------
--------------------

Generation = 1, Population = 38.
1-------------------
110-----------------
-0------------------
110-----------------
-0------------------
110-----------------
-0------------------
110-----------------
-0------------------
110-----------------
-0------------------
110-----------------
-0------------------
110-----------------
-0------------------
110-----------------
-0------------------
110-----------------
1-------------------
0-------------------

Generation = 2, Population = 48.
2-0-----------------
-210----------------
0-0-----------------
2-10----------------
0-0-----------------
2-10----------------
0-0-----------------
2-10----------------
0-0-----------------
2-10----------------
0-0-----------------
2-10----------------
0-0-----------------
2-10----------------
0-0-----------------
2-10----------------
0-0-----------------
-210----------------
--0-----------------
10------------------

Generation = 3, Population = 47.
-01-----------------
13-10---------------
10-0----------------
--210---------------
---0----------------
--210---------------
---0----------------
--210---------------
---0----------------
--210---------------
---0----------------
--210---------------
---0----------------
--210---------------
---0----------------
--210---------------
10-0----------------
-3-10---------------
101-----------------
21------------------

Generation = 4, Population = 57.
--2-0---------------
-41-10--------------
--0-0---------------
2-3-10--------------
--0-0---------------
-13-10--------------
--0-0---------------
-13-10--------------
--0-0---------------
-13-10--------------
--0-0---------------
-13-10--------------
--0-0---------------
-13-10--------------
--0-0---------------
2-3-10--------------
2-0-0---------------
1-1-10--------------
--2-0---------------
--------------------

Generation = 5, Population = 70.
--3-1---------------
152-210-------------
1----0--------------
----210-------------
0----0--------------
224-210-------------
-0---0--------------
224-210-------------
-0---0--------------
224-210-------------
-0---0--------------
224-210-------------
-0---0--------------
224-210-------------
0----0--------------
3---210-------------
-----0--------------
2---210-------------
103-1---------------
--0-0---------------

***Life<FredkinCell> 20x20 ***

Generation = 0, Population = 10.
--------------------
--------------------
--------------------
--------------------
--------------------
--------------------
--------------------
--------------------
---------00---------
-------000000-------
---------00---------
--------------------
--------------------
--------------------
--------------------
--------------------
--------------------
--------------------
--------------------
--------------------

Generation = 1, Population = 12.
--------------------
--------------------
--------------------
--------------------
--------------------
--------------------
--------------------
---------00---------
-------0----0-------
------01----10------
-------0----0-------
---------00---------
--------------------
--------------------
--------------------
--------------------
--------------------
--------------------
--------------------
--------------------

Generation = 2, Population = 36.
--------------------
--------------------
--------------------
--------------------
--------------------
--------------------
---------00---------
-------001100-------
-------100001-------
-----0120--0210-----
-------100001-------
-------001100-------
---------00---------
--------------------
--------------------
--------------------
--------------------
--------------------
--------------------
--------------------

Generation = 3, Population = 36.
--------------------
--------------------
--------------------
--------------------
--------------------
---------00---------
-------0----0-------
------0-1--1-0------
-----0-2-11-2-0-----
----01--1001--10----
-----0-2-11-2-0-----
------0-1--1-0------
-------0----0-------
---------00---------
--------------------
--------------------
--------------------
--------------------
--------------------
--------------------

Generation = 4, Population = 40.
--------------------
--------------------
--------------------
--------------------
---------00---------
-------001100-------
---------00---------
--------------------
-----10------01-----
---012122--221210---
-----10------01-----
--------------------
---------00---------
-------001100-------
---------00---------
--------------------
--------------------
--------------------
--------------------
--------------------

Generation = 5, Population = 48.
--------------------
--------------------
--------------------
---------00---------
-------0----0-------
------01----10------
-------0----0-------
-----00--11--00-----
---0----0--0----0---
--01----3003----10--
---0----0--0----0---
-----00--11--00-----
-------0----0-------
------01----10------
-------0----0-------
---------00---------
--------------------
--------------------
--------------------
--------------------

***Life<FredkinCell> 20x20 ***

Generation = 0, Population = 46.
0------------------0
-0----------------0-
--0--------------0--
---0------------0---
----0----------0----
-----0--------0-----
------0------0------
-------0----0-------
--------0000--------
-------000000-------
---------00---------
--------0--0--------
-------0----0-------
------0------0------
-----0--------0-----
----0----------0----
---0------------0---
--0--------------0--
-0----------------0-
0------------------0

Generation = 1, Population = 16.
--------------------
--------------------
--------------------
--------------------
--------------------
--------------------
--------------------
---------00---------
-------0-11-0-------
------011--110------
-------00--00-------
--------------------
--------------------
--------------------
--------------------
--------------------
--------------------
--------------------
--------------------
--------------------

Generation = 2, Population = 20.
--------------------
--------------------
--------------------
--------------------
--------------------
--------------------
---------00---------
-------00--00-------
-------10--01-------
-----01------10-----
---------00---------
-------00--00-------
--------------------
--------------------
--------------------
--------------------
--------------------
--------------------
--------------------
--------------------

Generation = 3, Population = 40.
--------------------
--------------------
--------------------
--------------------
--------------------
---------00---------
-------0-11-0-------
------0------0------
-----0---11---0-----
----012-1001-210----
-----000-11-000-----
------011--110------
-------00--00-------
--------------------
--------------------
--------------------
--------------------
--------------------
--------------------
--------------------

Generation = 4, Population = 24.
--------------------
--------------------
--------------------
--------------------
---------00---------
-------00--00-------
--------------------
--------------------
-----10------01-----
---01--12--21--10---
--------------------
--------------------
---------00---------
-------00--00-------
--------------------
--------------------
--------------------
--------------------
--------------------
--------------------

Generation = 5, Population = 64.
--------------------
--------------------
--------------------
---------00---------
-------0-11-0-------
------011--110------
-------00--00-------
-----00------00-----
---0-21-0--0-12-0---
--012--230032--210--
---00--00--00--00---
---------00---------
-------0-11-0-------
------011--110------
-------00--00-------
--------------------
--------------------
--------------------
--------------------
--------------------

***Life<FredkinCell> 50x50 ***

Generation = 0, Population = 25.
--------------------------------------------------
--------------------------------------------------
--------------------------------------------------
--------------------------------------------------
--------------------------------------------------
--------------------------------------------------
--------------------------------------------------
--------------------------------------------------
--------------------------------------------------
--------------------------------------------------
--------------------------------------------------
--------------------------------------------------
--------------------------------------------------
--------------------------------------------------
--------------------------------------------------
--------------------------------------------------
--------------------------------------------------
--------------------------------------------------
--------------------------------------------------
--------------------------------------------------
------------------------0-------------------------
-----------------------0-0------------------------
----------------------0-0-0-----------------------
---------------------0-0-0-0----------------------
--------------------0-0-0-0-0---------------------
---------------------0-0-0-0----------------------
----------------------0-0-0-----------------------
-----------------------0-0------------------------
------------------------0-------------------------
--------------------------------------------------
--------------------------------------------------
--------------------------------------------------
--------------------------------------------------
--------------------------------------------------
--------------------------------------------------
--------------------------------------------------
--------------------------------------------------
--------------------------------------------------
--------------------------------------------------
--------------------------------------------------
--------------------------------------------------
--------------------------------------------------
--------------------------------------------------
--------------------------------------------------
--------------------------------------------------
--------------------------------------------------
--------------------------------------------------
--------------------------------------------------
--------------------------------------------------
--------------------------------------------------

Generation = 1, Population = 4.
--------------------------------------------------
--------------------------------------------------
--------------------------------------------------
--------------------------------------------------
--------------------------------------------------
--------------------------------------------------
--------------------------------------------------
--------------------------------------------------
--------------------------------------------------
--------------------------------------------------
--------------------------------------------------
--------------------------------------------------
--------------------------------------------------
--------------------------------------------------
--------------------------------------------------
--------------------------------------------------
--------------------------------------------------
--------------------------------------------------
--------------------------------------------------
------------------------0-------------------------
--------------------------------------------------
--------------------------------------------------
--------------------------------------------------
--------------------------------------------------
-------------------0---------0--------------------
--------------------------------------------------
--------------------------------------------------
--------------------------------------------------
--------------------------------------------------
------------------------0-------------------------
--------------------------------------------------
--------------------------------------------------
--------------------------------------------------
--------------------------------------------------
--------------------------------------------------
--------------------------------------------------
--------------------------------------------------
--------------------------------------------------
--------------------------------------------------
--------------------------------------------------
--------------------------------------------------
--------------------------------------------------
--------------------------------------------------
--------------------------------------------------
--------------------------------------------------
--------------------------------------------------
--------------------------------------------------
--------------------------------------------------
--------------------------------------------------
--------------------------------------------------

Generation = 2, Population = 16.
--------------------------------------------------
--------------------------------------------------
--------------------------------------------------
--------------------------------------------------
--------------------------------------------------
--------------------------------------------------
--------------------------------------------------
--------------------------------------------------
--------------------------------------------------
--------------------------------------------------
--------------------------------------------------
--------------------------------------------------
--------------------------------------------------
--------------------------------------------------
--------------------------------------------------
--------------------------------------------------
--------------------------------------------------
--------------------------------------------------
------------------------0-------------------------
-----------------------0-0------------------------
------------------------0-------------------------
--------------------------------------------------
--------------------------------------------------
-------------------0---------0--------------------
------------------0-0-------0-0-------------------
-------------------0---------0--------------------
--------------------------------------------------
--------------------------------------------------
------------------------0-------------------------
-----------------------0-0------------------------
------------------------0-------------------------
--------------------------------------------------
--------------------------------------------------
--------------------------------------------------
--------------------------------------------------
--------------------------------------------------
--------------------------------------------------
--------------------------------------------------
--------------------------------------------------
--------------------------------------------------
--------------------------------------------------
--------------------------------------------------
--------------------------------------------------
--------------------------------------------------
--------------------------------------------------
--------------------------------------------------
--------------------------------------------------
--------------------------------------------------
--------------------------------------------------
--------------------------------------------------

Generation = 3, Population = 16.
--------------------------------------------------
--------------------------------------------------
--------------------------------------------------
--------------------------------------------------
--------------------------------------------------
--------------------------------------------------
--------------------------------------------------
--------------------------------------------------
--------------------------------------------------
--------------------------------------------------
--------------------------------------------------
--------------------------------------------------
--------------------------------------------------
--------------------------------------------------
--------------------------------------------------
--------------------------------------------------
--------------------------------------------------
------------------------0-------------------------
--------------------------------------------------
----------------------0---0-----------------------
--------------------------------------------------
------------------------0-------------------------
-------------------0---------0--------------------
--------------------------------------------------
-----------------0---0-----0---0------------------
--------------------------------------------------
-------------------0---------0--------------------
------------------------0-------------------------
--------------------------------------------------
----------------------0---0-----------------------
--------------------------------------------------
------------------------0-------------------------
--------------------------------------------------
--------------------------------------------------
--------------------------------------------------
--------------------------------------------------
--------------------------------------------------
--------------------------------------------------
--------------------------------------------------
--------------------------------------------------
--------------------------------------------------
--------------------------------------------------
--------------------------------------------------
--------------------------------------------------
--------------------------------------------------
--------------------------------------------------
--------------------------------------------------
--------------------------------------------------
--------------------------------------------------
--------------------------------------------------

Generation = 4, Population = 64.
--------------------------------------------------
--------------------------------------------------
--------------------------------------------------
--------------------------------------------------
--------------------------------------------------
--------------------------------------------------
--------------------------------------------------
--------------------------------------------------
--------------------------------------------------
--------------------------------------------------
--------------------------------------------------
--------------------------------------------------
--------------------------------------------------
--------------------------------------------------
--------------------------------------------------
--------------------------------------------------
------------------------0-------------------------
-----------------------0-0------------------------
----------------------0-0-0-----------------------
---------------------0-0-0-0----------------------
----------------------0-0-0-----------------------
-------------------0---0-0---0--------------------
------------------0-0---0---0-0-------------------
-----------------0-0-0-----0-0-0------------------
----------------0-0-0-0---0-0-0-0-----------------
-----------------0-0-0-----0-0-0------------------
------------------0-0---0---0-0-------------------
-------------------0---0-0---0--------------------
----------------------0-0-0-----------------------
---------------------0-0-0-0----------------------
----------------------0-0-0-----------------------
-----------------------0-0------------------------
------------------------0-------------------------
--------------------------------------------------
--------------------------------------------------
--------------------------------------------------
--------------------------------------------------
--------------------------------------------------
--------------------------------------------------
--------------------------------------------------
--------------------------------------------------
--------------------------------------------------
--------------------------------------------------
--------------------------------------------------
--------------------------------------------------
--------------------------------------------------
--------------------------------------------------
--------------------------------------------------
--------------------------------------------------
--------------------------------------------------

Generation = 5, Population = 16.
--------------------------------------------------
--------------------------------------------------
--------------------------------------------------
--------------------------------------------------
--------------------------------------------------
--------------------------------------------------
--------------------------------------------------
--------------------------------------------------
--------------------------------------------------
--------------------------------------------------
--------------------------------------------------
--------------------------------------------------
--------------------------------------------------
--------------------------------------------------
--------------------------------------------------
------------------------0-------------------------
--------------------------------------------------
--------------------------------------------------
--------------------------------------------------
--------------------0-------0---------------------
-------------------0---------0--------------------
--------------------------------------------------
--------------------------------------------------
------------------------0-------------------------
---------------0-------0-0-------0----------------
------------------------0-------------------------
--------------------------------------------------
--------------------------------------------------
-------------------0---------0--------------------
--------------------0-------0---------------------
--------------------------------------------------
--------------------------------------------------
--------------------------------------------------
------------------------0-------------------------
--------------------------------------------------
--------------------------------------------------
--------------------------------------------------
--------------------------------------------------
--------------------------------------------------
--------------------------------------------------
--------------------------------------------------
--------------------------------------------------
--------------------------------------------------
--------------------------------------------------
--------------------------------------------------
--------------------------------------------------
--------------------------------------------------
--------------------------------------------------
--------------------------------------------------
--------------------------------------------------

***Life<Cell> 20x20 ***

Generation = 0, Population = 6.
--------------------
--------------------
--------------------
--------------------
--------------------
--------------------
--------------------
--------------------
--------------------
---------00---------
--------0000--------
--------------------
--------------------
--------------------
--------------------
--------------------
--------------------
--------------------
--------------------
--------------------

Generation = 1, Population = 12.
--------------------
--------------------
--------------------
--------------------
--------------------
--------------------
--------------------
--------------------
---------00---------
--------------------
-------011110-------
--------0000--------
--------------------
--------------------
--------------------
--------------------
--------------------
--------------------
--------------------
--------------------

Generation = 2, Population = 24.
--------------------
--------------------
--------------------
--------------------
--------------------
--------------------
--------------------
---------00---------
--------0110--------
-------00--00-------
------01****10------
---------11---------
--------0000--------
--------------------
--------------------
--------------------
--------------------
--------------------
--------------------
--------------------

Generation = 3, Population = 32.
--------------------
--------------------
--------------------
--------------------
--------------------
--------------------
---------00---------
--------------------
---------**---------
--------1001--------
-----01*....*10-----
------000**000------
-------011110-------
--------0000--------
--------------------
--------------------
--------------------
--------------------
--------------------
--------------------

Generation = 4, Population = 28.
--------------------
--------------------
--------------------
--------------------
--------------------
---------00---------
--------0110--------
--------------------
---------..---------
-----00-*11*-00-----
----01*......*10----
--------1..1--------
--------------------
---------11---------
--------0000--------
--------------------
--------------------
--------------------
--------------------
--------------------

Generation = 5, Population = 52.
--------------------
--------------------
--------------------
--------------------
---------00---------
--------------------
-------01**10-------
--------0000--------
-----00-0**0-00-----
--------.--.--------
---01**.*..*.**10---
----0000-..-0000----
--------1111--------
--------------------
-------011110-------
--------0000--------
--------------------
--------------------
--------------------
--------------------

***Life<Cell> 50x50 ***

Generation = 0, Population = 41.
--------------------------------------------------
--------------------------------------------------
--------------------------------------------------
--------------------------------------------------
--------------------------------------------------
--------------------------------------------------
--------------------------------------------------
--------------------------------------------------
--------------------------------------------------
--------------------------------------------------
--------------------------------------------------
--------------------------------------------------
--------------------------------------------------
--------------------------------------------------
--------------------------------------------------
--------------------------------------------------
--------------------------------------------------
--------------------------------------------------
--------------------------------------------------
--------------------------------------------------
------------------------0-------------------------
-----------------------000------------------------
----------------------00000-----------------------
---------------------0000000----------------------
--------------------000000000---------------------
---------------------0000000----------------------
----------------------00000-----------------------
-----------------------000------------------------
------------------------0-------------------------
--------------------------------------------------
--------------------------------------------------
--------------------------------------------------
--------------------------------------------------
--------------------------------------------------
--------------------------------------------------
--------------------------------------------------
--------------------------------------------------
--------------------------------------------------
--------------------------------------------------
--------------------------------------------------
--------------------------------------------------
--------------------------------------------------
--------------------------------------------------
--------------------------------------------------
--------------------------------------------------
--------------------------------------------------
--------------------------------------------------
--------------------------------------------------
--------------------------------------------------
--------------------------------------------------

Generation = 1, Population = 8.
--------------------------------------------------
--------------------------------------------------
--------------------------------------------------
--------------------------------------------------
--------------------------------------------------
--------------------------------------------------
--------------------------------------------------
--------------------------------------------------
--------------------------------------------------
--------------------------------------------------
--------------------------------------------------
--------------------------------------------------
--------------------------------------------------
--------------------------------------------------
--------------------------------------------------
--------------------------------------------------
--------------------------------------------------
--------------------------------------------------
--------------------------------------------------
------------------------0-------------------------
------------------------1-------------------------
--------------------------------------------------
--------------------------------------------------
--------------------------------------------------
-------------------01-------10--------------------
--------------------------------------------------
--------------------------------------------------
--------------------------------------------------
------------------------1-------------------------
------------------------0-------------------------
--------------------------------------------------
--------------------------------------------------
--------------------------------------------------
--------------------------------------------------
--------------------------------------------------
--------------------------------------------------
--------------------------------------------------
--------------------------------------------------
--------------------------------------------------
--------------------------------------------------
--------------------------------------------------
--------------------------------------------------
--------------------------------------------------
--------------------------------------------------
--------------------------------------------------
--------------------------------------------------
--------------------------------------------------
--------------------------------------------------
--------------------------------------------------
--------------------------------------------------

Generation = 2, Population = 32.
--------------------------------------------------
--------------------------------------------------
--------------------------------------------------
--------------------------------------------------
--------------------------------------------------
--------------------------------------------------
--------------------------------------------------
--------------------------------------------------
--------------------------------------------------
--------------------------------------------------
--------------------------------------------------
--------------------------------------------------
--------------------------------------------------
--------------------------------------------------
--------------------------------------------------
--------------------------------------------------
--------------------------------------------------
--------------------------------------------------
------------------------0-------------------------
-----------------------010------------------------
-----------------------0*0------------------------
------------------------0-------------------------
--------------------------------------------------
-------------------00-------00--------------------
------------------01*0-----0*10-------------------
-------------------00-------00--------------------
--------------------------------------------------
------------------------0-------------------------
-----------------------0*0------------------------
-----------------------010------------------------
------------------------0-------------------------
--------------------------------------------------
--------------------------------------------------
--------------------------------------------------
--------------------------------------------------
--------------------------------------------------
--------------------------------------------------
--------------------------------------------------
--------------------------------------------------
--------------------------------------------------
--------------------------------------------------
--------------------------------------------------
--------------------------------------------------
--------------------------------------------------
--------------------------------------------------
--------------------------------------------------
--------------------------------------------------
--------------------------------------------------
--------------------------------------------------
--------------------------------------------------

Generation = 3, Population = 32.
--------------------------------------------------
--------------------------------------------------
--------------------------------------------------
--------------------------------------------------
--------------------------------------------------
--------------------------------------------------
--------------------------------------------------
--------------------------------------------------
--------------------------------------------------
--------------------------------------------------
--------------------------------------------------
--------------------------------------------------
--------------------------------------------------
--------------------------------------------------
--------------------------------------------------
--------------------------------------------------
--------------------------------------------------
------------------------0-------------------------
------------------------1-------------------------
----------------------0---0-----------------------
----------------------0-.-0-----------------------
------------------------1-------------------------
-------------------00---0---00--------------------
--------------------------------------------------
-----------------01-.10---01.-10------------------
--------------------------------------------------
-------------------00---0---00--------------------
------------------------1-------------------------
----------------------0-.-0-----------------------
----------------------0---0-----------------------
------------------------1-------------------------
------------------------0-------------------------
--------------------------------------------------
--------------------------------------------------
--------------------------------------------------
--------------------------------------------------
--------------------------------------------------
--------------------------------------------------
--------------------------------------------------
--------------------------------------------------
--------------------------------------------------
--------------------------------------------------
--------------------------------------------------
--------------------------------------------------
--------------------------------------------------
--------------------------------------------------
--------------------------------------------------
--------------------------------------------------
--------------------------------------------------
--------------------------------------------------

Generation = 4, Population = 124.
--------------------------------------------------
--------------------------------------------------
--------------------------------------------------
--------------------------------------------------
--------------------------------------------------
--------------------------------------------------
--------------------------------------------------
--------------------------------------------------
--------------------------------------------------
--------------------------------------------------
--------------------------------------------------
--------------------------------------------------
--------------------------------------------------
--------------------------------------------------
--------------------------------------------------
--------------------------------------------------
------------------------0-------------------------
-----------------------010------------------------
----------------------00*00-----------------------
---------------------0101010----------------------
---------------------010.010----------------------
-------------------00-00*00-00--------------------
------------------0110-010-0110-------------------
-----------------000000-0-000000------------------
----------------01*1.*10-01*.1*10-----------------
-----------------000000-0-000000------------------
------------------0110-010-0110-------------------
-------------------00-00*00-00--------------------
---------------------010.010----------------------
---------------------0101010----------------------
----------------------00*00-----------------------
-----------------------010------------------------
------------------------0-------------------------
--------------------------------------------------
--------------------------------------------------
--------------------------------------------------
--------------------------------------------------
--------------------------------------------------
--------------------------------------------------
--------------------------------------------------
--------------------------------------------------
--------------------------------------------------
--------------------------------------------------
--------------------------------------------------
--------------------------------------------------
--------------------------------------------------
--------------------------------------------------
--------------------------------------------------
--------------------------------------------------
--------------------------------------------------

Generation = 5, Population = 32.
--------------------------------------------------
--------------------------------------------------
--------------------------------------------------
--------------------------------------------------
--------------------------------------------------
--------------------------------------------------
--------------------------------------------------
--------------------------------------------------
--------------------------------------------------
--------------------------------------------------
--------------------------------------------------
--------------------------------------------------
--------------------------------------------------
--------------------------------------------------
--------------------------------------------------
------------------------0-------------------------
------------------------1-------------------------
--------------------------------------------------
------------------------.-------------------------
--------------------0---*---0---------------------
-------------------0---1.1---0--------------------
------------------------.-------------------------
--------------------------------------------------
--------------------1---1---1---------------------
---------------01-.*..-1-1-..*.-10----------------
--------------------1---1---1---------------------
--------------------------------------------------
------------------------.-------------------------
-------------------0---1.1---0--------------------
--------------------0---*---0---------------------
------------------------.-------------------------
--------------------------------------------------
------------------------1-------------------------
------------------------0-------------------------
--------------------------------------------------
--------------------------------------------------
--------------------------------------------------
--------------------------------------------------
--------------------------------------------------
--------------------------------------------------
--------------------------------------------------
--------------------------------------------------
--------------------------------------------------
--------------------------------------------------
--------------------------------------------------
--------------------------------------------------
--------------------------------------------------
--------------------------------------------------
--------------------------------------------------
--------------------------------------------------

***Life<Cell> 20x20 ***

Generation = 0, Population = 72.
--------------------
--------------------
--------------------
--------------------
--0000000000000000--
--00------------00--
--00------------00--
--00------------00--
--00------------00--
--00------------00--
--00------------00--
--00------------00--
--00------------00--
--00------------00--
--00------------00--
--0000000000000000--
--------------------
--------------------
--------------------
--------------------

Generation = 1, Population = 136.
--------------------
--------------------
--------------------
--0000000000000000--
-0-1------------1-0-
-011-0000000000-110-
-0110----------0110-
-0110----------0110-
-0110----------0110-
-0110----------0110-
-0110----------0110-
-0110----------0110-
-0110----------0110-
-0110----------0110-
-011-0000000000-110-
-0-1------------1-0-
--0000000000000000--
--------------------
--------------------
--------------------

Generation = 2, Population = 144.
--------------------
--------------------
--0000000000000000--
--11------------11--
01----------------10
01**01--------10**10
01----00000000----10
01--10--------01--10
01--10--------01--10
01--10--------01--10
01--10--------01--10
01--10--------01--10
01--10--------01--10
01----00000000----10
01**01--------10**10
01----------------10
--11------------11--
--0000000000000000--
--------------------
--------------------

Generation = 3, Population = 204.
--------------------
--0000000000000000--
-0-1------------1-0-
0----0000000000----0
--0-00--------00-0--
1-.*-*-000000-*-*.-1
1*-1-01------10-1-*1
1*11---000000---11*1
1*11*10------01*11*1
1*11*10------01*11*1
1*11*10------01*11*1
1*11*10------01*11*1
1*11---000000---11*1
1*-1-01------10-1-*1
1-.*-*-000000-*-*.-1
--0-00--------00-0--
0----0000000000----0
-0-1------------1-0-
--0000000000000000--
--------------------

Generation = 4, Population = 156.
--0000000000000000--
--11------------11--
--0*------------*0--
--11------------11--
-1-111--------111-1-
*-.*0.01----10.0*.-*
*.1---*0----0*---1.*
*.**--01----10--**.*
*.--.*--0000--*.--.*
*.--.-10----01-.--.*
*.--.-10----01-.--.*
*.--.*--0000--*.--.*
*.**--01----10--**.*
*.1---*0----0*---1.*
*-.*0.01----10.0*.-*
-1-111--------111-1-
--11------------11--
--0*------------*0--
--11------------11--
--0000000000000000--

Generation = 5, Population = 176.
-0-1------------1-0-
-0**-0000000000-**0-
-01.0----------0.10-
---*-0--------0-*---
--0***-0----0-***0--
*-..-.--0--0--.-..-*
*.*100.10--01.001*.*
*.**1----00----1**.*
*.11.*001--100*.11.*
**--.----00----.--**
**--.----00----.--**
*.11.*001--100*.11.*
*.**1----00----1**.*
*.*100.10--01.001*.*
*-..-.--0--0--.-..-*
--0***-0----0-***0--
---*-0--------0-*---
-01.0----------0.10-
-0**-0000000000-**0-
-0-1------------1-0-

***Life<Cell> 20x20 ***

Generation = 0, Population = 48.
--------------------
--------------------
-------000000-------
-------000000-------
---------00---------
---------00---------
---------00---------
---------00---------
---------00---------
---------00---------
---------00---------
---------00---------
---------00---------
---------00---------
---------00---------
---------00---------
-------000000-------
-------000000-------
--------------------
--------------------

Generation = 1, Population = 80.
--------------------
-------000000-------
------0-1111-0------
------0-1--1-0------
-------0-11-0-------
--------0110--------
--------0110--------
--------0110--------
--------0110--------
--------0110--------
--------0110--------
--------0110--------
--------0110--------
--------0110--------
--------0110--------
-------0-11-0-------
------0-1--1-0------
------0-1111-0------
-------000000-------
--------------------

Generation = 2, Population = 96.
-------000000-------
-------111111-------
-----010****010-----
-----010*00*010-----
--------------------
--------------------
-------01--10-------
-------01--10-------
-------01--10-------
-------01--10-------
-------01--10-------
-------01--10-------
-------01--10-------
-------01--10-------
--------------------
--------------------
-----010*00*010-----
-----010****010-----
-------111111-------
-------000000-------

Generation = 3, Population = 128.
------0-1111-0------
-----0-*----*-0-----
----0-*-....-*-0----
----0-*1.11.1*-0----
-----0000110000-----
-------00--00-------
------0--11--0------
------01*11*10------
------01*11*10------
------01*11*10------
------01*11*10------
------01*11*10------
------01*11*10------
------0--11--0------
-------00--00-------
-----0000110000-----
----0-*1.11.1*-0----
----0-*-....-*-0----
-----0-*----*-0-----
------0-1111-0------

Generation = 4, Population = 120.
-------0*--*0-------
-------*-11-*-------
---010.0*..*0.010---
---010.-.--.-.010---
-----11-1**1-11-----
-----00--11--00-----
-----0101--1010-----
-----01*.--.*10-----
-----01-.--.-10-----
-----01-.--.-10-----
-----01-.--.-10-----
-----01-.--.-10-----
-----01*.--.*10-----
-----0101--1010-----
-----00--11--00-----
-----11-1**1-11-----
---010.-.--.-.010---
---010.0*..*0.010---
-------*-11-*-------
-------0*--*0-------

Generation = 5, Population = 148.
------0-*--*-0------
---0000.-**-.0000---
--0-*-.-****-.-*-0--
--0-*1.1.11.1.1*-0--
---0-*--*..*--*-0---
----011-0--0-110----
----01-1*--*1-10----
----01-.*--*.-10----
----01*-.--.-*10----
----01*1.--.1*10----
----01*1.--.1*10----
----01*-.--.-*10----
----01-.*--*.-10----
----01-1*--*1-10----
----011-0--0-110----
---0-*--*..*--*-0---
--0-*1.1.11.1.1*-0--
--0-*-.-****-.-*-0--
---0000.-**-.0000---
------0-*--*-0------

