*** Life<ConwayCell> 50x50 ***

Generation = 0, Population = 1020.
..*.............*....................*****...***..
********.....................***********..........
.....................******************...........
***********.................**********************
...................**.............................
*.*.*.*.*.*.*.*.*.*.*.*.*.*.*.*.*.*.*.*.*.*.*.*.*.
..................................................
**************************************************
***...........********....*...***..............*.*
.***..........*...**********..****************....
..*.............*....................*****...***..
********.....................***********..........
.....................******************...........
***********.................**********************
...................**.............................
*.*.*.*.*.*.*.*.*.*.*.*.*.*.*.*.*.*.*.*.*.*.*.*.*.
..................................................
**************************************************
***...........********....*...***..............*.*
.***..........*...**********..****************....
..*.............*....................*****...***..
********.....................***********..........
.....................******************...........
***********.................**********************
...................**.............................
*.*.*.*.*.*.*.*.*.*.*.*.*.*.*.*.*.*.*.*.*.*.*.*.*.
..................................................
**************************************************
***...........********....*...***..............*.*
.***..........*...**********..****************....
..*.............*....................*****...***..
********.....................***********..........
.....................******************...........
***********.................**********************
...................**.............................
*.*.*.*.*.*.*.*.*.*.*.*.*.*.*.*.*.*.*.*.*.*.*.*.*.
..................................................
**************************************************
***...........********....*...***..............*.*
.***..........*...**********..****************....
..*.............*....................*****...***..
********.....................***********..........
.....................******************...........
***********.................**********************
...................**.............................
*.*.*.*.*.*.*.*.*.*.*.*.*.*.*.*.*.*.*.*.*.*.*.*.*.
..................................................
**************************************************
***...........********....*...***..............*.*
.***..........*...**********..****************....

Generation = 1, Population = 740.
..*.***.......................******....*.....*...
.******...............******..................*...
.........*............******.............********.
.*********..........*******............**********.
*.........**.......***.....**....................*
....................**............................
*................................................*
*..***********........********...***************.*
.....********..................................*.*
*..*..........*.......******..*..****.....****.**.
*....**............********..*.............*.**...
.******...............******..................*...
.........*............******.............********.
.*********..........*******............**********.
*.........**.......***.....**....................*
....................**............................
*................................................*
*..***********........********...***************.*
.....********..................................*.*
*..*..........*.......******..*..****.....****.**.
*....**............********..*.............*.**...
.******...............******..................*...
.........*............******.............********.
.*********..........*******............**********.
*.........**.......***.....**....................*
....................**............................
*................................................*
*..***********........********...***************.*
.....********..................................*.*
*..*..........*.......******..*..****.....****.**.
*....**............********..*.............*.**...
.******...............******..................*...
.........*............******.............********.
.*********..........*******............**********.
*.........**.......***.....**....................*
....................**............................
*................................................*
*..***********........********...***************.*
.....********..................................*.*
*..*..........*.......******..*..****.....****.**.
*....**............********..*.............*.**...
.******...............******..................*...
.........*............******.............********.
.*********..........*******............**********.
*.........**.......***.....**....................*
....................**............................
*................................................*
*..***********........********...***************.*
.....********..................................*.*
*..*..........*.*.....******..*..************.....

Generation = 2, Population = 667.
.**...*................****....****...............
.**...*...............*....*...****......****.....
.........*......................................*.
.*********.........*........*...........*........*
.**********........*...*****............*********.
...................*.*............................
....*********........********.....*************.*.
....*........*.........******.....**************.*
...*.........................*........***........*
....*...****........*......*......**......**.*.**.
*.....*.............*.......*.....**......**......
.****.*.............*.......*.....................
.........*......................................*.
.*********.........*........*...........*........*
.**********........*...*****............*********.
...................*.*............................
....*********........********.....*************.*.
....*........*.........******.....**************.*
...*.........................*........***........*
....*...****........*......*......**......**.*.**.
*.....*.............*.......*.....**......**......
.****.*.............*.......*.....................
.........*......................................*.
.*********.........*........*...........*........*
.**********........*...*****............*********.
...................*.*............................
....*********........********.....*************.*.
....*........*.........******.....**************.*
...*.........................*........***........*
....*...****........*......*......**......**.*.**.
*.....*.............*.......*.....**......**......
.****.*.............*.......*.....................
.........*......................................*.
.*********.........*........*...........*........*
.**********........*...*****............*********.
...................*.*............................
....*********........********.....*************.*.
....*........*.........******.....**************.*
...*.........................*........***........*
....*...****........*......*......**......**.*.**.
*.....*.............*.......*.....**......**......
.****.*.............*.......*.....................
.........*......................................*.
.*********.........*........*...........*........*
.**********........*...*****............*********.
...................*.*............................
....*********........********.....*************.*.
....*........*.........******.....**************.*
...*.........................*.................*..
......******...........****.......**********......

Generation = 3, Population = 523.
.**....................****....*..*.......**......
.**....................****....*..*.......**......
....*....*......................**.......***......
.*......................****............*.*****..*
.*........*.......**....****............*********.
..*..................*......*......****.........*.
....*********.......**......*.....*.............*.
...**.*******................*....*............*.*
...**....**.............**.......................*
.........**.................*.....**...*.****...*.
.**.*..*.**........***.....**.....**......***.....
.***.*............................................
.........*........................................
.*......................****............*.*****..*
.*........*.......**....****............*********.
..*..................*......*......****.........*.
....*********.......**......*.....*.............*.
...**.*******................*....*............*.*
...**....**.............**.......................*
.........**.................*.....**...*.****...*.
.**.*..*.**........***.....**.....**......***.....
.***.*............................................
.........*........................................
.*......................****............*.*****..*
.*........*.......**....****............*********.
..*..................*......*......****.........*.
....*********.......**......*.....*.............*.
...**.*******................*....*............*.*
...**....**.............**.......................*
.........**.................*.....**...*.****...*.
.**.*..*.**........***.....**.....**......***.....
.***.*............................................
.........*........................................
.*......................****............*.*****..*
.*........*.......**....****............*********.
..*..................*......*......****.........*.
....*********.......**......*.....*.............*.
...**.*******................*....*............*.*
...**....**.............**.......................*
.........**.................*.....**...*.****...*.
.**.*..*.**........***.....**.....**......***.....
.***.*............................................
.........*........................................
.*......................****............*.*****..*
.*........*.......**....****............*********.
..*..................*......*......****.........*.
....*********.......**......*.....*.............*.
...**.*******................*....*...............
.......****.................*................*.**.
.......****.............**.........********.......

Generation = 4, Population = 458.
.**....................*..*...............**......
.***...................*..*....*..*.........*.....
.**....................*...*....**...........*....
........................*..*............*.......*.
.**.....................*...*.......**.**.......**
.....****..........*.*...**.*......***...******.**
....*.......*.......**......**....*.**.........***
............*....................................*
...***.*..........................**......**.....*
..*.*......*........*......**.....**.....*..*.....
.*..*...***.........*......**.....**.....*..*.....
.*.**...***.........*......................*......
.*.......................**................***....
........................*..*............*.......*.
.**.....................*...*.......**.**.......**
.....****..........*.*...**.*......***...******.**
....*.......*.......**......**....*.**.........***
............*....................................*
...***.*..........................**......**.....*
..*.*......*........*......**.....**.....*..*.....
.*..*...***.........*......**.....**.....*..*.....
.*.**...***.........*......................*......
.*.......................**................***....
........................*..*............*.......*.
.**.....................*...*.......**.**.......**
.....****..........*.*...**.*......***...******.**
....*.......*.......**......**....*.**.........***
............*....................................*
...***.*..........................**......**.....*
..*.*......*........*......**.....**.....*..*.....
.*..*...***.........*......**.....**.....*..*.....
.*.**...***.........*......................*......
.*.......................**................***....
........................*..*............*.......*.
.**.....................*...*.......**.**.......**
.....****..........*.*...**.*......***...******.**
....*.......*.......**......**....*.**.........***
............*....................................*
...***.*..........................**......**.....*
..*.*......*........*......**.....**.....*..*.....
.*..*...***.........*......**.....**.....*..*.....
.*.**...***.........*......................*......
.*.......................**................***....
........................*..*............*.......*.
.**.....................*...*.......**.**.......**
.....****..........*.*...**.*......***...******.**
....*.......*.......**......**....*.**............
...**.......*...............**.................**.
...................................*******........
.......*..*.........................******........

Generation = 5, Population = 506.
.*.*.......................................*......
*..*..................***.**....**.........**.....
.*.*...................**.**....**................
.......................**..**..........**.......**
......**................*.*.*......*.****.****....
.....***.............*...*..*...........*******...
.....***............**.....***.......*....******..
...*.*............................*.*............*
...***............................**......**......
..*.....***................**....*..*....*..*.....
.*..**..*..*.......***.....**.....**......***.....
**.**...*.*...............**..............**.*....
..*......*...............**................**.....
.**.....................*.**...........**...*...**
......**................*.*.*......*.****.****....
.....***.............*...*..*...........*******...
.....***............**.....***.......*....******..
...*.*............................*.*............*
...***............................**......**......
..*.....***................**....*..*....*..*.....
.*..**..*..*.......***.....**.....**......***.....
**.**...*.*...............**..............**.*....
..*......*...............**................**.....
.**.....................*.**...........**...*...**
......**................*.*.*......*.****.****....
.....***.............*...*..*...........*******...
.....***............**.....***.......*....******..
...*.*............................*.*............*
...***............................**......**......
..*.....***................**....*..*....*..*.....
.*..**..*..*.......***.....**.....**......***.....
**.**...*.*...............**..............**.*....
..*......*...............**................**.....
.**.....................*.**...........**...*...**
......**................*.*.*......*.****.****....
.....***.............*...*..*...........*******...
.....***............**.....***.......*....******..
...*.*............................*.*............*
...***............................**......**......
..*.....***................**....*..*....*..*.....
.*..**..*..*.......***.....**.....**......***.....
**.**...*.*...............**..............**.*....
..*......*...............**................**.....
.**.....................*.**...........**...*...**
......**................*.*.*......*.****.****....
.....***.............*...*..*...........******.***
...**.**............**...............*....*****..*
...**.......................**.........**.........
...................................*.....*........
...................................*.....*........

*** Life<ConwayCell> 5x5 ***

Generation = 0, Population = 0.
.....
.....
.....
.....
.....

Generation = 1, Population = 0.
.....
.....
.....
.....
.....

Generation = 2, Population = 0.
.....
.....
.....
.....
.....

Generation = 3, Population = 0.
.....
.....
.....
.....
.....

Generation = 4, Population = 0.
.....
.....
.....
.....
.....

Generation = 5, Population = 0.
.....
.....
.....
.....
.....

*** Life<ConwayCell> 5x5 ***

Generation = 0, Population = 25.
*****
*****
*****
*****
*****

Generation = 1, Population = 4.
*...*
.....
.....
.....
*...*

Generation = 2, Population = 0.
.....
.....
.....
.....
.....

Generation = 3, Population = 0.
.....
.....
.....
.....
.....

Generation = 4, Population = 0.
.....
.....
.....
.....
.....

Generation = 5, Population = 0.
.....
.....
.....
.....
.....

*** Life<ConwayCell> 10x10 ***

Generation = 0, Population = 50.
*.*.*.*.*.
.*.*.*.*.*
*.*.*.*.*.
.*.*.*.*.*
*.*.*.*.*.
.*.*.*.*.*
*.*.*.*.*.
.*.*.*.*.*
*.*.*.*.*.
.*.*.*.*.*

Generation = 1, Population = 32.
.********.
*........*
*........*
*........*
*........*
*........*
*........*
*........*
*........*
.********.

Generation = 2, Population = 56.
.********.
*.******.*
**......**
**......**
**......**
**......**
**......**
**......**
*.******.*
.********.

Generation = 3, Population = 24.
.*......*.
*........*
...****...
..*....*..
..*....*..
..*....*..
..*....*..
...****...
*........*
.*......*.

Generation = 4, Population = 32.
..........
....**....
...****...
..*.**.*..
.***..***.
.***..***.
..*.**.*..
...****...
....**....
..........

Generation = 5, Population = 8.
..........
...*..*...
..........
.*......*.
..........
..........
.*......*.
..........
...*..*...
..........

*** Life<FredkinCell> 10x10 ***

Generation = 0, Population = 0.
----------
----------
----------
----------
----------
----------
----------
----------
----------
----------

Generation = 1, Population = 0.
----------
----------
----------
----------
----------
----------
----------
----------
----------
----------

Generation = 2, Population = 0.
----------
----------
----------
----------
----------
----------
----------
----------
----------
----------

Generation = 3, Population = 0.
----------
----------
----------
----------
----------
----------
----------
----------
----------
----------

Generation = 4, Population = 0.
----------
----------
----------
----------
----------
----------
----------
----------
----------
----------

Generation = 5, Population = 0.
----------
----------
----------
----------
----------
----------
----------
----------
----------
----------

*** Life<FredkinCell> 15x15 ***

Generation = 0, Population = 225.
000000000000000
000000000000000
000000000000000
000000000000000
000000000000000
000000000000000
000000000000000
000000000000000
000000000000000
000000000000000
000000000000000
000000000000000
000000000000000
000000000000000
000000000000000

Generation = 1, Population = 52.
-1111111111111-
1-------------1
1-------------1
1-------------1
1-------------1
1-------------1
1-------------1
1-------------1
1-------------1
1-------------1
1-------------1
1-------------1
1-------------1
1-------------1
-1111111111111-

Generation = 2, Population = 52.
-2-----------2-
2-00000000000-2
-0-----------0-
-0-----------0-
-0-----------0-
-0-----------0-
-0-----------0-
-0-----------0-
-0-----------0-
-0-----------0-
-0-----------0-
-0-----------0-
-0-----------0-
2-00000000000-2
-2-----------2-

Generation = 3, Population = 80.
---111111111---
--1---------1--
-1-000000000-1-
1-0---------0-1
1-0---------0-1
1-0---------0-1
1-0---------0-1
1-0---------0-1
1-0---------0-1
1-0---------0-1
1-0---------0-1
1-0---------0-1
-1-000000000-1-
--1---------1--
---111111111---

Generation = 4, Population = 52.
---2-------2---
---0-------0---
---1-------1---
201-0000000-102
---0-------0---
---0-------0---
---0-------0---
---0-------0---
---0-------0---
---0-------0---
---0-------0---
201-0000000-102
---1-------1---
---0-------0---
---2-------2---

Generation = 5, Population = 96.
--131-----131--
--1-0-----0-1--
11-2-00000-2-11
3-2-1-----1-2-3
10-1-00000-1-01
--0-0-----0-0--
--0-0-----0-0--
--0-0-----0-0--
--0-0-----0-0--
--0-0-----0-0--
10-1-00000-1-01
3-2-1-----1-2-3
11-2-00000-2-11
--1-0-----0-1--
--131-----131--

*** Life<FredkinCell> 20x20 ***

Generation = 0, Population = 182.
-------0----------00
000----------0000000
-------0------------
00000000000000000000
-----000000-------00
-0-0-0-0-0-0-0-0-0-0
0-0-0-0-0--0-0-0--0-
-0-00----------0-0--
0000000-------------
-0-00000000000000000
-------0----------00
000----------0000000
-------0------------
00000000000000000000
-----000000-------00
-0-0-0-0-0-0-0-0-0-0
0-0-0-0-0--0-0-0--0-
-0-00----------0-0--
0000000-------------
-0-00000000000000000

Generation = 1, Population = 175.
000---0-0----0000---
1-10--------01----1-
---000-1-0000-------
1----11-111-------1-
0-0--11-1--00-0-00-1
--0-01-1-101-1-1---1
----10-0--01-1--00--
01--1---0--0-001----
1----1--0000000-0-00
-10-1111----------1-
0-0000-1-0000----011
1-10--------01----1-
---000-1-0000-------
1----11-111-------1-
0-0--11-1--00-0-00-1
--0-01-1-101-1-1---1
----10-0--01-1--00--
01--1---0--0-001----
1----1--0000000-0-00
-10-111------------1

Generation = 2, Population = 219.
-----0---0------100-
20---000000----000-0
------0-0-1---------
2000-2-0-2-0--0-0---
1-10-2-0200-10-01102
001--2020212020-0-02
00002--1---2---01100
-20020--1-0-01120000
200-02-----1-1-0---1
02-0---------00-0--0
10111-02-1------01-2
2--10------0120---2-
------0-0-1---------
2000-2-0-2-0--0-0---
1-10-2-0200-10-01102
001--2020212020-0-02
00002--1---2---01100
-20020--1-0-01120000
200-02-0---1-1-0--1-
-21-22200000000-0--2

Generation = 3, Population = 199.
00--01-0-1-------11-
311-0-1-11-0--011-1-
--00-01-1-2---00-0-0
--1--311-3-----01-10
--2---113------1--1-
1120----1323131---13
---1-0-200030-0--2-1
03-1--0-----12--1111
------0-0---0--100--
13-11111-0-00-101-1-
21----13--000--0-213
3----0-000-1--100---
-00-0--1-0-000--0-0-
--1--311-3-----01-10
--2---113------1--1-
1120----1323131---13
---1-0-200030-0--2-1
03-1--00----12--11--
3-1013010002---10-20
-----3-1---1-110-0--

Generation = 4, Population = 187.
---0-20-0200--00-2-0
-2-01-20--0-01-22-2-
0-110-212----0-1---1
-0--0----------120--
1------2-00010-2-1-2
2-3-020224342-------
------0311141-10-3--
14-22-1--00-23------
----0--0----------01
---2----0-0-1-2---2-
3-1110-4-11--00--324
401---01--0-1-21---0
-1---0--0----1-0--1-
---0-4221410000---21
1------2-00010-2-1-2
2-3-020224342-------
------0-11141-10-302
-40--0-11--0-3------
4021-41-----------31
0-10-422-0-2-2--0--2

Generation = 5, Population = 215.
-00103-01-11--1-1-1-
--11-03-1-101-0330-0
--221--2302--1--00--
2---131-13100-02--1-
2-2--2-33-1121-312--
3---1-1-3---3-1----3
-001--142--52121--0-
25-3--20---0-4-2-111
20-012---0---10--0-2
1--311-1-01--030---0
41-2-1150220011-043-
-1--001---1-----0021
-2-001011--002-10020
201----325211-10----
20200-1--1----0---13
3---1-133---3-1---1-
00--201-222--121-4-3
----21-2---11--2-1--
-1---5-100------004-
12----33------10-0-3

*** Life<FredkinCell> 20x20 ***

Generation = 0, Population = 200.
-0-0-0-0-0-0-0-0-0-0
0-0-0-0-0-0-0-0-0-0-
-0-0-0-0-0-0-0-0-0-0
0-0-0-0-0-0-0-0-0-0-
-0-0-0-0-0-0-0-0-0-0
0-0-0-0-0-0-0-0-0-0-
-0-0-0-0-0-0-0-0-0-0
0-0-0-0-0-0-0-0-0-0-
-0-0-0-0-0-0-0-0-0-0
0-0-0-0-0-0-0-0-0-0-
-0-0-0-0-0-0-0-0-0-0
0-0-0-0-0-0-0-0-0-0-
-0-0-0-0-0-0-0-0-0-0
0-0-0-0-0-0-0-0-0-0-
-0-0-0-0-0-0-0-0-0-0
0-0-0-0-0-0-0-0-0-0-
-0-0-0-0-0-0-0-0-0-0
0-0-0-0-0-0-0-0-0-0-
-0-0-0-0-0-0-0-0-0-0
0-0-0-0-0-0-0-0-0-0-

Generation = 1, Population = 36.
--0-0-0-0-0-0-0-0-0-
-------------------0
0-------------------
-------------------0
0-------------------
-------------------0
0-------------------
-------------------0
0-------------------
-------------------0
0-------------------
-------------------0
0-------------------
-------------------0
0-------------------
-------------------0
0-------------------
-------------------0
0-------------------
-0-0-0-0-0-0-0-0-0--

Generation = 2, Population = 36.
-0------------------
0-0-0-0-0-0-0-0-0---
-0------------------
------------------0-
-0------------------
------------------0-
-0------------------
------------------0-
-0------------------
------------------0-
-0------------------
------------------0-
-0------------------
------------------0-
-0------------------
------------------0-
-0------------------
------------------0-
---0-0-0-0-0-0-0-0-0
------------------0-

Generation = 3, Population = 60.
----0-0-0-0-0-0-0---
-----------------0--
----0-0-0-0-0-0-0-0-
-----------------0-0
0-0-----------------
-----------------0-0
0-0-----------------
-----------------0-0
0-0-----------------
-----------------0-0
0-0-----------------
-----------------0-0
0-0-----------------
-----------------0-0
0-0-----------------
-----------------0-0
0-0-----------------
-0-0-0-0-0-0-0-0----
--0-----------------
---0-0-0-0-0-0-0----

Generation = 4, Population = 36.
---0----------------
----------------0---
---0----------------
0-0-0-0-0-0-0-0---0-
---0----------------
----------------0---
---0----------------
----------------0---
---0----------------
----------------0---
---0----------------
----------------0---
---0----------------
----------------0---
---0----------------
----------------0---
-0---0-0-0-0-0-0-0-0
----------------0---
---0----------------
----------------0---

Generation = 5, Population = 68.
--0-0-----------0---
---------------0-0--
0-----0-0-0-0-0-0-0-
---------------0-0-0
0-----0-0-0-0-0-0-0-
---------------0-0--
--0-0---------------
---------------0-0--
--0-0---------------
---------------0-0--
--0-0---------------
---------------0-0--
--0-0---------------
---------------0-0--
--0-0---------------
-0-0-0-0-0-0-0-----0
0-0-0---------------
-0-0-0-0-0-0-0-----0
--0-0---------------
---0-----------0-0--

*** Life<Cell> 30x10 ***

Generation = 0, Population = 4.
*-------.0
.-.---....
-.--.---.-
-.---.--.-
-.----.-..
.-.---....
-.--.---.-
-.---.--.-
-.----.-..
.-.---....
-.--.---.-
-.---.--.-
-.----.-..
.-.---....
-.--.---.-
-.---.--.-
-.----.-..
.-.---....
-.--.---.-
-.---.--.-
-.----.-..
.-.---....
-.--.---.-
-.---.--.-
-.----.-..
.-.---....
-.--.---.-
-.---.--.-
-.----.-..
0-------.*

Generation = 1, Population = 3.
.0------.-
.-.---....
-.--.---.-
-.---.--.-
-.----.-..
.-.---....
-.--.---.-
-.---.--.-
-.----.-..
.-.---....
-.--.---.-
-.---.--.-
-.----.-..
.-.---....
-.--.---.-
-.---.--.-
-.----.-..
.-.---....
-.--.---.-
-.---.--.-
-.----.-..
.-.---....
-.--.---.-
-.---.--.-
-.----.-..
.-.---....
-.--.---.-
-.---.--.-
0.----.-..
-0------..

Generation = 2, Population = 4.
.-0-----.-
.0.---....
-.--.---.-
-.---.--.-
-.----.-..
.-.---....
-.--.---.-
-.---.--.-
-.----.-..
.-.---....
-.--.---.-
-.---.--.-
-.----.-..
.-.---....
-.--.---.-
-.---.--.-
-.----.-..
.-.---....
-.--.---.-
-.---.--.-
-.----.-..
.-.---....
-.--.---.-
-.---.--.-
-.----.-..
.-.---....
-.--.---.-
0.---.--.-
-.----.-..
--0-----..

Generation = 3, Population = 6.
.--0----.-
.-.---....
-.--.---.-
-.---.--.-
-.----.-..
.-.---....
-.--.---.-
-.---.--.-
-.----.-..
.-.---....
-.--.---.-
-.---.--.-
-.----.-..
.-.---....
-.--.---.-
-.---.--.-
-.----.-..
.-.---....
-.--.---.-
-.---.--.-
-.----.-..
.-.---....
-.--.---.-
-.---.--.-
-.----.-..
.-.---....
0.--.---.-
-.---.--.-
0.0---.-..
-0-0----..

Generation = 4, Population = 8.
.-0-0---.-
.-.0--....
-.--.---.-
-.---.--.-
-.----.-..
.-.---....
-.--.---.-
-.---.--.-
-.----.-..
.-.---....
-.--.---.-
-.---.--.-
-.----.-..
.-.---....
-.--.---.-
-.---.--.-
-.----.-..
.-.---....
-.--.---.-
-.---.--.-
-.----.-..
.-.---....
-.--.---.-
-.---.--.-
-.----.-..
.-.---....
-.--.---.-
-*0--.--.-
-*----.-..
--0-0---..

Generation = 5, Population = 14.
.0-0-0--.-
.-.---....
-.-0.---.-
-.---.--.-
-.----.-..
.-.---....
-.--.---.-
-.---.--.-
-.----.-..
.-.---....
-.--.---.-
-.---.--.-
-.----.-..
.-.---....
-.--.---.-
-.---.--.-
-.----.-..
.-.---....
-.--.---.-
-.---.--.-
-.----.-..
.-.---....
-.--.---.-
-.---.--.-
-.----.-..
.-.---....
-.0-.---.-
0*10-.--.-
0*0-0-.-..
-----0--..

*** Life<Cell> 20x5 ***

Generation = 0, Population = 56.
****0
00--*
*0*0*
----0
-.---
****0
00--*
*0*0*
----0
-.---
****0
00--*
*0*0*
----0
-.---
****0
00--*
*0*0*
----0
-.---

Generation = 1, Population = 73.
*.**-
1100.
*1*-*
000-1
0*00-
*.**-
1100.
*1*-*
000-1
0*00-
*.**-
1100.
*1*-*
000-1
0*00-
*.**-
1100.
*1*-*
000-1
-.--0

Generation = 2, Population = 47.
*..*0
**--*
.-.0*
1-10*
1.---
....0
**--*
.-.0*
1-10*
1.---
....0
**--*
.-.0*
1-10*
1.---
....0
**--*
.-.0*
-1---
0*001

Generation = 3, Population = 60.
**.*-
**00.
*1.-.
*-*1*
**00-
**..1
..0-*
*1.-.
*-*1*
**00-
**..1
..0-*
*1.-.
*-*1*
**00-
**..1
..0-*
*-*1*
-*---
1*--*

Generation = 4, Population = 43.
*..*0
..--.
.-.-*
.-.**
..1-0
*...*
..--.
**.0*
.-.**
..1-0
*...*
..--.
**.0*
.-.**
..1-0
*...*
*.10*
.1*-*
0.-0-
**00.

Generation = 5, Population = 36.
....1
..-0*
.-.-*
.-..*
..-0-
...*.
**-0*
..*-*
.0...
..-0-
...*.
**-0*
..*-*
.0...
..-0-
..*.*
*.--*
**.-*
1.01-
**--.