***Life<ConwayCell> 3x3 ***
Generation = 0 Population = 3
...
***
...

Generation = 1 Population = 3
.*.
.*.
.*.

Generation = 5 Population = 3
.*.
.*.
.*.

Generation = 10 Population = 3
...
***
...

Generation = 100 Population = 3
...
***
...

***Life<ConwayCell> 10x10 ***
Generation = 0 Population = 50
.*.*.*.*.*
*.*.*.*.*.
.*.*.*.*.*
*.*.*.*.*.
.*.*.*.*.*
*.*.*.*.*.
.*.*.*.*.*
*.*.*.*.*.
.*.*.*.*.*
*.*.*.*.*.

Generation = 1 Population = 32
.********.
*........*
*........*
*........*
*........*
*........*
*........*
*........*
*........*
.********.

Generation = 5 Population = 8
..........
...*..*...
..........
.*......*.
..........
..........
.*......*.
..........
...*..*...
..........

Generation = 10 Population = 0
..........
..........
..........
..........
..........
..........
..........
..........
..........
..........

Generation = 100 Population = 0
..........
..........
..........
..........
..........
..........
..........
..........
..........
..........

***Life<ConwayCell> 10x10 ***
Generation = 0 Population = 40
..........
.*......*.
.**....**.
.***..***.
.********.
.********.
.***..***.
.**....**.
.*......*.
..........

Generation = 1 Population = 24
..........
.**....**.
*..*..*..*
*........*
*........*
*........*
*........*
*..*..*..*
.**....**.
..........

Generation = 5 Population = 20
..........
.***..***.
..........
....**....
....**....
....**....
....**....
..........
.***..***.
..........

Generation = 10 Population = 44
.***..***.
.***..***.
.*......*.
..........
***.**.***
***.**.***
..........
.*......*.
.***..***.
.***..***.

Generation = 100 Population = 0
..........
..........
..........
..........
..........
..........
..........
..........
..........
..........

***Life<ConwayCell> 20x20 ***
Generation = 0 Population = 48
....................
....................
....................
...**..........**...
...**..........**...
...**..........**...
...**..........**...
....................
.........**.........
.........**.........
.........**.........
....................
.**..............**.
..**............**..
..**............**..
...**..........**...
.....**......**.....
.......******.......
....................
....................

Generation = 1 Population = 60
....................
....................
....................
...**..........**...
..*..*........*..*..
..*..*........*..*..
...**..........**...
....................
.........**.........
........*..*........
.........**.........
....................
.***............***.
....................
....................
..****........****..
....************....
......********......
........****........
....................

Generation = 5 Population = 58
....................
....................
....................
...**..........**...
..*..*........*..*..
..*..*........*..*..
...**..........**...
....................
.........**.........
........*..*........
.........**.........
.***............***.
.***............***.
.*..*....**....*..*.
....**..****..**....
.......**..**.......
........****........
.........**.........
....................
....................

Generation = 10 Population = 52
....................
....................
....................
...**..........**...
..*..*........*..*..
..*..*........*..*..
...**..........**...
....................
.........**.........
.**.....*..*.....**.
..**.....**.....**..
*.*..............*.*
**...***....***...**
.........**.........
.....*........*.....
....................
........*..*........
.........**.........
....................
....................

Generation = 100 Population = 18
....................
....................
**................**
**................**
....................
....................
....................
....................
.........**.........
........*..*........
.........**.........
....................
....................
....................
....................
....................
.........**.........
.........**.........
....................
....................

***Life<ConwayCell> 50x50 ***
Generation = 0 Population = 58
..................................................
..................................................
..................................................
..................................................
..................................................
..................................................
..................................................
..................................................
........................*.........................
........................*.........................
........................*.........................
........................*.........................
..................................................
........................*.........................
........................*.........................
........................*.........................
........................*.........................
........................*.........................
..................................................
........................*.........................
........................*.........................
........................*.........................
........................*.........................
..................................................
......****.*****.*****.****.*****.*****.****......
..................................................
.........................*........................
.........................*........................
.........................*........................
.........................*........................
..................................................
.........................*........................
.........................*........................
.........................*........................
.........................*........................
.........................*........................
..................................................
.........................*........................
.........................*........................
.........................*........................
.........................*........................
..................................................
..................................................
..................................................
..................................................
..................................................
..................................................
..................................................
..................................................
..................................................

Generation = 1 Population = 94
..................................................
..................................................
..................................................
..................................................
..................................................
..................................................
..................................................
..................................................
..................................................
.......................***........................
.......................***........................
..................................................
..................................................
..................................................
.......................***........................
.......................***........................
.......................***........................
..................................................
..................................................
..................................................
.......................***........................
.......................***........................
..................................................
.......**...***...***..*.....***...***...**.......
.......**...***...***...**...***...***...**.......
.......**...***...***.....*..***...***...**.......
..................................................
........................***.......................
........................***.......................
..................................................
..................................................
..................................................
........................***.......................
........................***.......................
........................***.......................
..................................................
..................................................
..................................................
........................***.......................
........................***.......................
..................................................
..................................................
..................................................
..................................................
..................................................
..................................................
..................................................
..................................................
..................................................
..................................................

Generation = 5 Population = 164
..................................................
..................................................
..................................................
..................................................
..................................................
..................................................
..................................................
..................................................
........................*.........................
.......................*.*........................
.......................*.*........................
........................*.........................
.......................*.*........................
.......................***........................
......................*.*.*.......................
.....................***.***......................
......................*.*.*.......................
.......................***........................
.......................*.*........................
.......................*..........................
......................*.*.........................
.............*.....*.***......*.....*.............
............***...***...*....***...***............
.......**.**.*.*.*.*.**.....*.*.*.*.*.**.**.......
......*..*.**.**.**.**.****.**.**.**.**.*..*......
.......**.**.*.*.*.*.*.....**.*.*.*.*.**.**.......
............***...***....*...***...***............
.............*.....*......***.*.....*.............
.........................*.*......................
..........................*.......................
........................*.*.......................
........................***.......................
.......................*.*.*......................
......................***.***.....................
.......................*.*.*......................
........................***.......................
........................*.*.......................
.........................*........................
........................*.*.......................
........................*.*.......................
.........................*........................
..................................................
..................................................
..................................................
..................................................
..................................................
..................................................
..................................................
..................................................
..................................................

Generation = 10 Population = 120
..................................................
..................................................
..................................................
..................................................
..................................................
..................................................
..................................................
........................*.........................
.......................*.*........................
......................*...*.......................
.......................***........................
..................................................
..................................................
..................................................
..........................***.....................
.........................*****....................
.....................*..*....*....................
....................****...*......................
...................*...**.**......................
....................**............................
.....................***.*****....................
...................*...**......*..................
.......*...........*....*.................*.......
......*.*........*.......*...............*.*......
.....*..*........**.***....***.**........*..*.....
......*.*...............*.......*........*.*......
.......*.................*....*...........*.......
..................*......**...*...................
....................*****.***.....................
............................**....................
......................**.**...*...................
......................*...****....................
....................*....*..*.....................
....................*****.........................
.....................***..........................
..................................................
..................................................
..................................................
........................***.......................
.......................*...*......................
........................*.*.......................
.........................*........................
..................................................
..................................................
..................................................
..................................................
..................................................
..................................................
..................................................
..................................................

Generation = 100 Population = 142
..................................................
..............................*...................
......................*......*.*.......***........
......................*.......*.*......***........
......................*........**......*..*.......
........................................***.......
........................................**........
..............................*...................
.............................*.*..................
.............................*.*..................
..............................*...................
..................................................
..................................................
..................................................
..................................................
.......................................**.........
.......................................**.........
.............................................***..
.............................................***..
...............**.............*............*....**
...............**.............*............*..*.**
..................*..........*.*................**
..................***..........*...........*...*..
.................*.*.......................*..*...
...***...........*..............*...........***...
...*..*.......................*.*.................
..*...*...........*..........***..................
**................*.*..........*..................
**.*..*............*.............**...............
**....*............*.............**...............
..***.............................................
..***.............................................
.........**.......................................
.........**.......................................
..................................................
..................................................
..................................................
..................................................
...................*..............................
..................*.*.............................
..................*.*.............................
...................*..............................
........**........................................
.......***........................................
.......*..*......**........*......................
........***......*.*.......*......................
........***.......*.*......*......................
...................*..............................
..................................................
..................................................

***Life<ConwayCell> 50x50 ***
Generation = 0 Population = 267
..................................................
..................................................
..............*****.................*****.........
...........**********.............*********.......
.........****......**............***.....***......
.......****.......................**..............
.......**..........................**.............
......***...........................***...........
......***.............................**..........
.......**..............................**.........
.......****.............................**........
.........****......**..................***........
...........**********.............**********......
..............*****..................*****........
..................................................
..................................................
..................................................
..................................................
..................................................
..................................................
........**********....**************.......**.....
................**................**.......**.....
................**...............**........**.....
................**..............**.........**.....
................**.............**..........**.....
........**********............**...........**.....
................**...........**............**.....
................**..........**.............**.....
................**.........**..............**.....
................**........**...............**.....
........**********.......**................**.....
..................................................
..................................................
..................................................
..................................................
..................................................
.........................*........................
.......*****............*.*...........*****.......
.......................*...*......................
......................*.....*.....................
.....................*.......*....................
....................*.........*...................
.......*****.......*...........*......*****.......
....................*.........*...................
.....................*.......*....................
......................*.....*.....................
.......................*...*......................
........................*.*.......................
.......*****.............*............*****.......
..................................................

Generation = 1 Population = 284
..................................................
...............***...................***..........
............*.....................................
....................*............*.........*......
..............****..*............*...***...*......
.......*.........................*........*.......
..................................*...............
.........*.........................**.**..........
.........*..............................*.........
......................................*..*........
.......*..........................................
..............****..*..............***............
....................*..............**.............
............*......................*..............
...............***....................***.........
..................................................
..................................................
..................................................
..................................................
.........********......************...............
.........*******.*.....***********.*.......**.....
.........******...*....*********..........*..*....
...............*..*.............*..*......*..*....
...............*..*............*..*.......*..*....
.........******...*...........*..*........*..*....
.........******...*..........*..*.........*..*....
.........******...*.........*..*..........*..*....
...............*..*........*..*...........*..*....
...............*..*.......*..*............*..*....
.........******...*......*..*.............*..*....
.........*******.*.......***...............**.....
.........********.................................
..................................................
..................................................
..................................................
..................................................
........***..............*.............***........
........***.............***............***........
........***............*...*...........***........
......................*.....*.....................
.....................*.......*....................
........***.........*.........*........***........
........***........**.........**.......***........
........***.........*.........*........***........
.....................*.......*....................
......................*.....*.....................
.......................*...*......................
........***.............***............***........
........***..............*.............***........
........***............................***........

Generation = 5 Population = 291
................*.....................*...........
...............*.*...................***..........
..................*.................**.**.........
.................**.................**.**.........
...............*.**.............*....***..........
...............**...............*.*****...........
.................................*.....*..........
..................................*...*...........
..................................................
...................................***............
...............**..................**.............
...............*.**...............**..............
.................**...............*.*.............
..................*................***.*..........
...............*.*..................****..........
................*..........****........*..........
...........................****...................
...........................****...................
.........*.....**......*..........................
........**......*.....**..........................
...............*.....***.......**.*...............
........*******.......**.......****...............
........**.*.**........*.....*...*................
........**.*.*.**...*........**.........*......*..
........****.....*.*.*......***..**....*.*....*.*.
.................**...*....**...***...*...*..*...*
........****.....*.*.*....***...*......*.*....*.*.
........**.*.*.**...*....*.*...*........*......*..
........**.*.**..........*.*......................
........*******............*......................
...............*........**.**.....................
........**......*.......**.**.....................
.........*.....**.........*.......................
..................................................
..........**............................*.........
........*****..........................***........
.......*.*.*..........................*.*.*.......
........................*.*.......................
......................**.*.**.....................
.....................*.......*....................
.....................*.......*....................
....................*....*....*...................
.....................*..*.*..*....................
.......*.*.*........*....*....*.......*.*.*.......
........***..........*.......*.........***........
.....................*.......*....................
........***...........**.*.**..........***........
.......*...*............*.*...........*...*.......
.......**.**..........................**.**.......
..................................................

Generation = 10 Population = 294
...............**.................................
...............**.**..................*...........
...................*..................*...........
.............*.*.*..*.............................
.................*..............***.*.............
.................*..............***.**............
..............**.*................................
...............***................**.**...........
...............***...................*............
..............**.*................*...*...........
.................*.................****...........
.................*...................**...........
.............*.*.*..*..................**.........
...................*...................*.*........
...............**.**.....................*........
.........................*.*..*.*......*.*........
.........................*..**..*......**.........
............................*.....................
........*.......*.........*.**.*..................
.......*.*......*.......*.****.*..................
......*..*....*.*......**.*..*..**.*..............
......***...**.**.*.....*.....****.*....*......*..
......*.*..*****.*******.......*...**...*......*..
.......*..*..*.*.*.*****................*......**.
...........***.*.*..**.*.......***..*.............
...............*.*.............***..*...........**
...........***.*.*..*...............*.............
.......*..*..*.*.*.*.**.................*......**.
......*.*..*****.**.***.******..........*......*..
......***...**.**.....**.**..*..........*......*..
......*..*....*.*......*..........................
..........*.....*............*....................
.......*...*....*.................................
.........***.............*.**..........***........
..........*...............*.......................
.............*.........................*.*........
...........*.*..........................*.........
............**....................................
......................*.....*.....................
.....................*.......*....................
..................................................
.........................*........................
.........*..............*.*.............*.........
.........*...............*..............*.........
..................................................
........*.*..........*.......*.........*.*........
.......**.**..........*.....*.........**.**.......
.......*...*..........................*...*.......
.......**.**..........................**.**.......
..................................................

Generation = 100 Population = 128
....................................**............
....................................**............
........................................*.........
.......................................*.*........
........................................*.........
..................................................
..................................................
..................................................
................*................***..............
................*...............**.**.............
..................................*.*.............
...........................***.....*..............
.......................*...*..*.....*.............
....................***....**.*...*.*....**.......
....................***...........**.....**.......
.............................*..*.................
.............................*....................
............................*.**..**..............
...........................*..*...**..............
................**.........*.*....................
......*.........**..........*.....................
.....*.**.........................................
....*...**........................................
.....*.**.*.......................................
......***.*..........................*............
.......***..........................*.*...........
....................................*..*..........
.......................**............**...........
..***.................*..*........................
..*.*..................**.........................
...**.............................................
..................................................
..................................................
..................................................
......................................*...........
.....................................*.*..........
....................................*..*..........
.....................................**...........
..................................................
..................................................
..................................................
.........................*........................
........................*.*.......................
.........................*........................
..................................................
......**...**........................**...**......
......**...**........................**...**......
..................................................
..................................................
..................................................

***Life<ConwayCell> 40x40 ***
Generation = 0 Population = 156
****************************************
*......................................*
*......................................*
*......................................*
*......................................*
*......................................*
*......................................*
*......................................*
*......................................*
*......................................*
*......................................*
*......................................*
*......................................*
*......................................*
*......................................*
*......................................*
*......................................*
*......................................*
*......................................*
*......................................*
*......................................*
*......................................*
*......................................*
*......................................*
*......................................*
*......................................*
*......................................*
*......................................*
*......................................*
*......................................*
*......................................*
*......................................*
*......................................*
*......................................*
*......................................*
*......................................*
*......................................*
*......................................*
*......................................*
****************************************

Generation = 1 Population = 300
****************************************
*.************************************.*
**....................................**
**....................................**
**....................................**
**....................................**
**....................................**
**....................................**
**....................................**
**....................................**
**....................................**
**....................................**
**....................................**
**....................................**
**....................................**
**....................................**
**....................................**
**....................................**
**....................................**
**....................................**
**....................................**
**....................................**
**....................................**
**....................................**
**....................................**
**....................................**
**....................................**
**....................................**
**....................................**
**....................................**
**....................................**
**....................................**
**....................................**
**....................................**
**....................................**
**....................................**
**....................................**
**....................................**
*.************************************.*
****************************************

Generation = 5 Population = 568
......****************************......
......****************************......
........................................
......****************************......
.....******************************.....
....*.****************************.*....
**.***............................***.**
**.***............................***.**
**.***............................***.**
**.***............................***.**
**.***............................***.**
**.***............................***.**
**.***............................***.**
**.***............................***.**
**.***............................***.**
**.***............................***.**
**.***............................***.**
**.***............................***.**
**.***............................***.**
**.***............................***.**
**.***............................***.**
**.***............................***.**
**.***............................***.**
**.***............................***.**
**.***............................***.**
**.***............................***.**
**.***............................***.**
**.***............................***.**
**.***............................***.**
**.***............................***.**
**.***............................***.**
**.***............................***.**
**.***............................***.**
**.***............................***.**
....*.****************************.*....
.....******************************.....
......****************************......
........................................
......****************************......
......****************************......

Generation = 10 Population = 176
........................................
........................................
...........******************...........
..........*..................*..........
.........*....................*.........
..........*..................*..........
........................................
.........*....................*.........
........................................
....*..*........................*..*....
...*.*.....******************.....*.*...
..*.......*..................*.......*..
..*.......*..................*.......*..
..*.......*..................*.......*..
..*.......*..................*.......*..
..*.......*..................*.......*..
..*.......*..................*.......*..
..*.......*..................*.......*..
..*.......*..................*.......*..
..*.......*..................*.......*..
..*.......*..................*.......*..
..*.......*..................*.......*..
..*.......*..................*.......*..
..*.......*..................*.......*..
..*.......*..................*.......*..
..*.......*..................*.......*..
..*.......*..................*.......*..
..*.......*..................*.......*..
..*.......*..................*.......*..
...*.*.....******************.....*.*...
....*..*........................*..*....
........................................
.........*....................*.........
........................................
..........*..................*..........
.........*....................*.........
..........*..................*..........
...........******************...........
........................................
........................................

Generation = 100 Population = 112
...............***....***...............
..............*...*..*...*..............
..............**.**..**.**..............
........................................
........................................
........................................
........................................
........................................
........................................
........................................
........................................
.................**..**.................
.................**..**.................
........................................
.**..................................**.
*.*..................................*.*
*......................................*
*.*........**..............**........*.*
.**........**......**......**........**.
..................*..*..................
..................*..*..................
.**........**......**......**........**.
*.*........**..............**........*.*
*......................................*
*.*..................................*.*
.**..................................**.
........................................
.................**..**.................
.................**..**.................
........................................
........................................
........................................
........................................
........................................
........................................
........................................
........................................
..............**.**..**.**..............
..............*...*..*...*..............
...............***....***...............

***Life<FredkinCell> 20x20 ***
Generation = 0 Population = 4
--------------------
--------------------
--------------------
--------------------
--------------------
--------------------
--------------------
--------------------
--------------------
---------00---------
---------00---------
--------------------
--------------------
--------------------
--------------------
--------------------
--------------------
--------------------
--------------------
--------------------

Generation = 1 Population = 8
--------------------
--------------------
--------------------
--------------------
--------------------
--------------------
--------------------
--------------------
---------00---------
--------0--0--------
--------0--0--------
---------00---------
--------------------
--------------------
--------------------
--------------------
--------------------
--------------------
--------------------
--------------------

Generation = 2 Population = 16
--------------------
--------------------
--------------------
--------------------
--------------------
--------------------
--------------------
---------00---------
---------11---------
-------01--10-------
-------01--10-------
---------11---------
---------00---------
--------------------
--------------------
--------------------
--------------------
--------------------
--------------------
--------------------

Generation = 3 Population = 16
--------------------
--------------------
--------------------
--------------------
--------------------
--------------------
---------00---------
--------0--0--------
-------0----0-------
------0------0------
------0------0------
-------0----0-------
--------0--0--------
---------00---------
--------------------
--------------------
--------------------
--------------------
--------------------
--------------------

Generation = 4 Population = 16
--------------------
--------------------
--------------------
--------------------
--------------------
---------00---------
---------11---------
--------------------
--------------------
-----01------10-----
-----01------10-----
--------------------
--------------------
---------11---------
---------00---------
--------------------
--------------------
--------------------
--------------------
--------------------

Generation = 5 Population = 32
--------------------
--------------------
--------------------
--------------------
---------00---------
--------0--0--------
--------0--0--------
---------00---------
-----00------00-----
----0--0----0--0----
----0--0----0--0----
-----00------00-----
---------00---------
--------0--0--------
--------0--0--------
---------00---------
--------------------
--------------------
--------------------
--------------------

***Life<FredkinCell> 3x3 ***
Generation = 0 Population = 5
0-0
-0-
0-0

Generation = 1 Population = 4
-0-
0-0
-0-

Generation = 2 Population = 0
---
---
---

Generation = 3 Population = 0
---
---
---

Generation = 4 Population = 0
---
---
---

Generation = 5 Population = 0
---
---
---

***Life<FredkinCell> 10x5 ***
Generation = 0 Population = 10
0----
-0---
--0--
---0-
----0
----0
---0-
--0--
-0---
0----

Generation = 1 Population = 2
-----
-----
-----
-----
----1
----1
-----
-----
-----
-----

Generation = 2 Population = 6
-----
-----
-----
----0
---02
---02
----0
-----
-----
-----

Generation = 3 Population = 8
-----
-----
----0
----1
--0-3
--0-3
----1
----0
-----
-----

Generation = 4 Population = 14
-----
----0
---01
--00-
-01--
-01--
--00-
---01
----0
-----

Generation = 5 Population = 8
----0
----1
-----
-----
0-2--
0-2--
-----
-----
----1
----0

***Life<FredkinCell> 10x5 ***
Generation = 0 Population = 18
0---0
-0--0
--0-0
---00
----0
----0
---00
--0-0
-0--0
0---0

Generation = 1 Population = 12
---01
---0-
---0-
---11
-----
-----
---11
---0-
---0-
---01

Generation = 2 Population = 16
--0-2
--0--
--0--
--0-2
---00
---00
--0-2
--0--
--0--
--0-2

Generation = 3 Population = 26
-01--
-0-00
-0-00
-0103
----1
----1
-0103
-0-00
-0-00
-01--

Generation = 4 Population = 28
0-2-0
0-0--
0-011
0--14
-00--
-00--
0--14
0-011
0-0--
0-2-0

Generation = 5 Population = 12
1-3--
-----
---2-
1-0--
----0
----0
1-0--
---2-
-----
1-3--

***Life<FredkinCell> 5x11 ***
Generation = 0 Population = 16
--00---00--
-----0-0---
--00---00--
---0-0-----
--00---00--

Generation = 1 Population = 26
-011000-10-
----0---0--
-01-0-0-10-
--0---0----
-01-000110-

Generation = 2 Population = 22
01--1-1--10
-------0-0-
01--1-1--10
-0-0-------
01--1-1--10

Generation = 3 Population = 20
1200----0-1
------0---0
1-0-----0-1
0---0------
1-0----0021

Generation = 4 Population = 28
2--10-00--2
-0-0-0-0-0-
2--00-00--2
-0-0-0-0-0-
2--00-01--2

Generation = 5 Population = 22
--0-101-0--
0---------0
-0011-1100-
0---------0
--0-101-0--

***Life<FredkinCell> 5x11 ***
Generation = 0 Population = 19
-0--0--0--0
0--0--0--0-
--0--0--0--
-0--0--0--0
0--0--0--0-

Generation = 1 Population = 8
--0--0--0--
-----------
0---------0
-----------
--0--0--0--

Generation = 2 Population = 24
-0-00-00-0-
0-0--0--0-0
-0-------0-
0-0--0--0-0
-0-00-00-0-

Generation = 3 Population = 18
--0110110--
-----------
0-0-----0-0
-----------
--0110110--

Generation = 4 Population = 24
-01-----10-
0--00000--0
---0---0---
0--00000--0
-01-----10-

Generation = 5 Population = 18
-12-000-21-
-----------
--0-0-0-0--
-----------
-12-000-21-

***Life<FredkinCell> 10x30 ***
Generation = 0 Population = 47
------------------------------
----------00000000000000------
----------0000000000000-------
----------00------------------
----------00------------------
----------0000000000----------
----------00------------------
----------00------------------
----------00------------------
------------------------------

Generation = 1 Population = 86
----------00000000000000------
---------0-11111111111110-----
---------01-1111111111--------
---------011-0000000000-------
---------011-0000000----------
---------01--------10---------
---------011-0000000----------
---------0110-----------------
---------0--0-----------------
----------00------------------

Generation = 2 Population = 74
----------1111111111111-------
--------01------------2210----
--------01-----------2000-----
--------01--01------1110------
--------01----111111000-------
--------0120------0210--------
--------01--01----------------
--------0122--000000----------
--------010010----------------
----------11------------------

Generation = 3 Population = 85
--------0-2-------------00----
-------0---0000000000033210---
-------0120-00----------------
-------0120012-0000-----------
-------012-00-2---22----------
-------01--1-0000--32---------
-------0120012-000--00--------
-------01-3-001----10---------
-------0-2---1-00000----------
--------0----0----------------

Generation = 4 Population = 86
------------00000000000-------
------01000111----------3210--
------0123--11-----00000000---
------01--11--01--------------
------01--01--30--------------
------0120----11--------------
------01--1123--1100110-------
------01--40--20--------------
------01------01--------------
------------01000000----------

Generation = 5 Population = 105
------00000--1--------100000--
-----0-211---2-0000------3210-
-----01-3-00---0--01----11----
-----012--------0--00000000---
-----012----00410-------------
-----01--10-0----000000-------
-----012---2-4002-----10------
-----01200-------000000-------
-----0--0-000-12-000----------
------00---01-11---10---------

***Life<FredkinCell> 10x30 ***
Generation = 0 Population = 50
------------------------------
--------000--------000--------
--------000--------000--------
--------000--------000--------
--------000--------000--------
--------000--------000--------
--------000--------000--------
---------000------000---------
-----------00000000-----------
------------------------------

Generation = 1 Population = 64
--------000--------000--------
-------0-1-0------0-1-0-------
-------01-10------01-10-------
-------01-10------01-10-------
-------01-10------01-10-------
-------01-10------01-10-------
-------0--1--------1--0-------
----------1--0000--1----------
---------0----------0---------
-----------00000000-----------

Generation = 2 Population = 90
--------111--------111--------
------01-2-10----01-2-10------
------01-0-10----01-0-10------
------012-210----012-210------
------012-210----012-210------
------01--2-0----0-2--10------
------01-0---0000---0-10------
-------0--2001--1002--0-------
--------0--00----00--0--------
---------001------100---------

Generation = 3 Population = 96
------0-222-0----0-222-0------
-----0--0-0--0--0--0-0--0-----
-----012010210--012010210-----
-----01--0--10--01--0--10-----
-----01---3210--0123---10-----
-----012--301-00-103--210-----
-----0-2--000----000--2-0-----
-------1--311----113--1-------
----------01------10----------
---------1----------1---------

Generation = 4 Population = 112
------------------------------
----010-----010010-----010----
----012-121-210012-121-210----
----012--100210012001--210----
----012----3------3----210----
----012-004-201102-400-210----
----010-001-100001-100-010----
-----002004--0--0--400200-----
-------0--------------0-------
--------0--0------0--0--------

Generation = 5 Population = 136
----000-----000000-----000----
---0-2-00000-2112-00000-2-0---
---01-3-23-03----30-32-3-10---
---01-30--1132112311--03-10---
---01-300-040----040-003-10---
---01-3--1-0-1221-0-1--3-10---
---0--101-2---11---2-101--0---
------1311-0-1--1-0-1131------
-----0-10000-0--0-00001-0-----
---------00-0----0-00---------

***Life<FredkinCell> 10x30 ***
Generation = 0 Population = 64
------------------------------
---------00000------000-------
---------000000-----000-------
---------000--00----000-------
---------000---00---000-------
---------000----00--000-------
---------000-----00-000-------
---------000------00000-------
---------000-------0000-------
------------------------------

Generation = 1 Population = 74
---------00000------000-------
--------0-111------0-1-0------
--------01--11-----01-10------
--------01-1-------01-10------
--------01-10------01-10------
--------01-10------01-10------
--------01-10------01-10------
--------01-10------1--10------
--------0-1-0-------11-0------
---------000-------0000-------

Generation = 2 Population = 101
---------111110-----111-------
-------01--220----01-2-10-----
-------01--0-20---01-0-10-----
-------012-200----012-210-----
-------012-2-0----012-210-----
-------012-210----012-210-----
-------012-210----01--210-----
-------01-0-10----020--10-----
-------01-2-10-----0---10-----
---------111------01111-------

Generation = 3 Population = 113
-------0-2-22210--0-222-0-----
------0----3310--0--0-0--0----
------012-0--310-012010210----
------01---3-1---01--0--10----
------01-3----0--01-3-3-10----
------01-3-3210--01---3-10----
------01--0--10--01200--10----
------012010210--0--10-210----
------0--0-0--0---0-00---0----
-------0-222-0---012--2-0-----

Generation = 4 Population = 136
------------33210-------------
-----01000--4-10010-----010---
-----0123--0-421-12-121-210---
-----012-0---200012-010-210---
-----012-40-0010012--04-210---
-----012-404-210012---4-210---
-----012-0100210012-1---210---
-----012-121-210010-21-3210---
-----010-----010-010---0010---
----------------0123----------

Generation = 5 Population = 127
-----00000-0--32--0-----000---
----0-21110-5-2-12-00000-2-0--
----01---00-0--2-23--3--3-10--
----01-301-0-3--1-3---1-3-10--
----01-3-5-01-----30--5-3-10--
----01-3-5---3----300-5-3-10--
----01-3-1--------3-2-0-3-10--
----01-3--3-03--1-10-2----10--
----0-2-00000-2--1---00-12-0--
-----000-----00-123-0--0000---

***Life<FredkinCell> 10x30 ***
Generation = 0 Population = 27
-------------0-0--------------
----0---------0---------0-----
---0-0-----------------0-0----
---0-0-----------------0-0----
----0---------0---------0-----
-------------0-0--------------
-------------0-0--------------
--------------0---------------
-----0------------------0-----
----0-0----------------0-0----

Generation = 1 Population = 48
----0-------0-0-0-------0-----
------------------------------
--01010-------0-------01010---
--01010-------0-------01010---
------------------------------
----0-------01010-------0-----
------------01010-------------
-----0------------------0-----
--------------0---------------
---0-0-0--------------0-0-0---

Generation = 2 Population = 89
---0-0-----0-----0-----0-0----
--00-00-----0---0-----00-00---
-0-212-0-----010-----0-212-0--
-0-212-0-----010-----0-212-0--
--00-00-----00-00-----00-00---
---0-0-----0-212-0-----0-0----
----00-----0-212-0------------
----0-0-----00-00------0-0----
---0---0-----0-0------0---0---
--0-----0-----0------0-----0--

Generation = 3 Population = 107
---1-1----0-------0----1-1----
--11011-------0-------11011---
010323010-----2-----010323010-
010323010----121----010323010-
--11011-----11-11-----11011---
---10-----010323010----1-1----
----------010323010-----------
----10------11011-------------
-------------101--------------
-0-------0----------0-------0-

Generation = 4 Population = 88
---202---0-0--0--0-0---202----
0---1---0-0--010--0-0---1---0-
-2-----2-0---------0-2-----2-0
-2-----2-0----3----0-2-----2-0
0----2--0-0--2-2--0-0---1---0-
------0--0-2--3--2-0---202----
---0-0---0-2-----2-0---0-0----
---0210---0-------0-----------
-0--00---0----1-----0-------0-
0-0-----0-0--000---0-0-----0-0

Generation = 5 Population = 130
0-03130---0-0-1-0-0---03130-0-
----2-------01210-------2-----
-30-0-0301---0-0---1030-0-0301
-30--00301---------1030-0-0301
----0-------0---0-------2-----
0--0-0-0-1030---0301--0-1-0-0-
--01010-01030-0-03010-01010---
-00-3-10-0----0-----0--0-0--0-
----------0---2---0-----------
-0-000-0-0-001110-0-0-0---0-0-

***Life<FredkinCell> 3x30 ***
Generation = 0 Population = 3
--------------0---------------
--------------0---------------
--------------0---------------

Generation = 1 Population = 8
-------------010--------------
-------------0-0--------------
-------------010--------------

Generation = 2 Population = 6
------------0---0-------------
------------0---0-------------
------------0---0-------------

Generation = 3 Population = 16
-----------010-010------------
-----------0-0-0-0------------
-----------010-010------------

Generation = 4 Population = 6
----------0-------0-----------
----------0-------0-----------
----------0-------0-----------

Generation = 5 Population = 16
---------010-----010----------
---------0-0-----0-0----------
---------010-----010----------

***Life<FredkinCell> 30x3 ***
Generation = 0 Population = 3
---
---
---
---
---
---
---
---
---
---
---
---
---
---
000
---
---
---
---
---
---
---
---
---
---
---
---
---
---
---

Generation = 1 Population = 8
---
---
---
---
---
---
---
---
---
---
---
---
---
000
1-1
000
---
---
---
---
---
---
---
---
---
---
---
---
---
---

Generation = 2 Population = 6
---
---
---
---
---
---
---
---
---
---
---
---
000
---
---
---
000
---
---
---
---
---
---
---
---
---
---
---
---
---

Generation = 3 Population = 16
---
---
---
---
---
---
---
---
---
---
---
000
1-1
000
---
000
1-1
000
---
---
---
---
---
---
---
---
---
---
---
---

Generation = 4 Population = 6
---
---
---
---
---
---
---
---
---
---
000
---
---
---
---
---
---
---
000
---
---
---
---
---
---
---
---
---
---
---

Generation = 5 Population = 16
---
---
---
---
---
---
---
---
---
000
1-1
000
---
---
---
---
---
000
1-1
000
---
---
---
---
---
---
---
---
---
---

***Life<FredkinCell> 30x3 ***
Generation = 0 Population = 17
---
000
---
---
---
-0-
-0-
-0-
-0-
---
---
---
---
---
000
---
---
---
---
---
---
-0-
-0-
-0-
-0-
---
---
---
000
---

Generation = 1 Population = 48
000
1-1
000
---
-0-
010
0-0
0-0
010
-0-
---
---
---
000
1-1
000
---
---
---
---
-0-
010
0-0
0-0
010
-0-
---
000
1-1
000

Generation = 2 Population = 24
---
---
---
0-0
-1-
-2-
-0-
-0-
-2-
-1-
-0-
---
000
---
---
---
000
---
---
-0-
-1-
-2-
-0-
-0-
-2-
-1-
0-0
---
---
---

Generation = 3 Population = 50
---
---
0-0
-0-
-2-
0-0
0-0
0-0
0-0
0-0
010
0-0
1-1
000
---
000
1-1
000
-0-
010
0-0
0-0
0-0
0-0
0-0
-2-
-0-
0-0
---
---

Generation = 4 Population = 26
---
0-0
-0-
-1-
-3-
101
---
---
---
-0-
1-1
-0-
-0-
---
---
---
---
-1-
0-0
-2-
-0-
---
---
---
101
-3-
-1-
-0-
0-0
---

Generation = 5 Population = 36
0-0
-0-
-1-
0-0
---
212
000
---
-0-
---
---
-1-
010
-0-
---
---
-0-
---
---
-3-
010
-0-
---
000
212
---
0-0
-1-
-0-
0-0

*** Life<Cell> 20x20 ***
***Life<Cell> 20x20 ***
Generation = 0 Population = 6
--------------------
--------------------
--------------------
--------------------
--------------------
--------------------
--------------------
--------------------
--------------------
---------00---------
--------0000--------
--------------------
--------------------
--------------------
--------------------
--------------------
--------------------
--------------------
--------------------
--------------------

Generation = 1 Population = 12
--------------------
--------------------
--------------------
--------------------
--------------------
--------------------
--------------------
--------------------
---------00---------
--------------------
-------011110-------
--------0000--------
--------------------
--------------------
--------------------
--------------------
--------------------
--------------------
--------------------
--------------------

Generation = 2 Population = 24
--------------------
--------------------
--------------------
--------------------
--------------------
--------------------
--------------------
---------00---------
--------0110--------
-------00--00-------
------01****10------
---------11---------
--------0000--------
--------------------
--------------------
--------------------
--------------------
--------------------
--------------------
--------------------

Generation = 3 Population = 32
--------------------
--------------------
--------------------
--------------------
--------------------
--------------------
---------00---------
--------------------
---------**---------
--------1001--------
-----01*....*10-----
------000**000------
-------011110-------
--------0000--------
--------------------
--------------------
--------------------
--------------------
--------------------
--------------------

Generation = 4 Population = 28
--------------------
--------------------
--------------------
--------------------
--------------------
---------00---------
--------0110--------
--------------------
---------..---------
-----00-*11*-00-----
----01*......*10----
--------1..1--------
--------------------
---------11---------
--------0000--------
--------------------
--------------------
--------------------
--------------------
--------------------

Generation = 5 Population = 52
--------------------
--------------------
--------------------
--------------------
---------00---------
--------------------
-------01**10-------
--------0000--------
-----00-0**0-00-----
--------.--.--------
---01**.*..*.**10---
----0000-..-0000----
--------0000--------
--------------------
-------011110-------
--------0000--------
--------------------
--------------------
--------------------
--------------------

***Life<Cell> 10x5 ***
Generation = 0 Population = 10
0----
-0---
--0--
---0-
----0
----0
---0-
--0--
-0---
0----

Generation = 1 Population = 2
-----
-----
-----
-----
----1
----1
-----
-----
-----
-----

Generation = 2 Population = 6
-----
-----
-----
----0
---0*
---0*
----0
-----
-----
-----

Generation = 3 Population = 6
-----
-----
----0
----1
--0-.
--0-.
----1
----0
-----
-----

Generation = 4 Population = 18
-----
----0
---01
--00*
-010.
-010.
--00*
---01
----0
-----

Generation = 5 Population = 10
----0
----1
----*
----.
0--1.
0--1.
----.
----*
----1
----0

***Life<Cell> 5x11 ***
Generation = 0 Population = 19
-0--0--0--0
0--0--0--0-
--0--0--0--
-0--0--0--0
0--0--0--0-

Generation = 1 Population = 8
--0--0--0--
-----------
0---------0
-----------
--0--0--0--

Generation = 2 Population = 24
-0-00-00-0-
0-0--0--0-0
-0-------0-
0-0--0--0-0
-0-00-00-0-

Generation = 3 Population = 18
--0110110--
-----------
0-0-----0-0
-----------
--0110110--

Generation = 4 Population = 24
-01-----10-
0--00000--0
---0---0---
0--00000--0
-01-----10-

Generation = 5 Population = 18
-1*-000-*1-
-----------
--0-0-0-0--
-----------
-1*-000-*1-

***Life<Cell> 10x30 ***
Generation = 0 Population = 27
-------------0-0--------------
----0---------0---------0-----
---0-0-----------------0-0----
---0-0-----------------0-0----
----0---------0---------0-----
-------------0-0--------------
-------------0-0--------------
--------------0---------------
-----0------------------0-----
----0-0----------------0-0----

Generation = 1 Population = 48
----0-------0-0-0-------0-----
------------------------------
--01010-------0-------01010---
--01010-------0-------01010---
------------------------------
----0-------01010-------0-----
------------01010-------------
-----0------------------0-----
--------------0---------------
---0-0-0--------------0-0-0---

Generation = 2 Population = 89
---0-0-----0-----0-----0-0----
--00-00-----0---0-----00-00---
-0-*1*-0-----010-----0-*1*-0--
-0-*1*-0-----010-----0-*1*-0--
--00-00-----00-00-----00-00---
---0-0-----0-*1*-0-----0-0----
----00-----0-*1*-0------------
----0-0-----00-00------0-0----
---0---0-----0-0------0---0---
--0-----0-----0------0-----0--

Generation = 3 Population = 95
---1-1----0-------0----1-1----
--11011-------0-------11011---
010.*.010-----*-----010.*.010-
010.*.010----1*1----010.*.010-
--11011-----11-11-----11011---
---10-----010.*.010----1-1----
----------010.*.010-----------
----10------11011-------------
-------------101--------------
-0-------0----------0-------0-

Generation = 4 Population = 105
---*0*---0-0--0--0-0---*0*----
0--*1*--0-0--010--0-0--*1*--0-
-*1...1*-0----.----0-*1...1*-0
-*1...1*-0----.----0-*1...1*-0
0--*----0-0-------0-0--*1*--0-
------0--0-*1.*.1*-0---*0*----
---0-0---0-*1...1*-0---0-0----
---0*10---0--*-*--0-----------
-0--00---0----1-----0-------0-
0-0-----0-0--000---0-0-----0-0

Generation = 5 Population = 111
0-0*1*0---0-0-1-0-0---0*1*0-0-
---.*.------01*10------.*.----
-.-.*.-.01---0*0---10.-.*.-.01
-.-*..-.01----.----10.-.*.-.01
---.0-------0-0-0------.*.----
0------0-10.-*.*-.01--0.1.0-0-
--01010-010.-.*.-.010-01010---
-00-.-10-0---*0*----0--0-0--0-
----------0--0*0--0-----------
-0-000-0-0-001110-0-0-0---0-0-

***Life<Cell> 30x30 ***
Generation = 0 Population = 116
000000000000000000000000000000
0----------------------------0
0----------------------------0
0----------------------------0
0----------------------------0
0----------------------------0
0----------------------------0
0----------------------------0
0----------------------------0
0----------------------------0
0----------------------------0
0----------------------------0
0----------------------------0
0----------------------------0
0----------------------------0
0----------------------------0
0----------------------------0
0----------------------------0
0----------------------------0
0----------------------------0
0----------------------------0
0----------------------------0
0----------------------------0
0----------------------------0
0----------------------------0
0----------------------------0
0----------------------------0
0----------------------------0
0----------------------------0
000000000000000000000000000000

Generation = 1 Population = 104
------------------------------
--00000000000000000000000000--
-0--------------------------0-
-0--------------------------0-
-0--------------------------0-
-0--------------------------0-
-0--------------------------0-
-0--------------------------0-
-0--------------------------0-
-0--------------------------0-
-0--------------------------0-
-0--------------------------0-
-0--------------------------0-
-0--------------------------0-
-0--------------------------0-
-0--------------------------0-
-0--------------------------0-
-0--------------------------0-
-0--------------------------0-
-0--------------------------0-
-0--------------------------0-
-0--------------------------0-
-0--------------------------0-
-0--------------------------0-
-0--------------------------0-
-0--------------------------0-
-0--------------------------0-
-0--------------------------0-
--00000000000000000000000000--
------------------------------

Generation = 2 Population = 208
--00000000000000000000000000--
--1------------------------1--
01-000000000000000000000000-10
0-0------------------------0-0
0-0------------------------0-0
0-0------------------------0-0
0-0------------------------0-0
0-0------------------------0-0
0-0------------------------0-0
0-0------------------------0-0
0-0------------------------0-0
0-0------------------------0-0
0-0------------------------0-0
0-0------------------------0-0
0-0------------------------0-0
0-0------------------------0-0
0-0------------------------0-0
0-0------------------------0-0
0-0------------------------0-0
0-0------------------------0-0
0-0------------------------0-0
0-0------------------------0-0
0-0------------------------0-0
0-0------------------------0-0
0-0------------------------0-0
0-0------------------------0-0
0-0------------------------0-0
01-000000000000000000000000-10
--1------------------------1--
--00000000000000000000000000--

Generation = 3 Population = 120
-0--------------------------0-
0-*0----------------------0*-0
-*-1----------------------1-*-
-01-0000000000000000000000-10-
---0----------------------0---
---0----------------------0---
---0----------------------0---
---0----------------------0---
---0----------------------0---
---0----------------------0---
---0----------------------0---
---0----------------------0---
---0----------------------0---
---0----------------------0---
---0----------------------0---
---0----------------------0---
---0----------------------0---
---0----------------------0---
---0----------------------0---
---0----------------------0---
---0----------------------0---
---0----------------------0---
---0----------------------0---
---0----------------------0---
---0----------------------0---
---0----------------------0---
-01-0000000000000000000000-10-
-*-1----------------------1-*-
0-*0----------------------0*-0
-0--------------------------0-

Generation = 4 Population = 192
---0----------------------0---
--.-0--------------------0-.--
-.-*-00000000000000000000-*-.-
0-*-1--------------------1-*-0
-0-1-00000000000000000000-1-0-
--0-0--------------------0-0--
--0-0--------------------0-0--
--0-0--------------------0-0--
--0-0--------------------0-0--
--0-0--------------------0-0--
--0-0--------------------0-0--
--0-0--------------------0-0--
--0-0--------------------0-0--
--0-0--------------------0-0--
--0-0--------------------0-0--
--0-0--------------------0-0--
--0-0--------------------0-0--
--0-0--------------------0-0--
--0-0--------------------0-0--
--0-0--------------------0-0--
--0-0--------------------0-0--
--0-0--------------------0-0--
--0-0--------------------0-0--
--0-0--------------------0-0--
--0-0--------------------0-0--
-0-1-00000000000000000000-1-0-
0-*-1--------------------1-*-0
-.-*-00000000000000000000-*-.-
--.-0--------------------0-.--
---0----------------------0---

Generation = 5 Population = 192
--0------------------------0--
--.0--000000000000000000--0.--
0.-*-1------------------1-*-.0
-0*--0------------------0--*0-
-----1------------------1-----
--101-000000000000000000-101--
-0---0------------------0---0-
-0---0------------------0---0-
-0---0------------------0---0-
-0---0------------------0---0-
-0---0------------------0---0-
-0---0------------------0---0-
-0---0------------------0---0-
-0---0------------------0---0-
-0---0------------------0---0-
-0---0------------------0---0-
-0---0------------------0---0-
-0---0------------------0---0-
-0---0------------------0---0-
-0---0------------------0---0-
-0---0------------------0---0-
-0---0------------------0---0-
-0---0------------------0---0-
-0---0------------------0---0-
--101-000000000000000000-101--
-----1------------------1-----
-0*--0------------------0--*0-
0.-*-1------------------1-*-.0
--.0--000000000000000000--0.--
--0------------------------0--

***Life<Cell> 30x30 ***
Generation = 0 Population = 164
0----------------------------0
0000000000----------0000000000
0--------0----------0--------0
0--------0----------0--------0
0--------0----------0--------0
0--------0----------0--------0
0--------0----------0--------0
0--------0----------0--------0
0--------0----------0--------0
0--------0----------0--------0
0000000000----------0000000000
0----------------------------0
0----------------------------0
0----------------------------0
0----------------------------0
0----------------------------0
0----------------------------0
0----------------------------0
0----------------------------0
0000000000----------0000000000
0--------0----------0--------0
0--------0----------0--------0
0--------0----------0--------0
0--------0----------0--------0
0--------0----------0--------0
0--------0----------0--------0
0--------0----------0--------0
0--------0----------0--------0
0000000000----------0000000000
0----------------------------0

Generation = 1 Population = 224
1-00000000----------00000000-1
1---------0--------0---------1
--000000--0--------0--000000--
-0------0-0--------0-0------0-
-0------0-0--------0-0------0-
-0------0-0--------0-0------0-
-0------0-0--------0-0------0-
-0------0-0--------0-0------0-
-0------0-0--------0-0------0-
--000000--0--------0--000000--
1---------0--------0---------1
--00000000----------00000000--
-0--------------------------0-
-0--------------------------0-
-0--------------------------0-
-0--------------------------0-
-0--------------------------0-
-0--------------------------0-
--00000000----------00000000--
1---------0--------0---------1
--000000--0--------0--000000--
-0------0-0--------0-0------0-
-0------0-0--------0-0------0-
-0------0-0--------0-0------0-
-0------0-0--------0-0------0-
-0------0-0--------0-0------0-
-0------0-0--------0-0------0-
--000000--0--------0--000000--
1---------0--------0---------1
1-00000000----------00000000-1

Generation = 2 Population = 280
*-1------1----------1------1-*
*0------0-10------01-0------0*
0-1----1-0-0------0-0-1----1-0
01-0000-1--0------0--1-0000-10
0-0----0---0------0---0----0-0
0-0----0---0------0---0----0-0
0-0----0---0------0---0----0-0
0-0----0---0------0---0----0-0
01-0000-1--0------0--1-0000-10
0-1----1-0-0------0-0-1----1-0
-0------0-10------01-0------0-
0-1------1----------1------1-0
01-0000000----------0000000-10
0-0------------------------0-0
0-0------------------------0-0
0-0------------------------0-0
0-0------------------------0-0
01-0000000----------0000000-10
0-1------1----------1------1-0
-0------0-10------01-0------0-
0-1----1-0-0------0-0-1----1-0
01-0000-1--0------0--1-0000-10
0-0----0---0------0---0----0-0
0-0----0---0------0---0----0-0
0-0----0---0------0---0----0-0
0-0----0---0------0---0----0-0
01-0000-1--0------0--1-0000-10
0-1----1-0-0------0-0-1----1-0
*0------0-10------01-0------0*
*-1------1----------1------1-*

Generation = 3 Population = 316
*0-0-------0------0-------0-0*
*10-------*-0----0-*-------01*
----00----0-0----0-0----00----
1*-1--1---0-0----0-0---1--1-*1
-01-00-1--0-0----0-0--1-00-10-
---0--0-0-0-0----0-0-0-0--0---
---0--0-0-0-0----0-0-0-0--0---
-01-00-1--0-0----0-0--1-00-10-
1*-1--1---0-0----0-0---1--1-*1
1---00----0-0----0-0----00---1
0-0-------*-0----0-*-------0-0
1---00000*-0------0-*00000---1
1*-1------0--------0------1-*1
-01-000000----------000000-10-
---0----------------------0---
---0----------------------0---
-01-000000----------000000-10-
1*-1------0--------0------1-*1
1---00000*-0------0-*00000---1
0-0-------*-0----0-*-------0-0
1---00----0-0----0-0----00---1
1*-1--1---0-0----0-0---1--1-*1
-01-00-1--0-0----0-0--1-00-10-
---0--0-0-0-0----0-0-0-0--0---
---0--0-0-0-0----0-0-0-0--0---
-01-00-1--0-0----0-0--1-00-10-
1*-1--1---0-0----0-0---1--1-*1
----00----0-0----0-0----00----
*10-------*-0----0-*-------01*
*0-0-------0------0-------0-0*

Generation = 4 Population = 324
*-0-0--------------------0-0-*
**1-00---0*010--010*0---00-1**
--0-11---0---0--0---0---11-0--
**0-00---0---0--0---0---00-0**
--*-11---0---0--0---0---11-*--
-0-1--101----0--0----101--1-0-
-0-1--101----0--0----101--1-0-
--*-11---0---0--0---0---11-*--
-.0-00---0---0--0---0---00-0.-
--0-11---0---0--0---0---11-0--
---0--000-*010--010*-000--0---
--0-1----*----------*----1-0--
-.0-0----0----------0----0-0.-
--*-1----1----------1----1-*--
-0-1-00000----------00000-1-0-
-0-1-00000----------00000-1-0-
--*-1----1----------1----1-*--
-.0-0----0----------0----0-0.-
--0-1----*----------*----1-0--
---0--000-*010--010*-000--0---
--0-11---0---0--0---0---11-0--
-.0-00---0---0--0---0---00-0.-
--*-11---0---0--0---0---11-*--
-0-1--101----0--0----101--1-0-
-0-1--101----0--0----101--1-0-
--*-11---0---0--0---0---11-*--
**0-00---0---0--0---0---00-0**
--0-11---0---0--0---0---11-0--
**1-00---0*010--010*0---00-1**
*-0-0--------------------0-0-*

Generation = 5 Population = 448
*01-1----00000--00000----1-10*
*.*-1-0-0-*---00---*-0-0-1-*.*
-0--**0-0--0--00--0--0-0**--0-
..1-110-0-0-0-00-0-0-0-011-1..
00.0---0-10-0-00-0-01-0---0.00
010*---1----0-00-0----1---*010
010*---1----0-00-0----1---*010
--*0---0-10-0-00-0-01-0---0*--
-*--110-0-0-0-00-0-0-0-011--*-
-010---0-1-0--00--0-1-0---010-
--0-0-1-1-*---00---*-1-1-0-0--
-010*000-*-000--000-*-000*010-
-*---0--0-0--------0-0--0---*-
--*0*-00--0--------0--00-*0*--
010*0-11110--------01111-0*010
010*0-11110--------01111-0*010
--*0*-00--0--------0--00-*0*--
-*---0--0-0--------0-0--0---*-
-010*000-*-000--000-*-000*010-
--0-0-1-1-*---00---*-1-1-0-0--
-010---0-1-0--00--0-1-0---010-
-*--110-0-0-0-00-0-0-0-011--*-
--*0---0-10-0-00-0-01-0---0*--
010*---1----0-00-0----1---*010
010*---1----0-00-0----1---*010
00.0---0-10-0-00-0-01-0---0.00
..1-110-0-0-0-00-0-0-0-011-1..
-0--**0-0--0--00--0--0-0**--0-
*.*-1-0-0-*---00---*-0-0-1-*.*
*01-1----00000--00000----1-10*

***Life<Cell> 2x2 ***
Generation = 0 Population = 2
00
--

Generation = 1 Population = 4
11
00

Generation = 2 Population = 0
--
--

Generation = 3 Population = 0
--
--

Generation = 4 Population = 0
--
--

Generation = 5 Population = 0
--
--

***Life<Cell> 2x2 ***
Generation = 0 Population = 2
0-
0-

Generation = 1 Population = 4
10
10

Generation = 2 Population = 0
--
--

Generation = 3 Population = 0
--
--

Generation = 4 Population = 0
--
--

Generation = 5 Population = 0
--
--

