*** Life<ConwayCell> 109x69 ***
Generation: 0 Population: 35
.....................................................................
.....................................................................
.....................................................................
.....................................................................
.....................................................................
.....................................................................
.....................................................................
.....................................................................
.....................................................................
.....................................................................
.....................................................................
.....................................................................
.....................................................................
.....................................................................
.....................................................................
.....................................................................
.....................................................................
.....................................................................
.....................................................................
.....................................................................
.....................................................................
.....................................................................
.....................................................................
.....................................................................
.....................................................................
.....................................................................
.....................................................................
.....................................................................
.....................................................................
.....................................................................
.....................................................................
.....................................................................
.....................................................................
.....................................................................
..................................*..................................
..................................*..................................
..................................*..................................
..................................*..................................
..................................*..................................
.....................................................................
..................................*..................................
..................................*..................................
..................................*..................................
..................................*..................................
..................................*..................................
.....................................................................
..................................*..................................
..................................*..................................
..................................*..................................
..................................*..................................
..................................*..................................
.....................................................................
..................................*..................................
..................................*..................................
..................................*..................................
..................................*..................................
..................................*..................................
.....................................................................
..................................*..................................
..................................*..................................
..................................*..................................
..................................*..................................
..................................*..................................
.....................................................................
..................................*..................................
..................................*..................................
..................................*..................................
..................................*..................................
..................................*..................................
.....................................................................
..................................*..................................
..................................*..................................
..................................*..................................
..................................*..................................
..................................*..................................
.....................................................................
.....................................................................
.....................................................................
.....................................................................
.....................................................................
.....................................................................
.....................................................................
.....................................................................
.....................................................................
.....................................................................
.....................................................................
.....................................................................
.....................................................................
.....................................................................
.....................................................................
.....................................................................
.....................................................................
.....................................................................
.....................................................................
.....................................................................
.....................................................................
.....................................................................
.....................................................................
.....................................................................
.....................................................................
.....................................................................
.....................................................................
.....................................................................
.....................................................................
.....................................................................
.....................................................................
.....................................................................
.....................................................................
.....................................................................

Generation: 283 Population: 492
.....................................................................
.....................................................................
.....................................................................
.....................................................................
....................**.........................**....................
....................**.*.**...............**.*.**....................
....................*..*.*.*.............*.*.*..*....................
.....................*...*.*.............*.*...*.....................
.....................*.**.*...............*.**.*.....................
.......................*.....................*.......................
...................*.**.......................**.*...................
.....................................................................
...................**...........................**...................
.....................................................................
.....................................................................
.....................................................................
.....................................................................
.....................................................................
.....................................................................
.....................................................................
.........*..............***...............***..............*.........
........***...*..........*.................*..........*...***........
.......*..***..*.**...............................**.*..***..*.......
......**...**......*.............................*......**...**......
.....**.*.***.......*......*..*.......*..*......*.......***.*.**.....
.....***.**....***.**......*..*.......*..*......**.***....**.***.....
........*.*....*.....****.*....*.....*....*.****.....*....*.*........
................*****.**..**...*.....*...**..**.*****................
.....**......**.*..**...**....*.......*....**...**..*.**......**.....
....*.......****........**...*.........*...**........****.......*....
....*.*.....**.........................................**.....*.*....
....*.*.......................................................*.*....
...**...........................................................**...
....*.*.......................................................*.*....
.....*.........................................................*.....
............................*...........*............................
...........................*.*.........*.*...........................
...........................*.*.........*.*...........................
............................*...........*............................
.....................................................................
.....................................................................
.....................................................................
.....................................................................
.....................................................................
.....................................................................
.....................................................................
.....................................................................
.....................................................................
.....................................................................
.....................................................................
.....................................................................
.....................................................................
.....................................................................
.....................................................................
.......................***...***.....***...***.......................
.....................................................................
.....................................................................
.....................................................................
.....................................................................
.....................................................................
.....................................................................
.....................................................................
.....................................................................
.....................................................................
.....................................................................
.....................................................................
.....................................................................
.....................................................................
.....................................................................
.....................................................................
............................*...........*............................
...........................*.*.........*.*...........................
...........................*.*.........*.*...........................
............................*...........*............................
.....*.........................................................*.....
....*.*.......................................................*.*....
...**...........................................................**...
....*.*.......................................................*.*....
....*.*.....**.........................................**.....*.*....
....*.......****........**...*.........*...**........****.......*....
.....**......**.*..**...**....*.......*....**...**..*.**......**.....
................*****.**..**...*.....*...**..**.*****................
........*.*....*.....****.*....*.....*....*.****.....*....*.*........
.....***.**....***.**......*..*.......*..*......**.***....**.***.....
.....**.*.***.......*......*..*.......*..*......*.......***.*.**.....
......**...**......*.............................*......**...**......
.......*..***..*.**...............................**.*..***..*.......
........***...*..........*.................*..........*...***........
.........*..............***...............***..............*.........
.....................................................................
.....................................................................
.....................................................................
.....................................................................
.....................................................................
.....................................................................
.....................................................................
...................**...........................**...................
.....................................................................
...................*.**.......................**.*...................
.......................*.....................*.......................
.....................*.**.*...............*.**.*.....................
.....................*...*.*.............*.*...*.....................
....................*..*.*.*.............*.*.*..*....................
....................**.*.**...............**.*.**....................
....................**.........................**....................
.....................................................................
.....................................................................
.....................................................................
.....................................................................

Generation: 323 Population: 192
.....................................................................
.....................................................................
.....................................................................
....................**.........................**....................
....................**...*.................*...**....................
........................*.*...............*.*........................
........................*..*.............*..*........................
.........................**...............**.........................
.....................................................................
.....................................................................
.....................................................................
.....................................................................
.....................................................................
.....................................................................
.........*.................................................*.........
........*.*...............................................*.*........
........*..*.............................................*..*........
.........**...............................................**.........
.....................................................................
.....................................................................
.............*.........................................*.............
............*.*.......................................*.*............
............*.*.......................................*.*............
.............*.........................................*.............
............................***.......***............................
.....................................................................
..........................*.....*...*.....*..........................
..........................*.....*...*.....*..........................
..........................*.....*...*.....*..........................
.....*.........................................................*.....
.....*......................***.......***......................*.....
.....*.........................................................*.....
.....................................................................
.....................................................................
.....................................................................
............................*...........*............................
...........................*.*.........*.*...........................
...........................*.*.........*.*...........................
............................*...........*............................
.....................................................................
.....................................................................
.....................................................................
.....................................................................
.....................................................................
.....................................................................
.....................................................................
.....................................................................
.....................................................................
.....................................................................
.....................................................................
.....................................................................
.....................................................................
.....................................................................
.....................................................................
.......................***...***.....***...***.......................
.....................................................................
.....................................................................
.....................................................................
.....................................................................
.....................................................................
.....................................................................
.....................................................................
.....................................................................
.....................................................................
.....................................................................
.....................................................................
.....................................................................
.....................................................................
.....................................................................
.....................................................................
............................*...........*............................
...........................*.*.........*.*...........................
...........................*.*.........*.*...........................
............................*...........*............................
.....................................................................
.....................................................................
.....................................................................
.....*.........................................................*.....
.....*......................***.......***......................*.....
.....*.........................................................*.....
..........................*.....*...*.....*..........................
..........................*.....*...*.....*..........................
..........................*.....*...*.....*..........................
.....................................................................
............................***.......***............................
.............*.........................................*.............
............*.*.......................................*.*............
............*.*.......................................*.*............
.............*.........................................*.............
.....................................................................
.....................................................................
.........**...............................................**.........
........*..*.............................................*..*........
........*.*...............................................*.*........
.........*.................................................*.........
.....................................................................
.....................................................................
.....................................................................
.....................................................................
.....................................................................
.....................................................................
.........................**...............**.........................
........................*..*.............*..*........................
........................*.*...............*.*........................
....................**...*.................*...**....................
....................**.........................**....................
.....................................................................
.....................................................................
.....................................................................

Generation: 2500 Population: 192
.....................................................................
.....................................................................
.....................................................................
....................**.........................**....................
....................**...*.................*...**....................
........................*.*...............*.*........................
........................*..*.............*..*........................
.........................**...............**.........................
.....................................................................
.....................................................................
.....................................................................
.....................................................................
.....................................................................
.....................................................................
.........*.................................................*.........
........*.*...............................................*.*........
........*..*.............................................*..*........
.........**...............................................**.........
.....................................................................
.....................................................................
.............*.........................................*.............
............*.*.......................................*.*............
............*.*.......................................*.*............
.............*...............*.........*...............*.............
.............................*.........*.............................
.............................*.........*.............................
.....................................................................
.........................***...***.***...***.........................
.....................................................................
.............................*.........*.............................
....***......................*.........*......................***....
.............................*.........*.............................
.....................................................................
.....................................................................
.....................................................................
............................*...........*............................
...........................*.*.........*.*...........................
...........................*.*.........*.*...........................
............................*...........*............................
.....................................................................
.....................................................................
.....................................................................
.....................................................................
.....................................................................
.....................................................................
.....................................................................
.....................................................................
.....................................................................
.....................................................................
.....................................................................
.....................................................................
.....................................................................
.....................................................................
........................*.....*.......*.....*........................
........................*.....*.......*.....*........................
........................*.....*.......*.....*........................
.....................................................................
.....................................................................
.....................................................................
.....................................................................
.....................................................................
.....................................................................
.....................................................................
.....................................................................
.....................................................................
.....................................................................
.....................................................................
.....................................................................
.....................................................................
.....................................................................
............................*...........*............................
...........................*.*.........*.*...........................
...........................*.*.........*.*...........................
............................*...........*............................
.....................................................................
.....................................................................
.....................................................................
.............................*.........*.............................
....***......................*.........*......................***....
.............................*.........*.............................
.....................................................................
.........................***...***.***...***.........................
.....................................................................
.............................*.........*.............................
.............................*.........*.............................
.............*...............*.........*...............*.............
............*.*.......................................*.*............
............*.*.......................................*.*............
.............*.........................................*.............
.....................................................................
.....................................................................
.........**...............................................**.........
........*..*.............................................*..*........
........*.*...............................................*.*........
.........*.................................................*.........
.....................................................................
.....................................................................
.....................................................................
.....................................................................
.....................................................................
.....................................................................
.........................**...............**.........................
........................*..*.............*..*........................
........................*.*...............*.*........................
....................**...*.................*...**....................
....................**.........................**....................
.....................................................................
.....................................................................
.....................................................................

*** Life<ConwayCell> 20x25 ***
Generation: 0 Population: 146
*.*....**.*.*..*........*
.......*...........*.**..
**.....*****......**....*
....*..*......*.**...*...
.*....*....*...*...*..*..
.*...**....*.......***...
*........**...........*..
..**..*..*..**.*...*...**
....*.........*.*....***.
.........*......*....*.**
*..*......*..*....*..*...
..*.*.......*.*.*...**...
..*.*.......*.*.....*...*
...*.........*.*..*..*.*.
**..*..**.**..*....*...**
.*.........*........*....
.***...*...***..*.....***
..*....***..*.....*..*...
.**.*..*.*.**.***..*.....
.**.**...*.**.***.*.....*

Generation: 1 Population: 163
.......**................
*.....*...........***..*.
......**.**......***.**..
**....**.*.*...***.**....
......**.......**.**..*..
**...**....*.......****..
.**..**..****......*.***.
...*.....**..***.....*..*
...*.........**.*...**...
...............*.*..**.**
...*.........*.*.*...*...
.**.*......**.**...***...
..*.*.......*.*....**.*..
.****......***.*...**.**.
***.......***.*....**.***
...*...**....*........*..
.*.*...*..**.*.......***.
......**.*....*.**....**.
....****.*....*.*.**.....
.**.**..*..**.*.**.......

Generation: 2 Population: 126
.......*...........*.....
......*..*.......*..***..
**...*...**..........**..
.....*...*.....*......*..
........*.*....*......*..
***........**............
***.***..*..***....*...*.
...**....*.....*.......*.
.............*..*......**
.............*.*.*.......
..**........**.*..**.....
.**.*......**..**.**..*..
....**............*...**.
*...*.....*....*..*.....*
*...*.....*...*....**...*
*..*...***...**.....*...*
..*......**.***......*...
....*....*...**.***..*.*.
...**....**...*...*......
...**..**....*..***......

Generation: 3 Population: 134
....................**...
......*.***.........*.*..
.....**.***.........*..*.
........*.............**.
.*.......***.............
*.**.*...****.*..........
*...**....*****..........
.****.......*..*......**.
...............**......**
.............*.*.**......
.***.......*.*.*...*.....
.**.**.....******.....**.
.*..**.....*...**.*...**.
...**.............*.....*
**.**...*.*..***...**..**
.*.*....*..**..*...***...
...*......*.*....*..***..
....*...*..**....**...*..
.....*...**...*....*.....
...**...**.......**......

Generation: 4 Population: 131
.........*..........**...
.....**.*.*........**.*..
.....**...*............*.
.......**..*..........**.
.**.....*...*............
*.**.*........*..........
*....*...*....**.........
.*****......*..**.....***
..**...........*.*....***
..*.........*..*.**......
.*.**......*.....**......
*....*....**.*...*....**.
.*.........*.*..*.....*.*
**..............***...*.*
**.......*.*****..*..*.**
**.*......*.*..**.*....*.
..***....**..*..**....*..
....*.......**...****.*..
...*.*....**.......*.....
....*...***.......*......

Generation: 5 Population: 135
.........*.........***...
.....***..*........**.*..
.....*..*.**.........*.*.
......****.*..........**.
.***...**................
*.***........***.........
*....**......**.*......*.
.*...*................*.*
..............**.**...*.*
.*..*..................*.
.****.....**.............
***.*.....**....***...**.
.*........**....*.*..**.*
..*.......**....*.*..**.*
..........*****...**....*
*..**.............*....**
.**.*....**..***.....***.
..*..*...*..**..**.***...
...*.*....***....*..*....
....*....***.............

*** Life<ConwayCell> 7x7 ***
Generation: 0 Population: 7
...*...
...*...
...*...
...*...
...*...
...*...
...*...

Generation: 1 Population: 15
.......
..***..
..***..
..***..
..***..
..***..
.......

Generation: 2 Population: 12
...*...
..*.*..
.*...*.
.*...*.
.*...*.
..*.*..
...*...

Generation: 3 Population: 22
...*...
..***..
.**.**.
***.***
.**.**.
..***..
...*...

Generation: 4 Population: 16
..***..
.*...*.
*.....*
*.....*
*.....*
.*...*.
..***..

Generation: 5 Population: 28
..***..
.*****.
**...**
**...**
**...**
.*****.
..***..

*** Life<ConwayCell> 11x5 ***
Generation: 0 Population: 13
*....
*....
***..
..*..
.....
..**.
.....
.....
..*..
..*..
..***

Generation: 1 Population: 10
.....
*....
*.*..
..*..
..**.
.....
.....
.....
.....
.**..
..**.

Generation: 2 Population: 10
.....
.*...
.....
..*..
..**.
.....
.....
.....
.....
.***.
.***.

Generation: 3 Population: 9
.....
.....
.....
..**.
..**.
.....
.....
.....
..*..
.*.*.
.*.*.

Generation: 4 Population: 7
.....
.....
.....
..**.
..**.
.....
.....
.....
..*..
.*.*.
.....

Generation: 5 Population: 6
.....
.....
.....
..**.
..**.
.....
.....
.....
..*..
..*..
.....

*** Life<ConwayCell> 20x7 ***
Generation: 0 Population: 24
....*..
..**...
..*....
.......
.....**
.....*.
..**...
..*....
.......
.......
......*
......*
.......
**....*
*.....*
.......
....**.
....*..
....**.
*....*.

Generation: 1 Population: 26
...*...
..**...
..**...
.......
.....**
....***
..**...
..**...
.......
.......
.......
.......
.......
**.....
**.....
.....*.
....**.
...*...
....**.
....**.

Generation: 2 Population: 27
..**...
....*..
..**...
.......
....*.*
...**.*
..*..*.
..**...
.......
.......
.......
.......
.......
**.....
**.....
....**.
....**.
...*...
...*.*.
....**.

Generation: 3 Population: 27
...*...
....*..
...*...
...*...
...**..
...**.*
..*..*.
..**...
.......
.......
.......
.......
.......
**.....
**.....
....**.
...*.*.
...*.*.
...*.*.
....**.

Generation: 4 Population: 31
.......
...**..
...**..
..**...
..*..*.
..*....
..*..*.
..**...
.......
.......
.......
.......
.......
**.....
**.....
....**.
...*.**
..**.**
...*.**
....**.

Generation: 5 Population: 28
.......
...**..
.......
..*....
.**....
.***...
.**....
..**...
.......
.......
.......
.......
.......
**.....
**.....
....***
..**...
..**...
..**...
....***

*** Life<ConwayCell> 10x10 ***
Generation: 0 Population: 20
*........*
.*......*.
..*....*..
...*..*...
....**....
....**....
...*..*...
..*....*..
.*......*.
*........*

Generation: 1 Population: 20
..........
.*......*.
..*....*..
...****...
...*..*...
...*..*...
...****...
..*....*..
.*......*.
..........

Generation: 2 Population: 32
..........
..........
..******..
..******..
..**..**..
..**..**..
..******..
..******..
..........
..........

Generation: 3 Population: 20
..........
...****...
..*....*..
.*......*.
.*......*.
.*......*.
.*......*.
..*....*..
...****...
..........

Generation: 4 Population: 44
....**....
...****...
..******..
.**....**.
***....***
***....***
.**....**.
..******..
...****...
....**....

Generation: 5 Population: 24
...*..*...
..*....*..
.*......*.
*...**...*
...*..*...
...*..*...
*...**...*
.*......*.
..*....*..
...*..*...

*** Life<ConwayCell> 22x22 ***
Generation: 0 Population: 56
*.....................
.*....................
..*...................
...*..................
...**.................
...***................
....***...............
.....***..............
.....****.............
......****............
......*****...........
.......*****..........
.........****.........
..........****........
............***.......
.............***......
..............***.....
................**....
..................*...
...................*..
....................*.
.....................*

Generation: 1 Population: 30
......................
.*....................
..*...................
..***.................
..*..*................
......*...............
...*...*..............
........*.............
.........*............
..........*...........
...........*..........
......*.....*.........
.............*........
.........*....*.......
...............*......
............*...*.....
.............*...*....
................**....
.................**...
...................*..
....................*.
......................

Generation: 2 Population: 26
......................
......................
.**...................
.**.*.................
..*.**................
......*...............
.......*..............
........*.............
.........*............
..........*...........
...........*..........
............*.........
.............*........
..............*.......
...............*......
................*.....
.................*....
................*.....
................***...
..................**..
......................
......................

Generation: 3 Population: 30
......................
......................
.***..................
....**................
.**.**................
.....**...............
.......*..............
........*.............
.........*............
..........*...........
...........*..........
............*.........
.............*........
..............*.......
...............*......
................*.....
................**....
................*.*...
................*.**..
..................**..
......................
......................

Generation: 4 Population: 31
......................
..*...................
..***.................
.....*................
...*..................
....***...............
......**..............
........*.............
.........*............
..........*...........
...........*..........
............*.........
.............*........
..............*.......
...............*......
...............***....
...............**.....
...............**.**..
......................
.................***..
......................
......................

Generation: 5 Population: 32
......................
..*...................
..***.................
..*...................
......*...............
....****..............
......**..............
.......**.............
.........*............
..........*...........
...........*..........
............*.........
.............*........
..............*.......
..............**......
..............*..*....
..............*...*...
...............***....
................*.....
..................*...
..................*...
......................

*** Life<FredkinCell> 20x20 ***
Generation: 0 Population: 4
--------------------
--------------------
--------------------
--------------------
--------------------
--------------------
--------------------
--------------------
--------------------
---------00---------
---------00---------
--------------------
--------------------
--------------------
--------------------
--------------------
--------------------
--------------------
--------------------
--------------------

Generation: 1 Population: 8
--------------------
--------------------
--------------------
--------------------
--------------------
--------------------
--------------------
--------------------
---------00---------
--------0--0--------
--------0--0--------
---------00---------
--------------------
--------------------
--------------------
--------------------
--------------------
--------------------
--------------------
--------------------

Generation: 2 Population: 16
--------------------
--------------------
--------------------
--------------------
--------------------
--------------------
--------------------
---------00---------
---------11---------
-------01--10-------
-------01--10-------
---------11---------
---------00---------
--------------------
--------------------
--------------------
--------------------
--------------------
--------------------
--------------------

Generation: 3 Population: 16
--------------------
--------------------
--------------------
--------------------
--------------------
--------------------
---------00---------
--------0--0--------
-------0----0-------
------0------0------
------0------0------
-------0----0-------
--------0--0--------
---------00---------
--------------------
--------------------
--------------------
--------------------
--------------------
--------------------

Generation: 4 Population: 16
--------------------
--------------------
--------------------
--------------------
--------------------
---------00---------
---------11---------
--------------------
--------------------
-----01------10-----
-----01------10-----
--------------------
--------------------
---------11---------
---------00---------
--------------------
--------------------
--------------------
--------------------
--------------------

Generation: 5 Population: 32
--------------------
--------------------
--------------------
--------------------
---------00---------
--------0--0--------
--------0--0--------
---------00---------
-----00------00-----
----0--0----0--0----
----0--0----0--0----
-----00------00-----
---------00---------
--------0--0--------
--------0--0--------
---------00---------
--------------------
--------------------
--------------------
--------------------

*** Life<FredkinCell> 10x20 ***
Generation: 0 Population: 12
--------------------
--------------------
---------00---------
--------0--0--------
--------0--0--------
---------00---------
--------0--0--------
---------00---------
--------------------
--------------------

Generation: 1 Population: 24
--------------------
---------00---------
---------11---------
-------01--10-------
-------01--10-------
--------0110--------
-------0-00-0-------
---------11---------
---------00---------
--------------------

Generation: 2 Population: 32
---------00---------
--------0--0--------
-------0----0-------
------0------0------
------0-2--2-0------
-------0-22-0-------
------0-0110-0------
-------002200-------
--------0--0--------
---------00---------

Generation: 3 Population: 28
---------11---------
--------------------
--------------------
-----01-1--1-10-----
-----010----010-----
------0------0------
-----0--------0-----
-------1-33-1-------
--------1001--------
---------11---------

Generation: 4 Population: 40
--------0220--------
---------00---------
-----00-0--0-00-----
----0--0-00-0--0----
----0--1----1--0----
-----01------10-----
----0--0-11-0--0----
-----00-0--0-00-----
--------2--2--------
--------------------

Generation: 5 Population: 80
-------013310-------
-----00-0--0-00-----
-----110-11-011-----
---01--111111--10---
---01--220022--10---
----0120-22-0210----
---0-00-0220-00-0---
-----1111--1111-----
-----0003003000-----
--------0--0--------

*** Life<FredkinCell> 15x20 ***
Generation: 0 Population: 26
--------------------
--------------------
---------00---------
-------000000-------
---------00---------
---------00---------
--------------------
-----0-0-00-0-0-----
--------------------
--------------------
---------00---------
-------00--00-------
---------00---------
--------------------
--------------------

Generation: 1 Population: 48
--------------------
---------00---------
-------0----0-------
------01----10------
-------0-11-0-------
--------0--0--------
-----0-0----0-0-----
----0----11----0----
-----0-0-00-0-0-----
---------00---------
-------0-11-0-------
------01100110------
-------0-11-0-------
---------00---------
--------------------

Generation: 2 Population: 72
---------00---------
-------001100-------
-------100001-------
-----0120000210-----
-------102201-------
-----0-0----0-0-----
---------00---------
---0-0--0--0--0-0---
---------11---------
-----0--0110--0-----
-------102201-------
-----01------10-----
-------102201-------
-------00--00-------
---------00---------

Generation: 3 Population: 72
-------0----0-------
------0-1--1-0------
-----0-2----2-0-----
----01--------10----
-------213312-------
----0--1----1--0----
---0---0-11-0---0---
--0---00-11-00---0--
---0----0--0----0---
----0-0------0-0----
-------213312-------
----0121----1210----
-----0--1--1--0-----
------0--00--0------
-------0-11-0-------

Generation: 4 Population: 54
--------------------
---------11---------
-----10------01-----
---01-1-0000-1-10---
-----00------00-----
-----00------00-----
--------------------
-0-0-01-0--0-10-0-0-
--------------------
---------11---------
-----00------00-----
---012--1001--210---
-----10------01-----
--------------------
--------------------

Generation: 5 Population: 108
---------00---------
-----00-1221-00-----
---0-2-20--02-2-0---
--012---1--1---210--
---0--12133121--0---
----0--1----1--0----
-0-0----0--0----0-0-
0----12--11--21----0
-0-0-00-0110-00-0-0-
-----00-0220-00-----
---0--121--121--0---
--01-3212--2123-10--
---0--11122111--0---
-----00------00-----
--------------------

*** Life<FredkinCell> 30x15 ***
Generation: 0 Population: 120
0-0---------0-0
0-0---------0-0
0-0---------0-0
0-0---------0-0
0-0---------0-0
0-0---------0-0
0-0---------0-0
0-0---------0-0
0-0---------0-0
0-0---------0-0
0-0---------0-0
0-0---------0-0
0-0---------0-0
0-0---------0-0
0-0---------0-0
0-0---------0-0
0-0---------0-0
0-0---------0-0
0-0---------0-0
0-0---------0-0
0-0---------0-0
0-0---------0-0
0-0---------0-0
0-0---------0-0
0-0---------0-0
0-0---------0-0
0-0---------0-0
0-0---------0-0
0-0---------0-0
0-0---------0-0

Generation: 1 Population: 68
1-10-------01-1
---0-------0---
---0-------0---
---0-------0---
---0-------0---
---0-------0---
---0-------0---
---0-------0---
---0-------0---
---0-------0---
---0-------0---
---0-------0---
---0-------0---
---0-------0---
---0-------0---
---0-------0---
---0-------0---
---0-------0---
---0-------0---
---0-------0---
---0-------0---
---0-------0---
---0-------0---
---0-------0---
---0-------0---
---0-------0---
---0-------0---
---0-------0---
---0-------0---
1-10-------01-1

Generation: 2 Population: 120
--2-0-----0-2--
0---0-----0---0
--0-0-----0-0--
--0-0-----0-0--
--0-0-----0-0--
--0-0-----0-0--
--0-0-----0-0--
--0-0-----0-0--
--0-0-----0-0--
--0-0-----0-0--
--0-0-----0-0--
--0-0-----0-0--
--0-0-----0-0--
--0-0-----0-0--
--0-0-----0-0--
--0-0-----0-0--
--0-0-----0-0--
--0-0-----0-0--
--0-0-----0-0--
--0-0-----0-0--
--0-0-----0-0--
--0-0-----0-0--
--0-0-----0-0--
--0-0-----0-0--
--0-0-----0-0--
--0-0-----0-0--
--0-0-----0-0--
--0-0-----0-0--
0---0-----0---0
--2-0-----0-2--

Generation: 3 Population: 140
10--10---01--01
-0-0-0---0-0-0-
001--0---0--100
-0---0---0---0-
-0---0---0---0-
-0---0---0---0-
-0---0---0---0-
-0---0---0---0-
-0---0---0---0-
-0---0---0---0-
-0---0---0---0-
-0---0---0---0-
-0---0---0---0-
-0---0---0---0-
-0---0---0---0-
-0---0---0---0-
-0---0---0---0-
-0---0---0---0-
-0---0---0---0-
-0---0---0---0-
-0---0---0---0-
-0---0---0---0-
-0---0---0---0-
-0---0---0---0-
-0---0---0---0-
-0---0---0---0-
-0---0---0---0-
001--0---0--100
-0-0-0---0-0-0-
10--10---01--01

Generation: 4 Population: 232
2-2-2-0-0-2-2-2
0-0-0-0-0-0-0-0
1-2-0-0-0-0-2-1
----0-0-0-0----
0-0-0-0-0-0-0-0
0-0-0-0-0-0-0-0
0-0-0-0-0-0-0-0
0-0-0-0-0-0-0-0
0-0-0-0-0-0-0-0
0-0-0-0-0-0-0-0
0-0-0-0-0-0-0-0
0-0-0-0-0-0-0-0
0-0-0-0-0-0-0-0
0-0-0-0-0-0-0-0
0-0-0-0-0-0-0-0
0-0-0-0-0-0-0-0
0-0-0-0-0-0-0-0
0-0-0-0-0-0-0-0
0-0-0-0-0-0-0-0
0-0-0-0-0-0-0-0
0-0-0-0-0-0-0-0
0-0-0-0-0-0-0-0
0-0-0-0-0-0-0-0
0-0-0-0-0-0-0-0
0-0-0-0-0-0-0-0
0-0-0-0-0-0-0-0
----0-0-0-0----
1-2-0-0-0-0-2-1
0-0-0-0-0-0-0-0
2-2-2-0-0-2-2-2

Generation: 5 Population: 36
3-3-3-1-1-3-3-3
---------------
2-3---------3-2
---0-------0---
1-1---------1-1
---------------
---------------
---------------
---------------
---------------
---------------
---------------
---------------
---------------
---------------
---------------
---------------
---------------
---------------
---------------
---------------
---------------
---------------
---------------
---------------
1-1---------1-1
---0-------0---
2-3---------3-2
---------------
3-3-3-1-1-3-3-3

*** Life<FredkinCell> 40x10 ***
Generation: 0 Population: 148
-0--00--0-
-0------0-
-0--00--0-
-0------0-
-0------0-
-0--00--0-
-0--00--0-
-0--00--0-
-0--00--0-
00------00
-0--00--0-
-0--00--0-
-0--00--0-
-0--00--0-
-0--00--0-
-0--00--0-
-0--00--0-
-0--00--0-
-0--00--0-
-0--00--0-
-0--00--0-
-0--00--0-
-0--00--0-
-0--00--0-
-0--00--0-
-0--00--0-
-0--00--0-
-0--00--0-
-0--00--0-
-0--00--0-
00------00
-0--00--0-
-0--00--0-
-0--00--0-
-0--00--0-
-0------0-
-0------0-
-0--00--0-
-0------0-
-0--00--0-

Generation: 1 Population: 284
0100110010
0-0----0-0
0-001100-0
0-0-00-0-0
0-0-00-0-0
0-00--00-0
0-001100-0
0-001100-0
--00--00--
110----011
--00--00--
0-001100-0
0-001100-0
0-001100-0
0-001100-0
0-001100-0
0-001100-0
0-001100-0
0-001100-0
0-001100-0
0-001100-0
0-001100-0
0-001100-0
0-001100-0
0-001100-0
0-001100-0
0-001100-0
0-001100-0
0-001100-0
--00--00--
110----011
--00--00--
0-001100-0
0-001100-0
0-00--00-0
0-0-00-0-0
0-0-00-0-0
0-001100-0
0-0----0-0
0100110010

Generation: 2 Population: 124
--1----1--
-0-0--0-0-
--1-22-1--
---0110---
---0--0---
--1-00-1--
--1-22-1--
1-1-22-1-1
--1----1--
2-10--01-2
--1----1--
1-1-22-1-1
--1----1--
--1----1--
--1----1--
--1----1--
--1----1--
--1----1--
--1----1--
--1----1--
--1----1--
--1----1--
--1----1--
--1----1--
--1----1--
--1----1--
--1----1--
--1----1--
1-1-22-1-1
--1----1--
2-10--01-2
--1----1--
1-1-22-1-1
--1-22-1--
--1-00-1--
---0--0---
---0110---
--1-22-1--
-0-0--0-0-
--1----1--

Generation: 3 Population: 144
----------
0--------0
----------
----22----
---1001---
-020--020-
00--33--00
----------
-0--00--0-
--210012--
-0--00--0-
----33----
00-0110-00
-0-0--0-0-
-0-0--0-0-
-0-0--0-0-
-0-0--0-0-
-0-0--0-0-
-0-0--0-0-
-0-0--0-0-
-0-0--0-0-
-0-0--0-0-
-0-0--0-0-
-0-0--0-0-
-0-0--0-0-
-0-0--0-0-
-0-0--0-0-
00-0110-00
----33----
-0--00--0-
--210012--
-0--00--0-
----------
00--33--00
-020--020-
---1001---
----22----
----------
0--------0
----------

Generation: 4 Population: 124
0--------0
-0------0-
0---22---0
----------
-0--11--0-
----00----
1---44---1
1--------1
0--------0
-13----31-
0---11---0
1---44---1
1---22---1
----------
0---11---0
0---11---0
0---11---0
0---11---0
0---11---0
0---11---0
0---11---0
0---11---0
0---11---0
0---11---0
0---11---0
0---11---0
----------
1---22---1
1---44---1
0---11---0
-13----31-
0--------0
1--------1
1---44---1
----00----
-0--11--0-
----------
0---22---0
-0------0-
0--------0

Generation: 5 Population: 212
----------
0-0-00-0-0
---0330---
00------00
0-01--10-0
00-0110-00
20-0--0-02
-0--22--0-
1-1----1-1
2241001422
1-10--01-1
-0-0550-0-
20-0--0-02
----------
10-0--0-01
-0-0220-0-
-0-0220-0-
-0-0220-0-
-0-0220-0-
-0-0220-0-
-0-0220-0-
-0-0220-0-
-0-0220-0-
-0-0220-0-
-0-0220-0-
10-0--0-01
----------
20-0--0-02
-0-0550-0-
1-10--01-1
2241001422
1-1----1-1
-0--22--0-
20-0--0-02
00-0110-00
0-01--10-0
00------00
---0330---
0-0-00-0-0
----------

*** Life<FredkinCell> 40x20 ***
Generation: 0 Population: 296
-0--00--0--0--00--0-
-0--00--0--0--00--0-
-0------0--0------0-
-0--00--0--0--00--0-
-0--00--0--0--00--0-
-0--00--0--0--00--0-
-0--00--0--0--00--0-
-0--00--0--0--00--0-
-0--00--0--0--00--0-
-0--00--0--0--00--0-
-0--00--0--0--00--0-
-0--00--0--0--00--0-
-0------0--0------0-
-0------0--0------0-
-0--00--0--0--00--0-
-0--00--0--0--00--0-
00------0000------00
-0--00--0--0--00--0-
-0------0--0------0-
-0--00--0--0--00--0-
-0------0--0------0-
-0--00--0--0--00--0-
-0--00--0--0--00--0-
-0--00--0--0--00--0-
-0--00--0--0--00--0-
-0--00--0--0--00--0-
-0--00--0--0--00--0-
00------0000------00
-0--00--0--0--00--0-
-0--00--0--0--00--0-
-0--00--0--0--00--0-
-0--00--0--0--00--0-
-0--00--0--0--00--0-
-0------0--0------0-
-0--00--0--0--00--0-
-0--00--0--0--00--0-
-0--00--0--0--00--0-
-0--00--0--0--00--0-
-0--00--0--0--00--0-
-0--00--0--0--00--0-

Generation: 1 Population: 532
0100--00100100--0010
0-00--00-00-00--00-0
0-0----0-00-0----0-0
0-00--00-00-00--00-0
0-001100-00-001100-0
0-001100-00-001100-0
0-001100-00-001100-0
0-001100-00-001100-0
0-001100-00-001100-0
0-001100-00-001100-0
0-001100-00-001100-0
0-00--00-00-00--00-0
0-0-00-0-00-0-00-0-0
0-0-00-0-00-0-00-0-0
0-00--00-00-00--00-0
--00--00----00--00--
110----01--10----011
--001100----001100--
0-0----0-00-0----0-0
0-001100-00-001100-0
0-0----0-00-0----0-0
0-00--00-00-00--00-0
0-001100-00-001100-0
0-001100-00-001100-0
0-001100-00-001100-0
0-001100-00-001100-0
--00--00----00--00--
110----01--10----011
--00--00----00--00--
0-001100-00-001100-0
0-001100-00-001100-0
0-001100-00-001100-0
0-00--00-00-00--00-0
0-0----0-00-0----0-0
0-00--00-00-00--00-0
0-001100-00-001100-0
0-001100-00-001100-0
0-001100-00-001100-0
0-001100-00-001100-0
0100--00100100--0010

Generation: 2 Population: 320
--1-00-1-11-1-00-1--
-01-00-101101-00-10-
---0--0--11--0--0---
--1----1-11-1----1--
--1-22-1-11-1-22-1--
--1----1-11-1----1--
--1----1-11-1----1--
--1----1-11-1----1--
--1----1-11-1----1--
--1----1-11-1----1--
--1-22-1-11-1-22-1--
--1-00-1-11-1-00-1--
---0--0--11--0--0---
---0--0--11--0--0---
1-1----1----1----1-1
--1-00-1-00-1-00-1--
2-1000012002100001-2
--1----1-00-1----1--
1--0--0------0--0--1
--1----1-11-1----1--
---0000--11--0000---
--1----1-11-1----1--
--1-22-1-11-1-22-1--
--1----1-11-1----1--
--1----1-11-1----1--
1-1-22-1----1-22-1-1
--1----1-00-1----1--
2-10--01200210--01-2
--1----1-00-1----1--
1-1-22-1----1-22-1-1
--1----1-11-1----1--
--1-22-1-11-1-22-1--
--1----1-11-1----1--
---0--0--11--0--0---
--1----1-11-1----1--
--1-22-1-11-1-22-1--
--1----1-11-1----1--
--1----1-11-1----1--
-01-22-101101-22-10-
--1----1-11-1----1--

Generation: 3 Population: 388
--2----21--12----2--
01-0--0------0--0-10
-00----0-22-0----00-
-02-00-2-22-2-00-20-
-0--33---22---33--0-
-0-0110--22--0110-0-
-0-0--0--22--0--0-0-
-0-0--0--22--0--0-0-
-0-0--0--22--0--0-0-
-0-0110--22--0110-0-
-0-------22-------0-
-020--02-22-20--020-
---1--1-0220-1--1---
0--1001-0--0-1001--0
--2-00-20--02-00-2--
-0-0--0-0--0-0--0-0-
--2-11--------11-2--
-02011020--02011020-
-00-00-0----0-00-00-
00-0110------0110-00
--01--10022001--10--
-02----2-22-2----20-
-0--33---22---33--0-
-0-0110--22--0110-0-
00-0110------0110-00
----33--0--0--33----
-0--00--0--0--00--0-
--21001------10012--
-0--00--0--0--00--0-
----33--0--0--33----
00-0--0------0--0-00
-0--33---22---33--0-
-02-00-2-22-2-00-20-
--0-00-002200-00-0--
-02-00-2-22-2-00-20-
-0--33---22---33--0-
-0-0110--22--0110-0-
---0110-0220-0110---
012-33-2----2-33-210
--2000021--1200002--

Generation: 4 Population: 384
0------321123------0
1---00-101101-00---1
-1--00-1----1-00--1-
01-----3-33-3-----10
0---44-103301-44---0
0---22-103301-22---0
0------103301------0
0---11-103301-11---0
0------103301------0
0------103301------0
0---22-103301-22---0
0---00-303303-00---0
00-----0-33-0-----00
-0--11-0----0-11--0-
1------310013------1
0---00-110011-00---0
-13---01----10---31-
0------310013------0
-1--11-1----1-11--1-
1---22-101101-22---1
00-----1-33-1-----00
0---00-303303-00---0
0------103301------0
-------10--01-------
1------101101------1
1---44-110011-44---1
0---11-110011-11---0
-13---21----12---31-
0---11-110011-11---0
1------110011------1
1---11-101101-11---1
-------10--01-------
0---11-303303-11---0
-0--11-1----1-11--0-
0---11-303303-11---0
0---44-103301-44---0
01-----1-33-1-----10
0------113311------0
1---44-301103-44---1
0---11-321123-11---0

Generation: 5 Population: 404
11--000-3223-000--11
2--0---212212---0--2
0200------------0020
--2---0-0--0-0---2--
---0---21--12---0---
-0-0---2----2---0-0-
-0----02----20----0-
-0-022-2----2-220-0-
-0--1102----2011--0-
-0--1102----2011--0-
-0-0---2----2---0-0-
---0---41--14---0---
--0---1-0--0-1---0--
010122--------221010
2-----04211240-----2
1-1011022112201101-1
22401-122--221-10422
-02-11-4----4-11-20-
1-00----0--0----00-1
20-0---2-22-2---0-02
110---1--44--1---011
---011-41--14-110---
10--3302-44-2033--01
------02122120------
20--1102-22-2011--02
-0-0---2----2---0-0-
1-10--02211220--01-1
2241-0322--2230-1422
1-1022022112202201-1
-0----02----20----0-
20-022-2-22-2-220-02
------02122120------
---0---41--14---0---
0-0022--0--0--2200-0
1--022-414414-220--1
---0---21--12---0---
121-110--44--011-121
----11022--22011----
-1-0---4----4---0-1-
11-0----3223----0-11

*** Life<FredkinCell> 26x26 ***
Generation: 0 Population: 78
--------------------------
-00000000000000000000-----
-0-----------------0------
-0----------------0-------
-0---------------0--------
-0--------------0---------
-0-------------0----------
-0------------0-----------
-0-----------0------------
-0----------0-------------
-0---------0--------------
-0--------0---------------
-0-------0----------------
-0------0-----------------
-0-----0------------------
-0----0-------------------
-0---0--------------------
-0--0------------00000000-
-0-0-------------0-----0--
-00--------------0----0---
-0---------------0---0----
-----------------0--0-----
-----------------0-0------
-----------------00-------
-----------------0--------
--------------------------

Generation: 1 Population: 112
-00000000000000000000-----
0------------------110----
0--00000000000000001------
0-0-----------------------
0-0-----------------------
0-0-----------------------
0-0-----------------------
0-0-----------------------
0-0-----------------------
0-0-----------------------
0-0-----------------------
0-0-----------------------
0-0-----------------------
0-0-----------------------
0-0-----------------------
0-0-----------------------
0-0--------------00000000-
0-0-------------0------110
0-0-------------0--00001--
011-------------0-0-------
01--------------0-0-------
-0--------------0-0-------
----------------0-0-------
----------------011-------
----------------01--------
-----------------0--------

Generation: 2 Population: 94
-1-----------------1------
1-0---------------02210---
-0-1-----------------0----
--1-0000000000000000------
---0----------------------
---0----------------------
---0----------------------
---0----------------------
---0----------------------
---0----------------------
---0----------------------
---0----------------------
---0----------------------
---0----------------------
---0----------------------
---0-------------00000000-
---0-------------1-----1--
---0-----------01-0---0221
-0-0-----------0-0-1-----0
12-0-----------0--1-0000--
-2-------------0---0------
-10------------0---0------
-0-------------0-0-0------
---------------012-0------
---------------0-2--------
-----------------10-------

Generation: 3 Population: 148
-------------------2-00---
-----------------013-210--
-----0000000000000---1----
----1--------------100----
---1-000000000000000------
--0-0---------------------
--0-0---------------------
--0-0---------------------
--0-0---------------------
--0-0---------------------
--0-0---------------------
--0-0---------------------
--0-0---------------------
--0-0---------------------
--0-0------------00000000-
--0-0-----------0------110
--0-0----------0-200000-00
-00-0---------0-2----013--
-1--0---------0-0----0---1
23-10---------0-0---1--100
---0----------0-0--1-000--
0210----------0-000-0-----
01------------0-01--0-----
-0------------01-3-10-----
--------------010--0------
---------------00-10------

Generation: 4 Population: 126
-----------------0-3------
-----00000000000-----3210-
-----1-----------------0--
-----0----------------0---
-----1---------------0----
-0101-00000000000000------
-0---0--------------------
-0---0--------------------
-0---0--------------------
-0---0--------------------
-0---0--------------------
-0---0--------------------
-0---0--------------------
-0---0-----------00000000-
-0---0-----------1-----1--
-0---0-----------0----0---
-----0-----------3---1----
0----0-------0103-00-124--
-----0-------0---0---1---2
3----0-------0---0---0----
-------------0-------1---0
-3--0--------0--11101-00--
-2-0---------0-0-2---0----
-10----------01--4---0----
-0-----------0------------
------------------2-0-----

Generation: 5 Population: 240
-----000000000000---00000-
----0----------100-324-210
----0--000000000-----101--
----1-0-------------------
-001-2-00000000000000-----
0---2-1------------100----
0--0-1-0000000000000------
0-0-0-0-------------------
0-0-0-0-------------------
0-0-0-0-------------------
0-0-0-0-------------------
0-0-0-0-------------------
0-0-0-0----------00000000-
0-0-0-0---------0------110
0-0-0-0---------0--00002--
010-0-0---------0-0-------
00--0-0------000-4-00201--
-0--0-0-----0---4-11-2-521
----0-0-----0--0-1-10--10-
-3--010-----0-0-011-1-0---
02--00------0-0-0-01-2-00-
041--0------0-0-22--2-1100
0-0---------0-0-0--0-1-0--
021---------012-151-010---
01----------01---20-00----
-0-----------0---1---0----

*** Life<FredkinCell> 10x30 ***
Generation: 0 Population: 47
------------------------------
----------00000000000000------
----------0000000000000-------
----------00------------------
----------00------------------
----------0000000000----------
----------00------------------
----------00------------------
----------00------------------
------------------------------

Generation: 1 Population: 86
----------00000000000000------
---------0-11111111111110-----
---------01-1111111111--------
---------011-0000000000-------
---------011-0000000----------
---------01--------10---------
---------011-0000000----------
---------0110-----------------
---------0--0-----------------
----------00------------------

Generation: 2 Population: 74
----------1111111111111-------
--------01------------2210----
--------01-----------2000-----
--------01--01------1110------
--------01----111111000-------
--------0120------0210--------
--------01--01----------------
--------0122--000000----------
--------010010----------------
----------11------------------

Generation: 3 Population: 85
--------0-2-------------00----
-------0---1111111111133210---
-------0121-11----------------
-------0121112-0000-----------
-------012-10-2---22----------
-------01--1-0000--32---------
-------0121112-000--00--------
-------01-3-001----10---------
-------0-2---1-00000----------
--------0----0----------------

Generation: 4 Population: 86
------------11111111111-------
------01010222----------3210--
------0123--22-----11200000---
------01--22--01--------------
------01--12--31--------------
------0121----11--------------
------01--2223--1100110-------
------01--42--20--------------
------01------01--------------
------------01000000----------

Generation: 5 Population: 105
------00002--2--------200000--
-----0-212---3-1111------3210-
-----01-3-10---1--12----11----
-----012--------0--01110000---
-----012----00421-------------
-----01--22-0----003200-------
-----012---3-4002-----10------
-----01211-------001000-------
-----0--0-001-12-000----------
------00---11-11---10---------

*** Life<Cell> 20x20 ***
Generation: 0 Population: 6
--------------------
--------------------
--------------------
--------------------
--------------------
--------------------
--------------------
--------------------
--------------------
---------00---------
--------0000--------
--------------------
--------------------
--------------------
--------------------
--------------------
--------------------
--------------------
--------------------
--------------------

Generation: 1 Population: 12
--------------------
--------------------
--------------------
--------------------
--------------------
--------------------
--------------------
--------------------
---------00---------
--------------------
-------011110-------
--------0000--------
--------------------
--------------------
--------------------
--------------------
--------------------
--------------------
--------------------
--------------------

Generation: 2 Population: 24
--------------------
--------------------
--------------------
--------------------
--------------------
--------------------
--------------------
---------00---------
--------0110--------
-------00--00-------
------01****10------
---------11---------
--------0000--------
--------------------
--------------------
--------------------
--------------------
--------------------
--------------------
--------------------

Generation: 3 Population: 32
--------------------
--------------------
--------------------
--------------------
--------------------
--------------------
---------00---------
--------------------
---------**---------
--------1001--------
-----01*....*10-----
------000**000------
-------011110-------
--------0000--------
--------------------
--------------------
--------------------
--------------------
--------------------
--------------------

Generation: 4 Population: 28
--------------------
--------------------
--------------------
--------------------
--------------------
---------00---------
--------0110--------
--------------------
---------..---------
-----00-*11*-00-----
----01*......*10----
--------1..1--------
--------------------
---------11---------
--------0000--------
--------------------
--------------------
--------------------
--------------------
--------------------

Generation: 5 Population: 52
--------------------
--------------------
--------------------
--------------------
---------00---------
--------------------
-------01**10-------
--------0000--------
-----00-0**0-00-----
--------.--.--------
---01**.*..*.**10---
----0000-..-0000----
--------1111--------
--------------------
-------011110-------
--------0000--------
--------------------
--------------------
--------------------
--------------------

*** Life<Cell> 10x20 ***
Generation: 0 Population: 12
--------------------
--------------------
---------00---------
--------0--0--------
--------0--0--------
---------00---------
--------0--0--------
---------00---------
--------------------
--------------------

Generation: 1 Population: 24
--------------------
---------00---------
---------11---------
-------01--10-------
-------01--10-------
--------0110--------
-------0-00-0-------
---------11---------
---------00---------
--------------------

Generation: 2 Population: 32
---------00---------
--------0--0--------
-------0----0-------
------0------0------
------0-*--*-0------
-------0-**-0-------
------0-0110-0------
-------00**00-------
--------0--0--------
---------00---------

Generation: 3 Population: 28
---------11---------
--------------------
--------------------
-----01-1--1-10-----
-----010*--*010-----
------0--..--0------
-----0--------0-----
-------1-..-1-------
--------1001--------
---------11---------

Generation: 4 Population: 46
--------0**0--------
---------00---------
-----00-0--0-00-----
----0--0*00*0--0----
----0---*00*---0----
-----01-0..0-10-----
----0--0----0--0----
-----00--**--00-----
--------*11*--------
--------------------

Generation: 5 Population: 72
-------01..10-------
-----00-0--0-00-----
-----1101111011-----
---01--1.11.1--10---
---01-1-.11.-1-10---
----01*01..10*10----
---0-00--11--00-0---
-----11--..--11-----
-----000****000-----
--------0110--------

*** Life<Cell> 40x20 ***
Generation: 0 Population: 22
--------------------
--------------------
--------------------
--------------------
--------------------
--------------------
--------------------
--------------------
--------------------
---------00---------
--------0000--------
---------00---------
--------------------
--------------------
--------------------
--------------------
--------------------
--------------------
--------------------
---------00---------
--------0--0--------
---------00---------
--------------------
--------------------
--------------------
--------------------
--------------------
--------------------
--------------------
---------00---------
--------0000--------
---------00---------
--------------------
--------------------
--------------------
--------------------
--------------------
--------------------
--------------------
--------------------

Generation: 1 Population: 28
--------------------
--------------------
--------------------
--------------------
--------------------
--------------------
--------------------
--------------------
---------00---------
--------------------
-------01--10-------
--------------------
---------00---------
--------------------
--------------------
--------------------
--------------------
--------------------
---------00---------
---------11---------
-------0-00-0-------
---------11---------
---------00---------
--------------------
--------------------
--------------------
--------------------
--------------------
---------00---------
--------------------
-------01--10-------
--------------------
---------00---------
--------------------
--------------------
--------------------
--------------------
--------------------
--------------------
--------------------

Generation: 2 Population: 88
--------------------
--------------------
--------------------
--------------------
--------------------
--------------------
--------------------
---------00---------
--------0110--------
-------000000-------
------01*00*10------
-------000000-------
--------0110--------
---------00---------
--------------------
--------------------
--------------------
---------00---------
--------0--0--------
-------00**00-------
------0--11--0------
-------00**00-------
--------0--0--------
---------00---------
--------------------
--------------------
--------------------
---------00---------
--------0110--------
-------000000-------
------01*00*10------
-------000000-------
--------0110--------
---------00---------
--------------------
--------------------
--------------------
--------------------
--------------------
--------------------

Generation: 3 Population: 48
--------------------
--------------------
--------------------
--------------------
--------------------
--------------------
---------00---------
--------------------
--------------------
--------------------
-----01-.--.-10-----
--------------------
--------------------
--------------------
---------00---------
--------------------
---------00---------
---------11---------
--------1001--------
-------11..11-------
-----0-00**00-0-----
-------11..11-------
--------1001--------
---------11---------
---------00---------
--------------------
---------00---------
--------------------
--------------------
--------------------
-----01-.--.-10-----
--------------------
--------------------
--------------------
---------00---------
--------------------
--------------------
--------------------
--------------------
--------------------

Generation: 4 Population: 88
--------------------
--------------------
--------------------
--------------------
--------------------
---------00---------
--------0110--------
---------00---------
--------------------
-----00------00-----
----01*1.--.1*10----
-----00------00-----
--------------------
---------00---------
--------0110--------
--------------------
--------0--0--------
---------**---------
---------11---------
-----00-*..*-00-----
----0--1-..-1--0----
-----00-*..*-00-----
---------11---------
---------**---------
--------0--0--------
--------------------
--------0110--------
---------00---------
--------------------
-----00------00-----
----01*1.--.1*10----
-----00------00-----
--------------------
---------00---------
--------0110--------
---------00---------
--------------------
--------------------
--------------------
--------------------

Generation: 5 Population: 104
--------------------
--------------------
--------------------
--------------------
---------00---------
--------------------
-------01--10-------
--------------------
-----00--11--00-----
--------------------
---01-.*.--.*.-10---
--------------------
-----00--11--00-----
--------------------
-------01**10-------
---------00---------
-------0----0-------
---------..---------
-----00------00-----
-----111****111-----
---0-00-0..0-00-0---
-----111****111-----
-----00------00-----
---------..---------
-------0----0-------
---------00---------
-------01**10-------
--------------------
-----00--11--00-----
--------------------
---01-.*.--.*.-10---
--------------------
-----00--11--00-----
--------------------
-------01--10-------
--------------------
---------00---------
--------------------
--------------------
--------------------

*** Life<Cell> 80x30 ***
Generation: 0 Population: 96
------------------------------
------------------------------
------------------------------
------------------------------
------------------------------
------------------------------
------------------------------
------------------------------
------------------------------
------------00---00-----------
-----------0--000--0----------
-----------0-------0----------
-----------000000000----------
------------------------------
------------------------------
------------------------------
------------------------------
------------------------------
------------------------------
--------------00--------------
-------------0--0-------------
--------------00--------------
------------------------------
------------------------------
------------------------------
---------0--0--0--0-0---------
---------0--0--0--0-0---------
---------0--0--0--0-0---------
---------0--0--0--0-0---------
------------------------------
------------------------------
------------------------------
------------------------------
------------------------------
------------------------------
------------------------------
------------------------------
------------------------------
-------------0000-------------
------------------------------
------------------------------
------------------------------
------------------------------
------------------------------
------------------------------
------------------------------
----------00000000000---------
----------0---------0---------
----------0---------0---------
----------0---------0---------
----------0---------0---------
----------0---------0---------
----------0---000---0---------
----------0---000---0---------
--------------000-------------
--------------000-------------
--------------000-------------
--------------000-------------
--------------000-------------
------------------------------
------------------------------
------------------------------
------------------------------
------------------------------
------------------------------
------------------------------
------------------------------
------------------------------
------------------------------
------------------------------
------------------------------
------------------------------
------------------------------
------------------------------
------------------------------
------------------------------
------------------------------
------------------------------
------------------------------
------------------------------

Generation: 1 Population: 188
------------------------------
------------------------------
------------------------------
------------------------------
------------------------------
------------------------------
------------------------------
------------------------------
------------00---00-----------
------------11-0-11-----------
----------01--1-1--10---------
----------0--0---0--0---------
----------0---------0---------
-----------000000000----------
------------------------------
------------------------------
------------------------------
------------------------------
--------------00--------------
--------------11--------------
------------0-00-0------------
--------------11--------------
--------------00--------------
------------------------------
---------0--0--0--0-0---------
--------01001001001-10--------
--------0-00-00-00---0--------
--------0-00-00-00---0--------
--------01001001001-10--------
---------0--0--0--0-0---------
------------------------------
------------------------------
------------------------------
------------------------------
------------------------------
------------------------------
------------------------------
-------------0000-------------
------------01--10------------
-------------0000-------------
------------------------------
------------------------------
------------------------------
------------------------------
------------------------------
----------00000000000---------
---------0-----------0--------
---------0--0000000--0--------
---------0-0-------0-0--------
---------0-0-------0-0--------
---------0-0-------0-0--------
---------0-0--000--0-0--------
---------0-0-0-1-0-0-0--------
---------010-01-10-010--------
----------0--01-10--0---------
-------------01-10------------
-------------01-10------------
-------------01-10------------
-------------0-1-0------------
--------------000-------------
------------------------------
------------------------------
------------------------------
------------------------------
------------------------------
------------------------------
------------------------------
------------------------------
------------------------------
------------------------------
------------------------------
------------------------------
------------------------------
------------------------------
------------------------------
------------------------------
------------------------------
------------------------------
------------------------------
------------------------------

Generation: 2 Population: 250
------------------------------
------------------------------
------------------------------
------------------------------
------------------------------
------------------------------
------------------------------
------------00---00-----------
-----------0--000--0----------
----------0---0-0---0---------
---------0-*-0-0-0-*-0--------
---------0--0-----0--0--------
---------01-0-000-0-10--------
-----------1-------1----------
-----------000000000----------
------------------------------
------------------------------
--------------00--------------
-------------0--0-------------
------------00**00------------
-----------0--11--0-----------
------------00**00------------
-------------0--0-------------
---------0--0-0---0-0---------
---------1--1--1--1-1---------
-------0-*11*11*11----0-------
-------0-011011011----0-------
-------0-011011011----0-------
-------0-*11*11*11----0-------
---------1--1--1--1-1---------
---------0--0--0--0-0---------
------------------------------
------------------------------
------------------------------
------------------------------
------------------------------
-------------0000-------------
------------------------------
-----------01*00*10-----------
------------------------------
-------------0000-------------
------------------------------
------------------------------
------------------------------
----------00000000000---------
----------1---------1---------
--------01-0-------0-10-------
--------0-0-1-----1-0-0-------
--------0--1-00000-1--0-------
--------0---0-----0---0-------
--------0---0-000-0---0-------
--------0---0-111-0---0-------
--------0-0--1-*-1--0-0-------
--------0-*--1-0-1--*-0-------
----------1-01*-*10-1---------
----------0-01*-*10-0---------
------------01*-*10-----------
------------01-0-10-----------
------------01-*-10-----------
--------------111-------------
--------------000-------------
------------------------------
------------------------------
------------------------------
------------------------------
------------------------------
------------------------------
------------------------------
------------------------------
------------------------------
------------------------------
------------------------------
------------------------------
------------------------------
------------------------------
------------------------------
------------------------------
------------------------------
------------------------------
------------------------------

Generation: 3 Population: 326
------------------------------
------------------------------
------------------------------
------------------------------
------------------------------
------------------------------
------------00---00-----------
------------11-0-11-----------
------------------------------
-----------0--1-1--0----------
--------010*0-1-1-0*010-------
--------0---1-0-0-1---0-------
--------0-*01-1-1-10*-0-------
---------0-*00---00*-0--------
----------0---------0---------
-----------000000000----------
--------------00--------------
--------------11--------------
-------------1001-------------
------------11..11------------
----------0-00**00-0----------
------------11..11------------
---------0--010-1-0-0---------
--------010010--001-10--------
-------00-----0*--*-*00-------
------01-.**.**.*---1010------
------0--1-------*0--0-0------
------0--1-------*0--0-0------
------01-.**.**.*---1010------
-------00---------*-*00-------
--------01001001001-10--------
---------0--0--0--0-0---------
------------------------------
------------------------------
------------------------------
-------------0000-------------
------------01--10------------
-----------00----00-----------
----------01-*--*-10----------
-----------00----00-----------
------------01--10------------
-------------0000-------------
------------------------------
----------00000000000---------
---------0-----------0--------
--------0-*000000000*-0-------
-------0-*-----------*-0------
-------0-0----000----0-0------
-------0-0---1---1---0-0------
-------0-0--1-----1--0-0------
-------0-0-0---1---0-0-0------
-------0-00010---01000-0------
-------0--10-*0.0*-01--0------
-------01-*0--111--0*-10------
--------00----.0.----00-------
---------01-1-.-.-1-10--------
----------001-.0.-100---------
-----------01*111*10----------
-----------0--0.0--0----------
------------0-----0-----------
-------------0-1-0------------
--------------000-------------
------------------------------
------------------------------
------------------------------
------------------------------
------------------------------
------------------------------
------------------------------
------------------------------
------------------------------
------------------------------
------------------------------
------------------------------
------------------------------
------------------------------
------------------------------
------------------------------
------------------------------
------------------------------

Generation: 4 Population: 299
------------------------------
------------------------------
------------------------------
------------------------------
------------------------------
------------00---00-----------
-----------0--000--0----------
-----------0-------0----------
-----------000000000----------
--------00-1-1*-*1-1-00-------
-------0---.-------.---0------
-------0---0-------0---0------
-------010*1*0*-*0*1*010------
-----------.11---11.----------
-----------0--000--0----------
-----------1--11---1----------
-----------00-11-000----------
--------------**--------------
--------------11--------------
----------00-*..*-00----------
---------0--1-..-1--0---------
---------000**..*--00---------
---------1--1-1---1-1---------
---------*--*-0---*-*---------
------------10-.0-*-.---------
-----0---**..**.*--0--*-0-----
-----0--0*-1-11--.-0--0-0-----
-----0--0*-1-11--.-0--0-0-----
-----0---**......--0--*-0-----
------------1--1--*-.---------
---------*--*--*--*-*---------
---------1--1--1--1-1---------
---------0--0--0--0-0---------
------------------------------
-------------0000-------------
------------------------------
------------------------------
-------------0--0-------------
---------01*-*00*-*10---------
-------------0--0-------------
------------------------------
------------------------------
----------000----0000---------
----------1---------1---------
----------0---------0---------
----------*---------*---------
------010*-000---000-*010-----
------0---0---1-1---0---0-----
------0---0----0----0---0-----
------0---0----0----0---0-----
------0---01000-00010---0-----
------0---1----1----1---0-----
------0---*10.-.-.01*---0-----
------0--0.-0--*--0-.0--0-----
----------100-*1*-001---------
-----------0*1.-.1*0----------
-----------1*-.1.-*1----------
-----------1*.***.*1----------
----------010-1.1-010---------
--------------111-------------
--------------0*0-------------
--------------111-------------
--------------000-------------
------------------------------
------------------------------
------------------------------
------------------------------
------------------------------
------------------------------
------------------------------
------------------------------
------------------------------
------------------------------
------------------------------
------------------------------
------------------------------
------------------------------
------------------------------
------------------------------
------------------------------

Generation: 5 Population: 468
------------------------------
------------------------------
------------------------------
------------------------------
------------00---00-----------
------------11-0-11-----------
----------01--1-1--10---------
----------0--1---1--0---------
--------0001-11-11-1000-------
--------11-*1-.0.-1*-11-------
------01-1-.-01-10-.-1-10-----
------0--0-1-00-00-1-0--0-----
------0---**.1*-*1.**---0-----
-------0000.--000--.0000------
----------01---11--10---------
----------0--0**-0--0---------
----------0-1-**-1--0---------
-----------000..0000----------
----------00------00----------
----------111****111----------
--------0100*0..0--010--------
--------01--.....--110--------
--------0----1*010*0-0--------
--------0.00*01000*-.0--------
-----0----00--0.1-*-.-0-0-----
----010--***.....1-110.-10----
----0-00-.1*-**01.0-00---0----
----0-00-.1*---0-.0-00---0----
----010--******..--110.-10----
-----0----00*00*00*-.-0-0-----
--------0.00*00*00*-.0--------
--------0-00-00-00---0--------
--------01001001001-10--------
---------0--000-0-0-0---------
------------01--10------------
-------------0000-------------
-------------1--1-------------
---------00001--10000---------
--------01-.-*--*-.-10--------
---------00001--10000---------
-------------1--1-------------
----------000----0000---------
---------0--10--01---0--------
---------0--0----00--0--------
---------0-0-------0-0--------
------000-*-00---00-*-000-----
-----0---*-1-1---1-1-*---0----
-----0--0-1-1--0--1-1-0--0----
-----0-0-0-1---1---1-0-0-0----
-----0-0-0--10-1-01--0-0-0----
-----0-0-01---1-1---10-0-0----
-----0-0-0-0-0---0-0-0-0-0----
-----0-0--*--.-.-.--*--0-0----
-----0101-.0-1-*-1-0.-1010----
------0---*111***111*---0-----
-----------1.*.-.*.1----------
----------0*.-.*.-.*0---------
-----------*..*.*..*----------
---------01*---.---*10--------
----------0000***0000---------
-------------01.10------------
-------------0*-*0------------
-------------0-1-0------------
--------------000-------------
------------------------------
------------------------------
------------------------------
------------------------------
------------------------------
------------------------------
------------------------------
------------------------------
------------------------------
------------------------------
------------------------------
------------------------------
------------------------------
------------------------------
------------------------------
------------------------------

*** Life<Cell> 40x30 ***
Generation: 0 Population: 24
------------------------------
------------------------------
--000--------------------000--
------------------------------
------------------------------
------------------------------
------------------------------
------------------------------
------------------------------
------------------------------
------------------------------
------------------------------
------------------------------
------------------------------
--------------00--------------
--------------00--------------
------------------------------
------------------------------
------------------------------
------------------------------
------------------------------
------------------------------
------------------------------
------------------------------
------------------------------
-------------0000-------------
-------------0000-------------
------------------------------
------------------------------
------------------------------
------------------------------
------------------------------
------------------------------
------------------------------
------------------------------
------------------------------
------------------------------
--000--------------------000--
------------------------------
------------------------------

Generation: 1 Population: 64
------------------------------
--000--------------------000--
-01-10------------------01-10-
--000--------------------000--
------------------------------
------------------------------
------------------------------
------------------------------
------------------------------
------------------------------
------------------------------
------------------------------
------------------------------
--------------00--------------
-------------0--0-------------
-------------0--0-------------
--------------00--------------
------------------------------
------------------------------
------------------------------
------------------------------
------------------------------
------------------------------
------------------------------
-------------0000-------------
------------0-11-0------------
------------0-11-0------------
-------------0000-------------
------------------------------
------------------------------
------------------------------
------------------------------
------------------------------
------------------------------
------------------------------
------------------------------
--000--------------------000--
-01-10------------------01-10-
--000--------------------000--
------------------------------

Generation: 2 Population: 96
--000--------------------000--
------------------------------
01*-*10----------------01*-*10
------------------------------
--000--------------------000--
------------------------------
------------------------------
------------------------------
------------------------------
------------------------------
------------------------------
------------------------------
--------------00--------------
--------------11--------------
------------01--10------------
------------01--10------------
--------------11--------------
--------------00--------------
------------------------------
------------------------------
------------------------------
------------------------------
------------------------------
-------------0000-------------
-------------1111-------------
-----------010**010-----------
-----------010**010-----------
-------------1111-------------
-------------0000-------------
------------------------------
------------------------------
------------------------------
------------------------------
------------------------------
------------------------------
--000--------------------000--
------------------------------
01*-*10----------------01*-*10
------------------------------
--000--------------------000--

Generation: 3 Population: 144
-01-10------------------01-10-
00-0-00----------------00-0-00
1-.-.-10--------------01-.-.-1
00-0-00----------------00-0-00
-01-10------------------01-10-
--000--------------------000--
------------------------------
------------------------------
------------------------------
------------------------------
------------------------------
--------------00--------------
-------------0--0-------------
------------0----0------------
-----------0------0-----------
-----------0------0-----------
------------0----0------------
-------------0--0-------------
--------------00--------------
------------------------------
------------------------------
------------------------------
-------------0000-------------
------------0-11-0------------
-----------0-*--*-0-----------
----------0-*-..-*-0----------
----------0-*-..-*-0----------
-----------0-*--*-0-----------
------------0-11-0------------
-------------0000-------------
------------------------------
------------------------------
------------------------------
------------------------------
--000--------------------000--
-01-10------------------01-10-
00-0-00----------------00-0-00
1-.-.-10--------------01-.-.-1
00-0-00----------------00-0-00
-01-10------------------01-10-

Generation: 4 Population: 112
--*0*--------------------*0*--
--0-0--------------------0-0--
-1.-.1*10------------01*1.-.1-
--0-0--------------------0-0--
------------------------------
------------------------------
--000--------------------000--
------------------------------
------------------------------
------------------------------
--------------00--------------
--------------11--------------
------------------------------
------------------------------
----------01------10----------
----------01------10----------
------------------------------
------------------------------
--------------11--------------
--------------00--------------
------------------------------
-------------0000-------------
-------------1111-------------
------------------------------
-------------*--*-------------
---------010*-..-*010---------
---------010*-..-*010---------
-------------*--*-------------
------------------------------
-------------1111-------------
-------------0000-------------
------------------------------
------------------------------
--000--------------------000--
------------------------------
------------------------------
--0-0--------------------0-0--
-1.-.1*10------------01*1.-.1-
--0-0--------------------0-0--
--*0*--------------------*0*--

Generation: 5 Population: 212
-0*-*0------------------0*-*0-
--101-000------------000-101--
1-*-***-10----------01-***-*-1
------000------------000------
--1-1--------------------1-1--
--000--------------------000--
-01-10------------------01-10-
--000--------------------000--
------------------------------
--------------00--------------
-------------0--0-------------
-------------0--0-------------
--------------00--------------
----------00------00----------
---------0--0----0--0---------
---------0--0----0--0---------
----------00------00----------
--------------00--------------
-------------0--0-------------
-------------0--0-------------
-------------0--0-------------
------------0-11-0------------
------------0-**-0------------
--------------11--------------
---------000-.11.-000---------
--------0-*1.-..-.1*-0--------
--------0-*1.-..-.1*-0--------
---------000-.11.-000---------
--------------11--------------
------------0-**-0------------
------------0-11-0------------
-------------0000-------------
--000--------------------000--
-01-10------------------01-10-
--000--------------------000--
--1-1--------------------1-1--
------000------------000------
1-*-***-10----------01-***-*-1
--101-000------------000-101--
-0*-*0------------------0*-*0-

*** Life<Cell> 5x5 ***
Generation: 0 Population: 9
.-.-.
.*0*.
-0*0-
.*0*.
.-.-.

Generation: 1 Population: 16
.0*0.
.*1*.
01.10
.*1*.
.0*0.

Generation: 2 Population: 6
.-.-.
..*..
1*.*1
..*..
.-.-.

Generation: 3 Population: 10
.-.-.
.***.
**.**
.***.
.-.-.

Generation: 4 Population: 16
.0*0.
**.**
*...*
**.**
.0*0.

Generation: 5 Population: 8
*-.-*
*...*
.....
*...*
*-.-*

