*** Life<FredkinCell> ***
Generation = 0 Population = 131.
-----------------------------------------------4----0-------------------------
36-------------9---------1---------87--3-------8------------------------------
----0-------------------6------9---------7-4------------8--------0---6--------
---------------------------------------------------------------------------11-
-----------------0-----------------------6-8--------------5---------7---------
-----------------9---------------1-2-----------0-------5-------7-------------4
------8------2---------2-----------7---------------8----------0-------9-------
----------------1----------------------------8---------9-----2---------508----
9-0-------6-------------8------------------------------------------0-----83---
-------------------6--------------------------------9-4----------------50-----
----------4------------------------------5---2--------------------------------
----------4--0-0-----2------------------------7-------------------------------
-------109-------5-----------2-8--0------------5-9----------------------------
---------------0-------------------------1---9-----1-----------4-----------2--
----------------------1--------------------------1----------------------------
--------------7---------6----------------------------2---------0--------------
-----------------------6--8---------------------------------------------------
-------------------------------------1---3-----------9------2------9---------6
--------1------------20-------82----3----------------5------9--------9--------
---7-----------------------0--------------5-----------4---------------------5-
----1-----3------0--------6----------9----------------------------------------
-----2----------------9---3-------2---7----------------5---1-------5---1------
---------9----------0---------------9--5---------7--------------4---1------6--

Generation = 100 Population = 787.
------------------------------------------------------------------------------
---+-++---+-+++--+-+-++--++--+----+-----++-+++++++++------------+-+-----+-++--
-+-----------+----++-+---+++++-+-++++----+-++++++-++--+++-++--+++++-+++-+-+-+-
-+-+++-++-++++-+++-++-+--++--+++---+++++-++++--+++++++-----+-----++--+--+-++--
--+--+--+-+++-+-+++-+---+++-+++++---+--++--++--+--++--+---++-+++-++--+-+-++++-
-----++++-+--------------+-+-++----++--++-+-+++-+-+---+-+++-+---+++++-+-----+-
--++-+++-+-+----++-+++------++--++--++++--+-++--++-++---+++--+-+---+-+-++-+-+-
-+-+++++++-+-++-+---+++-+-----+++-++++-+---+++++--+-++-+-+++--+++-+++-+-+-+---
--+-+-++-------+-+++--+---++-+-+--+-+-+++----------+-+-+-+++--++--++--+---+++-
--+++-+-++--+--++++-++-++-+++--++----+-++-+++--+++++----+++---+-+--+-+++-++-+-
-+-+---+++-+--++--+-----+-+--++-+++---+---+++-++--++-+++++----++--+-+--+-+-+--
---+-++---+-+-----++---+-++----+--++--+++-+-+-+--+---+----+-----+--++-------+-
--++++++-+++-++++++--+++----++-+++++-++-+--+--+-+-++---++--+-+-+-----++--++-+-
-+-+-++++------+-+--++-+---++++++---------++-++--+------+--+----+---+-+-++-+--
-+++--+--+--+++++-++-+--+-+----+++-+---+++-++-+-+--++--+----+---++----+-----+-
--+++-+-++++-+--+---+--+++++++-+-++-++-+---+++++--++++-+---+--+++-----+--+-++-
-+-+-+--++-----+-+++-++--++-++-+-+--+--+-+-+--+--+--+---+++--+-+++-+++-----++-
----8++-----++---++++++++-++-++-++-+-----++++-++++++-++++++--+-+-+-+-+++++-++-
-++++-+++-+--++++--+++-+------+--++-++-+++---+++++++++++-++------++++++---+-+-
-++++++--+-----+-----------+++-++-+-++++++--+----+++--++++--+++-+----+-++-+++-
--++--+++---+---+---+-++----+++---++--++----++-+++-+-+--+-+-+--+-+--++-+----+-
-----+++++--+-+++++-----+-+-++----+-+++-+-+++++-+++----++------+------+-------
------------------------------------------------------------------------------

Generation = 200 Population = 785.
------------------------------------------------------------------------------
-+++--+-+--+++-----+++---+-+--+-+-++----+++++-++-------++-++--+-++++----+++-+-
-----+++---++---++-+-++++-+---++-+--++-+++--++--+++-+++-++-++-+++-++-++++-----
-+-++++-++--+++-++++-++++---+--+--++-+----+-----------+--+++++--++++--+-+-----
---+---++---+++++----++-+++-++----+--++++-++++--+-+---++-++--+-----+--------+-
--+-+-++-++--+-+-+-------++-+-+-+++++++-+-++++---+---+--++-+-++-------++--+-+-
---++---+---+------++++-+---+-+++++-------+-+---++--+--++++--++-++-+---+-+++--
-+-----+-++-+-+-+-++++------+++----+--+-+++-++--+++-+--+-++++--+-----+---+++--
-+---++++-----++--++-------++-++--+-++++-++-+---+-+++-+--+-+--++--++++----+---
-+--+++++-+--++++++-+++++--++-++----+-----++-+--++++------+++---+--+-++--+++--
--+++++-+--++-+--+-++-+++-+++-----++--++++++++-+--+---+---------+--++--++--+--
-+++++++--+++--+--+--+--+-+-+++++-++-+++---++-+++-+++-+--+-++--+--+-+--+-++-+-
-+----+++--+--+-++-+---++--++++-+--++-++++-++-+++----+------+--+-++++++--++-+-
--++++-+++-+--+-+------+-++-+-+-++-+++----+++-+++++-+++++-+++-+++---+---+-+++-
---+-+---+++--+---+---+--+-+-----+--+-++-+++-+-++--+++-++++--+++-+++++++++++--
-+++---+--+-+-++--+++---++---+-+-----+-+-+-++-+-++-+++++----+-++-++--+----+---
--++-++-+---+-+++--+--+-+++-++--+--++-+------+----++++-+-+--+-++--+------+--+-
--+++---+--+---++---++--+++-+--++-----+-++-+-++---+------++-+---++--+-+-+-----
-+-+--++++-+-+--+-++----++-+-++-++--+-++-+++++---++++++--------+-+++-----+-++-
--+-++-+-+++---++++-+--++-++-++-+++-+-----++++++++-+-----++++++-+----+---+----
----+++-+--+-------+++-++-+-+++++------+-+---+-+---+--+----+++-++++---+-+--++-
-+-++++--+---+-+-+++--+----+++-++-+--+-+--+++-+++---++---++-++-++++-++--+++++-
------------------------------------------------------------------------------

Generation = 400 Population = 811.
------------------------------------------------------------------------------
-----++++--+-------+++---+--+++-+++--++-++-+--+-++++-+---++++++++-++-++++--++-
---+--+-+-+++-+-++-----++++--+-++-+------+-+-------+--+--++--+++++++-+-++-++--
--+-+--+---++++-++-++-+++----+---++--+--+----+-+----++++-+-+---+---+-+++++-+--
-++++++++-++++---+---++-----+++--+++--++++++++-----++++--+-++-+----++++++-+++-
---+-------++--++++--+---++++-+-----+--+--+-++---+-++--+-++---+-+------+++-+--
-++---++--+---+++--+++--++-+-++-++-++--+--+----+---++-++-+-+++--+++++--+-+--+-
--+--+--++++--+-----+-------------++-+-+-+++---+-+---+++--++++----+-+-+++++---
-++-++-++++----++-++-+-+-+---+-++-++------+++++++----++++++++-++++++--+++++++-
--++-++++++++-+-+--++-+++------+-++-+++++-+-+-+-++-+-+-+----+--+--++-++++-+-+-
--+-+-+-+-+----+---++++-++-+----+--++++----+-+--+-++--+++---++++---+++-++--+--
-+++--++-----++-+-+-+++---+--++----++++----++++-+--++-+-+-+++++++---++---++++-
-++-++-+++---+++-----++++-----+-+--++-+++-+--++--++-+--+-++---++--+-++--+++-+-
-+--++-++++------+--++++++-+--+--++--++-++++-+---++---+-+-++-++-+-+--+-+-+-+--
--+++++++-----+-++-+----+--+-+++----++-++++-+-+---+++--++-++-+-++++-+-+++--+--
--+++-+-+-+---+-+-+-----+--+++-+---+-++-+---+-+--++-++-++--++------++---++-++-
-++-++-++++---+-++--+-+++-+--++-+++--+--++-++-+----++--+------++--+--+---+-+--
---++--+--+-+-+-++-++-++-+-+-+---------+----++--++++--+-+---+-+-+++++-+++++-+-
-+-+---+++-+----++-++--++++-+------+-+++---+----++-+-+---++--+-++-++++++---+--
--++--+--+++-+--+++-++------++++--++-+-++---+---+-+-++--+++++--+-++++-+++-++--
--+-+--++-+++-++-+++---+++-+-+-++++++++-+--+--+--+-+++---++++--+----+-+---+---
---++--++-+--+-+-+-+-+-++--+--+++++-+-++++---+-+++-+-+---++++----+++-++-++++--
------------------------------------------------------------------------------

Generation = 800 Population = 818.
------------------------------------------------------------------------------
-+++----+++-++-+-+-+--+----++++-+--++-+++-+++++++--++++--+-++--+-+-+--+++++---
-+-+--++-++++++-+--+--++---++----+++-+--++-+-------+-++-+-++-+---++---++++----
---+++-++--+--+--+--+-+-+++-+-+-+-+++++-----+++-----+--++-+---+-+--+-+--+++-+-
-++-++++-++--++-+-+++-++-++--+----+--+-+-+--++-+++-+++-+-+++-+--------+--+-++-
-++--++++-++-+--++-+---+-+-++--++++++-++++-+--+-+-++-++--++--+---+-----++-+-+-
-+-+---+++++--------+--++-+-+++-++-+--++-+++++-----++-++++-----+++-++---++-+--
-+--++--++++-+--++-+-+-------+++---+-----++---+++++---+-+-++--++--++-+++++--+-
-----+++++-+++-+--++-+-+-++---+---+++---++++-+-+--+---++----++++++--+-+-+++---
------+---+-+---+++--+++---++-++-+++-+---+---+--+-+++--+-+-+-+++++++----+++-+-
-+-+-+-----++--+--+++++--++--++-+--+++--++--+--+++---+-++---+----+-++-+-++++--
-+++--++--+-+-+-------++++--+-+--+-+-+-+++-+----+++-++-+--+-+--+-+-+++++++-+--
-+-+-+-++---+--++++++++++++++-+++---+-+++---++++-+++--++-+-+--++-++---+++++-+-
----++---+-+++-+-++-+++++-+++-+-+--+---+---++-++--+++++-++---+----+++------+--
-+--+------++--+++---+++++-+--+-+---++-++-+++++++--+++-+-+-++++++---+-+++-+---
--+-++++-++-+--+-+-+---+++---++----+++-+++--+---++--++---+-+-+-++++---+--+-+--
-+++--++---+--+++++-+-++-++-+---+-+-+--++-++-++--+-++--+-+--+-+++-+-+-+++---+-
--+++--+++--++-++++-+++--+-+-+--+-+-+-+-++-+---+--+---++-++++---+-+++++---++--
-++-+-+++--++++--++--+---+-+-+-++-+--+---++-+-++-+--+---+-----++++++++++++-++-
--+--+---++++---------------++--+-++++--+--+++++-++-+----+--+----++-++-++++---
-+-+-++--++---+-++--+-+-+++---+-++++-+--+-+---+++++++-+-----+---+-+++--++-+---
-+---+-+++--++-+--++-+---+--+++-++--+-+++--+----+---++++++-----++++------+-++-
------------------------------------------------------------------------------

Generation = 1600 Population = 790.
------------------------------------------------------------------------------
-+--++---+---++++--++-------+-++--+-----++---++----++--+-+-+-+-+-++---+--++---
-+-+-+-++-+---+-++++-------+-+-+-++-++--+--++---+-----+----+-+-+-+++---+-+++--
-+-+--+-+-+----+++++-+--+----++---++-+-++--+-++-+-++++++-----+++--+++-+++++-+-
----++-++-+-++--+-+++-+++-+--+-+++++-+++--+--+---+---++-+-+++-+-------+---+++-
-+--+-+-+-+++++--+-++----+-++-+++++-++++++++---+++--+--+---+-++++++--+++-+-+--
--+--+-+++-+-+++-+--++-------++-++--++----+-++--------+++--+-++-+-+-++---+++--
---+-+-++---+-++-+-++-++-++-----++------+--+++-+---+-+-++----+++-++-++-+-+-+--
---++++--++++-++--++-+++-+-++---+++-+++-+++-+-+++--+-----+-+-++-+--+-----+----
-+++-+-+-+--+-++++-+-+-+++-----++-+-+++---+--++++-------++-+-++---+------+++--
--+++---++--+-++-++++-+++------+-+-+-+--+-++-+++---+---++-+++-+-+--+-++++-++--
---++++++++---++-+--+-+-++-+++++-----++--+++-+-+--++-+-----++--+--+--++-+-+++-
--------+-++++--+-+-++---+++++--+-------++--+---+-+----+-+-++++-+--+-+-++-+++-
--++-+--+++-+----+++--++-+-+++----+-+++++---+-++++--++---++----------+-+++----
----+--+++-++--+-+---+---++-+-++--++----++-+++-+++++--+-+-+---+++-+-++++-++++-
-+---+++-+-++---++-++++-+-+-+++-++--++++---+-----+++++-++++-+++++--+--+-+-+---
--+-+-++++-+---+----+---+------+++++++-+---++-++-----+--+-+---++++------+---+-
-+-+-++--+---+-++---++-++-+-+--+--+---++-+-+-++++--++-++---++++++--+++++-++---
----++++++-+++--+++-++--++-+---+-+---------++++++-+--++--+-++--+-+--+-+---+-+-
-------+-++---++-+-+++-+++++-----+++--++-+--+--++++-+-+++-+++---++-+-++---+++-
-------+---+++++---------++++---+++++++-+-++-+-------+-+-+-++--+++--++----+---
---+-+++-+++-+++-++-------+-++--++++-++-+--+++-++++++-+++++++----+-+++-++--+--
------------------------------------------------------------------------------

Generation = 0 Population = 171.
------3-----------5-----------7---6------------------4--------------
--------------------------3--7-----4-2-----------------------------1
--0-------------5-------------------6--------5-------8--------------
------5-0-------------------------9--------------------------------8
------------7------------2--0-4--------------------5----------------
---------------------------------2-------------3--------------------
------------------------------7-----6--------1----------------------
---------------------1---2--90------0---1-----------------8---------
---------------------3--------------------1--2-------1--------------
---------------------------9----19----6-----------------------70----
-------------------------------------9---------6-7------------------
-------92----------------94----2--------------------------------8---
-------2-------6-2---------------4-----0---------------------0------
-----6------7-----7--------3---------------------------------------6
---------------------9---8--8-3--4-5------4-------------------------
-------------------------59----------1---------7-------------2--1---
----4-------------2----8-----------------3-----4-------3--2-----1--6
---------4---5-----------9------9------------------------3----------
-------------2--------------7-----------------------0----8-5----8---
------------7-1----5-----------------------8--------9---------------
-5---4--------4-----8----7--------------------------------5---------
---------8-----253---8-4-0------16----------------------------------
----1------1-----------5----------2----------------------------1----
----1---0-----4----------1---2---------0---------------8------------
---3---------1---------------------------5-1--------4-----3---------
-----7---------3---------------7---2-7------7-----------3-----------
------9--------------------------6--------------2--------8--2-------
-----------------------9---------------3----------------------5-----
---------------1---6------------2-------1--------------------6--1---
------4----------1--------------0---8---------5---4-----------------
-------8-----2-----33---1-----------7-------------------------6-----

Generation = 100 Population = 974.
--------------------------------------------------------------------
----++--+---++-++--+---+++++++-++-+++-+-++--+-+++-+-+++-+----++-+++-
-+--++--+-+++++++-+-++------+-+-+--+--++++++---+-+--+++-++++-+-+++--
-+---+-+-++-+----++--+---+++++-+++--++++++-+++-+-+++-+-+----+--++-+-
-+-+-+---++--++---++-----+--+++++++-++++-++----+--+-----++----+--++-
----++-+--+--+-+++-++++---++-++++++-++-+++++-++-+-+++8++-+--++--+-+-
---++9+++-++++++----+--++-+-++++-+---+------+++-++++-------+-++++-+-
-+-+-+--+-+-+-++-+++-+++++++--+---+----++++--+---+-++-++---+---+-+--
------+++--+--+-+---+---++-+-++--+-+-+-+-----+++++----+---+--+++----
---+---+--+++++-++++---++---++-++---+---6+--+---+++---+-+-----+-----
--+--+++-++-+---+++---+-++--+-++-+---++-+++-++-++-+++-+-+-+-+-++-++-
-++++-++--+--+-+------+-+-+----++-+++-+++++++-+-++---++-+--+--+-----
--+-+-++++-++-+++---+----+-+-++++-+-++++-+-+--+--+-+-+++-++++-+-+++-
-++--+-++++-++--++---+-++----+++++--++++-++-++++++--+-----+--+-+-++-
-+-+-+-++-----------++-----++---++++--+++-++---------+++-----+++--+-
-+-+++-+-+-+-++++--+-++-+-+-++---+++---+++-+++++-+--+-+-+-++--+--+--
-+++++-++-++--+-+--++--+++--+---+++++++-+-+-++++-++++++--+++--+-+++-
-++--++++-+--++-+-+++-+--+-------++---+---+-++-+++++--++-----+-++-+-
----+---+-++++--+-++----+---+-++-----+++-++-+-+--+-++++---++++--+-+-
-+---++----+-++--+----++--+-+++-++++-++--++-+-+++-+-+---+--+--------
-+-++----++------+-+-++++-+++-+++-++-++-+++-++-++-+--+--+-++-++-----
----++-++--+-+++--++-+-+-++++--++--++-++--+-+---+-++--+++----+-+-++-
--+--+-+--+-+-++++-+-++-+----+-+----+--+--+-++---+-+-+++----++++-++-
-+---++-++--++-+++-+++++--+++--+-+++-+++-++--++--++++-+++-++-+--+++-
--++++++--+-+-+--+--++-++-++++------+-----+-+-+-+-++----++-+++++----
-+-++---++-+--+---+-++--+------+-+-++-----++---++++-+----+-++--+++--
---++--+++-----+---+-++-+-+--++---+--+-+-+++--+-----+--+-+--+-+-----
--++----+-+-+----++-+--+--+--++++--++-+++++-+-+----+-+-++-+-+++--++-
---+--+++++-+-+++++--+--+++-+-++--++-+++++-++-+--+-++--+++-+--++-++-
-+++--+-+-+--+-++++-+-+--+-+---+-++--+-+++-+---+-+--+--+-----+-++---
--------------------------------------------------------------------

Generation = 200 Population = 954.
--------------------------------------------------------------------
-+++-+-+--++++-+++-++-++----++++++--+++++-++---++++++-+-++++-+++----
--+---+----++++++-++---+---+-++-++-++---------++-+++++----+++++++---
--+-++-+-+++--++-+-----+-+-----+---+---+++-----+--+-+--+++-----+-+--
----++-+++-+--+++----+++-+++--+-+-+--+-+-+++++++-+-++-+--++--++-+---
---+---++----+--++-+-+++++-+---++------+++--++------+--++-+-----+++-
-++++-+++++--+--+++----+++---+-+++-++---+-+-+----+--+-+++---+++++-+-
-+---++---+---++--+-+--++-+--+++---+-++-+-+-+-+-++---++--+---+++----
--++--+--+----+-++-----++---++-+-++-+++++-+-+-++-++-+--+++--++-++++-
---+-+-++-++++-+----+----++++-++++---++-+---+++++--+-+--+-+-------+-
-+-------+-++-+-+-+++++---++-+---+--+-+--+++--+-+-+--+++-++--++++++-
---+--+++----+------+++--+-++--++-++-+---++++--+++-++-++---+-++---+-
-++++++++-+-+-++-+-+------------+-+--+----+---+++-+---++--++--+-+-+-
-+++-++--+-+-+---+--+-+-+----++-++---++---+++--+---+-++-+--++---+-+-
--++-+-++-+-+++-+---+-++--+--++-++++++--+-++--++-+++-+++-++-+--+-++-
-+-+++-+++-+--++-++++--++-+--++-+++----+--++--++-++--+--+---+--++++-
--+--++----+-++--+++-+-+-++++-+++---++-++-++++---+-++-+-+----++--++-
---+-+-+--++-+-+---+-+--++-+--+++++--+---+++-+-++----+++++--++++----
-++-----+--+-+-++++-----++-+--+--+++---+--++++++----+++----++-------
-+++-----++-+++-++---+++++--++----+----++--++++++++-++-+-+--+---+-+-
-+---+++-+-+--++-+-+-+-+++-+-+--+-++++--++++-++--+----+----+-+-+-+--
-++++-+-+---+-++-+---++--++-++-+-+-++++++-+--+-+++-+-++++-+----+-+--
----+-+-+--+---++-+++--+---++-+--+-+++---++--++-+----+--+++---++--+-
-+--+----+--++--+----+-+++---++--+-++++-+------++---++-++++--++-+---
-+-----+-++-++-+--+++-+++-+-+-+-+--++-++-++-++++-+--+-++--+-+-+-+++-
-+---++++----+-++-+-+++--+-+++++++--------++-++++-+-++++-+---+-+--+-
-+--++++----+--+--++-++-++++--+-+++-+--+-+--+--+-+-+-+-++++++-++-++-
--+---+-+-----+-+-+-++--++--------+------+-++++--+++-++-+-++--+-+++-
----++++-+--+--+-+-+--++-+++--+-+-+--+---++-+-++++---+++--+-+++++-+-
---++--+++---+-++--++---++++-++----+++---++-+----+----+--++++-+---+-
--------------------------------------------------------------------

Generation = 400 Population = 938.
--------------------------------------------------------------------
-+--+++--+--+++--+--+-+++-++-+--+++--+-+--+----++--+++-++--++-++-++-
-+++-+-+--+-+--+-++-+--++--+-+-+-+++---+-+++++----+-++-++-+---+++---
--++-+++------+---+-+---+--+---+-+----+-+--+++++---+-+++-+---++---+-
--+++-+----+++-++-----+---+-++-+-+++--+-+-+----+---+-++++++-+-+---+-
-++-----++---------+-+-+-----++-++-++-+-+--+++++++-++-++++-+-+--++--
-+++--+-----+--++++-+-++++++--+-+++---++-++-++--+----+-++++-+--+++--
-+++++++-++---+-+--++-----+++++-+++---+--+--++-+-++-+---+++--+---++-
---+-+--+--+-++-++++---++---+--++----+---++++---++-+--++--+--++-+---
-+-------+++---+++--++-+-----+++----++-+-++++-++-+++-+---+-++++-+---
-+++++--++--+++-++-++--+-+--+-+++-++-+-++++-++-+--+--+-+---+------+-
-+-++---+-----++++++-+---++-+----+-++--+--+-++----++-++---+++----++-
--+-++--++--+---+-++-+--+--+++-++-++-----++---+-+++-+++--++---++--+-
--++--+-+++-++-+++-++++++-+----++-++-------+-+----+++----+--+-+-----
--+-+-+-+-++-++--+-+-++-------++++-++++----+-+-+++-------+++-+-+++--
---+---++-+++---+---+++-+--+--+-++-----+--+++++-+---+-++-+-+---++---
-+--++--+++--+-+-+-+-++-+----+-+-----+---+++---++-+---++-++-+++--++-
--+-++-+-+----+--++++++++---+--+-+-++-+-+----+++----+--++++----+-++-
-+--+-++--++-+---+-----+---+-+++-++++++-++++-----++-++++-+--+-+++-+-
--++---+---+-++++--+--+--+-+-----++++-+-+++---++-++++++-+--+--+++++-
-+++--+-----++-+--+-+--++++-----++-+--++---+---+--------+----++++---
-+---------+---+++--+++++-------+++-+--+-++++-+--++-------++++----+-
-+-+---++--+-+----+-++++---+++-+-+--+-++---+++----+--+-+-++-++-++++-
----+-+--+++-+-++++-+++--++++---++-+---++--+-+-++++++--++++-+-------
--++---+-++-++-----++--+--+-+-++++-+----++-+--++-++--+-++---+-+---+-
-+++++--++-+---+-+----+-+--++-++-+-+-+++---+--++---+-++++-+--++--+--
-++++++-+-++---+++++-+++---+--++++++++-++-+--+++----+-++---+-+----+-
--+----+-++---++++--++-+--+--++++++-+++-++--+-++------++-+--++-++++-
---++--+-+++--+-++++--++--+---++++------+++--++-+--+-+--+---++-++-+-
-+-+-++++-+++--++--+++----+-+-++--+--+++++++---+++++--+--++----++++-
--------------------------------------------------------------------

Generation = 800 Population = 952.
--------------------------------------------------------------------
-------+-+++-+-+-++--+-++-++++-+-++-+++-++-++++----++----++-+++-+++-
-+-++--+------++-+-++---+++----++--++--+++-+--++-++--+---++-+----+--
-+--+-----++++--++++---+-++---++-++-+---+---++--++++++-+-+-----+----
-++-+---+++-+-+-+-+--+++++++++++++---+--+-++++--+++-++-+-++--+++++--
---+-++-++----+++++--+-+++++-+++-+-+--+-+--+-------++-++--+-+-+--++-
-+--+-+------+-+++-+-+-+----++-+++-+++---+---+-+-++-++----+-+-+--++-
--+-+--+--+---++-++---+-++-+-+-++-+-++---++++-+++-+--++++++++-+---+-
--+---++++++-+----+---++-+++---+------++++--+++----++-+-++----++----
-----+++-++-+-+----+--+--++-+++--++-+--++-++++-+-+++++-+-+-+++------
---+++-------+------+--+-+-+++-++--+----++-++-++++----+-+--+-++-+-+-
-+-++--++--+++++-+-+--++--+----+-+-+++++++-++--+++++-+--++++---+-+--
--+++-++---+--++++---+---+++++++++-------+-++--+--+--+-+++-+-++++++-
------+-+--+--++++-+-+++-+++---+---++-++----++++-+-----+-++++--+-+--
--+---+++-+--+-++--++-++++---+-++--++-+++----+----+-+-++++----+++++-
---++---+-+---+-----+---+-+-++++-+-+----+++-++--+++++--+++++++---+--
--+-+---++----+-+---+---++-+---+-++-++-+++----+++-++++-++-+--+-+----
-++-+-++++-+------++-+----++-+++--+--+-+-+-++--+--++++++-++++-++--+-
-++++-+++-+-+-+++++----++++++-+-+-++-+--+-++---++--++-+-+-+-++-+-+--
----+--+------+++-++-++-+-----++----+--++-+--+---------+--+++-++++--
----++-+-+--++--++++--+++-++-+++-+++--+-+-----+-+-+--+--++++-----++-
-+++--++++---+---+---++---+++-+--+------+------+-+-+----+++-+--+-+--
----+---+++-++---+-++-+--+-+---+-----+---+++-+-+++-+--++++--+--+-+--
----++-+-----+--++-++--+------+-+-+--+-++-+-++-++--++--+-++-+-++--+-
-++------+++++-+-+-++-+-+++++-+-+--+-+-----++-+---++++--+-+--++++-+-
------+++++-++-+++---+-+-++++----+++--+---+-+-+++-+--+---++-----+++-
---++-+-+++-+++++---+-+---+-++---+-+-+++-+++-++--+---+-+-++++-++++--
-++-+---++++-+++++--+--+-++-++-++++-----+-++--++-++---+-++++-+----+-
-+----+---+-+-----++-+-+++-+++-+--+--++-+-++++----+++--+++--+--+----
-++++-+-++++++--++-++-+-+-+--+-+------+-+--+---+-+++++---++++--+++--
--------------------------------------------------------------------

Generation = 1600 Population = 979.
--------------------------------------------------------------------
--++-----+++++-++---+++-----+++---++-++--++++--+++--+-++-+-++--++---
----++--+-----+++++++-+++++++------+--+++---+----+----++++--+--++---
---+++++-+-+++--++-+-+++++-----+-+-+--+++--+++--++--++++-++-+---+++-
--++-++++++---++-+---++-+-++++--++-++--+++++--------+++-+++---++----
-+--+---++-++----++----+----+-+-++--+++--++--++++++--++-+++---+--+--
--+++++--++----++--++-------++++-++---++-+++-+-----+--+-+-+--+-+-++-
----+-+-++++----+-+--+--+-+---+-++-+---+---+++++++--+-+-+--++-------
--+-+---+++-+------++++-+-++--+++-+--+-+----+---+-+-----+--+--+++---
--+--++-+--++-+++--+-++-+++----++------+-+++-+-+-+--+-+-+++-+-+-----
-++++++--+-+---+---++--++--++-+----+-+++--++---+------+-+-----+--++-
--++--+-+-+--++--+-+-++++--+-++---+--++++++++++-----++-+--++-+-+----
-++----+--+-+-++--+++--+---+-++--+++----++++++-++-++--++++--++--+-+-
--+++--+-++--+--+++++++++++-+-+-+-+--+---+-++-+++-+++--+--+---+++-+-
------+--++--+-+--+-----++++-++-+------+++++---++++++--++--++-++++--
---+-+++----++---+++-+-++--+++++--+--+-+++--++--+---+++--+--+---+-+-
--+--++--+--+++-++--+++--++-+-+++-+-+++-+-+---++++++--+++--++--+-++-
--+-+---+++++-++-+-++------++++-++--+-+-++++-+--++--+-+--+--++-+++--
-+++++++++-+++--+-+-+++-++-++++--+-+-++-----+++-++----+--+--+-+-+-+-
--+++++++++++-----++++-++-+--+--++-+--+----+---+-+-+--+++-+---+++---
-+--+++++---+--+-++-+++-+-++-+-+++-+-+---++++-++-++++++++-+-+--++++-
--+----++-+++++-+--+--+-+-+-+-+-+-----++-+--++-+++--+-+---+-+++-----
--+++++--++++-+++++++-----+++--+---+-++--++++--++-+++++--++++-+-----
-+--+-+-+-+--+-+++-++--++++------+---+----+++-+--++++++-+++--++-+-+-
--++--+---+-++--+++--+++-++---++-++-+++--+-++-++++++++++--+--+--++--
--++-++-+++++----+-+-+-++-----++--+-+----+-+++++-----+-----++++-+-+-
---++-++++---+-+++++--+-+-+--+-++-+-++++-++-+-+----+-+--+-++--+++---
-++---++++-+++++++-+-++++-+++----------++---+++-+++--+--+----+------
-+++-++-+-++-+--+--+----+-++--++--++---++-++++-+---+-++--+--+-+++++-
--+++--+-+---++-++--++-+-+--------++-+-+++++++-+--+++-+++-+--+-++---
--------------------------------------------------------------------

Generation = 0 Population = 1.
-
-
-
-
-
-
5
-

Generation = 100 Population = 0.
-
-
-
-
-
-
-
-

Generation = 200 Population = 0.
-
-
-
-
-
-
-
-

Generation = 400 Population = 0.
-
-
-
-
-
-
-
-

Generation = 800 Population = 0.
-
-
-
-
-
-
-
-

Generation = 1600 Population = 0.
-
-
-
-
-
-
-
-

Generation = 0 Population = 456.
----9----4-------------------2----------8------------------5-
--------0---------------------9-----6-8----78----------------
-------------------------6-----0--0-----------12-------------
------9-----2--------4---------8--------------3---985--------
------------0----------9-----------4-------------7---6-------
---2---6-----5-----------------------------------------------
--------------6-4-----9-----3--8--------1-------------------1
----------------------------------------1-2-----------7------
---3-7--------------------------------9---------6------------
--------------------5------------------------9---8---------3-
---------------------------2---8--------------4--------------
-8------5------0-------------------------9----8-------3------
--------------6----7------6-----------3--3--------5----------
-0----9-------------------6--6-------------------------------
--3---------2-------------0------------------9---------1-----
-7-5---------------------------------2-----------------------
--78-------0---5-------3-------------------------------------
----1--9----00----------------2-------------------------6----
-------------8-----3---------4----48-------------------------
---0------9------2-----4--7-----------------9-----6----------
----------------------------------2--------------------------
------------------------------------------------------------1
------------------------------5--6---------------------------
----------859----------------------------------------5-------
----------------------------------36------8-----2---3--------
--------------------2---------6---------------------9-----5--
----------------------------5--------------------8-------3---
-----------9---------9--7--------30--------------9----3------
-----------------------------------------------5-0---7--0----
-------3----------9--9-------------685-------4---------------
-----2-------------9--------9----------------------------1---
--6------2-----0--6-----1-------------0-------1-----8---4----
------99-5-----------------------8-------50-4-----3--6-------
3----9-----8---------------------------------6---------------
------7----------------------------0----------------9--------
---------1--1----------1-----8-----5--------85-2-------------
------9-----------6-6---3--7--------------6---1------0-------
----------------3-------7-5-----------------------2----------
-----------------2---------------------------------------6---
---------------8--------------------31------1------27-0------
-----5-----2----------------9--3------9-------------0-------1
----9-------------5-----5-----------------------30-----------
----9-5----------------------2--6-----4-------------------6--
----3------------------------5-------------------------------
----8----------------------------9----7-------------------0--
------------5--------4-----5----------------7----------------
---------7---6-------92--------------------------------------
---9-----------------0-------------------------------5-------
-32------------------5----7----------3-----2-9---4---------4-
--1-------------9-----1-------------7---4-------8------------
-----------------------------------------------3------8------
----------5-9-------04----7------------------4--0----3-------
--------------------------------------------------------9----
--------3------------------------4-----------8--61---------3-
--------7--4--2------1----9---------------------4------------
--------------------------------7--------5----------69-------
-------------------6--------9------3--------1----------------
----1------------8-5--0-5-------------0---8---------0--------
--------4--------9----7-------2-----------34------0---0------
---------------3------4--------------------------------------
---------2-----------------0------------2--------2-----------
---------------7------------6-0-------9--7------52----1------
-----6----4----------7----------5-----------------8---1--0---
--------------------1--8-----933---0-6----2---------3-------8
---37----3---------------------1-----1------------5----------
-4----6-----4------1------7-----------------1---------------4
-------------------------0--------9-0------------------------
-------------------1----6-------------------8-----68----6----
-------------------------3--8-------------------------6------
--0---------------------6------------------1-----------------
------------------------------------------------------7------
---------------2--------------4--------9---------------------
--------3-------86------------------0----------1---7---------
----------------------7-------9----------------1-0-6---------
---9-------------------------------------0---------2---------
--------------------0---------------------------2-----1------
-----------------1-------------------0-----------------------
----------4------3--6--4----5-----7-------------------8------
-----------------------7-------9---------8-------------------
------------0------------0--------5-------8----------------5-
---------0----------------------------0-2---2--------29------
---2-------4---------2--------------3--4-----5----7-----6-7--
---------------8-------5--6-------1-----------6--------------
-------------------------82-------------4-----44------15-----
--6-----------9-------6----------------4-------0---5---------
------------0-----------------------------------4------------
2------------12-----8----2-----------------------------------
------------3------------------0------------8-----8----------
--------------------------------------------------0----------
-----------------------54----------------------31--------4---
----------------11-----5--------------------0----------------
1-------------------8-------------------------2-7---------9--
------------------------------------------------1------------
-------2---5------6---9-----------8------------0-------------

Generation = 100 Population = 2738.
-------------------------------------------------------------
--+--+-+---++++--+++-++++++-++-+++-++-+++---++-+-++-+--+-+-+-
-++-+++--+++5+----+-----+-+--++-+-+--++++-+++++++-+-+----+---
----+++-+--+-+----++----++-------++-++-+++-+-++-+--+---+-++--
--+--+--+---+-----++---++++---+--+-+-+---+-+++++--+--+-++----
-+-+----++---++++--+--++-+---++----+++-++--+-+++++-++---++++-
---++++-+-+-+++-+++-++-++-+++++-+---+++----+++---+-+---+-++--
--+--------++++++----++-+++-+-----++--+-+-+++--++++++++-++++-
--+-+----++-+-+++++---++-+-+----+-+--+-++++-+-++-+-+--+++-++-
-++----+---+--+---+++++-++--+-+---++--++-++--++++-+--+-+-+---
-++-+++++++--++--++---++-+-+--+-----++-+++-++-+---+-++++--+--
-------++++-++----+-+-+-+-+++++--+++---+-++-++--+-------+-++-
-++---+-+-+----++++++-++-+++--+--+++-+-+++-++-+-++++++-++-+--
-+++++-+-+-+-++++--+++-++---+++++--+++-------+-+-------++-+--
--+++-++---++-++-+--+-+++-+--++-+++++++++++--+++++++-----+++-
-+-+++-++--+-++++++--+-+-++-+-++-----+++++-++-++--+-++--+-+--
---+-++---+++--++-+-----++-++-+++-++-+-+-+++-+---+-+-++-+--+-
--+--+++--+++--+-+-+-++-+-+--++--++-++--+-++-+++-+--+---+----
--+++--+++++-+-+--+--+++------+-+++---++-++-++-+---++++++--+-
-+++++++-++++++--+++---++++-+--+---+-++-----+++---++---+---+-
-+-+---+++--+---+++-+-+----+++-----+++-++-++-+++++-++++------
-+-+--+---+++++-++----++++-+++----++-++-+-------+++++---+++--
-+-++--++++++++-+-++++--++++++--+++++---+++---++-+++-+-+-----
--+-++-+--++-+--++----++++-++------+--+-+-+--++--9---++-+----
-----+----++++++-------+++--++-+-+---+-+-++--+++-+-+--++-+++-
-+-+++-+--+++++-+++-+--++--+++++++---+--++++-+++--++-+++--+--
----+-++++--+--+-++---+--+-+++--+-+-+-++--+---+---++--++-+++-
-++-++-+++--+-+++-++-+-+-+++++-+-+------++---+--++---+--+++--
-+--++++++-+-+++++++-+++-+-++++++----+---+--+--+--++---+-+---
---+--+-+-+-++-+-+-+9-+--++++++---+++++++++-+---+--------++--
-----+-++-+-+--+---+-++-+-+++++-+-+--+--+++---+---+-+++--+---
--+-+-+-+--++-+-++-++---+-++-++++--++++-+++-++-+-++-++-+-+-+-
-+---++--+--+--++-++-++++-+-++---+--++-++--++-+-+++---+------
--+-+-+++-+-+---+--+-+--+-++-+----++-++----+----+++-----++---
-+++++----++-+--+++-++--+++-+-+++------+-++--+--++-++++-++++-
--+---+---+++----+-++-++-+-+-++--+++++---+++--++-++--++------
--+-+++++-+-+--+--+-++-++--+-+--++----++-+++----++--+-+---++-
-+++-+----+-+------+++--+-+-+---+-+++++----++-+++-++-+++--++-
--++-++-++----+--+-+-+-+-+-+--++-+-+++-+++++-++--++--++++++--
-+--+-+--+-+--+++-+--++---+-+++-+--+--+-+++-+++--+++++-----+-
--+-+-+--+-+---+++-+---+-+++-+--++----+-+-+-+--++-+++---+++--
-+++-9--+-+++++-++--+++--++--+++---+++----+-++-+-+---+---+---
-+-+++++--+--+-----+-+---+++---++++++++----+++-+--++++++++---
--++-+-++----+-----+-++-++++-+----++--+-+++++--++-+--+++-----
--++++++--++++++++---+++--++++-+--+-+++--+-++++-+++--++-++++-
-+-----+--------+-----+---++++++++-+-+++---+---+-+-+--+---+--
--+++++-++-+++++-++-----++-+++----+-++---+------+-+--+--+++--
----+-+--+-+-+---++---+----+----++--++-+--+---+--+-++++-+--+-
---+++++-+-++--+-+-+++--------------+-+---++++-++++----+++---
-+++-++-+----+--+-+++--+------+++---++--+--+----+9+--+-+-+---
-++++---9++-----++---++++-+++++-+++--++++---------++-++-+-++-
-++-----++-+-+-+--++++--+++--++--++-+++-+---+---+--+-+-+++-+-
-++-++------+--++-+-+-+-+-+-----+--+++-+---++---+-++-++---++-
-++---+----+-+--++--+++-+--+++--+-+-++---+-+++-++--+-+-+--+--
-+--++++++++++++-+--++-----++-++-+---++-++++----+-+-------+--
-++-++-+-++-+++--+---+----+-++--+++++-----+-+-+++-+----+--++-
--------+++++-+-+--+-++--+--+++-++--8+++--+-+-+-+-++++---+++-
-+-+----++---+++----++-++++-+---+---+--+---++-+--++-----+--+-
---+++--+++-++++--++-+-+-+---+-+-+++++-+---++--++-++++-+-++--
-+++--++++----+-+--+--+----++++--+++----+++----+----+-+----+-
-+++-++++--+-+-++--+---------++-+-++---+-+--+-+++--+--+++----
---++6--+---++-+-++-+--++-++++++-++-+--++++++++-++-++-+--++--
-+-+-++--++-+-+++---+++++-+--++--++----++-++-++----++-++-+-+-
-+++--++-----+++--+--++-+---+-++----+++++++-+--+--++-+--+++--
-+---+++++------++-++-+-++-----+++---++-+++---+++---+---++---
-+-------++++-+--+-+----++-+++++--+---++++++++++++---+++--++-
-++-+-+--+---+--+--+-+---+-+++-+-+--+-+-+--++-+--+-------+-+-
--------+---++-++---+---+-++++-+---+-+++----++--+-+-++-+-----
--+-+-+--++-+--++----++-+---++--+---+----+++-+-+--+-+-+-++-+-
-++----+-++-+++-+-++++---+---+-----++-+++-++-+++--+-+-+----+-
----+---+-++--+-+++-+-++--+-++++--+-++-+++-+-+-+++---+-+-----
--+-+-+-++++++---++-+-++---++++-----+++++-+++-++-+--+--++-++-
--++-+-++-+-+++++--+++----+---+--------+-------++--+----++-+-
-+---++--+-++---+-+++++-+++--++-++-++-+-+-+-++----+++-++-+---
-+-++-+-+++++-++++-+-++--+-+-+--++---++-+-----+--+---+-++-++-
--+--+--+----+--+--++---+---------++-+++-++8--+-+-+--++-+--+-
--++---+----+-+-++--++--+++-+-+-++----+-+++++-++-++--+-++-++-
--+---++-------+------+-+--------+-+---++--+++-++--+-++----+-
-+-+--+-++-+----+--++-++----+-+----+--+--+++++++----+-+++--+-
-++++--++-+---+-+++++-++++-+--++-++-------+++++++--++-+-+++--
--+--++--++-+--++---++++---+++++---+--+++-+++------+-+-+-++--
--+++-+--++-++-++--+++++-+++-++-++++-+-+-+++--+---++-+--+-++-
--+--+++++--++-+-++--+----+++--+---++-++---+--++-++--+-+-----
-+-+-+--+-+---++-++--+++-++-+---+++-+--++--+++--+-++-+-+--+--
-+--++-++++---+--+++----++-+---++------++-+-+++---++-++-+++--
--+++--+++++--+++----++-++----++-+----+++-++-++-+++-+--+---+-
-+--+++++++++++----++-++---+--++++--+-++-+++--+--+++-++---+--
-+++--+-+-+-----++++---+-++--+++----+++-+-++-+---++++-+--+-+-
---++-----++-++-----+---+-++++-+-++++++--+++-+-----++++++--+-
------++++--++-+++-+--+--++---+--++--++-++-+-+-++---+-+--+---
---+---++-+-+++---+++-+--++--+--+++------++---+-----+-++++---
----+--+--++--++--8+-+++----+----+-++---+++-+++--+-++--+-+++-
--+-++-+-+---++++-+++++-+++-+++++-+--++++--+++++++-+-++++-+--
-------------------------------------------------------------

Generation = 200 Population = 2744.
-------------------------------------------------------------
-+---+--+-----+-+++-+---+-+---+++---+-++---+----++---++++++--
-+--++++--++---+--+-++--++-++-+-++-+--+-+----++-+--+----++++-
-++++-+-++--++-++--+----++++---+-+-+-++-+-+--+-++----+-+---+-
-+++++++---++-----+--++----++-++-++++++++-+--+++-+-+--+--+++-
---++---+---++++++++++++-+-++-+--++++-++-++-+--------+----+--
---+-+++--+---+++----+-+--+-+-+-+++++--++-+---++----++++++-+-
-++-+----+-+-+-+++++++++-+++---+--+--++--+-++-++-----+-+++-+-
-+--+-++-+-+-++--++--++-+++++-++++-+-+++++---+++++-+--+-++++-
-++---++-+-+-+++++++----++-++--++-+++-+++-+-----+++-++----++-
-++----+--++++--++--+++++-++--++-+-+++-+--++++-+-+++++----+--
----+--+++----++++--+--+-+-+--++-+++--++---+---+--+++++++-++-
-++--+-----+-++-+-+--+-+-----+-++--++-----+-++-++++--++---++-
--+++-+--++++-++-+++--+---+++++---+-+-+---++++++--+-++++-----
-+--+----+-+----++---++-++---+-++-+-----+-+++--++-++-++---+--
-++----++--++----+---+++++-+--+-----++++-+++--++---+---+++---
--+++-----+-++-++++----++-+--++--++++-+-+----++-+-+++++------
--+-+--++--++-++----++-++--++----+++++++-++-----+---++++++-+-
-++-+-------++++---+-++++-++++---++----+--++++--++-++-----++-
-+-++-++--++---+--+-+++--++--+-++++-+++-++-------++++----+---
------+-----+++-+-----+-++-+++++++-++--+--+-+-+-++-++++++-++-
--+++--+-+-+-++-+--+-+-++-+----+-+-+--+++-++----+--++-----++-
------+++-+-+++--++---++--+++-++-+++-+--+-++--+-++--++++-++--
--++---+----+++--++--+----+-+-++--++---+++---++-++-++-+------
--++-+-+++++--+----+---+++-+-++++++--+++-++-+-++--++-+-------
-+-+--------++-+--+-+-+---+-++-++++++--+-+--+---+--++-++++---
-+-+-----+++++--+---+--+-+--+---+++----+-----++-++----+-+--+-
-++---+--+++++--+---++--++-----++-+-+-+++-+-++--+-+++---++-+-
-+++-++---+-++--+-+--------+++-++----+------++---++-+--+-++--
-+-+++-++++---+--+++----+++++++----------+++++-+-+-++-++-----
-+-++++---++----+------+--+-+-+-+++-+----+--++--++--+-+--+---
-+--+-+----++++++-++-+-++-+++-+++--++--++----++--+-+---+--++-
--+--+--+-+-+----+++----++++-----+--+-+-+++--+++++---++------
-++-+++-----+-+--+++---+++++--+-+++--+--++-+-+++-++-++++-++--
-+--+--+--+-+-----+++-+--+-+--++--++++-+---+++----+-+-++++---
---+-++-+--+-++++--+----+++--++---++-+-+-++++++-+-+--+---+-+-
--+-+++-++++-+-----+---++-+--+--+++---+--+-++++++-+--+-+-----
---+-+---+-+---+-++-+-+-+---+---+-++++---+-+----++++---++++--
-++-+-+++-+--+++-+++----+++-+-++++-++++-+--+-+-+--++------+--
---++---+-+-++----+-+++--+-++-++++-++----+---+++-+--++-+---+-
-++++-++--++--++-++++-++--++-+++-----+-+-+--+-+-+-+-++-++-++-
--+-----+++++++-++-+-----++-++++--+++-+-+--+--++++++-+---+-+-
-+-+++++++++-+-+--+-++++--++++-+---++-+++-+----+-++-++-++-+--
-+--+++-----+-+--+-+++--+--+--+--+-+-++-+++++++--++-++-++-++-
---+++-+-+++++-+-+-++-+---++--+--+---+----++-++-+---+-+---+--
-+++-+--++---++-+--+++++--++--+-+----+--+++-++----+--+-+-+++-
---++---+---+++-++---+--++++--++--+-+--++---++-++++-+---+++--
-+-++--++----++++-+--+-+---+-++--++++---++---++--+-+++++++++-
--+-+-++--+----+-+-+-++--+++---+-+--++++++++--+--+-+--+---+--
---+--+---+-+++++-++---+--+-++-+-++++-+-+-+-++---+++++-++-++-
-+-+-+-------+++++-++-+++--+++++--+++-----+--+-++--+---+-----
-++++-++---++---++--+++++-++++-+-----++---+-+++--++---++-+++-
---+----------+-+-+---++-+++---+-++-+-+--+++++-+----++--+-++-
--+++++++-----+-+--+-++++-++-+++----++-+-+--++++-+-+-+----+--
--++----+--+--+-++-+-+----+-+++-++++--+-+--+----+-+++--+++---
-+--+++++-++-++-++++-+---+---++++---++-++-++-++-----+++--+---
-++-++----++-++++----+--+--+-+++----++----+-++-++--+++-+++++-
--+++++--+-+-++++--++-++-+++--++++-+--++-+-++--++-+-++-+---+-
-++--+-+--++--+++--++++--+---+-----------++++++++-+--+++++-+-
-++----+++-+---+--+-++--+--++-+--+---++++---+++---+-+-+++----
-+--+--+++--+-+-+-++-++++-+----+-++++-+-++-++-+-+-++++++-+---
-++-++-++++++--++-+-+---+-+--+-+-+-+++-++++----++++--++---++-
-++-+---++-+-++-+++++--+++-+--+----++-++--++-+++--+-+---+-++-
--++++-++----+-++++----+++++----+---+++-+-++++-+-++-+++--+-+-
---+---+-+++-++-++-----+-+--+-+---+-+++---+-+++++-++----++++-
--+-----++++-+-++-+-++--+------+--+++-+++--+++--++-+----++---
--+---++-+-+++----+--++-+-------+-+---++-+-----++-++--++-+---
--++--++--++--+--+-+---+++-++-+----+-++-+++---+--++-+-+--++--
-++-+++-+++--+-+-++-+++++++-+-++-+-+--+-++--+-+++--+--+--+-+-
--++-++-++++-+--+++--++++-+----+------+++----++---+-++-------
------++-+-----+----+-+-+--+++---++------+----+-++-+-----+---
--+++--++-+++-+---------+---+-+-+++----++--+-+-+-++-+---+-+--
-+-++++-+++-+-+-+------+--+-++++---+--+-+--++-+++++--+-+++++-
---++-++-++--++-++-+++-----++--++-++++-+++++---+++---+---++--
--++++-----+-++------+---+-++----++++++--+++-+++++++++----++-
--++++-+------+++++-+-+-+++++---+-+++-+++-------++-+------+--
--+---+++--++-+--+---+-++-++-+--++++-+++++----+-++--+-+++--+-
-++++-+--+--+---++++++-++--+++++-+++----++++---+--+--+++-----
-+++--+-+-+-+++-+-++-+++-+--++-+++++--++-+-++-+-+-------+--+-
--+--+--+++-+---++---+-+--++--++++++++---+-++-+-++--++----++-
-+------+---+++-++-++-+-++++-------+-+++-++-+--++--++++-++++-
--++-++++++-+-+----++-+-++++--+-++--++-++---+---+++-+----+-+-
-++----++--+-+++++--++--++-+++-+++---++--+-+---+--+++------+-
--+++---+--+-+-++-+--+---+-+--+++---++-+-++---+-+--++-++++++-
-+-+-+++-++--++---++++-+---+--+-++----+++-+++++-+--+------+--
----+++-+++-+-++++-+--+--+-+--+--++-++--++-++---++--++-+++-+-
-+-+-+-+--++--++--+---+-+--+++-+--+--++-++-+++--++++++++++-+-
-+-+----+++++++-+++-+--++-------++-+++-++++-------++--+----+-
-++-----+--++-++---++-+-------+---++---+-+-++----++++++--++--
-+++-++++--+--+++-+++++++--++-++-+-+--+-++++----++-++++++----
-++--+++-+-+-+++-------+-+----+--++--+++-----+--++--++-+--++-
--+-+-++-++-++-+-----+---++-+++++---+-++++--+-+-+-+-+-+-+--+-
-+--+-+-+++++-+-+++++-++++--++-++-----+++-++++-+++++-+-++-++-
-------------------------------------------------------------

Generation = 400 Population = 2755.
-------------------------------------------------------------
-++--++--------+-+++-+-++-++--+++-+-+++-+-++++++++--+++---++-
-++-++--++-+---+-+--+----+++---+-+-+--+++---------++----+++--
----+--+--++--++--++---+++-+-+-++-++-+----++-++---++--++---+-
-+-+--+--+---++++++-++++--+-++-+----+++---+--+---+-+---+++++-
-+---++-++-+----++++-+---++---+++++-+++--++--+-++-+---++--+--
-+-+++-+--+-++-++-+-----+-++-+-+++-+------------++++-+--+----
---++-+----+---++---++++-----+-+++--+-+-+++++-+--+---+-+++-+-
-+-+++---++-++-++++---++-+-+-+-+++++++++--+--+++--+-----+++--
----+++----+-++---++++++-+--+++---+---++---+++-++++-+++-+--+-
-++-+-+++------++-++-++-+-++-++-+-++-+---+-+-++--++-+++-++---
---++-++--++-++----+---+--++-+++-++++---+--+----+-++++--+----
-+--++--++++-++-+++++++++++------+---------+---+-+++-+--++++-
-+--++-+-+-++-++++-+-++++++-+++-+---+--+++++-+++++--+--+++++-
-++-+------+++++-++-+-++-+-+++-+-++-++--+-++++++++-+-+--+-+--
-++-+++-------+-++++-++-++----++--++-++----++--+++-++--+++-+-
---+++-++++--+----+--+-+++-+---++-++--+----++--++---+---++---
--+-+--+++----++--+-++-++++---+---++++-+--+-+++++-+++--+--+--
-+-++--+++++---+--++--+++++-+-++-+++----++-+++-++--+++---++--
--++-+-++-++--+++-+-----++-+-++--+-+-+--+---++-+----++++--++-
-+++++-+----+---+---++------+++++-+-++-+++--+++-+-+-++++-+-+-
-+-+++-+-++++++-+--+++-+--+---+++++-+-+++-++-+--++-+-++++-++-
-++----++++---+-+---+++-+++++-+++--+--++-++---+---+------+++-
--+-+-++--+++--+-++-+--+++---+--++-++-+--+-+-----++++++++++--
----+++++--++--++--+-+--+++-+-++---+--+-+-----+----++--+-++--
--++-+-+--+++-++++++---++--+--++--+++--++----++--+-+++---++--
-++-+++--+--+-++++------+++-++--+-+--+-+---+-+-----+-+-+-+---
--------+-++-+-+----++----++++--++++-+-++---+--+-++-+++-++-+-
--+++++---++-++-+--+--+-++++-+-+-+----+-+++-++++++--++-++-++-
------++-+-++++++-----+++---+-+-----+-+-----++---++-+---+-+--
--+-+++-+-+--++--++++++--+-+--+---+-++++++---+++-----+-+-+---
-+++-+-+-++++-+----++-+++-+-+++++--+++++--++-++++++--+--+-++-
-+------+-+----++-----+-++++++--+--+++++---+++-+----+---+----
--++-+-+--+---+-+++---+-+--+++--++---+-++--+-+-+---+------++-
------+-++---+--++++----+++++++--+-++--+-+-+++-+-+-+++++++++-
---+-+-------++++-+-----++--++---+--+-+--++-++-+--+---++--++-
-+-+++++++-+--+---+++++-+-+-+-+------++--+++++------+++++-+--
--+--+++------+--+-+---+----++-++--+-++-++-++--+-+----++-+---
-+-+-+++-----++-++-+--+-+--+---+++-+-+--++-+--++-+++++---+-+-
-++---+++----+-+--+-+++----+-++---+-+---+-+-++-+-+++++-+--++-
--+-++-+------+-+--+---++-+--+------+--++-+-+++-+-++---++-+--
-+++++-++-----++--+++-+-+--++-+++-++----++-+-+-+-+++--++-+---
-------------+++++----+-+++--+-++++++---+-++++-+--+++----+---
-+++--+++----+-+++--+-+-----++-------+--+-++++-+---++++--++--
----++--++++---+--+-------++-+--++--+-++++-+--+-+++--+-+-+-+-
-+--+-++---+++-----+++---+++----+---+++-+++-----++-+++-++----
--++++---+++---+--++-+++-++--+-+-+++---++++--+++--------++---
-+-+-++--+-++++-++++-+----++---+-+---++--+-++-++-+++++---+---
-+-+-+++++++-------+---++-+++-+---+--+++-++++---+++-+--+-+---
------+--++++++---+--+++++++++--+-+-++-++++--+-+++-+--+-++++-
-+-+-++-+++-----+-++-----+++-+-++++++-++++-+----++++------+--
-+--+++-++-++++-+-++-+-++--+---+++----++-+--++--+-+--++++----
--++--++++-++++-++-+++-++-++------+++--+++------+-++-+----+--
--++++-++-++++++-+--+-++++++--+-++++--++++-++++----++++--++--
---+++-+++-+------+--+---+----+--++----+++-++-+--+-+-++++++--
-++++++-+-+++++---+-++-+-+---+---+----++++-+-+++-++---+--++--
-++-+-+-++++-+-+-+---++++-++++-+-++++++++++-+--+-+-----+---+-
-+-+---+-++++-+-+++--+++++++-++------+----+-+-+--+-+-+----++-
---+---+--++-+-+-+++-++++---+--+++---+++----+++---+++-+++-++-
-+--+-++---+---+----++++++-++--++-++--+-+-+------+-+-+-+--++-
--+++-+++-+-+++--++++--+++-+--+-++------+--+++--+++++-+--+---
-+----+++++-+-+++--+--+-++++-++-+-+-+++-+-++--+-+--+---+--++-
---++--+++-+--++-+--++++--+--+----+------+++--+++++++--+-----
-+++--+-+++--+-+---++--+-----+-++--++----++--+++++------+-++-
-++---+-+++++--+-++---++---+-+++++----++-----+---+-+----++++-
-+-+---+-+-+---+-++++++++-++++--+++++-+-+-+++++++++---+++-+--
-+++-----++++-+--+--+++---+--++++++-++-+++-+--+-++-+-+++-++--
---+++--+++++-++-++++-+-----+++-+++--++++-----++---++-++++-+-
-+-+---+++++--+-+--+-++-+++++++-++++----+++-++-+++++-+++-++--
-+++++-+-+---+++++-+-++++--+-----------+++-+---+-+--+-+++--+-
-+----++--+-++-----+++---+++++--+-++++---+++-++-+-++-++--+-+-
-+++-+--+---+-++++-+-++++--++++--+-+++++------++-------+-+++-
-+++-++-+--+-+++---++-+-+------+--+-++-+--++++-+++++----+----
--+-+-+--+++--+--+-++--+-++---+-+-+-+++----++-++++---+++---+-
---++-++++-+-+-+--+------+-++++--++++-++++----+++-++-+-------
--+++--+---++++---+++++--+---+++--+--+--+--+--+-++-+--+-+-+--
----+--+--++-++++-+-+-++-----+++++-+---+--+-+-++++-+++--++---
-+--++-+-+-++--+++---++-++++-+---++-+-+++-+--+---+-+-+++++-+-
---++++----+----+--+-+--+-----+++++--++-+++--++-+------+---+-
---+-++--++-----+--++---+++-+-++--+++-+--+--+----+--+---++---
-----+++++-----+++-+-+-+++--++++---+---++-++-++-++-++---+++--
-+--++-++++--+----++-+-+-+--+++++--+--+-++--++-+++++----+----
--+--+-+++--++--+-+++---++++-++++-+--+-+----------++-++------
-+-----+-+---++-+++---++-+++-+---+-++-----+---+-+++++---+++--
-+-+-+--++--++---+++++--+-+-+---++++++--+-+---+---+--+---++--
-++-+--+++-+---+++++-+-+--++--+---+-----+-+---+-++-+-+----+--
--+-+-+--+--+++-+--++-++-++-+++-++--+++++++--+-+++---+++++++-
----+++--+-------+-----+--+-+-+---+++++-+-+++-+--++-+++--+-+-
-+++++---+--++-+-+-+----+-+--++++--+-++-+-+--+--+++-+++-+--+-
--+++++++--+-+----+--++++++++-+---+--+--+++----+--+++--++----
-+-++++-+--+-++++++-----++-+-++++---+-+++++--++++-++-++-+--+-
--+++--+-+-+++-+---------+++-+-----+++-++---+++++-+++--+++-+-
--+---+---+--+-+---+--+-+---+--+++++---+++--+---+-+-+---++---
-------------------------------------------------------------

Generation = 800 Population = 2727.
-------------------------------------------------------------
--+-+-+-++--+-+++-++--+++-+++--++++---+++-+--+-+-+-+---+++-+-
--+-++++-+--+++-++--+----+-+-+-+++---+--++-+--------++--+----
-----+--+-+--+-++++-+++-+---+++++-+-+++++--+++--+---++-+--+--
--+++-+-++++++----+-++-+-+++-++----+-+---++----+-+-----+++++-
--+--+--++-++-+---+++-+++-++---+++-+---++---+-+-----+--++----
--+-++-++--+++-++---+---++++-+-++----+----+------++-+++----+-
---+-++-++-++------++-++----++---++-++-+--++-+-+++++-++-+----
-+------++++-+--+-+--+-+--++++++-+++++-+++--+++++-+------++--
--+++++-+---++--++-+-+--+++-+-++--+++++++-+-+-++++-+-+---++--
-+-+++---+-+++--+---+++-+----+-----++-++---+-++-+-+++-++++++-
--++-++++--+-+++-+-+++-+++++--+-+-++----+++-+---+-+----------
--+-----++++-+++--+----++-+++++-+--+++++--++------+++-+---++-
-----++++--+-+-++++-----+----++++--++++-++--++-------++---++-
--+-++---+++++++-++-++--+-+-++-++-++-+--++++++++-+---+-+++-+-
-+-+++---++-+---++-++--++-+++-+++++++----+--+++++++-++-+-----
--++++--+--+-+-++--+++--++++++++-++---++++++---+++-+--++--+--
-----++++------+-+-+--+-+++-+-+-+-+++-----+-+++--+++-++++++--
-+++--+-++++-+-----++++--+----++++-++-+-+++-+---+++--+---+++-
-----++--+--+++-++--+--------++-+--+--+++++-++----++-++-++-+-
-++----++-+---++-+-++---+---+-+---+-++--++-++--+---+---+-----
-+--+++++-+--++-----+-++---++-++-+---++---+-++-+-+++++-++-++-
-+++--++--+-+-+--++-++---+++-++--++++-+-+-+++-++-+---+--++++-
----++---+---+---+--+--++-+-------+--++++-+-+--++-++++++-+-+-
----+----+-+++---++++-++-++-+-+-++++++++---++++-+-+---+------
--+++--++-+--+-+-+--+++--+-+---+-+++--+-++-+-++++++-+++-+++--
-++++--+-++--+-++-+-++---+---+---+-++-++---+----------+---++-
--++-+-++-+---+-+-+-++++-++-+++--+-++-+---+--+---++++-++-+---
-+--+--++++++-+-+-++++++-+--+--+++-+++-+++-+++-+-------++++--
--++----+++----+-++++++--++++++-++-+-+++++-+--++-----++-+-++-
------++--+-+-++-+----+-+++--+----++---++++--+++++++-++--+++-
-----+--+--++-----+++-++--++++----+++++--+-+------+-++-+++-+-
-++-+++-+-+---++---+--++++--+---+++-+++++--+-++-+--+++--++---
-++-++-+--+-++++-++--+--+-++---+++-+++-+----+--++-+-++-+--+--
-++++----+-+-+---+--+++---+-++++++-++--+---+++-+++++-++--++--
--+-+++--+-+---+-+-+-+-+++-+--+-----+--+++++--++--++---+++++-
---+++++----++-+--+-+-----++-----+-+--+---++++--++---+++-+---
-+---++-+-++++-++-+++-------+--+++---++-+++++++-++-+++-+--+--
-++---++++---+-+-+--++-++---+---++-++-+--+-+--+--+-++------+-
--++--++--+-+-++++----++++++---+++----+---------+-+---++-----
-+----++--+-++++++---+++-+---+++-+--+---+---+-+--+--+++++-++-
-++-+-+-++++---+++--+-+-+-++--+++-+---++++--+++--+++-+-+---+-
-+--+-++++-++--++--+----+--+--+-+++++--+++--------++--++--++-
-++--+----+-++++-+-+-+--+++--++--+-------++-----+---++++-----
-++--+++----+----++-+++++----+++----+---++-+----++------++---
-++++--++--+--+--+-----++++-+-+++++--++--++-+------+-------+-
-++-++-+-+++++-+++-+-+--+++-++-+-+++-++++-++--++-+++++-+--++-
-++-++----+-+++-++---+---++----+--++++-+-+--+--++-+----+++---
--+--+---+++-+++++--+++--+-+-+---++++++++-+-+++++-+++-+--+-+-
-+-+-+-----+++-+---------+---+-++----+--++-++--++-+-++--++-+-
-++--++++--+--+-++---+--+++--+-+--+--++-+-++-+++-+++---+++---
--+-+----++-++---+---++++---+++--++-+++----+++-+--++-+-------
-+----++---+++++----++---+-++--++-----++-+--+-++-+---++--+++-
-++---++-+++-++-+++-+++++++---++-----+++++-+++--++-+-+-+--++-
---++---+-+---+--+++++++------++--++--++-+--++-+-+----+-+--+-
-+++-+-+--+--+------++++++-+----+--++++----++---+++-++++-+++-
--+---++---+-+++---+-+--++++--+--++--+++-+-++----+----++-+---
-++++-+-++++--+------+--+-+-+++-++-++-++---+++-++--++---+-++-
-++-+-++-+-++------+---+-+-+++--+++-+--+-+-++--+--+-++---++--
-+-++--+----+-+------++--+------+-+-+----++--++-+-+-+-+-+----
-+-+-++-++-+------++++++++---++--++----++++---++-+++++---+---
-++-++--+-++++--+-+------+--++---++-++++-+---++-+--++++-+++--
----++-++-+-+++++---+++--++---+-+++---++++-++-----++--+--+-+-
---+--++-+--++++++----++---+++----++--++++---+----++++---+++-
-+--+++-----+--+++-+-----+-+-+--+-++++-------+--+++-----+-+--
-+++----++-+-++++++-+++---++-+-++--++--+-++---+--+--++----+--
--------+--+--++-+--+++-+---+----++-+-++++--+-+-++-+---+-+-+-
----++-+++++++++-+-++-----+-----+--+--+--+++--+++-++-+++-+++-
-++-+++---+++-+-+----------++-+-+--+-+--+++-+-++--+--+--+-+--
-+-----------+---+--+--++-+-+------+-+-+--++++++++-----++----
-+++-+-++-++-+++--++--+-++-+--+--+-+++++-+---++-+--+-++-++-+-
--++---++-++++-+++-+--+-++++-++--++-+--++++-+--+---+++++-+---
-++-++-+++---+-++-+-+-----++++++---+----+++++--++--++--+-++--
----++--++++-+--+++-+--+--+----+++-+++-++--+-+-++-----++++-+-
--+---+---+----+---+-+-++--+----+++-----+++-+-+-+-+-+++--+-+-
-+++-++++--++++++-+------++--+-++++-+-++--+++++--+++++--++---
-+--+++++--++-++-+-+--++--+++++--+--+----+++++---++-+++------
--+-+--+--++-+-++-++-++--++-+-+--+-+--------++-+-++++---++---
--+++--++++---+++--+-++---++----+--+-++-++-++------+--+++--+-
-+--++++-++-+++--+---+-+---+---+-+--+-----+-+++-+--++++-++-+-
---+-+-++--++---+++--++---+-++-++-+-+-+++--+--+-+++++--+--++-
-----+-++++++-+----+-------++-++--+++--+-+-++++-+-++-+-++----
-++-+-+--+--++-+-++-+---++-+----++-+--+++-++-+-++++-+-++-++--
--++++++-+++--++-++++---+-++-++++++-----+++--++--+----++-----
--++-+-------+-+---+++-+-++-++++--+---++-++----+++---+-+--++-
-+-+-+-+-++-+++-++-+-++++---+++++-++--+-+++-+--+-+-+-+-------
---+++-----+++-------+---+--+------+-+-----+-+-+---+++-+-+++-
----++-+-+++++++--++++++++-++--++++-+-+--+++---+-++++-+----+-
---++-++++---+-+-+++-+-+--+--+-+-+-++---+++-+-+-++-+--++--+--
-+-----++---+---+-++--+-+-+-+-+--+-+---+-+++--+++-++------+--
-+++-+-++----++-+++-++-++---+--++-++++++++----+-+++++--++++--
-----+-+++-+++++++--+++---++++-+-++++++-+-++--+-++--++-+-++--
----+-++--+++-+-++-+-+-+----++++--+-+---++++++-+--+--+++++---
-------------------------------------------------------------

Generation = 1600 Population = 2726.
-------------------------------------------------------------
-+++---+-+-+-+-++-++----+---++---+-------+-+-+--++----+-+++--
-+---+--+-++-++++-+---+-+++-+++---+++--+------++-+++---+++-+-
--+--++-+++++--++--++++++++++++-+-+-+-+-+--++-+-+-+----+-++--
--+++--+-++++++++-+++-+++---+++++-+----++-+--++-+-+++++++--+-
--+----+------+++--+++---+-++-+-++----++---+-------+-++++++--
-+++-+----++-----+-----++--++-++-+--+-+--++-+-+-+---++--+-+--
-+------++-+++-++--++++-+-+-------+-++++---++--++--+-+++-+---
-+++++++--+++-+--+-+-+-++-+-+-++-++-+-+---+-++-+++++----++---
-+-+++++++---+--+-+-+--++-++++++-+-+-+-++---+--++++++---++---
-+-++-+---+-+--+-+++-++--++-----+-+-++------+++-++----+-+++--
--++--+-++-++--+++-++++++-+-++---+++++-----+-++--+++--+-+----
---+-+-+++-+---+---+++-----+++-++-+++---+++--+--+---++--+----
--+----++---++-+--++-+++++-++------+-++--+---+-+++-+--+-+----
------++---++-+-----+-+--+++++------+--+-+-++-+++-+-+--+-++--
-+--++-++-+-+---++-+-+-+-+++---++++-++---+--++---+-++--++++--
--++++-+-+-+++++++-+-+++++-+++-+---++-+-++++--++---+-++++--+-
-+----++-+----+---++--+-+-+++-++---++++-+++-+++-++-+++++-++--
-+----+----++-+-----+++-+-+++++++-++--+-+--+---++++-++-++-++-
-+-+-++------++--+--++--++-++--+++++-+-+-+++--+-+-++++++--++-
-+++---++--++---+----+-+-++-+-+++++++-+++-+-----+-++++-++-+--
-+-++++-+---+-+---+--++-+----++++-++---+-++-++-----------+++-
-++-+--+-+++-----++---+--+--------+--++-+-+++--++-++-++-+-++-
-++-++++++--+++--+++++-+---++++++++-++--+-+--+-++-++--++-----
-++-++++--+----+---++-++--+--+-------+---+---++--+-----+++-+-
-+-++---+-++-+-+++-++-++----+--++----++++++---++-++-+-+--+++-
-++++--+++-++++-++----+-++-+---+-+-+++-+++-----++-+--+++-+---
-+++-++-++-+-+++-+---+++-+-++--+++++-++-+---++-++---+----++--
-----++-+++++-+-----++-++-++++----+++-++--+++----++++-++--+--
-++-++---+++---+++---+-+--++++++++++-----+++-+---++++++-++++-
----+++----+----++-+-+-++--+++-+----+--------++----------+-+-
-++-+++-+-+---+++-+-+-+--+----++-++++----++--+--+---+-+--+---
-+---+-+--+++--++-+-+++----+-++++-+-+-++++++-+---+++-+-+-+-+-
----+-++-++----+-+-----+-+--+----++-+-++++++++-++---++--+--+-
---+---+++-+++-+--++++++--++--+-++--+++--+-++++-+++----+--++-
-+-+----++++--+-++-++++++-------+-+-+--+-+-+++-----++++---++-
---+++--+++--++-+--+-+-+++++-+-++++-+-++--+-++--++--+-++-+-+-
-+-+----+--+++++++---+-++-+++++-+--+-+----++++-----+---+--++-
-++-+-+++-+-+-++-+-+-+--+-++-++++-++++-++--+++++--++--+--+-+-
-+--+--+--++-++++--++++++++++++-+--+++---++--++-+--+-+-+-++--
-----+-+--++--+-++-+-+++-+--+-++-++--+-+-+-+--+-+-++++---+++-
-+--++-++-+-+++---++-+-----+-+---+++++++--+---+++--+++-++-++-
---+-+--+++--+-+---++------+++-+-+++--++-++-+---++--+--++++--
-+----+---+++++-+---+-++--++++--+-++++-+---+------++------++-
-+-+-+-+----++-++---+++++-+-+--+--+--+++-+++++--+-----+--+---
----+++-+--+-++---+++-+--++---+--+-++-+-+---+-+-+----+++--++-
-++--+--+--++---+---+-++++-+-+--+--++----+-++-++--+--+++--++-
--+-++--+---+-++++++++---++++++++-++-+--+-++++---+-+-+-++++--
--+++---++++---+-+--+-+---+++++--+++-+++-+--++-----+--+++-+--
-++++-+----+--++++------++++-+---+-----+-++-++-+-++--+-+++---
-++++-+-++--++++++++-+--+--++----+-+-++++-+-+++----++++-+-+--
---+-+--++--+--+++-+-+--+++--+++++-++-+++-++--++++----+++--+-
--+++--+---+-+-+--++----+---++++-+--++---++-+++---++-+---++--
-++-++-++--++-+-+--+++---++++++++--++++--+-+++-+-+--+++--+-+-
-+-+---+--+++++-++-++-++-+--+--+++-++--++++++--+-++-+++++----
-+++-++-++-+---+++--+++-++---+--+-+++-+-+---+--+++-+---++-+--
----++--++----+----+---------+-+--+-+-----+++---+-+++-++-+---
-+++--++-++----+++--+++++-+-+-++--+++-++++++---------+++++++-
------+-+++-+-+-+++--++---+----++---+-+---++--+++---+---++---
-+-----+++--++-+--++---+++-+-++++--+-++-+--+-+--+-++---+++---
-++++-++-+-++--+-+---+++-+--++++--+-++--+--++-++--+-++++-+---
--+-++-+++-----+----+++-+--+--++++-+++---++-+++++-+-++-+--+--
--+--+--+++-++---+++-+--++-++-+--+++-++-+--+-+-+++-+-+--++++-
--+--++---++---++--+-+-+-+++-+-+--+++--+---------+--+---+-++-
--++++-+---+++++++-------++-------+-++++++--------++---++-++-
--+--+--++++---+-+++--++-++--+-++++-+---+-++-+---+--++-+-----
--+--+-+-+-+----++++--+++++++-++++-+-++--++----++---+---++-+-
--+++---------+-+---++--++++-+--+-------++++++++-+-----------
-+++--++-++-+-+--+-+-+-+-+--+-+--+++++---+----+--++-+++--+++-
----+--+-----+++----++--++-+-+-++--+++++--+-+-+-++-+---++--+-
--++--+-+---+++-+--+--+-+------+++++----++-+-+-+--+--+-++-++-
------++-----++-++-+---++----+--+++++++-+++++-+-++-+---+---+-
--+--+++-------+--+---++-+++-+----++--+++-+----+-+---+++--++-
--+--+++-+-++++--+--+-+++--+++--++-+-+++++--+-+-++-+---+--++-
-----++-+-+---+-+--+---++-++++++-----+----+-++----+-++--+----
-++-++++-+--+-+----+++--+++---+--++++--+-+---+++-++-+--+-++--
---++--+++--+-++++++---++-+-+---+-++--+-+----++-+-+++++--++--
-+++++--+-++++++-++-+---++----+++++-+++++-++-++-+-++------++-
-+-++--+----+-----+-++++--+++-+-+--+++--+---+--+++-+--+------
--++---+---+-++--+---++------+-+++---++--+++--+-+---++----++-
-+++-+---+-++---+++--++-+-+-++++------++++++-++--+-+--+++++--
-++++----+----+++--++++---+--+--+++-+---++++---+++--+-++--++-
--+-+--++-+-+-+----++++--+---+------+--++++-----+++-+-+-+++--
---++++++-+----+-++---+++-++-+---+++-++-----+--+++++-+--+--+-
--+++-+---+-++-++-+-+-+++-+-++-++++-+---+-+---++++--++-+--++-
-++---+----+++---++-----+--+-++---++----+++-++-+--++++++---+-
--+---+-+++-+--+--+++--+-----+++--++------++----++-+---+-+-+-
----+++---+--+++-+--+-++++-++-+++++---++-++--++--+++++++-----
-+--++++----------++-----++-+--+-++-+++-+--+----++-----+-----
--++-+++--+----++-+++--+--+-++-+--+-+++++--+-+-+-++---+--+---
-+-+--+++++--+++---++--++--++-+++-++----+-+-+--+------+-+--+-
-++-+++-+--++----++-----+++++--+---+++--++++----++++-+--++---
--+++-++---++--+-----++++++-----+-+-+--+-++++-++--+-++--++-+-
-------------------------------------------------------------

