*** Life<ConwayCell> 109x69 ***
Generation = 0, Population = 5
.....
.....
.***.
.*.*.
.....

Generation = 1, Population = 5
.....
..*..
.*.*.
.*.*.
.....

Generation = 2, Population = 3
.....
..*..
.*.*.
.....
.....

Generation = 3, Population = 2
.....
..*..
..*..
.....
.....

Generation = 4, Population = 0
.....
.....
.....
.....
.....

Generation = 5, Population = 0
.....
.....
.....
.....
.....

Generation = 0, Population = 16
*****
*...*
*...*
*...*
*****

Generation = 1, Population = 20
*****
*.*.*
**.**
*.*.*
*****

Generation = 2, Population = 8
*.*.*
.....
*...*
.....
*.*.*

Generation = 3, Population = 4
.....
.*.*.
.....
.*.*.
.....

Generation = 4, Population = 0
.....
.....
.....
.....
.....

Generation = 5, Population = 0
.....
.....
.....
.....
.....

Generation = 0, Population = 10
*.........
.*........
..*.......
...*......
....*.....
.....*....
......*...
.......*..
........*.
.........*
..........
..........
..........
..........
..........

Generation = 1, Population = 8
..........
.*........
..*.......
...*......
....*.....
.....*....
......*...
.......*..
........*.
..........
..........
..........
..........
..........
..........

Generation = 2, Population = 6
..........
..........
..*.......
...*......
....*.....
.....*....
......*...
.......*..
..........
..........
..........
..........
..........
..........
..........

Generation = 3, Population = 4
..........
..........
..........
...*......
....*.....
.....*....
......*...
..........
..........
..........
..........
..........
..........
..........
..........

Generation = 4, Population = 2
..........
..........
..........
..........
....*.....
.....*....
..........
..........
..........
..........
..........
..........
..........
..........
..........

Generation = 5, Population = 0
..........
..........
..........
..........
..........
..........
..........
..........
..........
..........
..........
..........
..........
..........
..........

Generation = 0, Population = 10
.........*
........*.
.......*..
......*...
.....*....
....*.....
...*......
..*.......
.*........
*.........
..........
..........
..........
..........
..........

Generation = 1, Population = 8
..........
........*.
.......*..
......*...
.....*....
....*.....
...*......
..*.......
.*........
..........
..........
..........
..........
..........
..........

Generation = 2, Population = 6
..........
..........
.......*..
......*...
.....*....
....*.....
...*......
..*.......
..........
..........
..........
..........
..........
..........
..........

Generation = 3, Population = 4
..........
..........
..........
......*...
.....*....
....*.....
...*......
..........
..........
..........
..........
..........
..........
..........
..........

Generation = 4, Population = 2
..........
..........
..........
..........
.....*....
....*.....
..........
..........
..........
..........
..........
..........
..........
..........
..........

Generation = 5, Population = 0
..........
..........
..........
..........
..........
..........
..........
..........
..........
..........
..........
..........
..........
..........
..........

Generation = 0, Population = 50
.*.*.*.*.*
*.*.*.*.*.
.*.*.*.*.*
*.*.*.*.*.
.*.*.*.*.*
*.*.*.*.*.
.*.*.*.*.*
*.*.*.*.*.
.*.*.*.*.*
*.*.*.*.*.

Generation = 1, Population = 32
.********.
*........*
*........*
*........*
*........*
*........*
*........*
*........*
*........*
.********.

Generation = 2, Population = 56
.********.
*.******.*
**......**
**......**
**......**
**......**
**......**
**......**
*.******.*
.********.

Generation = 3, Population = 24
.*......*.
*........*
...****...
..*....*..
..*....*..
..*....*..
..*....*..
...****...
*........*
.*......*.

Generation = 4, Population = 32
..........
....**....
...****...
..*.**.*..
.***..***.
.***..***.
..*.**.*..
...****...
....**....
..........

Generation = 5, Population = 8
..........
...*..*...
..........
.*......*.
..........
..........
.*......*.
..........
...*..*...
..........

Generation = 0, Population = 32
.*.*.*.*
*.*.*.*.
.*.*.*.*
*.*.*.*.
.*.*.*.*
*.*.*.*.
.*.*.*.*
*.*.*.*.

Generation = 1, Population = 24
.******.
*......*
*......*
*......*
*......*
*......*
*......*
.******.

Generation = 2, Population = 40
.******.
*.****.*
**....**
**....**
**....**
**....**
*.****.*
.******.

Generation = 3, Population = 16
.*....*.
*......*
...**...
..*..*..
..*..*..
...**...
*......*
.*....*.

Generation = 4, Population = 8
........
........
...**...
..*..*..
..*..*..
...**...
........
........

Generation = 5, Population = 8
........
........
...**...
..*..*..
..*..*..
...**...
........
........

Generation = 0, Population = 13
*.....*
.*...*.
..*.*..
...*...
..*.*..
.*...*.
*.....*

Generation = 1, Population = 12
.......
.*...*.
..***..
..*.*..
..***..
.*...*.
.......

Generation = 2, Population = 16
.......
..***..
.**.**.
.*...*.
.**.**.
..***..
.......

Generation = 3, Population = 16
...*...
.**.**.
.*...*.
*.....*
.*...*.
.**.**.
...*...

Generation = 4, Population = 32
..***..
.*****.
***.***
**...**
***.***
.*****.
..***..

Generation = 5, Population = 8
.*...*.
*.....*
.......
.......
.......
*.....*
.*...*.

Generation = 0, Population = 61
....................
.........*..........
...*.**........****.
...*...*.*.....*..*.
...*...*.......*..*.
...*.**..*.....*.**.
....................
.........*..........
....................
.........*..........
....................
*..*..*..*..*..*..*.
....................
.*....*..*..*.....*.
..*..*.......*...*..
...*.*...*....*.*...
....*....*.....*....
...*.*...*....*.*...
..*...*..*...*...*..
.........*..........

Generation = 1, Population = 59
....................
................**..
....*.*.*......****.
..**...**.....**..**
..**...*......**..**
....*.*.........***.
....................
....................
....................
....................
....................
....................
....................
....................
..*.***......*...*..
...*.*........***...
...*.*..***...*.*...
...***..***...***...
........***.........
....................

Generation = 2, Population = 57
....................
...............*..*.
...*....*.....*....*
..*.*.*.*...........
..*.*.***.....*.....
...*...........*****
.................*..
....................
....................
....................
....................
....................
....................
.....*..............
...****.......***...
..**.....*...**.**..
..**.**.*.*..*...*..
...*.*.*...*..*.*...
....*...*.*....*....
.........*..........

Generation = 3, Population = 62
....................
....................
...*...*............
..*.*.*.**..........
..*.*.*.*......****.
...*...*.......****.
.................*..
....................
....................
....................
....................
....................
....................
.....**........*....
..**.**......**.**..
.......*.*...*...*..
.....******.**...*..
..**.*.**.**..***...
....*...***....*....
.........*..........

Generation = 4, Population = 64
....................
....................
...*...**...........
..*.*.*.**......**..
..*.*.*.**.....*..*.
...*...*.......*....
.................**.
....................
....................
....................
....................
....................
....................
....***.......***...
....**.*.....*****..
....*....**......**.
....**......**.*.*..
...*.*......*****...
...**..*...*..***...
........***.........

Generation = 5, Population = 58
....................
....................
...*...***..........
..*.*.*.........**..
..*.*.*..*.....*.*..
...*...**.......***.
....................
....................
....................
....................
....................
....................
.....*.........*....
....*.*......*...*..
...*.........*....*.
...*..*.....*.....*.
...*.*.....**..*.**.
...*.**....*.....*..
...**...*****...*...
........***....*....

Generation = 0, Population = 224
********************
*..................*
*.****************.*
*.*..............*.*
*.*.************.*.*
*.*.*..........*.*.*
*.*.*.********.*.*.*
*.*.*.*......*.*.*.*
*.*.*.*.****.*.*.*.*
*.*.*.*.****.*.*.*.*
*.*.*.*.****.*.*.*.*
*.*.*.*.****.*.*.*.*
*.*.*.*......*.*.*.*
*.*.*.********.*.*.*
*.*.*..........*.*.*
*.*.************.*.*
*.*..............*.*
*.****************.*
*..................*
********************

Generation = 1, Population = 212
********************
*..................*
*.****************.*
*.*..............*.*
*.*.************.*.*
*.*.*..........*.*.*
*.*.*.********.*.*.*
*.*.*.*......*.*.*.*
*.*.*.*.*..*.*.*.*.*
*.*.*.*......*.*.*.*
*.*.*.*......*.*.*.*
*.*.*.*.*..*.*.*.*.*
*.*.*.*......*.*.*.*
*.*.*.********.*.*.*
*.*.*..........*.*.*
*.*.************.*.*
*.*..............*.*
*.****************.*
*..................*
********************

Generation = 2, Population = 208
********************
*..................*
*.****************.*
*.*..............*.*
*.*.************.*.*
*.*.*..........*.*.*
*.*.*.********.*.*.*
*.*.*.*......*.*.*.*
*.*.*.*......*.*.*.*
*.*.*.*......*.*.*.*
*.*.*.*......*.*.*.*
*.*.*.*......*.*.*.*
*.*.*.*......*.*.*.*
*.*.*.********.*.*.*
*.*.*..........*.*.*
*.*.************.*.*
*.*..............*.*
*.****************.*
*..................*
********************

Generation = 3, Population = 224
********************
*..................*
*.****************.*
*.*..............*.*
*.*.************.*.*
*.*.*..........*.*.*
*.*.*.********.*.*.*
*.*.*.*.****.*.*.*.*
*.*.*.**....**.*.*.*
*.*.*.**....**.*.*.*
*.*.*.**....**.*.*.*
*.*.*.**....**.*.*.*
*.*.*.*.****.*.*.*.*
*.*.*.********.*.*.*
*.*.*..........*.*.*
*.*.************.*.*
*.*..............*.*
*.****************.*
*..................*
********************

Generation = 4, Population = 192
********************
*..................*
*.****************.*
*.*..............*.*
*.*.************.*.*
*.*.*..........*.*.*
*.*.*.*......*.*.*.*
*.*.*..........*.*.*
*.*.*....**....*.*.*
*.*.*...*..*...*.*.*
*.*.*...*..*...*.*.*
*.*.*....**....*.*.*
*.*.*..........*.*.*
*.*.*.*......*.*.*.*
*.*.*..........*.*.*
*.*.************.*.*
*.*..............*.*
*.****************.*
*..................*
********************

Generation = 5, Population = 204
********************
*..................*
*.****************.*
*.*..............*.*
*.*.************.*.*
*.*.*...****...*.*.*
*.*.*..........*.*.*
*.*.*..........*.*.*
*.*.**...**...**.*.*
*.*.**..*..*..**.*.*
*.*.**..*..*..**.*.*
*.*.**...**...**.*.*
*.*.*..........*.*.*
*.*.*..........*.*.*
*.*.*...****...*.*.*
*.*.************.*.*
*.*..............*.*
*.****************.*
*..................*
********************

*** Life<FredkinCell> 20x20 ***
Generation = 0, Population = 19
00--------
-00-------
--00------
---00-----
----00----
-----00---
------00--
-------00-
--------00
---------0
----------
----------
----------
----------
----------

Generation = 1, Population = 3
1---------
----------
----------
----------
----------
----------
----------
----------
----------
---------1
---------0
----------
----------
----------
----------

Generation = 2, Population = 8
-0--------
0---------
----------
----------
----------
----------
----------
----------
---------0
--------02
--------01
---------0
----------
----------
----------

Generation = 3, Population = 10
--0-------
----------
0---------
----------
----------
----------
----------
---------0
---------1
-------0-3
-------0-2
---------1
---------0
----------
----------

Generation = 4, Population = 20
-0-0------
0-0-------
-0--------
0---------
----------
----------
---------0
--------01
-------00-
------01--
------01--
-------00-
--------01
---------0
----------

Generation = 5, Population = 12
--0-0-----
----------
0---------
----------
0---------
---------0
---------1
----------
----------
-----0-2--
-----0-2--
----------
----------
---------1
---------0

Generation = 0, Population = 50
0000000000
----------
0000000000
----------
0000000000
----------
0000000000
----------
0000000000
----------

Generation = 1, Population = 20
1--------1
----------
1--------1
----------
1--------1
----------
1--------1
----------
1--------1
0000000000

Generation = 2, Population = 16
-0------0-
----------
-0------0-
----------
-0------0-
----------
-0------0-
----------
2-000000-2
----------

Generation = 3, Population = 36
1-0----0-1
----------
1-0----0-1
----------
1-0----0-1
----------
1-0----0-1
0000000000
--1----1--
0-000000-0

Generation = 4, Population = 16
---0--0---
----------
---0--0---
----------
---0--0---
----------
201-00-102
----------
---0--0---
----------

Generation = 5, Population = 44
--0-00-0--
----------
--0-00-0--
----------
--0-00-0--
0000000000
3-2-11-2-3
0000000000
--1-00-1--
---0--0---

Generation = 0, Population = 36
0000000000
0--------0
0--------0
0--------0
0--------0
0--------0
0--------0
0--------0
0--------0
0000000000

Generation = 1, Population = 24
----------
--000000--
-0------0-
-0------0-
-0------0-
-0------0-
-0------0-
-0------0-
--000000--
----------

Generation = 2, Population = 48
--000000--
--1----1--
01-0000-10
0-0----0-0
0-0----0-0
0-0----0-0
0-0----0-0
01-0000-10
--1----1--
--000000--

Generation = 3, Population = 40
-0------0-
0-20--02-0
-2-1--1-2-
-01-00-10-
---0--0---
---0--0---
-01-00-10-
-2-1--1-2-
0-20--02-0
-0------0-

Generation = 4, Population = 40
---0--0---
--3-00-3--
-3-2--2-3-
0-2-11-2-0
-0-1--1-0-
-0-1--1-0-
0-2-11-2-0
-3-2--2-3-
--3-00-3--
---0--0---

Generation = 5, Population = 24
----------
----11----
----00----
----22----
-102--201-
-102--201-
----22----
----00----
----11----
----------

Generation = 0, Population = 29
0-------------0
-0-----------0-
--0---------0--
---0-------0---
----0-----0----
-----0---0-----
------0-0------
-------0-------
------0-0------
-----0---0-----
----0-----0----
---0-------0---
--0---------0--
-0-----------0-
0-------------0

Generation = 1, Population = 4
---------------
---------------
---------------
---------------
---------------
---------------
-------0-------
------0-0------
-------0-------
---------------
---------------
---------------
---------------
---------------
---------------

Generation = 2, Population = 4
---------------
---------------
---------------
---------------
---------------
-------0-------
---------------
-----0---0-----
---------------
-------0-------
---------------
---------------
---------------
---------------
---------------

Generation = 3, Population = 16
---------------
---------------
---------------
---------------
-------0-------
------0-0------
-----0-0-0-----
----0-0-0-0----
-----0-0-0-----
------0-0------
-------0-------
---------------
---------------
---------------
---------------

Generation = 4, Population = 4
---------------
---------------
---------------
-------0-------
---------------
---------------
---------------
---0-------0---
---------------
---------------
---------------
-------0-------
---------------
---------------
---------------

Generation = 5, Population = 16
---------------
---------------
-------0-------
------0-0------
-------0-------
---------------
---0-------0---
--0-0-----0-0--
---0-------0---
---------------
-------0-------
------0-0------
-------0-------
---------------
---------------

Generation = 0, Population = 18
0-0-0-
-0-0-0
0-0-0-
-0-0-0
0-0-0-
-0-0-0

Generation = 1, Population = 8
-0-0--
0-----
-----0
0-----
-----0
--0-0-

Generation = 2, Population = 8
----0-
---0-0
----0-
-0----
0-0---
-0----

Generation = 3, Population = 4
------
--0---
-0----
----0-
---0--
------

Generation = 4, Population = 8
--0---
---0--
0---0-
-0---0
--0---
---0--

Generation = 5, Population = 4
-0----
0-----
------
------
-----0
----0-

Generation = 0, Population = 224
00000000000000000000
0------------------0
0-0000000000000000-0
0-0--------------0-0
0-0-000000000000-0-0
0-0-0----------0-0-0
0-0-0-00000000-0-0-0
0-0-0-0------0-0-0-0
0-0-0-0-0000-0-0-0-0
0-0-0-0-0000-0-0-0-0
0-0-0-0-0000-0-0-0-0
0-0-0-0-0000-0-0-0-0
0-0-0-0------0-0-0-0
0-0-0-00000000-0-0-0
0-0-0----------0-0-0
0-0-000000000000-0-0
0-0--------------0-0
0-0000000000000000-0
0------------------0
00000000000000000000

Generation = 1, Population = 8
--------------------
--------------------
--------------------
--------------------
--------------------
--------------------
--------------------
--------------------
---------11---------
--------1--1--------
--------1--1--------
---------11---------
--------------------
--------------------
--------------------
--------------------
--------------------
--------------------
--------------------
--------------------

Generation = 2, Population = 16
--------------------
--------------------
--------------------
--------------------
--------------------
--------------------
--------------------
---------00---------
---------22---------
-------02--20-------
-------02--20-------
---------22---------
---------00---------
--------------------
--------------------
--------------------
--------------------
--------------------
--------------------
--------------------

Generation = 3, Population = 16
--------------------
--------------------
--------------------
--------------------
--------------------
--------------------
---------00---------
--------0--0--------
-------0----0-------
------0------0------
------0------0------
-------0----0-------
--------0--0--------
---------00---------
--------------------
--------------------
--------------------
--------------------
--------------------
--------------------

Generation = 4, Population = 16
--------------------
--------------------
--------------------
--------------------
--------------------
---------00---------
---------11---------
--------------------
--------------------
-----01------10-----
-----01------10-----
--------------------
--------------------
---------11---------
---------00---------
--------------------
--------------------
--------------------
--------------------
--------------------

Generation = 5, Population = 32
--------------------
--------------------
--------------------
--------------------
---------00---------
--------0--0--------
--------0--0--------
---------00---------
-----00------00-----
----0--0----0--0----
----0--0----0--0----
-----00------00-----
---------00---------
--------0--0--------
--------0--0--------
---------00---------
--------------------
--------------------
--------------------
--------------------

Generation = 0, Population = 48
0-0---0-0-
0-000-0-0-
-0-0--0-0-
-0-0------
0-000--0-0
0--000000-
-0--0-0--0
-00000--00
-0---0--0-
-0-000---0

Generation = 1, Population = 53
1-1-001-10
10-11----0
-10--01-10
-10---0000
101----10-
1-----1110
-1-0--1-01
01--1--0--
0---0-0010
01-1--0---

Generation = 2, Population = 47
20-0--2-2-
---2-0--0-
-2---1-0-1
-210---1--
-1-0--0210
2000-0-2--
02---02---
--0-20010-
-0--1--1-1
-2---01-00

Generation = 3, Population = 53
31-10---30
1-03-1--1-
03--02-11-
03--00----
----0-1--1
-----1-3-0
--00-1-00-
01---1121-
01-02002-2
030--1201-

Generation = 4, Population = 48
-21-1--0-1
--1--20---
1----3-2-1
--101--100
11-01---12
--00-21411
0-11--21--
-----22---
1201---3--
-41---312-

Generation = 5, Population = 53
33--------
1-23--10--
-3-0-41312
--21--0-11
22-1--1223
---103252-
----013--1
-1--23-2--
23122004--
-----14230

Generation = 0, Population = 78
-0-0-0-0-0-0-
-0-0-0-0-0-0-
-0-0-0-0-0-0-
-0-0-0-0-0-0-
-0-0-0-0-0-0-
-0-0-0-0-0-0-
-0-0-0-0-0-0-
-0-0-0-0-0-0-
-0-0-0-0-0-0-
-0-0-0-0-0-0-
-0-0-0-0-0-0-
-0-0-0-0-0-0-
-0-0-0-0-0-0-

Generation = 1, Population = 38
01-1-1-1-1-10
0-----------0
0-----------0
0-----------0
0-----------0
0-----------0
0-----------0
0-----------0
0-----------0
0-----------0
0-----------0
0-----------0
01-1-1-1-1-10

Generation = 2, Population = 30
-2---------2-
---0-0-0-0---
-0---------0-
-0---------0-
-0---------0-
-0---------0-
-0---------0-
-0---------0-
-0---------0-
-0---------0-
-0---------0-
---0-0-0-0---
-2---------2-

Generation = 3, Population = 68
0-01-1-1-10-0
--0-------0--
0100-0-0-0010
0-0-------0-0
0-0-------0-0
0-0-------0-0
0-0-------0-0
0-0-------0-0
0-0-------0-0
0-0-------0-0
0100-0-0-0010
--0-------0--
0-01-1-1-10-0

Generation = 4, Population = 30
---2-----2---
---0-----0---
---1-----1---
-0---0-0---0-
---0-----0---
---0-----0---
---0-----0---
---0-----0---
---0-----0---
-0---0-0---0-
---1-----1---
---0-----0---
---2-----2---

Generation = 5, Population = 84
--030---030--
--0-0---0-0--
-10200-00201-
0-0-0---0-0-0
-00100-00100-
--0-0---0-0--
--0-0---0-0--
--0-0---0-0--
-00100-00100-
0-0-0---0-0-0
-10200-00201-
--0-0---0-0--
--030---030--

Generation = 0, Population = 64
-----------------
-----------------
-----------------
-----------------
-----------------
-----------------
-----------------
-----------------
-----------------
--------0--------
-------000-------
------00000------
-----0000000-----
----000000000----
---00000000000---
--0000000000000--
-000000000000000-

Generation = 1, Population = 19
-----------------
-----------------
-----------------
-----------------
-----------------
-----------------
-----------------
-----------------
--------0--------
--------1--------
-----------------
-----------------
-----------------
-----------------
-----------------
-----------------
01111111111111110

Generation = 2, Population = 27
-----------------
-----------------
-----------------
-----------------
-----------------
-----------------
-----------------
--------0--------
-------010-------
-------020-------
--------0--------
-----------------
-----------------
-----------------
-----------------
00000000000000000
1---------------1

Generation = 3, Population = 40
-----------------
-----------------
-----------------
-----------------
-----------------
-----------------
--------0--------
--------1--------
------0---0------
------0---0------
--------1--------
--------0--------
-----------------
-----------------
00000000000000000
-----------------
2-1111111111111-2

Generation = 4, Population = 55
-----------------
-----------------
-----------------
-----------------
-----------------
--------0--------
-------010-------
------00200------
-----0101010-----
-----0102010-----
------00200------
-------010-------
--------0--------
00000000000000000
1---------------1
-0-------------0-
--2-----------2--

Generation = 5, Population = 42
-----------------
-----------------
-----------------
-----------------
--------0--------
--------1--------
-----------------
-----------------
----0-------0----
----0-------0----
-----------------
-----------------
00000000-00000000
--------1--------
20000000000000002
-----------------
---1---------1---

*** Life<Cell> 20x20 ***
Generation = 0, Population = 64
-----------------
-----------------
-----------------
-----------------
-----------------
-----------------
-----------------
-----------------
-----------------
--------0--------
-------000-------
------00000------
-----0000000-----
----000000000----
---00000000000---
--0000000000000--
-000000000000000-

Generation = 1, Population = 19
-----------------
-----------------
-----------------
-----------------
-----------------
-----------------
-----------------
-----------------
--------0--------
--------1--------
-----------------
-----------------
-----------------
-----------------
-----------------
-----------------
01111111111111110

Generation = 2, Population = 27
-----------------
-----------------
-----------------
-----------------
-----------------
-----------------
-----------------
--------0--------
-------010-------
-------0*0-------
--------0--------
-----------------
-----------------
-----------------
-----------------
00000000000000000
1---------------1

Generation = 3, Population = 40
-----------------
-----------------
-----------------
-----------------
-----------------
-----------------
--------0--------
--------1--------
------0---0------
------0-.-0------
--------1--------
--------0--------
-----------------
-----------------
00000000000000000
-----------------
*-1111111111111-*

Generation = 4, Population = 54
-----------------
-----------------
-----------------
-----------------
-----------------
--------0--------
-------010-------
------00*00------
-----0101010-----
-----010.010-----
------00*00------
-------010-------
--------0--------
00000000000000000
1---------------1
-0-------------0-
.-*-----------*-.

Generation = 5, Population = 45
-----------------
-----------------
-----------------
-----------------
--------0--------
--------1--------
-----------------
--------.--------
----0---*---0----
----0--1.1--0----
--------.--------
-----------------
00000000-00000000
--------1--------
*000000000000000*
-----------------
.-.1---------1.-.

Generation = 6, Population = 72
-----------------
-----------------
-----------------
--------0--------
-------010-------
-------0*0-------
--------1--------
----0---.---0----
---010--*--010---
---0101-*-1010---
----0--0.0--0----
00000000-00000000
1------101------1
-------0*0-------
.-------1-------.
000-000000000-000
.-.-1-------1-.-.

Generation = 7, Population = 88
-----------------
-----------------
--------0--------
--------1--------
------0---0------
------0-.-0------
----0---*---0----
----1---.---1----
--0----0.0----0--
--0--1*1*1*1--0--
0000-001.100-0000
----1--111--1----
*-0000-*1*-0000-*
0-----0-.-0-----0
.00-0000-0000-00.
1-1-----1-----1-1
.1.1*-11111-*1.1.

Generation = 8, Population = 128
-----------------
--------0--------
-------010-------
------00*00------
-----0101010-----
----0010.0100----
---01000.00010---
--00*0-0*0-0*00--
-01010-1.1-01010-
0---1-.-.-.-1---0
1-110-1*.*1-011-1
-0-0*0-***-0*0-0-
.-1-110.*.011-1-.
1--0-010.010-0--1
*1--1-11111-1--1*
--*--0-0*0-0--*--
.-**.-*-*-*-.**-.

Generation = 9, Population = 65
--------0--------
--------1--------
-----------------
--------.--------
--------*--------
-------1.1-------
------11.11------
----.101.101.----
-1*1---*.*---1*1-
1--0--.-.-.--0--1
*0**10**.**01**0*
----.--...--.----
.------...------.
*-------.-------*
**------*------**
1-*-----.-----*-1
.1**.-*1*1*-.**1.

Generation = 0, Population = 78
-0-0-0-0-0-0-
-0-0-0-0-0-0-
-0-0-0-0-0-0-
-0-0-0-0-0-0-
-0-0-0-0-0-0-
-0-0-0-0-0-0-
-0-0-0-0-0-0-
-0-0-0-0-0-0-
-0-0-0-0-0-0-
-0-0-0-0-0-0-
-0-0-0-0-0-0-
-0-0-0-0-0-0-
-0-0-0-0-0-0-

Generation = 1, Population = 38
01-1-1-1-1-10
0-----------0
0-----------0
0-----------0
0-----------0
0-----------0
0-----------0
0-----------0
0-----------0
0-----------0
0-----------0
0-----------0
01-1-1-1-1-10

Generation = 2, Population = 30
-*---------*-
---0-0-0-0---
-0---------0-
-0---------0-
-0---------0-
-0---------0-
-0---------0-
-0---------0-
-0---------0-
-0---------0-
-0---------0-
---0-0-0-0---
-*---------*-

Generation = 3, Population = 68
0.01-1-1-10.0
--0-------0--
0100-0-0-0010
0-0-------0-0
0-0-------0-0
0-0-------0-0
0-0-------0-0
0-0-------0-0
0-0-------0-0
0-0-------0-0
0100-0-0-0010
--0-------0--
0.01-1-1-10.0

Generation = 4, Population = 34
-*-*-----*-*-
---0-----0---
---1-----1---
-0---0-0---0-
---0-----0---
---0-----0---
---0-----0---
---0-----0---
---0-----0---
-0---0-0---0-
---1-----1---
---0-----0---
-*-*-----*-*-

Generation = 5, Population = 84
0.-.0---0.-.0
-00-0---0-00-
-10*00-00*01-
0-0-0---0-0-0
-00100-00100-
--0-0---0-0--
--0-0---0-0--
--0-0---0-0--
-00100-00100-
0-0-0---0-0-0
-10*00-00*01-
-00-0---0-00-
0.-.0---0.-.0

Generation = 6, Population = 48
-*0*11-11*0*-
---0-----0---
---.-1-1-.---
-----0-0-----
-1---1-1---1-
---0-----0---
-0---0-0---0-
---0-----0---
-1---1-1---1-
-----0-0-----
---.-1-1-.---
---0-----0---
-*0*11-11*0*-

Generation = 7, Population = 70
0.-*-*-*-*-.0
-0-1-----1-0-
---.0*-*0.---
-0--0---0--0-
0-010*-*010-0
--0-0---0-0--
0-0-0---0-0-0
--0-0---0-0--
0-010*-*010-0
-0--0---0--0-
---.0*-*0.---
-0-1-----1-0-
0.-*-*-*-*-.0

Generation = 8, Population = 38
-.0.-.-.-.0.-
---*-----*---
---*-*-*-*---
-----0-0-----
-1---*-*---1-
-0-0-----0-0-
-----0-0-----
-0-0-----0-0-
-1---*-*---1-
-----0-0-----
---*-*-*-*---
---*-----*---
-.0.-.-.-.0.-

Generation = 9, Population = 62
-.-.-.-.-.-.-
---*00-00*---
--0.-.-.-.0--
-0-00---00-0-
0*010.-.010*0
01--0---0--10
----0---0----
01--0---0--10
0*010.-.010*0
-0-00---00-0-
--0.-.-.-.0--
---*00-00*---
-.-.-.-.-.-.-

Generation = 0, Population = 224
00000000000000000000
0------------------0
0-0000000000000000-0
0-0--------------0-0
0-0-000000000000-0-0
0-0-0----------0-0-0
0-0-0-00000000-0-0-0
0-0-0-0------0-0-0-0
0-0-0-0-0000-0-0-0-0
0-0-0-0-0000-0-0-0-0
0-0-0-0-0000-0-0-0-0
0-0-0-0-0000-0-0-0-0
0-0-0-0------0-0-0-0
0-0-0-00000000-0-0-0
0-0-0----------0-0-0
0-0-000000000000-0-0
0-0--------------0-0
0-0000000000000000-0
0------------------0
00000000000000000000

Generation = 1, Population = 8
--------------------
--------------------
--------------------
--------------------
--------------------
--------------------
--------------------
--------------------
---------11---------
--------1--1--------
--------1--1--------
---------11---------
--------------------
--------------------
--------------------
--------------------
--------------------
--------------------
--------------------
--------------------

Generation = 2, Population = 16
--------------------
--------------------
--------------------
--------------------
--------------------
--------------------
--------------------
---------00---------
---------**---------
-------0*--*0-------
-------0*--*0-------
---------**---------
---------00---------
--------------------
--------------------
--------------------
--------------------
--------------------
--------------------
--------------------

Generation = 3, Population = 16
--------------------
--------------------
--------------------
--------------------
--------------------
--------------------
---------00---------
--------0--0--------
-------0-..-0-------
------0-.--.-0------
------0-.--.-0------
-------0-..-0-------
--------0--0--------
---------00---------
--------------------
--------------------
--------------------
--------------------
--------------------
--------------------

Generation = 4, Population = 16
--------------------
--------------------
--------------------
--------------------
--------------------
---------00---------
---------11---------
--------------------
---------..---------
-----01-.--.-10-----
-----01-.--.-10-----
---------..---------
--------------------
---------11---------
---------00---------
--------------------
--------------------
--------------------
--------------------
--------------------

Generation = 5, Population = 32
--------------------
--------------------
--------------------
--------------------
---------00---------
--------0--0--------
--------0--0--------
---------00---------
-----00--..--00-----
----0--0.--.0--0----
----0--0.--.0--0----
-----00--..--00-----
---------00---------
--------0--0--------
--------0--0--------
---------00---------
--------------------
--------------------
--------------------
--------------------

Generation = 6, Population = 56
--------------------
--------------------
--------------------
---------00---------
---------11---------
-------01--10-------
-------01--10-------
-----00--11--00-----
-----11--..--11-----
---01--1.--.1--10---
---01--1.--.1--10---
-----11--..--11-----
-----00--11--00-----
-------01--10-------
-------01--10-------
---------11---------
---------00---------
--------------------
--------------------
--------------------

Generation = 7, Population = 40
--------------------
--------------------
---------00---------
--------0--0--------
-------0----0-------
------0------0------
-----0--------0-----
----0----**----0----
---0-----..-----0---
--0----*.--.*----0--
--0----*.--.*----0--
---0-----..-----0---
----0----**----0----
-----0--------0-----
------0------0------
-------0----0-------
--------0--0--------
---------00---------
--------------------
--------------------

Generation = 8, Population = 32
--------------------
---------00---------
---------11---------
--------------------
--------------------
--------------------
---------11---------
--------0..0--------
-------0-..-0-------
-01---1..--..1---10-
-01---1..--..1---10-
-------0-..-0-------
--------0..0--------
---------11---------
--------------------
--------------------
--------------------
---------11---------
---------00---------
--------------------

Generation = 9, Population = 56
---------00---------
--------0--0--------
--------0--0--------
---------00---------
--------------------
---------00---------
---------**---------
---------**---------
-00------..------00-
0--0-0**.--.**0-0--0
0--0-0**.--.**0-0--0
-00------..------00-
---------**---------
---------**---------
---------00---------
--------------------
---------00---------
--------0--0--------
--------0--0--------
---------00---------

Generation = 0, Population = 50
0000000000
----------
0000000000
----------
0000000000
----------
0000000000
----------
0000000000
----------

Generation = 1, Population = 20
1--------1
----------
1--------1
----------
1--------1
----------
1--------1
----------
1--------1
0000000000

Generation = 2, Population = 16
-0------0-
----------
-0------0-
----------
-0------0-
----------
-0------0-
----------
*-000000-*
----------

Generation = 3, Population = 36
1-0----0-1
----------
1-0----0-1
----------
1-0----0-1
----------
1-0----0-1
0000000000
.-1----1-.
0-000000-0

Generation = 4, Population = 18
---0--0---
----------
---0--0---
----------
---0--0---
----------
*01-00-10*
----------
*--0--0--*
----------

Generation = 5, Population = 44
--0-00-0--
----------
--0-00-0--
----------
--0-00-0--
0000000000
.-*-11-*-.
-00000000-
.01-00-10.
0--0--0--0

Generation = 6, Population = 26
-0--11--0-
----------
-0--11--0-
----------
1-10--01-1
1--------1
*0.-**-.0*
0--------0
*--------*
----------

Generation = 7, Population = 52
1-00**00-1
----------
1-00**00-1
0000000000
*-*1001*-*
--000000--
*1.0..0.1*
----00----
.0------0.
0--------0

Generation = 8, Population = 30
--1-**-1--
----------
*0-1..1-0*
1--------1
*0.----.0*
----11----
.*.1..1.*.
0---11---0
.-1-00-1-.
----------

Generation = 9, Population = 38
-0--..--0-
0000000000
*1--..--1*
-0-0--0-0-
*1.-00-.1*
1---**---1
...-..-...
--0----0--
.0------0.
--0-00-0--

Generation = 0, Population = 36
0000000000
0--------0
0--------0
0--------0
0--------0
0--------0
0--------0
0--------0
0--------0
0000000000

Generation = 1, Population = 24
----------
--000000--
-0------0-
-0------0-
-0------0-
-0------0-
-0------0-
-0------0-
--000000--
----------

Generation = 2, Population = 48
--000000--
--1----1--
01-0000-10
0-0----0-0
0-0----0-0
0-0----0-0
0-0----0-0
01-0000-10
--1----1--
--000000--

Generation = 3, Population = 40
-0------0-
0-*0--0*-0
-*-1--1-*-
-01-00-10-
---0--0---
---0--0---
-01-00-10-
-*-1--1-*-
0-*0--0*-0
-0------0-

Generation = 4, Population = 32
---0--0---
--.-00-.--
-.-*--*-.-
0-*-11-*-0
-0-1--1-0-
-0-1--1-0-
0-*-11-*-0
-.-*--*-.-
--.-00-.--
---0--0---

Generation = 5, Population = 48
--0----0--
--.0110.--
0.-*00*-.0
-0*-**-*0-
-10*--*01-
-10*--*01-
-0*-**-*0-
0.-*00*-.0
--.0110.--
--0----0--

Generation = 6, Population = 32
-0--00--0-
0-*-**-*-0
-*-.--.-*-
--.-..-.--
0*-.--.-*0
0*-.--.-*0
--.-..-.--
-*-.--.-*-
0-*-**-*-0
-0--00--0-

Generation = 7, Population = 32
---0--0---
--*-**-*--
-*-.00.-*-
0-.-..-.-0
-*0.--.0*-
-*0.--.0*-
0-.-..-.-0
-*-.00.-*-
--*-**-*--
---0--0---

Generation = 8, Population = 24
----------
--*0..0*--
-*-*--*-*-
-0*-..-*0-
-.-.--.-.-
-.-.--.-.-
-0*-..-*0-
-*-*--*-*-
--*0..0*--
----------

Generation = 9, Population = 40
--00--00--
--*-..-*--
0*-*00*-*0
0-*-..-*-0
-.0.--.0.-
-.0.--.0.-
0-*-..-*-0
0*-*00*-*0
--*-..-*--
--00--00--

