*** Life<ConwayCell> 20x20 ***
Generation = 0 Population = 132
........*....*...*..
...***...**...*..*..
***....*...*....*...
*....*...*...*...*..
...*...*.....*...*..
**...*.....*...*....
..***....***...****.
...***....***...*...
....*..*..**..**....
****.....***....*...
....................
***************...*.
**......***....*....
**...*...*.......**.
...*...*.....****...
**....*...***....*..
...**..***...*..***.
...****....*...*....
......****.....***..
**...**...****......

Generation = 1 Population = 132
....*....*..........
.****...***.....**..
****.**.**......**..
*.*...*.*...*...**..
**..*.*.....*.*.*...
.*.........**.**..*.
.**......*.....*.*..
..*..*......*.*.....
.*...*.........**...
.***.....*.*...*....
.....***.....*......
*.******...****.....
...*........***..**.
***......**......*..
..*...*...*******.*.
..***.*..****.....*.
..**...***......***.
...*......*...**..*.
........**....***...
.....**.*****...*...

Generation = 2 Population = 110
..*.*...***.........
*......*..*.....**..
*....**...*....*..*.
....*.*.**...*......
*.*..*.*....*.*.*...
...........**.*..*..
.**........**..**...
..*...........*.....
.*.**.........***...
.**.**........***...
.......**.**.*......
..**...*...*........
*....**...*...*..**.
.***.....**.........
.....*.......****.*.
.*..***.......*...**
.......**......**.**
..**...*..*...*...*.
.......**....**.**..
.......**.**....*...

Generation = 3 Population = 128
........***.........
.*...****.**....**..
.....**.*.*.....**..
.*..*...**...***....
.....****..**.**....
..*...........*..*..
.**........**.***...
.............**.....
.*..**.......*..*...
.**.**.......*..*...
.*..*.***.***.**....
.......***.**.......
....*.*..***........
.**.***..**..*..*.*.
.*.*.**......***.***
....****.....*......
..****.**.....**....
......*..*...**...**
......*...**.**.**..
.......***.....***..

Generation = 4 Population = 111
......*.*.**........
.....*.....*....**..
....*.....**..*..*..
....*.....****......
.....*****..*...*...
.**...**............
.**.........*...*...
.**.............*...
.*****......**.*....
***....*...*.*..*...
.****.*...*...**....
.............*......
...**.*.............
.**....*.*.***.**.**
.*.*........**.*****
........*....*..*.*.
...*....*......*....
...**.*.***.*...***.
......*...*.**......
.......****...**.*..

Generation = 5 Population = 98
..........**........
.....*...*..*...**..
....**.......*..**..
....*.***....*......
.....*..***.**......
.**..*..............
*..*................
*...*.......**.**...
....*.......*****...
*.....*....*.*..*...
*..*........****....
..............*.....
..**.........**.....
.*..*......*.*.*...*
.*......*..*........
..*.........**....**
...**...*......*..*.
...***..*.*.**..**..
.....**.....****..*.
.......*****.**.....

Generation = 6 Population = 99
..........**........
....**....***...**..
....*..**...**..**..
....*.***....**.....
....**..**..**......
.**.*....*..........
*.***...............
...**.......*...*...
.....*.....*.....*..
...........*....*...
............*..*....
..**........*.......
..**........**.*....
.*.*.........*......
.**........*.**...**
..**........*.....**
..*..*...*.*..*.*.**
...*..**.*.**...***.
.....**........***..
......******...*....

Generation = 7 Population = 92
..........*.*.......
....**...**..*..**..
...**...**....****..
...**.*.......*.....
....*.*..*..***.....
.**.....**..........
.....*..............
..*..*..............
....*......**...**..
...........**...*...
...........**.......
..**.......**.*.....
.*..*.......***.....
.*.*................
.*...........**...**
...*......***.**....
..*.*.*.*..*.*.**...
....*..**..**......*
.....*......*..*..*.
.....******....*....

Generation = 8 Population = 93
.........***........
...***..*.**.**..*..
........***..**..*..
.......***......*...
..*.*..***...**.....
.....*..**...*......
.**.................
....**..............
...........**...**..
..........*..*..**..
..........*.........
..**..........*.....
.*..*......**.*.....
**..........*.......
...........*****....
..**......**....*...
....**..**...*.**...
...**.***..*.****...
....**....*.*.......
.....*****..........

Generation = 9 Population = 91
....*....*.**.......
....*...*....**.....
....*......*******..
...............*....
......*...*..**.....
.***...*.*...**.....
....**..............
....................
...........**...**..
..........*.*...**..
....................
..**.......*.*......
**.*.......**.......
**.............*....
.**.......*..***....
...**....***....*...
..*..**.**.*.*...*..
...*..***.**.*..*...
...*......******....
....******..........

Generation = 10 Population = 91
............**......
...***....*.....*...
............*...*...
...........*........
..*..........*.*....
..*****......**.....
..***...............
....................
...........**...**..
............*...**..
...........**.......
.***.......*........
*..*.......**.......
...........***.*....
****.....***..***...
.*.***..*..*.*.**...
..*..**.........**..
..*****.*......**...
...*.........***....
....***********.....

*** Life<ConwayCell> 110x25 ***
Generation = 0 Population = 831
.......................*.
.........................
...*****......*...*..*...
........***.....*..*.....
.........................
.....*******************.
.....****...***..........
.........************....
.........................
..*********....***..**...
.....****...***...***....
.........................
.....******************..
...***********...**......
......********...........
..**.........********....
...**************........
..*********....*******...
...*****......**..***....
....*****************....
*********....*****.......
....*******........***...
.....*************.......
...****..**...***..**....
...........***...**......
.***....*................
.........***************.
...*****...........**....
.......**********........
...**..**.......*****....
..............*****......
......*...*..............
..........*........**....
.....*....*..............
................***......
....*...*................
..........*.*.*..........
*.......*................
...............*.........
...*...*.*..*............
................*........
*.*...*...*..*....*......
...............*.....*...
..*.*....*...............
.*....**.........*...*...
*.............*...*......
*....*..*..*....*....*...
.....*...*...............
.............*****..*....
...*...*.................
*.....*...*.....*..*.....
*.......*...****...*.....
.*...*...*....*.*..**....
....******....******.....
....*....************....
...*.*..*************....
...************...*......
....*********........*...
...***********..*****....
....***...***.....****...
...**..*****...*.........
..............**********.
..************..*...*....
....*****************....
..*******...******.**....
.***...**...**.*.*.*.....
*****..**...**....**..**.
.....*****...***...***...
**...**...*....*...*.....
.*.*.*....****..***.***..
..***..*....*...***..**..
.****...***..*..*..*..*..
.**..*..***...**..*.*....
**...**....***...***.**..
....***...**.*.*.*..***..
***........***....*****..
**....*..**...*****...*..
*****......**....**......
...............**.*......
.*...*..*..*.......*.....
....*..*....*....*****...
*........*...*..*.*.*....
......*..*..**...........
**..*...........*..*.*...
.*...*..*...*****.....*..
.....*..*...*...*...*....
....*....*.....*...*..*..
......*........*......*..
*........*......*..*.*...
...*......*...*.......*..
........*....*..*...*....
*...*.......*...*........
...*...*.................
..........*......*..*....
.........*.....*.........
**...*.....*....*...*....
........*.....*...*......
...*..*..**...*...*..*...
*...........**.....***...
*...*...*....*...**..*...
*.....****..*............
***...*....*....*...*.*..
*.*.....*..*..*..*..*....
.*.*.*..*.....*....*..*..
.........*...*..**.......
....*....*...*....*......
*....*..*.*....*..*..*...
.*..*..*...*.*...........
.*..*..*..*..*.*..*......
********.**...**...**..*.

Generation = 1 Population = 538
.........................
....***..................
....******...............
....******...............
......*.....***......**..
.....*...***...********..
.....*................*..
......******...*****.....
...*****....**.......*...
...**....*...******.**...
...*.........*********...
..........*.....*........
..............***..***...
....*..........*....**...
..*............*.........
..**.............***.....
...........**........*...
..*.........*........*...
..*.........*............
.*.......****.......*....
.**..................*...
.**...............*.*....
...*........**...**..*...
....*..............*.....
.....*...***********.....
..*......*.....*....***..
.....**************..**..
....****..............*..
.........********........
.......*..***......*.....
.......*.......*.........
...............*****.....
.........***.............
.................***.....
.................*.......
.................*.......
.........*...............
.........................
........*................
.........................
.........................
.........................
.*.*.....................
.........................
.*.......................
**....**.........*.......
.........................
..............*..*.......
..............***........
..............*..*.......
.......*.....***.........
**.......*...**.*.**.....
....**...*..........*....
....*.**...**............
...*.....................
...*................*....
...*............*.*.*....
..............*.....*....
...*.........*...*.......
.............*..*....*...
...**.****..*.**.........
..*..........**..******..
...*..................*..
.....................*...
.*........*..............
*........*.*...*.*.......
*...**.........**....**..
...*.....*..**.*.....**..
***.....*.*....*.*....*..
**.*.*....*.**.*....*.*..
.....*..*......*.......*.
.....*.*..**.**.*..**.*..
.....****.....***...*.*..
***....*.....*.*.*....*..
..*.*.*...*.....**.....*.
*.*...*..*...*.........*.
..........*...***...*.*..
*.**......**..*....*.....
*..**......**...*.**.....
................*........
........*...*....*...*...
........*....*....*.**...
**..........**...*.**....
**...*..........*........
**..**......***.**..**...
....**..**..*...*....*...
.....*.........**....*...
...............**...***..
...............*.....**..
.........*.....*....**...
.............*.*.........
.........................
.........................
.........................
..........*.....*........
...............*.........
.........**....*.*.*.....
.........*....*...*..*...
.........*..***..*.*.**..
**......**...*....**.*...
*....**.**..*....*...*...
*.*...*..****........*...
*..*...*.......*...**....
.**.....**...******......
....*...**...**..**......
........***...*.*.*......
....**..***.*.*..........
**..*********............
.......*.*****.*...*.....
***********...**...*.....

Generation = 2 Population = 507
.....*...................
....*...*................
...*.....*...............
....*....*...*...........
....*......*********..*..
.....**...***********..*.
.....*.*..............*..
........*****...***......
...*.......***.......*...
..*...*...............*..
...**........*.......*...
.............*...........
..............*.*..*.*...
...................*.*...
..*.............*.***....
..**..............*......
..**.......**.....*.*....
............**...........
.**.......*.**...........
.*........***............
*.........**.......***...
.*.*.............*****...
..**.............**.*....
....*.....*....*...**....
.........***********.*...
.....*.*............*.*..
....*....*********..*..*.
....*................**..
.....*.***...***.........
........**......*........
...........*...*.*.*.....
..........*....****......
..........*..............
..........*......**......
................**.......
.........................
.........................
.........................
.........................
.........................
.........................
.........................
.........................
..*......................
**.......................
**.......................
.........................
..............*.*........
.............**.**.......
.........................
................***......
........*....*.....*.....
....***.*.*.**.....*.....
...**.*..................
...**....................
..***..............*.....
....................**...
.................*.*.....
.............**..........
...**..**...**.**........
...*...**...*..*****..*..
..*.*..**....***..*****..
..................**..*..
.........................
..........*..............
**........*....*.........
....*.....*.*..*.....**..
*.***....*.....*.......*.
*..**.....*....*......**.
*...*......*...*.....***.
.....*...**....**..**.**.
....**...*...*..*..**.**.
.*...*..*...*....*.**.**.
.***....*........*...***.
*.*..***......*.**....**.
.*.*.*...**...*..*....**.
..**.....***.***.........
.****.....*.***.*****....
.****.....***..*.***.....
...........**...*.*......
.................*..**...
.............*...**..*...
**..........**...*****...
..*.**........***.**.*...
**....*.....**..**..**...
......*.....*.*......**..
....**...........*.......
..............*.....*....
..............**.........
...............**...***..
..............*..........
.........................
.........................
.........................
.........................
.........**....*.........
.........**...***.*......
........**....****.*.**..
.........**.*.*..*.*.**..
**.....*..*...*..*.*.*...
*....**.....**....*..**..
*....**..****........*...
*..*...*...***.*.****....
.***...*.*...*...........
.......*...........*.....
....**.*...*..*...*......
....*.......*..*.........
....*.........*..........
.............*.*.........
.*******....****.........

Generation = 3 Population = 460
.........................
....*....................
...**...**...............
...**.....*..*.****......
....*...............*....
....***...*.........****.
.....*.**.....*..........
........***..*...*.......
.........*...*...*.......
..*.*........*.......**..
...*.....................
.............**.....*....
.........................
...............*.*...*...
..**.............**.*....
.*................*.*....
..**.......***.....*.....
.*.*.....................
.**.......*..............
***......*...*......*....
***.......*.*........*...
.*.*.............*.......
..***...........**.......
...*.....**.**.*.....*...
.........**********..*...
........*...........*.*..
....**....*******...*..*.
....**.....*.........**..
.......*.*....**.........
.......*.**.....*........
.........**....*.........
..........**...*.**......
.........***.............
................***......
................***......
.........................
.........................
.........................
.........................
.........................
.........................
.........................
.........................
.*.......................
*.*......................
**.......................
.........................
.............**.**.......
.............**.**.......
...............*..*......
.................**......
.....*.*.*..**...*.*.....
...**.*..*..**...........
......**.................
.........................
..*.*...............*....
...*..............***....
....................*....
............*****........
...**..**...*.....*......
..*...*..*..*.........*..
...*...**....***......**.
..............*...*...*..
.........................
.........................
.........**..............
*.*.*....***..***.....*..
.**..*...***..***....*.*.
*.*..*....*...***....*..*
...***...*.*..**....*...*
.....*...**...***..*....*
....***.***....***......*
.*.*.*..**......**.*....*
*..***..*........*..*...*
*....*****.....****.....*
.*.*.*..**.*.....*....**.
...................*.....
....................*....
.*..*.....*...**....*....
..**......*.*...*...*....
............*...*..***...
............**..*.....*..
.*..........**.*.....**..
..*..*........**......*..
.*....*.....*...****.....
......*.....*...**..***..
.....*.......*.......*...
..............**.........
..............*.*...*....
................*....*...
...............*.....*...
.........................
.........................
.........................
.........................
.........**...***........
..................*......
........*..*.......*.**..
..........**..*..*.*.....
**....*..**.*.*..*.*.....
*....*.*.*..**....*..**..
**..**.*..*...*..*...**..
*..**..*.*...**...***....
.***..**.....**.....*....
..***..*.................
....***..................
...**........***.........
.............***.........
..*...*.....*..*.........
..*****.....**.*.........

Generation = 4 Population = 425
.........................
...**....................
.....*...*......**.......
.....*...*......**.......
................**.**.*..
....*.**............***..
....**.**.*..........**..
.......*..*..**..........
........***.***..........
...*.....................
...*.........**......*...
.........................
..............*..........
................***......
..*.............***.**...
.*..........*....**.*....
.*.*........*......*.....
.*.*.......**............
...*.....................
...*.....***.............
...*.....................
*...*...........**.......
....*...........**.......
..***....*........*......
........*......***..***..
...................**.*..
....**....******....*..*.
....***....*....*....**..
......*..*.....*.........
..............*.*........
........*......*.*.......
................*........
.........*.*.............
..........*.....*.*......
................*.*......
.................*.......
.........................
.........................
.........................
.........................
.........................
.........................
.........................
.*.......................
*.*......................
**.......................
.........................
.............**.**.......
.............*....*......
..............**..*......
................**.*.....
....***.*...**...*.......
....*.......**...........
.....***.................
.........................
...*................*....
...*................**...
.............***....*....
............****.........
...*...**..**.**.........
..*.*.*..*..*.*.......**.
.......**....***.....***.
.............***......**.
.........................
.........................
.........*.*...*.........
..**....*.....*.*.....*..
*.*.**.......*...*...*.*.
..*..**......*......*****
...*.**..*.*.*......*..**
...*.......*.....*.....**
......**......*........**
..**......*....*.......**
****...........*...*...**
****......*.......*.....*
....**...**......*.....*.
.........................
...................**....
..**.......*...*...***...
..**.........*..*........
............*..***.***...
...........*..***.....*..
............*..**....***.
.**.........*.**.**..**..
.....**......*....***.*..
.....**.....**..*..****..
.............****...***..
.............***.........
..............*.*........
................*...**...
.........................
.........................
.........................
.........................
...............*.........
...............*.........
.........**....*.........
..........**.......**....
............**.....*.....
**....*.**..*.*..*.**....
....**.*.*..*.*..**.***..
**.*.*.*.**.*.*..*....*..
*......*.......*..***....
.*...***.....**.....*....
.*.....*.................
..*...*.......*..........
...**........*.*.........
...*........*...*........
..*.*.*.....*..**........
..*****.....***..........

Generation = 5 Population = 399
.........................
....*....................
.....*..........**.......
...............*.........
.....**.........*****.*..
....*.***..........*...*.
....**..**..........*.*..
......**..*.*.*..........
........*****.*..........
.........*..*............
.........................
.............**..........
.................*.......
...............**.**.....
....................**...
.*..............*...**...
**..........**....**.....
...**......**............
...**.......*............
..***.....*..............
...**.....*..............
...**...........**.......
....**..........*.*......
...**..........*..*..*...
...*............***.*.*..
...........***.....*..**.
....*.*...******...**..*.
....*.*....*.*..*....**..
......*........**........
..............*.*........
...............*.*.......
................*........
..........*......*.......
..........*..............
................*.*......
.................*.......
.........................
.........................
.........................
.........................
.........................
.........................
.........................
.*.......................
*.*......................
**.......................
.........................
.............**..*.......
.............*..*.*......
..............***.**.....
.....*.......*****.......
....**......**..***......
....*.......**...........
.....**..................
......*..................
....................**...
..............*....***...
............*..*....**...
...........*....*........
...*...**..*.............
...*..*..*.**........*.*.
.......**...*........*..*
.............*.*.....*.*.
..............*..........
.........................
...............*.........
.****.........***.....*..
..*.***......**.....*...*
.**..........**.....*....
..**.**...*.........*....
....**.*..*.*.........*..
..**..................*..
...*..........**......*..
*...*....................
*........**.......*.....*
.****....**..............
.........................
...................*.*...
..**...............*.*...
..**........*.*..**......
............**...*..**...
...........****........*.
...........**..........*.
............*.**.**......
.....**........**......*.
.....**.....*...***....*.
................*..*..*..
.....................*...
.............**.*........
...............*.........
.........................
.........................
.........................
.........................
.........................
..............***........
.........***.............
.........****......**....
.........**.**...........
.....*****.**.*..*.......
..*.**.*....*.****..*.*..
**...*.*.***..****....*..
*.*.**.*.......*..****...
**.....**.....*.....*....
.**..*.*.....**..........
..**..........*..........
..***........***.........
..*..*......***.*........
..*...*....**.***........
..*.*.*.....****.........

Generation = 6 Population = 346
.........................
.........................
................*........
.....**........*...*.....
.....**.........*****....
....*...**.......*....**.
....*....*...............
.....***....*............
.......**...*............
........**..**...........
.............*...........
.........................
..............*****......
................*****....
...............***...*...
**...................*...
***........***.....**....
..***......*.............
.....*......*............
..*..*.....*.............
.....*...................
................**.......
.....*.........**.*......
...*.*.........*..*..*...
...**.......*...***.*.**.
..........*....***....**.
..........*....*...**..*.
......**..**.*..*...***..
.....*........*.**.......
..............*..*.......
...............*.*.......
................**.......
.........................
.................*.......
.................*.......
.................*.......
.........................
.........................
.........................
.........................
.........................
.........................
.........................
.*.......................
*.*......................
**.......................
.........................
.............**..*.......
.............*..*.**.....
..................**.....
....**......*......*.....
....**............*......
....*.*.....**...*.......
.....**..................
.....**..................
...................*.*...
...................*..*..
...............*...*.*...
...........**............
.......**..*.............
......*..****.........*..
.......**..***......**.**
.............**.......*..
..............*..........
.........................
..**..........***........
.**.*........*..*........
....**...............*...
.*...........**....***...
.***.**....*.*.......*...
.....*.....*.........*...
..**.................***.
..***....................
.........................
*.*.*....**..............
.***.....**..............
..**.....................
.........................
..**...............*.....
..**........*....***.*...
.................**......
..............*.......*..
...............*.........
...........*****.*.......
.....**......**..........
.....**...........*...**.
................*.*...*..
...............*.........
..............**.........
..............**.........
.........................
.........................
.........................
.........................
...............*.........
..........*....*.........
.........*..*..*.........
........*....*...........
......**.................
....**.*.*....*..*.......
.*..*.......*.....*..*...
*.*....*..**.*........*..
..*.**.*.**......*****...
*..***.**....***....**...
*..*..***....***.........
.........................
.*..*.......*............
.**.**.....*....*........
.**...*....*....*........
...*.*.....**...*........

Generation = 7 Population = 359
.........................
.........................
.........................
.....**........*...**....
....*.**........**.**....
....*...**......**.*.....
....*.**.*...............
.....***.................
.........*.**............
.......***..**...........
............**...........
..............****.......
...............*.........
..............*....**....
...............*...*.*...
*.*.........*...*....*...
*..........**.......*....
..***......*.*...........
..*..*.....**............
....***..................
.........................
...............***.......
....*..........*..*......
...*.*.........*..*..**..
...**.............**...*.
...........*...*....*...*
.........**...**.*.**..*.
......*...**..*.**.****..
......*......**.**...*...
..............*..**......
...............*.**......
................**.......
................**.......
.........................
................***......
.........................
.........................
.........................
.........................
.........................
.........................
.........................
.........................
.*.......................
*.*......................
**.......................
.........................
.............**..**......
.............**....*.....
.................*..*....
....**.............*.....
...*..*.....**....*......
....*.*..................
....*..*.................
.....**..................
....................*....
..................**.**..
....................*....
...........**............
.......***...............
......*..*...*.......***.
.......***....*......*.*.
..............*......***.
.............**..........
..............*..........
.***..........***........
.**.**........*.*........
.*****.......**......*...
.*.*..*.....***......**..
.**.***......**......**..
.*...**.....*.......**...
..*..................**..
..*.*.................*..
.**.*....................
..*......**..............
....*....**..............
.*.*.....................
.........................
..**...............**....
..**.............*.**....
.................*.*.....
.........................
............*..**........
............*..**........
.....**........*.........
.....**..........*....**.
.................*....**.
..............***........
................*........
..............**.........
.........................
.........................
.........................
.........................
.........................
..............***........
.........*....*..........
.......**................
.....***.................
....**.**................
.*.****.*.****...........
..*.***.*****....*....*..
..*..*.*.*****....**..*..
.**..........*.**.*..*...
...*.**.*....*.*.........
.......*.....**..........
.*****...................
*...**.....**............
.*....*...**...***.......
..*........**............

Generation = 8 Population = 344
.........................
.........................
.........................
.....***........*.***....
....*.***......*.*.......
...**....*......**.**....
....*....*...............
.....*.*..*..............
.........*****...........
........***..............
........*...*..**........
.............****........
.........................
..............**...**....
...............*...*.*...
.*.........**........*...
..*........*.*...........
.****.....*..*...........
..*...*....**............
....***..................
.....*..........*........
...............***.......
....*.........**..*......
...*.*...........**...*..
...**.............******.
..........*...***...*..**
.........*....*..*....**.
.........***.......*..*..
.............**....*.**..
.............**..........
...............*.........
...............*.........
................**.......
..................*......
.................*.......
.................*.......
.........................
.........................
.........................
.........................
.........................
.........................
.........................
.*.......................
*.*......................
**.......................
.........................
.............**...*......
.............**..*.*.....
..................***....
....**............**.....
...*..*..................
...**.**.................
....*..*.................
.....**..................
...................***...
...................*.*...
...................***...
........*................
.......****.*.........*..
......*...*..........*.*.
.......***...**.....*...*
........*.....**.....*.*.
.............***......*..
..*......................
.*.**........**.*........
*....*..........*........
*.....*.....*........**..
*.....*.....*..*....*....
**.**..*......*..........
.*.**.*......*......*....
.***.*..............*.*..
..*..................**..
.**......................
.**......**..............
..**.....**..............
.........................
...*.....................
..**..............***....
..**.....................
...................**....
................*........
...............**........
..............*..........
.....**........*.........
.....**.........*.....**.
...............*.*....**.
...............***.......
................*........
...............*.........
.........................
.........................
.........................
.........................
...............*.........
..............**.........
........*.....*..........
.......**................
....**...................
...*....**.**............
..*..........*...........
.**...............*......
..*.**.*.....**.*.**.**..
.*****.*****.*.*****.....
..*...**....**.**........
.......*.....**..........
.***.**.....**...........
*.....*...***...*........
.*...*....*.....*........
..........***...*........

Generation = 9 Population = 349
.........................
.........................
......*............*.....
.....*..*.......****.....
...**...*......*.........
...**..*.*......***......
...***..***..............
........*...*............
............*............
........*....*...........
........*....*..*........
.............**.*........
.............*..*........
..............**...**....
..............**...*.*...
...........**.......*....
..........**.*...........
.*........*..*...........
.**...*....**............
....*.*..................
....***........***.......
..............*..*.......
....*.........**..*......
...*.*...........*..*.**.
...**..........**.*.*...*
..............*****.*...*
.........*.*..*.*....**.*
.........**..**...*.*....
..........*.***.....***..
.............*.*.........
...............*.........
...............*.........
................**.......
................*.*......
.................**......
.........................
.........................
.........................
.........................
.........................
.........................
.........................
.........................
.*.......................
*.*......................
**.......................
.........................
.............**...*......
.............**..*..*....
.................*..*....
....**............*.*....
...*..**.................
...**.**.................
...**..*.................
.....**.............*....
...................*.*...
..................*...*..
...................*.*...
.......**...........**...
.......**.**..........*..
......*...**.*.......***.
.......***...***....**.**
.......***...........***.
.............*.*......*..
..**.....................
.****..........*.........
**..**.......*.*.........
**...**..............*...
*....***.....*.......*...
**.**.**.....**..........
......*..............*...
.*...*..............*.*..
.....................**..
...*.....................
.........**..............
.***.....**..............
..**.....................
..**...............*.....
....*..............*.....
..**..............*......
.........................
...............**........
...............**........
..............*.*........
.....**........*.........
.....**........**.....**.
...............*.*....**.
...............*.*.......
.................*.......
.........................
.........................
.........................
.........................
.........................
..............**.........
..............**.........
.......**.....**.........
.......**................
....*..*.*...............
...**.......*............
.***........*............
.**..........**..***.....
.....*.*.**.***.*...*....
.*.......***.......**....
.**.**...***......*......
.*.*.*.*.......*.........
.**..***......*..........
*...*.*...*.**...........
.........*.....***.......
..........**.............

Generation = 10 Population = 355
.........................
.........................
.................*.*.....
....**.*........****.....
...*.*.***.....*...*.....
..*....*..*.....**.......
...*.*.*..*......*.......
....*...*..*.............
............**...........
............**...........
............**.*.........
............***.**.......
.............*..*........
.............*..*..**....
.............***...*.*...
..........*****.....*....
..........*..*...........
.**.......*..*...........
.**..*.....**............
...**.**........*........
....*.*........***.......
....*.........*..**......
....*.........*****......
...*.*........*..**..*.*.
...**.........*...*.*...*
..............*...*.*...*
.........*......*.*.**.*.
.........*.........**..*.
.........****..*...***...
............**.*.....*...
...............**........
...............*.........
...............***.......
................*.*......
.................**......
.........................
.........................
.........................
.........................
.........................
.........................
.........................
.........................
.*.......................
*.*......................
**.......................
.........................
.............**..........
.............**..***.....
.................**.**...
....***............*.....
...*...*.................
..*.....*................
...*...*.................
....***.............*....
...................***...
..................**.**..
...................*.**..
.......***..........***..
......*.*.***.......*..*.
......*....*.*......*...*
......*.....***.....*...*
.......*.*...*.*....*...*
........*............***.
.*..*.........*..........
*....*........*..........
......*.......*..........
.......*......*..........
..*..........**..........
**..*........**..........
***.*.**.............*...
....................*.*..
.....................**..
.........................
...*.....**..............
.*.*.....**..............
....*....................
..*.*....................
....*.............**.....
...*.....................
.........................
...............**........
..............*..*.......
..............*.*........
.....**.......*..........
.....**.......**......**.
..............**.*....**.
.................**......
................*........
.........................
.........................
.........................
.........................
.........................
..............**.........
.............*..*........
.......**.....**.........
......*..*...............
...**..*.................
....*....................
.*..*.......*.....*......
.*.*.......*..**.***.....
.**.....**..*.**.*..*....
.**.***......*.....**....
**.****.**.*.......*.....
*..*...**.*..............
****...*.....**..........
.*....**.....****........
.........*..*...*........
..........*.....*........

*** Life<FredkinCell> 50x30 ***
Generation = 0 Population = 767
0---00-0-0-0---00-0-000---0--0
-0--0--0--0---0--0-00-0-0-0--0
000-0--0--0000--0--0--000----0
00-0-----0---0----------0-0000
0000000---0----00000---0--0-00
000-0-0--------0----00000----0
0000--0---0---0---00000--00000
0000--0-----0---0-0-0-0-0-0--0
---0----0--00-0-00000-0--0--00
00-0-0--0--0----0--0-0000---00
--0-0---00000--0-0-0--00-0-0-0
0-0--0-0-0-0-0-0-0-0---0---0-0
0000--0-0000--0-0-0--0----0000
000-0-0-0----0--00000--0-0-0-0
00-0--0----0-000000-0-0-0--000
000-0--0--000000---0-00-0-0000
--0000-0-0000-0-0--0-0-0--00-0
00-0-0-0-0---0--0-00000-000-00
00-0--0-0-0--00000--0-0-0-00-0
00-0-0--0--0-000-0-0-0-0--0-00
00-0-0---0---0--0-0---0-0-00-0
000--0-0--0---0-0--00-0----0-0
000-0--0--0--0--0-0-0--0--0--0
00-0-0---0000-0-0-0--000-0-0-0
000-0-000-0-0-0-0----0--0-0--0
0000000000000---------00000000
--------------000000000------0
-00-0-0-0-0--00000--0-0-00-0-0
----000--00--0-0----0--0-00000
---00--000-0-00000---0--00-0-0
--0-0-0000--0-0-00-0-0-0---0-0
---0-0-000--0--000--0000--0000
--0000-0-0-000----00-0-0-00000
000--0-0-000-0-0-0-0-0-0-----0
000-0-0-0-0--000000-0-0-0-0-00
--0-0-0-0-0-0--0000000--0-0--0
--0-0-0-0---0-0000000-0-0-0-00
---------0-0-0-0-0--0---00--00
0000000-0-0------0000000-0-0-0
------00-00000-0-0-0-0000-00-0
-000-0-0000-0-0-0-0-00-0000--0
----000-----000000-00-0--0--00
000----0-0--0-000-------000000
0000--0000000----0-0-000000-00
0-0---0--0--0--0--0--000-0--00
--0--0-0-0-0-0--00000-0-0-0-00
-0---0--0-0000-0-0-0-0-0-0-0-0
-0-0-0-0-0--0-0-0-0-0-0-0-0-00
---0--0-0000--0-0--0--0-0----0
00-0--0-0---0---0--0---0---0-0

Generation = 10 Population = 795
683--134--24---37----3-25-----
13--2-12312-2--1-2-4--3--24302
3-51-42-53115-5--21---2---2611
3-3---3---30-2114140--316--23-
4----1-0---310--0-3----831-236
-24-3-2-1-323-5--2---8-4-2----
43--0---45--2-4---1316--1--336
2-64-0----3----512-431--2--23-
110-55--52-003-3--5--6--2-2147
---23-0--2-1324---14-5-81-1-04
-23-22-133--2--40--51--2--6313
---3-1-2-0--------3-431----31-
-2021--51--221---12014------25
4-10---1--2--2224--51-31-150--
-331---131-523---4-53465-2265-
03--3336111--21---2--30-5-1155
34-62-1453-31-2--31-2-1-7-2-15
21-4--224-41--2-2--4-4--3-66-4
-441-32-3---3-14--3552-24-3-15
4--146---6353430-2520-451-0---
433-6-7--4----1-2-4--4--2042-1
-----6-31---24-3133344--2-45-2
4--21-----253-06-1---4--33512-
-4-4332031-3-536-2---------5--
51-03----2-2-13563--23--8---13
3441--424--22121233-104-5-200-
3--0330-2----01-533151-2--5-14
-6-42533-2533-20413--4--6225-1
1-443136-4-1-102--1043--4-4-2-
2-03---0-2----3---6-0-4-41-0-5
----2--0--33-16-651-71-84--222
123-------4-265---0-6-135-11-3
22-62-4-1--------3-121-3-3335-
-2--01-342-03-1222-43---02-120
--6-225-7----14154--3443--7-44
-00--0224---3-----0-24--2----3
-1---4-48-33---3--3---2--4--4-
4--15---------1--3--1122-0--57
21-141-3--2-202-344-3---3+42--
412-3--332--1--2-31342-3--302-
-2-543-31-42-042--6---1------5
7411-2-31133411-2-2-32-3-----2
-520-25--63---3---2-----4--0--
-4--24---1-113-3--3---5----442
4-3441-343---2----21-3033--3--
1--4--45--1---21-1-43----1--13
-3-5--7---4-31144-3-1--1--3-3-
-2---321---32---3-10---15-1---
--354-5-32--1-2042--4--44---01
462-23-6-1-42334---421021-5--3

Generation = 20 Population = 723
9+--5----3554417+--21-6-------
34973-------612-6--48-6-5--63-
89-48-----66----2439-6--4-4821
-5787--71---36--7------3-7--9-
-5-6--02-4----447-5+3---7---9-
---5-73----6-1---35-4+--5-13-2
437-6---5------1-----72435-38-
457--6-33---62--27-75436-3---3
5-------73-02-3-18986-5-7--68-
8797973-4-45----7--7-+2+-43-2-
14--3237----566+17-6445--0+44-
---6-56---620-4--76-97----3-4-
-6534-49355---5-65-----3-5----
7--51--26--+25--87-6-3---190-4
-454------2-4---1---9987--3---
3---+--+--3---2258-5893---24-9
-8----5---564-54-----49--062--
--6-6--++-955--3---6-74--6+--8
-4--3-666-3-663--676--9---3-2-
----8+5-5--+69-2-----56--4-5-4
-687-2-27----4--7--6--44656--6
67--386----2882-66-56--1--5+43
7--6--2--3-+7627-2----4755-243
-62---6-5-----4---624---262851
55---5---454---8--7--7-1+-2--5
4-7---8-5--8-2333-5--2--80-145
82-45---+--64-----5--3-57-6-46
3--8-93--5---------9+885-45-6-
-258-65-35----141-9--4-----54-
-2---6452---24--53+--7--83-3-8
462-3-6---4-3496--30--3--46---
4-----5-------679--4---4---54-
4-8+-4-52-13---3593-55-62355-3
6---4------5-9---72-6-5---367-
64+44--5-3---765-71--58-----6-
531---77--4-663---3--+-9--760-
753--85------245---35-83-763--
-6-58--36-513-4-46-45-5----2--
96-35---3-344--45--+8-3--+----
--------64--6-86--25-4-6-8---7
---6-666516-------60-1-67-----
+465-----3-+75--357--6----365-
-----6-29-53-3----8---45--6-17
----39-------63---698471-----3
---8--546--5-4-13-3-4-5-8---8-
4-46-4-8-4-4-66331--5-5-3-77-5
6---42--5-+--256-27--25-3---95
84-+-443-757-4-26-32-3-471-0-2
51-8729----53-54---+86-7-46---
+-4-59-9---897---64----7--7-2-

Generation = 30 Population = 758
-++---65----+9-+------+-+97---
----5-7--++--66------+----8---
+---+-7---+-8-+6896-+--+-+-+7-
8-8+-+++24---+-37-6-54-7+96-+5
-9--------78---7--8---4++--4--
6-+-+-5-8---727-8-876-+-89-5--
-++375-4----9------------6-6--
-----8--5--7-5--4-8----8--+++8
--06---+-7----98-+++--73++-7--
----++7-++75+7---7---+---65-5+
47-4576-79-1+9++-+7-66-9-2+7-6
--6+3-+2-28-17-66-+++-4-88---3
9+--6-9+-+---26+67546--33--74-
8+-828847-3+794-++----+8-4+-8-
8-5-6---8--+6684-+3+++---45-66
------8+3-4-832-----+-62884-9-
------6-++--6-5-+----9-9+--34-
6477+5------+74-47--59779-++-+
-4-54+9++4+5+-5-98898-+4755-4-
6-1----66---+--41-7+58+-8--995
6-9-+------4-6-78--+------+8--
-+6-6--75--3-+-5-------3-77-+-
-4-6475+-------+-5--+-9+79+45-
8---5+9----88-7--69-6-7---8+--
67+4+-3--777-4----+-7++7+-5---
--+--1+5+5---46---7-73+---+---
--887-47-8+-6357+59---9-7-+5-8
5-------6---+-5-+5-----5-9-+-5
-4---+-+-6675-761-+-+8------5-
-3-+-+984-8335--6-+----694--5+
--4-5-+-5-7-8+-87853+---8--7-4
4---3+9-5--8----+54-7---+946--
5-----8-+--37-3-++-89---------
-8-6-----+++-+-+7+--+-+-466-+6
8-+-66+++-----+7+9-8+-+-9----+
877+26--72-4---9--676+8+9---1-
-7-5-+--+948738-99-578-55---9-
-7--+-7-7-+6-4848-7-999-5--78+
++5-9-6--9468-7865++-4577--237
96---4-5++-78-+-5-4-+-5-4+9---
8--8++---28-9-87--+1-2---744-+
--+5--++758+-9---5--8-8--8-6-4
-9-4----+++3--9-----+-4--+--3-
-+--5++-4-5-8--83-7-+4+7---+9-
-79--3-9-7+-7---------6++-7---
+--6----+9-8---3----746-48++76
--9+-9+88-++67-89--9--6----5+-
-6-+-786-+7-----8---9--8--73+-
8---+2-9-7----+-8+5++7+97-+-6-
---6-9--7--+-+7-7-8+-8--37+548

Generation = 40 Population = 759
-+-++9-8-7---+7+-+963++---+-+9
------+-++-97778+7++--+2-++++8
++7---8-++++--+-+--+-9++------
-+9++--+7--8-----7-8--7----++8
-++--9-+-9-+76+9--9+---++9-7+-
--+9++78+89-9--++8-8++-+-+-733
---6+8+-++--+9-4698+-+6+--89+-
++9+--+------58-6-+----++7-+-+
5-5--+7+--+24---7---+-+---7+-+
-----++-++---8+++75--+6--+5--+
-9+67+-+-------+--++-7---4--8-
46-+5++-34+-----7-++-+6----+8-
-+--86-+6-9---++--9-+---3-++7+
+++-6--9+--+-+98-+-+8-+---+-+7
-+64--+---7--+899+6-+--+-67---
97+-+--+--68-9-8--9-+--7+-9-9+
++-+8-+--++--7-8---96++++---9+
++8-+89----++-98++-+---8+--+--
--6--++---+---+8--9-+4+7--5-5+
+----+-88-7+++--3+8-+-+-+--+--
79++-4---+9---7---++49-5-9-9--
8----+--8+-6--7--88+++-7-98+--
--7+5-7-86-+---++--9--++8--6++
-+-+9--5-----9-++9+-+-+--+----
-9+-+-----88---+++----+-+-7-87
8------6+--+-6--8-9---+----5--
---9++6-+++-84---8+--6+--++---
----9---7----+-2---+------9++9
--8-+-++59----------+-5-+4----
8+-+---+---56--+7-+3--+--7-+--
9+-9--++77--++++8---++-++++++-
8+-+-++-7---++++----8-9+++-9++
-8-+-6--+9---57+----++6-5---+4
+--9--9++---++6+-+-9+---4-+-+-
+++877+++6---++-++-8+-+7+8--9-
--++49+-+5-6+--++-+-6-++-8-+2-
-+----6---8-9---+-+6--+9-----+
+8----88-6++5-+5---6+---8-5--+
----+79-79-6+69+7-++---99++-6+
++869-+9----+--+++5----85++-8-
++-+++-9+---+--------4-9-+8--+
-9--+----79+-+--+-+-+-+-+-+--7
9+-7++9-+-+36--9----+-4+9--8--
9+--8--+--8---6-8-++--+-5-9-9-
+-+++--++-+--7658-78--+--8++++
+---+-+-++---+-77-6-+--+6++++-
-8+-+-++--++88--+8---8--+9+-+-
-+-+9-+-7--+-88-----+-8++---+7
-49-+-++++5+3---++-----+9-+---
---++-6+--7----+--+-7--949+6--

Generation = 50 Population = 769
-++--+++---+------++5-+--++--+
+---+--8+--+--8-+++-+-+4--+-++
+-7+++++-+++-4+-----+++--+----
+-++--++98--+++-+7+89----+-+-+
--+-2--+7-++-7++--++6-8-----+-
--+-+++---+++3++-++----+++++--
7----++++---+9-67----+-++++++-
++--9----8--+6--9+--7-+-+-++-+
-+7---8--++-7+++8++++--5++7--+
+---++-7-+99+--++--+8-+--+---+
-++-+-++-+-5--+-+----8---5----
9+++8-+---+-6+--8---+--+--8+--
-++-+-+-8++-+--+6--+++46-+----
-+-+---------+-+++9++++-----+-
+--7--++-++-9--+++++-+++-+++++
---9+++++9-++-6+-++-++-++-+++-
-+9---++-++---+-+8-+-++++594+-
-+--++-++++----+-+-+-+-+++--9+
+8---+++++--+++-++-+-5-7+-7+-+
-+++------9+--++----++-+--8-+-
--+++5--+-+--++++-++------++-+
--+-7+-99+----++---+-++--+---+
-+-+7-9-9-9+-++--+++-9---+-9+-
-++++----+8--++++--------++-+5
+++--9-7--+++5---+---++-+---99
-----9---+---9-+-++-+-+-+-+--+
+9+-+-+--+++---9+-++++++++----
78-+++-+---+-+-6+-+++-+9-+----
-6+--++-7+++7--+6-+8-++5--+7-9
9+-+-+--+-+7-6+-8--7+-+8+--+8+
-+-+-++-+--+++---+-8--6--+--+-
++--8+-+-+-+------+8----++-++-
-----7+9---5-87++-9-----89-+--
+8++7+9--+---+-+----++---+-9--
-+---++++-+-++--++--+++--8+9++
-+--5-+-+8+-+---+8+-7+-++----+
+---+-9-++----+-+++-+--9++--+-
+98-+-+-+-+-+8+5--+--+-+++7---
-+----++8--7--++-8---8-+9-+--+
+--8++--+----9-----++--+--+7-+
+-------+-+++-+-+8--+--+-++---
++--++-++-+----+-9----+-+++-+-
---8+--+-++4-6++8-+8+8---++-++
+-+-8---888-+++--++-+6+--7--+-
--+++-++-----++8---++-+--+-++-
--7+-7+-+--+-+-7-++-+--+-+--+7
+8+-++----+++++++++-9-+-+-+-++
+-5+-+----+++---++66+7-++--+-+
--+++-++-+++5-+--++--+-+-+-+--
-----+6--+++--+++---++-+9++7+-

Generation = 60 Population = 760
---+++++-++++----++--+++-+-+--
-9-+-8-+++++---++++-+------+--
+++++--+++++-9----+--+--+++-+9
-++-++----++---+-+--++++-+---+
-+--6+-+9-++++--+------+-++++-
-+-+----+-+--4-+--+-----+-++7-
+++-+++--+-8-+-+-+---++--++++-
---++-+++-+-+9---++-9+-+--++-+
---++-++-++6--+++-++-+-9+-8+-+
+++-+++----+++---+-+-+--9-7+--
----++++++---++-+--+--++--++-9
+--+++++-++-8++-+++--+--+----7
+++9-7+++-+--+-+7++-+-7-+++++-
+----+++----+-+-+-++-+-+-+-7+-
+-+-9--++++-+-+--++-+--+---+++
++-+-+-+++---+---+--+--+++-+-+
---+--+-+---+-++++7++--+++--+-
+-+-----+----+++-+---+++--+-+-
--++++--++++--+-++--++++----+-
--------+-+-++-+8--+--+-+-9-++
+-++-8---+++++++++--7++++--+-+
--++-+--++++-++-++--+-----8-++
-++-9-++++-+---++-------+++--+
---++++-++-+--++++-+--+-8+-++-
++---+9-------+--+--+-++++-+-+
+-+--++--+-+-++-+-+-+-++-9-+--
+++++++--+++---+---+----++++--
7++----+-+++-------++----++-++
+-+-------+-+--+--+++++-+-+-+-
---++++-+++--6++-------+-8--++
-++----+-+-++-+---99----+-----
+-+-+--+++--+-+-+7+--+++-+--++
+-+-+++-+-6---8+-+---+-++++++9
--++8++++--+++6+++-+--+--+-+++
-+---+++-8+------+-+---++8+-+-
-++++-+-++-+++++-+--++-+-+----
++--++++--++9-+++-+-+--++-+++-
+------++++++------8++--+---+-
+-+--+---+---9+-+8+----++++8--
-+---------++-++++-++-+--+-9-+
---+++----++-+-+--+-----++-+-+
++++-++-+-+++--++++-+--7+++--+
+---+-+-+--9+---+++-+---++++--
+-+-++++---9---++-+---++-++++-
++---+++-++---+-++-+----+-+-++
----+-++++-+-+++---++--+-+--+-
--++--+--++++----+-+------+-+-
-+-+-++--++++--+++6--+++----+-
-----+++-+-+7+-9--+--+++--+-+-
++++------++++++++--++--+-+-++

Generation = 70 Population = 755
---+++++++-+-+-+----+--+--+--+
++---+--+-+-+++++-+-++---+++--
--+-+-++-+++-++---++++----+-+-
-++-+-+-+++---+++--+++--+-+--+
-++-7-+--+--+++--+----++--++--
++++---+-------+++-+++-+-++--9
--+-++++-++--++--+-+-+-+--++++
++++----+++-----+-++-+--++---+
-++--+---+----+-----++--+++++-
--+--++++--+-++-++8-+-+-----++
-++++-+-----++-++-+-++-++++++-
++-+-+------+---+-+-++---++--+
----++-+---+---+8++---9---+-+-
-+++++-++--++-+----+++-++--+-+
-+-----------+-+-++--++--+++-+
+--+--+++-+++-8-+-+++-+-+-+-+-
+--+-+-+++--++-----+--+++++-+-
+++---+++-++---+-+---++---+-+-
-+---++++-+-++-+-++++-+++-----
----+----++-++--++++--++----+-
---++--+-++++++---+------+-+++
-+-+++-+++--+++++-++++++-++-+-
-+++--+--++-+--+--+++-+---+-++
-+-+++--+++++++-++----++++-+--
+-++++-++--++-+++----+--+++--+
-+-+-+++++-++-+--+--+9-+---+-+
-+--++--+--+----++++-+-+-+-++-
+-++--7-----+--+---+-+----++++
---++---+++--++++-----+++-+-+-
+--++-+-++--+9--+9+-+-+-+9++-+
----+-+--++-++-++--+-----++++7
++------+-+-+----++---+-+---++
+-+---+-+-6++++----+-----+--++
-+----+----++-+-----+--+-+--+-
++-++++---++--++-+---+++-+++-+
-++--++-+-+---+-++++----------
++--+--++-+--++--+--+---+---+-
++--+-----+----++--+--+-+++--+
--++++--+-+-+--+-+----9-+-++-+
-++++++++-++++-+-+----+---+9--
--8-+-+--+-+++++-+---+-+-+-+--
+--++--+---+-+++-++++++--++-+-
-+9-+-+++++++-+++-+-+---+++++-
++-+--+++++--+--+-+++++-+++--+
+-+----++----++++---+++++---+-
+-++++-++++++------+--++++++--
+++-+++-+++---+--++++---+++++-
++9++----++-+++----++--++--+++
-++++++----+++++---+-++++-++-9
-++---+-+--+++++--++++++-+-++-

Generation = 80 Population = 751
------++--+--------+-+---++--+
-------+---+++-+--+-+++-+---++
--+-----+-+++-+++++--+--+---++
+++----+++-+-+--+-+++--+++++--
+-++++++++-+-++++-+-++----+-+-
+-+-++-+------+-++--+--------+
+-++--+-++++++-+-+-++++-+-+--+
-+++--++-+--++++-++++++++++-+-
+-++++---+++++---++-+++-++++-+
+-+-+-----++----+----+-++-+++-
-+---+-+++-+++++---+++-+-+--+-
++--++++7--+++--++-+-+----+---
+---+-+-+++-++++---+--++++----
+-------++-+--+--+--+--+---+-+
--+---+---+-+++-++--++-+-+--+-
+-++-+--+--+-+++---++++-++++-+
----++++--+----+--++--++--++++
+-----+-+--+--++----++-+-++---
-+++-+-+++++++-+-++--+--+++---
+-++--+-----+---+-+-+--+--+-+-
+--++--+-+--++++---++++----++-
+--+-++-+---+-++-+++++++--+-++
++-++++-++--+++-++-++--++---++
--+---++-+-+---+-+++-+++-+--++
--+++++-+-+++----++-++-+-++---
--++---+++--+++++-+-----++++++
-++++++-++-++++--+++-+--+-----
----++8-++-+-+-+-+---++--+++++
++++--+-+-+----+++--+-+---++--
-++--+-----+-++--+---++-+----+
----+--++---+-+---+-++-----+--
--+-+++++++--++-+---++--++-+++
-+---+--+-9-++-+--++-+++--++--
++-+-+--+-+---+-+-++--++++-++-
+-+-+--++++---+++++++----+++--
-+--+++-++-++-+-+-+++++-+++--+
--+++++-++++++++--+-++-------+
++++++++--+---+++----+++++---+
++--+---+--+-+--+----+-++--+-+
++-+++--+--+++-+-+-+---+--++++
---++--+++--+-+----6---+---+--
---++-++-++++-+-+---++-++++-++
+--+-+--+++--6---+-++--+-+--+-
-+++--++-+-+-+--++----+-----+-
+-++--++++-+-+-+++++-------+--
+-----++++--+-+----------+-++-
+--++++-+++--+-++++++-+++--++-
-----+-+-+++-+----8--+--+-+---
-++--++---++-+--+++++-+--++--+
+-+++-++++-++--+--+++--+--++++

Generation = 90 Population = 746
++++-++-+-+--++-+-+++-+-++++--
+--+--+--++------+--+-+---++--
---+++--+--+-----+------++----
+--+++--++++--+-+---+-++-+-++-
+-++--+++++---+++++--+-+-+---+
+---++++-+--+---+++-+--+-+++-+
+----++++-+--++-------++--+++-
++++-++++------+++-----+-+--++
+-+----+-----++-++---+-----++-
+---+++-+-+++-+--+-+---++++-++
+++-+-+---+-++-++++-+--+---+++
++-++++++---++--+----------+++
+-++--+------+--+++--+-+--+-++
+-+---+++-+---+----++-+--+++--
+-++---+--++++-+--+++++++++---
+-++--+-+---++-----+-++++++-+-
-+--++++++-+--+-+++-++++--++-+
-+--++-+--+++--++-++-+--+++++-
+---+---++++-+---+-++++----+++
-++-++--++----++---++-+-+++---
+--++++++++--++++---++-++-+--+
-+--+-+-+---+-+-++++--+++++-+-
-+---+---+++------++--+-++--++
--+--+--+--+--+--+++++-+--+++-
++--------+++++++++--++-+-+---
--+-++-+-+-+-+-+--+----+----+-
++-+-+--+------+-+---+--+++-++
--+--+9---+--++-+-++-+-+-++++-
+----++--++-+-+++-+---+-+-+---
+++++-+---+++++-+--+-++---+---
----+----++-+--++-+-+-+-++-+++
+--+-+--+-+++++++---++++-----+
---+-+--+--+--+++----+--++++++
-++++++-+++---++-++-+++-++++++
----++-+---+--++--++-++++-++++
+++++--+-++-++---+++-++------+
----+++--+--+-++++-++-----++-+
-++--++--+-+-+-+---++-+---++++
------++--++-+----+++-+++--+++
--+-+-++-+++--+--+-+++--+-----
+++-+++--++-++--+--++-++--++++
++----+--++---+-+++---++-+++--
+-++-+---++-+-++++----++----+-
+++-+++-+--++++-++++-+--+++--+
-----+-++++++------+++----++--
--++---+--+----++--+-+---+--+-
-+-+---+---++++-+-+-++++--++-+
----+++--+++++++--+-+++--5++-+
---++++++-+++-+---+-++----+-+-
-+--++--+-----+++-+-+----+++++

Generation = 100 Population = 759
+---+-++-+++-++++-+-+++----++-
+-++--++----+---+-+++--+++++-+
++-----+------++-+++-+-+++++++
++-+-+-+++++--+--++-+--+-+--+-
-+++-----+++-+-+++--+-++-+---+
+++--++-+-+-+-++++-+-++-+-+--+
+++--++--++-+---+++----+++++-+
---+---++-+--+++---+++--+++---
-+--++-+-++++--+-+--+---++++-+
++-++-----+-++++++-+-+-++--++-
-+-+++++-----+++-++++-+----+++
+++----+++-++++-+++---+-----++
+--+-++-+++--++----+-+--+++-++
-+-----+-++-+--+----+--+++--++
++--++-++-++++++----++---++++-
+-++-+--++-++-+++-+-++-----+++
-+---++++-+---++++--++-+---+-+
++-+-+--+-++-+-++-+--+---+-+--
-++-++-+---+--++-+------+-++--
++---+++++++-+--------++--++--
+++-+---++++--++--+++--+-----+
-++-+-+++++-+---+++--+++++----
++-+-+--++-++-+-++-++--+-+-++-
--++-+++-+-----+--+-++--++++-+
-+--+++--+-+--++--------++-+++
+-+++++++-+++--++-+++++++-+++-
-----++++-+-+++-+-+++++---++++
-+-+-----+-++-+-+-++-++-++++++
+-++----+--+---++++--++++--++-
+---------+--+--+---+--+++--++
+++-++-+-++-+---++-+-++---++--
-++-++++++---+--+-+----++-----
---+---+-+--+-+----+++++-++--+
-----+---+-++-+---++-+++-+-+-+
+---+++---++--+--+++++-+-+++--
-++-++-----+-+-+++-++++++++--+
-+-+-+-++--++--+++++-+-++---+-
+----++++--+-+-+----+-++--+-+-
+-+-++++-+++-+---++---+-++++--
+--+-++-++-+--+---+--++-++-++-
-+-+-++-----++++--+-------+-++
-++-+--+++-+-+-+++-+--++++----
++-++++---++++--+-----++---+-+
--+----+-++--+-+-+++-++-+++---
-++-+--+-++-+-+----+-+-+------
---+--+-++-++---++---+-+-+---+
-+++++-+--+-+---+++++-+++-+++-
--+-+++------+---+--+++--9++--
-+++-++---+----+--+-++--------
++-+----++--+++-+-++-++----+++

*** Life<Cell> 10x10 ***
Generation = 0 Population = 36
----------
---000-0--
000--0--0-
000000000-
000-0---0-
----0-----
00------0-
---0---0--
---0---0--
000--0--0-

Generation = 1 Population = 52
---000-0--
00-1------
-1-00--010
1---11--10
-1-0--0-10
--0010----
11000----0
00010-01--
00-10001--
1-1-0-0--0

Generation = 2 Population = 50
000--1--0-
1---00--00
0*----01*-
-0-0-*--*1
--0100----
00--*1--0-
-*--1-000-
1-1-10--00
1-------00
*0-0101-0-

Generation = 3 Population = 55
--10-*001-
-0011---11
-*00001-.0
-1011*--**
011*110--0
1---.---10
1.-0--1-1-
*0---1--1-
--01--011-
*1-1--*-1-

Generation = 4 Population = 44
----0*----
1----0----
0.---1*1.-
-*---.00**
-**.**101-
--0-.1-0--
-.0-1-----
*1--1-0--0
-01-0---*0
.*1*10*0*0

Generation = 5 Population = 44
0--01*0---
*0-----0--
1*--0-.-.0
-*--1.1-.*
0****.*---
---0.*01--
1.1-*-10-0
*-11---1-1
-1-1----.1
.**.*-*-.-

Generation = 15 Population = 38
.--...*-*.
.-..*-1**.
..11**.1..
....-**-*.
-..**.***-
..**.**.*.
.*....*.**
......1.*-
.*.....**.
..***0*...

Generation = 25 Population = 18
..-....0..
.-....***.
..........
...**.*..*
...*.....*
.........*
.......**.
....***...
...*......
....*.....

Generation = 35 Population = 18
..-..***..
.-...***..
....*..*..
...***....
..........
..........
..........
....***...
.....**...
.....**...

Generation = 45 Population = 15
..-.......
.-....*...
......**..
..........
....*..*..
...**..*..
..*...*...
..*.**....
...**.....
..........

Generation = 55 Population = 23
..-...*...
.-..**.*..
....*..*..
.....*....
....***...
....**..*.
.**....*..
*...*.**..
*...*.....
.*........

