*** Life<ConwayCell> 109x69 ***

Generation = 0, Population = 150.
......**..**.*.*........
.*.**.****..*..***..**..
..**..*.*.**...*.**...**
.*.*.*..*.*.**.***...*.*
..*.*****.********...***
***...*....*.**.***.*..*
.***...*.*.*..*.*...****
.*.*.**.*.**..*...*...**
.**.....*..**.*.*...*..*
**.****.***..*..*.**..**
**.**.**.*.*.....***...*
*.**.*..***.*..*...*....
.***........***.*.*.*..*

Generation = 1, Population = 100.
.....**..****.**........
...**.......*..*.**..**.
.*....*...*..*....*.*..*
.*......*............*..
*...*...*.*.........**.*
*...*....*........***...
...***.***.*..*.*.*.*...
*..**.*.*.....*..*.**...
........*...*.*...*..*..
......*......*.**...*.**
...........**...**..*.**
*....******.*.***...*...
.*.**....*.*****...*....

Generation = 2, Population = 94.
....**....*******.......
....*.*..*..*..*****.**.
..*..............****...
**.....*...........*.*..
**......*............**.
.......*.........**.....
......**.**....*.....*..
...*..*.......*..*..**..
.....*........*.***..**.
...........*.****..**..*
.....*..*****....*.**.**
....******.......*.***..
....****.*.**...*.......

Generation = 3, Population = 74.
....**....*****...*.....
...**.....*.*........*..
.*....................*.
*.*................*.**.
**.....**.........*.***.
......**.*...........**.
......***.......***.**..
.....***......*..**.*...
..................*...*.
.........*.*.**........*
....**.....*****.*....**
................**.*.**.
....*....**.........*...

Generation = 4, Population = 71.
...***....*.**..........
...***....*.*...........
.***................*.*.
*.*................*...*
**....***..........*...*
.........*........*.....
................*.*.*.*.
.....*..*.......*...*...
......*......**..***....
..........**...*.......*
..........**...*.**..*.*
....**....*********.****
....................**..

Generation = 5, Population = 65.
...*.*......**..........
.....*......**..........
.*......................
*..*...*...........**.**
**.....**.........**....
.......**........**.....
.....................*..
...............**...**..
..............******....
..........***..*...*..*.
.........*...*....****.*
..........*.****..*....*
...........*******.**...

Generation = 6, Population = 59.
....*.......**..........
....*.......**..........
........................
*.*....**.........***...
**....*..........*..*...
.......**........***....
................**..**..
..............*...****..
...........*..*..***.*..
..........****.*.....**.
.........*.....*..*.**.*
..........*..........**.
...........*....****....

Generation = 7, Population = 46.
............**..........
............**..........
...................*....
*......*..........***...
**....*..........*..*...
.......*...........*.*..
................*....*..
...............**.....*.
..........**..**.*......
..........****.***......
.........*..*.*.....*..*
..........*.....*....**.
.................**.....

Generation = 8, Population = 39.
............**..........
............**..........
..................***...
**................*.*...
**....**.............*..
.....................*..
...............**...***.
..............*..*......
..........*..*...*......
.........*.......*......
.........*..*.*..*...**.
.................*...**.
.................*......

Generation = 9, Population = 44.
............**..........
............**.....*....
..................*.*...
**................*.**..
**..................**..
........................
...............**...***.
..............**.*...*..
................***.....
.........**..*..***.....
................***..**.
................***..**.
........................

Generation = 0, Population = 94.
....****
*..**.*.
***.*.*.
*.*....*
.*.****.
..***.**
**.**..*
...*.*..
****.*.*
**.*.***
..*.*...
..*...**
..**..**
****....
*..**..*
*.**....
...*.*.*
...**.*.
*.......
*.*...*.
*..*...*
***.....
**...**.
*.**.*.*
..**..**

Generation = 1, Population = 71.
...**.**
*.*.....
*.*.*.**
*......*
.*......
*......*
.*.....*
.....*..
*..*.*.*
*....*.*
..*.*...
.**..***
......**
*.....**
*...*...
.**...*.
.....**.
...****.
.*.*.*..
*.......
*..*....
..*...*.
...****.
*..*.*.*
.****.**

Generation = 2, Population = 67.
...*....
..*.*...
*..*..**
*.....**
**......
**......
......*.
....*...
.....*..
.*.*.*..
..***..*
.***.*.*
.*......
.....***
*....***
.*....*.
..**...*
..**....
..**.**.
***.*...
.*......
..*...*.
..**...*
.*.....*
.*******

Generation = 3, Population = 58.
...*....
..*.*...
.*.*.***
*.....**
........
**......
........
.....*..
.....*..
...*.**.
.....*..
.*....*.
.*..**.*
.....*.*
........
.**..*..
.*.*....
.*....*.
.....*..
*...**..
*..*....
.***....
.***..**
.*...*.*
.*******

Generation = 4, Population = 54.
...*....
..*.***.
.*****.*
.....*.*
**......
........
........
........
.....*..
.....**.
....**..
....*.*.
....**.*
....**..
......*.
.**.....
**......
..*.....
....***.
....**..
*..*....
*...*...
*..**.**
*.......
.*****.*

Generation = 5, Population = 48.
...***..
.*....*.
.**....*
*..*.*..
........
........
........
........
.....**.
......*.
....*...
...*..*.
...*....
....*...
.....*..
***.....
*.......
.*...*..
...**.*.
...*..*.
...*.*..
**..**..
**.***..
*......*
.****...

Generation = 6, Population = 52.
....**..
.*.****.
***...*.
.**.....
........
........
........
........
.....**.
......*.
.....*..
...**...
...**...
....*...
.*......
**......
*.*.....
....**..
..***.*.
..**..*.
..**.**.
**....*.
..**.**.
*....*..
.***....

Generation = 7, Population = 51.
...*..*.
**.*..*.
*...*.*.
*.*.....
........
........
........
........
.....**.
......*.
....**..
...*.*..
.....*..
...**...
**......
*.*.....
*.......
.**.**..
..*...*.
.*....**
...*****
.*.....*
*.*.***.
.....**.
.**.....

Generation = 8, Population = 57.
..*.....
*****.**
*.**.*..
.*......
........
........
........
........
.....**.
....*.*.
....***.
.....**.
...*.*..
....*...
****....
*.......
*.**....
.***.*..
..**..**
..***...
..*.**..
.**....*
.*..*..*
..***.*.
........

Generation = 9, Population = 50.
..*.....
*...***.
*....**.
.**.....
........
........
........
........
.....**.
....*..*
....*..*
........
.....**.
.*..*...
****....
*.......
*..**...
......*.
.....**.
.*....*.
....**..
.**.***.
.*..****
..****..
...*....

Generation = 0, Population = 173.
..*.*..********...
.*....**.*..**.**.
.*.***.*..**..*.*.
..**..*..*****.**.
...*..*.....***..*
*********.*....**.
..*.***.....******
.**...****.*.**.*.
.*.***.****.****..
.*.**.*..*.**.*.*.
**.*.*.***.*..*...
**....*.***...**.*
.......*..*****...
.**..*.....***.*.*
.****..**....***..
.**.**.*.*..**..*.
.*.*.**.*****.***.
*..*......**....*.
.*****..**..*..**.

Generation = 1, Population = 92.
......**.***..**..
.*..............*.
.*.***.*.........*
......**.*......**
........*........*
.*.........*......
*.........***....*
.*.........*.....*
**..............*.
.*................
...*.*.....**.*.*.
***...*........*..
*.*...***.........
.*..*.***.*....**.
*......**..*...*..
*...............*.
**.*.****.....*.**
*.....**.....**..*
.****....***...**.

Generation = 2, Population = 96.
..........*....*..
..*.**.**.*....**.
..*.**.**........*
....****........**
.......**.......**
..........***.....
**........*.*.....
.*........***...**
***...............
***............*..
*..............*..
*.**.**........*..
*.**....**.....**.
**...*.........**.
**....*.**.....*..
*...............**
**...*..*....**.**
*........**..**..*
.***......*...***.

Generation = 3, Population = 74.
.........*.....**.
....**.**......**.
.........*.....*.*
...**.............
.....*.**..*....**
.........**.*.....
**.......*...*....
..........*.*.....
...........*....*.
..*...............
*..*..........***.
*.***.........**..
*..*.**.......*...
.......*......*...
...............*.*
.......***....*..*
**.......*...**...
*........**......*
.**......**..****.

Generation = 4, Population = 73.
........*......**.
........**....*..*
...*.*..*......*..
....*...*........*
....*...****......
.........****.....
.........*..**....
..........***.....
...........*......
................*.
....*.........*.*.
*.*..*.......*..*.
.***.**......**...
......*.......**..
.......*......***.
........**...****.
**...........**...
*.*.....*.......*.
.*.......**...***.

Generation = 5, Population = 66.
........**.....**.
.......***....*...
....*..**.......*.
...***.**.*.......
........*...*.....
.............*....
.........*...*....
..........*..*....
..........***.....
...............*..
................**
..*..**......*....
.******......*....
..*..***........*.
.......**.........
........*.......*.
**......**...*..*.
*.*......*...*..*.
.*.......*.....**.

Generation = 6, Population = 54.
.......*.*.....*..
................*.
...***............
...****...........
....*..***........
............**....
............***...
.........**..*....
..........***.....
...........*....*.
................*.
.**...*...........
.*................
.**.....*.........
........*.........
..................
**......**.....***
*.*......**...*.**
.*.............**.

Generation = 7, Population = 49.
..................
....*.............
...*..*...........
......***.........
...**.***.........
........*...*.*...
...........*..*...
.........**...*...
.........*..*.....
..........***.....
..................
.**...............
*.................
.**...............
..................
........**......*.
**......***....*.*
*.*.....***...*...
.*.............***

Generation = 8, Population = 47.
..................
..................
.....**...........
...**...*.........
.....**..*........
........*....*....
.........***..**..
.........***.*....
.........*..**....
..........***.....
...........*......
.*................
*.................
.*................
..................
........*.*.....*.
**.....*.......**.
*.*.....*.*...*..*
.*.......*.....**.

Generation = 9, Population = 45.
..................
..................
....**............
....*..*..........
....**.***........
........*.....*...
........*..*.**...
........*....*....
.........*...*....
..........*..*....
..........***.....
..................
**................
..................
..................
...............**.
**.....**......***
*.*.....**....*..*
.*.......*.....**.

Generation = 0, Population = 116.
*....*...***.*.*****.***.
.*.**.***...******.*.*.**
**.**.*.**....*.*.**.*.*.
***..**.*.***..**.**..*.*
**..**..**.*****....***.*
.*....*.........*..***..*
***....*....*.**..****.*.
*.**..**...**.*..*.**.**.
*...*****.*.*.**.....*...

Generation = 1, Population = 72.
....********.*.....*.*.**
.*.*..*....**........*..*
..........*..........*...
......*.........*.*.....*
....*...**...**..**...*.*
.....****..*....*.*.....*
*..*...*...**.****.....**
*.***.......*...*......*.
.*.***..*...*.**....***..

Generation = 2, Population = 62.
....********........*.***
....*.*.*...*........*.**
...........*.............
.........*........*....*.
........**.....**.**....*
....***..***......*.....*
.***.*.**..***.........**
*....*......*....*...*.**
.*...*.......*.*.....**..

Generation = 3, Population = 57.
....*.*.****.........**.*
....*.*.*...*........*..*
......................***
........***......***.....
.....*..*.........**...**
..*****....*.....***....*
.***...***...*........*..
*....*.....*..*......*..*
.....................***.

Generation = 4, Population = 53.
........****.........***.
........*.**.........*..*
.......**.........*...***
........**.......*.*..*..
...*.****.*.........*..**
.*...**..*.......*.*....*
.*.....**.*.*.....*....*.
.**.....*............*...
.....................***.

Generation = 5, Population = 48.
........*..*.........***.
...........*.........*..*
.......*..*.......*..**.*
..................**.**..
....**....*........**..**
..*.**....**......**....*
**....***.........*......
.**....***...........*.*.
.....................**..

Generation = 6, Population = 47.
.....................***.
..........**........*...*
..................**.....
..................*.....*
...***....**.........****
.*.**..*.***......*.*..**
*..*.**...*.......**.....
***...*..*...........*...
........*............**..

Generation = 7, Population = 51.
.....................***.
...................*****.
..................**.....
....*.............**..*.*
..**.*...*.*.......*.**..
.........*........*.**..*
*..*.****..*......***....
***..***.*..........***..
.*...................**..

Generation = 8, Population = 39.
.......................*.
..................**...*.
.........................
...**................***.
...**.....*...........*..
..**.*.*.*........*...*..
*.*.**...**.......*...*..
*.*.**................*..
***...*.............*.*..

Generation = 9, Population = 34.
.........................
.........................
.......................*.
...**................***.
.....*...................
.**..**.**...........***.
..*.....***..........***.
*.*.*.*...............**.
*.**.*...............*...

Generation = 0, Population = 40.
***.*.*.*
*.***..*.
**..*.***
***..*..*
.*..**.**
...*.*..*
*..******
*....**..

Generation = 1, Population = 21.
*.*.**.*.
....*....
....*.*.*
..**.....
**.*.*.**
..**.....
...*....*
.........

Generation = 2, Population = 21.
...***...
....*.**.
....**...
.***.**.*
.*.......
.*.*...**
..**.....
.........

Generation = 3, Population = 21.
...****..
......*..
..*......
.***.**..
**.**.*.*
.*.*.....
..**.....
.........

Generation = 4, Population = 22.
....***..
...**.*..
.***.**..
*....***.
*.....**.
**.......
..**.....
.........

Generation = 5, Population = 18.
...**.*..
.......*.
.***.....
*.*.*....
*....*.*.
***......
.**......
.........

Generation = 6, Population = 14.
.........
....*....
.***.....
*.*.*....
*.**.....
*.*......
*.*......
.........

Generation = 7, Population = 11.
.........
..**.....
.**.*....
*...*....
*.*......
*.*......
.........
.........

Generation = 8, Population = 10.
.........
.***.....
.**.*....
*.*......
*..*.....
.........
.........
.........

Generation = 9, Population = 7.
..*......
.*.*.....
*........
*.*......
.*.......
.........
.........
.........

*** Life<FredkinCell> 20x20 ***

Generation = 0, Population = 39.
-0000
----0
--0-0
0--00
000--
----0
----0
0--00
-0-00
-0--0
-0---
0----
00---
--0-0
0-000
000-0
0--0-

Generation = 1, Population = 40.
01---
-0---
00-0-
1-01-
--1--
00001
0----
--0-1
-1--1
0-0-1
-10-0
10---
-1--0
--101
101-1
1---1
1----

Generation = 2, Population = 38.
1-0--
0-00-
--010
20--0
---00
--1-2
1--0-
0---2
--00-
--1--
0---1
21---
-2--1
00--2
---0-
--002
20--0

Generation = 3, Population = 50.
2-1--
1-1--
---2-
31-1-
00-11
00--3
20--0
1000-
01-1-
002-1
1-00-
--0--
0-002
1-1-3
10-11
1-11-
31--1

Generation = 4, Population = 38.
3-20-
2-2--
-0-30
-----
11---
111--
31--1
2----
12-2-
11---
2111-
-1-00
1-1--
-02--
21---
--2-2
-2---

Generation = 5, Population = 41.
4--10
30300
--041
3--10
-----
2-203
4--0-
-0-02
2---1
22---
-----
22--1
--2-2
1--0-
3-1-1
10---
3---1

Generation = 6, Population = 36.
5----
--4-1
----2
-1---
--1--
3-314
5---1
2----
32--2
-32-1
----1
33-02
---03
202-3
-1-1-
21---
4--0-

Generation = 7, Population = 38.
-12-0
30--2
-0043
3---0
1-2-1
4----
-10-2
-----
---23
--3--
2-1--
44--3
----4
313-4
3-1--
--2--
5-0-1

Generation = 8, Population = 40.
--3-1
414--
0---4
4----
----2
5----
-21--
-000-
---34
234-1
31211
-5-04
--20-
----5
41-11
-1-12
--1--

Generation = 9, Population = 32.
5-4--
---0-
--04-
51---
---1-
--3-4
-----
2-1--
3-0--
-4---
--322
-6-1-
--3-4
31306
5---2
-22--
----1

Generation = 0, Population = 20.
----
0---
--00
0-0-
-00-
-00-
-00-
----
0-00
--00
0000

Generation = 1, Population = 22.
0---
-000
-0-1
-0--
--10
0110
0--0
00-0
----
--11
1-1-

Generation = 2, Population = 21.
--00
----
0-02
01--
00--
--21
-0--
-1-1
000-
00-2
--2-

Generation = 3, Population = 21.
-011
0---
1013
1--0
---0
0132
01--
--0-
--10
----
1---

Generation = 4, Population = 18.
-1-2
10--
2---
2---
-0--
-2--
--00
0-1-
-0-1
0-12
-0--

Generation = 5, Population = 18.
-2--
--00
----
3---
-11-
03-2
0--1
-121
0--2
--2-
---0

Generation = 6, Population = 22.
0--2
--11
2-13
--0-
0-2-
--33
11--
02-2
--13
00-2
----

Generation = 7, Population = 19.
-2-3
-0-2
--2-
-1--
----
---4
----
--23
-024
1123
10-0

Generation = 8, Population = 18.
03-4
1113
-0--
3---
-1-0
--3-
--0-
----
---5
--34
--21

Generation = 9, Population = 18.
--15
----
21-3
-1-0
--2-
--4-
-111
--23
---6
-1-5
-0--

Generation = 0, Population = 90.
0------
0--0000
-0-00--
0000-00
--00000
0-0-000
-0-0--0
-----0-
0000-0-
------0
-0--0--
000-00-
000--00
-000---
0-0--00
0000---
0-00---
00-00-0
000000-
-00-000
0-00-0-
--00---
-0-000-
0---00-

Generation = 1, Population = 80.
10-0000
1-0-1-1
0101-0-
1111---
--111-1
-01--11
--0--01
0-0-01-
1--1-1-
0-000--
-1-01-0
-------
--1---1
0--10--
1--0011
1---000
---1--0
1--1-0-
--11--0
0-1---1
-01-01-
0--1---
--0-1-0
------0

Generation = 2, Population = 90.
-1011--
--1-2-2
12--0--
-2-2-00
0022202
012---2
0--0-1-
1-1012-
-002-20
101---0
--0----
-0000--
00--00-
10-----
-00--2-
20-0-11
--02-01
-0----0
-0--0-1
-0--0-2
01-012-
--0-000
00-0--1
--0-001

Generation = 3, Population = 83.
121--00
1020---
2---1--
1-13---
--33-13
12-0013
--0102-
20---3-
1---0--
212---1
01--1-0
--1----
-1---11
-1--0--
111-03-
3--1-2-
001---2
11-10--
0-111--
--1--03
1-11--0
-0---1-
11--10-
0--01--

Generation = 4, Population = 94.
-3--111
2131-02
---1-0-
2----00
---42--
23-11--
-01213-
-1-0140
-002--0
3230-02
--00--1
00-000-
02---22
---1100
-220--1
-00-03-
11220--
2----00
10-2--1
-0-0-1-
-1-2121
01-1-2-
--0---1
1-01---

Generation = 5, Population = 80.
-4--22-
32--21-
-2-2--0
-2----1
-03---3
3-222--
-1-----
2--125-
-113-2-
43-1-13
-1-1-02
--1---0
--1-03-
1----11
1-3-032
-11--4-
-23--02
-10--1-
---3102
----023
---3--2
1-02030
--10---
---21-1

Generation = 6, Population = 77.
-511--1
433----
------1
2--3-0-
----214
----313
0----3-
-1----0
1--40--
543--2-
-202--3
--2-001
022-1-2
21--12-
224-1--
--21--1
1342013
2-----0
-0-42--
---0-34
1--412-
-------
11-110-
----2--

Generation = 7, Population = 77.
--2222-
54-----
-202---
-21-011
0------
3--2---
-----41
2-112--
21-51-0
-5-1---
---3-04
00-0--2
-3----3
320123-
-3-02-2
-13-0-2
--53--4
310---1
----3--
001---5
-11----
-1-----
22-2211
10--3--

Generation = 8, Population = 88.
1-3--31
6-3-21-
-313-01
---31-2
1-34214
432-313
--1--52
3122---
--16---
-6---2-
0-0--1-
1--10--
0---1-4
4--2341
----333
3---1--
1364-1-
4---012
---4-0-
11-003-
-2-4--2
---2030
-3-33-2
--0-4-1

Generation = 9, Population = 90.
2-42--2
74-1322
-42----
2214---
20-5-25
--32--4
-1-----
4---250
21--12-
--31033
12---24
-0-2--2
-3-0-35
5203-52
----44-
4-3-242
2--5-2-
5-011-3
-015---
2--1---
-3--123
--031-1
2-1-41-
---25-2

Generation = 0, Population = 253.
---00---00000-000--00---0
0---0----0-0-----0-00--00
----0-00-0-00--00-----0--
000000-00-0-0-----0-000-0
0-------0-----0----00--0-
-0000000-----000-00000-0-
00-0000-----000---000--00
0000--0----0----0----0-00
-0-0000---0-0-0--00000-00
0-0--------000--0---000-0
-00-0-0-0-0000-----0-0--0
00--000-0-0-0---00-00---0
----0000---0000-00-0--000
-00-0---000--0--------0--
00--00-00---000-0-0---000
--0--00000-00--------0--0
000-00--00-000---0-0-0000
--00-----00000--0-000-00-
0----------00-0--0--0---0
-0-00000-00---00-00--0-00
00-00-00000----000-0-0---

Generation = 1, Population = 257.
0-01-0-011-11-1-1-0--0--1
-0---000--0-0-0-0----0-1-
-00--01-010--0011-00--1--
----110--0-0100000-0---0-
10----00100-0-1--00-10-1-
0--11111-------1-11--1---
-1-1111-----11--0--1-001-
---100-0----00-0----01-11
01-----0-0--10-001--110-1
--1--0--0-0----0--00--10-
0---101-1--1--0--001-1-0-
1--011101-1--000---11-0--
0-0011110001111----1-0---
--1--000--1-0-0--000-0-0-
1-00--0-100--11----0-----
-01001-1----100-00000100-
1-101----101--0---010-11-
---1-0---------0--11-0--0
--0-0000--0--01--10-1-001
01--1-1-0---00--011--1-1-
1----0-1-1-0------0--1000

Generation = 2, Population = 265.
-012-10--202--2-2--0010--
-100011-001010-0-0-0010--
0-10-12012--0--2201-0--0-
0-00221-0--121-11--1-0-10
-100-011-1101020-1-02--20
100-22---00--0--0--------
---2---0---0--00----01---
0-0-1-0100-011-100---2---
12-00-010--0---1-2---2--2
---0-1--10--00-1-0---0---
100----0-00-0-1001120--10
-0-----12020---100-22----
1--12---1---222--0--01-0-
-0-0----00-01--001-1-1--0
-01--01-2--00-200-0---0--
01--120-----211-1-1-1-1-0
-0---0-002-2--1-0-1------
0-02-1-0-0-0-00-0-2---001
0--0-111-0-0--2---10--11-
-2-02-2---0-1--01220-2--0
2-----0-0----0--0-100--11

Generation = 3, Population = 254.
0-2-0--0--1----0--0-12-0-
------20--212101-10--2---
1021-2-----0-003312-10-1-
101---2-10----02-0-2---2-
1----1221-212-------3-0--
21--3---0--0-101---0-1-00
-10-11-1---1-11-00-11-0--
10--2---11-1-202--0---0-1
-30--0-210011-0-0-0-1-00-
---10--0-----10-0--0-110-
211--011-1-1102-1--3--021
11-01-1-3131000-110-3---0
-00-31---001--300-01-----
-111-00011--2-0-1-0-02---
-12-----3-0-11-1101-0-10-
12-02----0-0--20------2--
11-0--0----3-0-----10--1-
101---0-0----11-1----0-12
1---0-2--101--3---2-1---1
0---30--0--0---12--10--11
---0001--10---0-10-11-02-

Generation = 4, Population = 291.
-----1-1122-10-12-1-2---1
-1-00-3-00-2-2120-100-0--
-132--2012-10------02--20
21---230-1--2---110-00-30
-10--23-21323----1-0-0-20
---1421110--0-12-111---11
021-22--000--22-110-211--
210130-1--0-1--30-1--2-1-
--1-0---21-22--11-10-21--
0-1211----0-0-1--0-102-1-
-220112-120-2-3----4---3-
-2-1--214-4-11112----00-1
-1----11111-2-4-101201--0
02-20---2-1-301--1-1-3-0-
-2-0001-4--0-2--2---10-10
-31-320---01-13--010-130-
2211-0100204-1100-121--2-
212-01----0-0----0210----
--00113102--0-4--1-02--1-
12--4-20-0011-02----12---
2-011121-21--0-0-1----1--

Generation = 5, Population = 250.
-0-2--0223322-2---203200-
020-114-1123---3---11----
-2----3123----03-12-3----
32102------1-1-2221----41
--1--34-----4020---131-31
2-025-2--10-11-3022------
-3--33-1-1-113---21132210
-2------11112---10------1
-----0--32-330---2--1320-
-023-----010--2---02--120
--3-22-1--1--0--1115---4-
1-02--325---2-----0---102
--0-31-2--2----0-1-3-2--1
13-------120-1-01202---10
--2--1--50011-21-01021121
-4----1----2-2--112----1-
---2-12-----0-2-1-2----30
-23--20--0101--0--3-10---
-0---242--0---5-022-3-1-1
-300--31011--0--2----3-1-
301-2-3-------01--1-1--2-

Generation = 6, Population = 261.
-12-----34433----0314--11
1-102-5-2-3---14011-2-01-
1-32----3-----143--040-20
432-3--0110-22-3-3---00--
---004-2-13----10-02-2---
-1----3-1-10221--3-1--0--
-4---41-0-----20132------
230-3-------32-321-0---12
--100-02-3-441---3--2-3-2
0134---0--2--1-100------1
2---3322--2----02---0-0-1
--13114-61-1---12112--21-
--114213--3-224112-4---0-
241-0--0----3-11--13----1
12-00--0611-2-3--1-1-----
1--0-22100-3--3--23-11--0
------30-20411-020-2101-1
2-4-031-012--11-1----1-1-
1-001----2--0--0----4--1-
-411--42---11-0-3---1-02-
41-1--4-021---12-1----131

Generation = 7, Population = 260.
-2--0-02--5-4021--4--2--2
22213----14-22-512---2120
-24-0-3-----0----1-15---1
----4-3-22--330------11-1
1--11543--4-----1-1--30--
2202524121-----304-20--1-
-----5--1101-3-12-31--210
34-14--111----0-321----2-
-321--1---05520-1-1----0-
--4-110-1-3--2--1-0----2-
3--0-43---3--031311---142
12-4--5-72---1-2-2---0---
1-22-32----1--5-2---0--1-
-5-------1-0-12--2240----
2-2----172213---22-2-1---
2-11333-11-42-4--34----11
--12114--315---13-232-232
3-52---01---1-2-2--11202-
2011---2-3--1-5-0--05---1
1-22-0-3---2--1----12--3-
5-1221511-2-00-31-1-11-42

Generation = 8, Population = 267.
-3--1-133-6--1-----143--3
3-3-41-022--3-1----1----1
---2--413-01-014-2-260---
432--2-033-1--132312----2
2----6--21-2402-21------1
---36-523-10-21--5--1-02-
--1-36-12--2--2-3----23-1
4-0-5--22-1-32134-2------
--3-0-2------3---3-0--3-2
0-5-221-------2--0-2-----
4--13-42--4121-242-5--253
231-11--83-122-3-3------2
2-3--4-31-322261-21-1-0-1
2-12-000-22-32-11--5---1-
323-01-28------133-32-121
3-2244-1-2-5----1--011---
-22-22--0---1-22-0-4-0---
4263-3--212-2-30-0-2--1-2
3--2124-0-0-2---12216-11-
-433414--1--1-2-----3-041
6--3-2-22--011142--1-2--3

Generation = 9, Population = 272.
---22124-4-3------4--4014
-2-1-2-1-34---2--21-2--22
-24--25-4-1-01--3323-11--
--3-433---0--3243----1-43
3-11-7-33-43-131-2-23-0-2
2--4--6341212-230622-1-31
042247123103-3-14-3--3-1-
-----------1432--2---2---
-3---03-3-0--401-41123---
1-643-2---3002------0--2-
--324--3--523-3--3-6013--
3--4---2-4-2-31-2--23----
-1----2----3---22-24---12
-52301-1-3-0--22-2-60-021
4-4--2139221323--4-4-1232
4-3--5-2------4023412--11
2-3--34-131-2---31--21--2
-37----03-------2-3---22-
40132---1-1--0--23-2--2-1
15--5---0----03--22143-5-
---423533-212-2-311-1---4

Generation = 0, Population = 129.
00--0-------00--00
0000---00-0---0-0-
-00--00---00-00---
00---0-----00000-0
0-0---0000-0--000-
---000-0-00-000-00
0----00--0-0-00-00
0-0--00-0--00----0
---00--000000----0
000--00000-0-0-000
---00-00-00-0--000
0000-000--0-0-0000
-0-000-0000-0-0000

Generation = 1, Population = 118.
-----0-00-0011-0-1
--11-0-11-1-001-1-
01--0-1-00--0-1-00
--0-010000-1-1--0-
10--0011--010011-0
---1---1011-11101-
1000-1---101-----1
1------010-1--0---
-001100--1-----0--
1-10011-11-1----11
--0-1-110--01--1-1
11-1--11-0-------1
-10---0-----1--11-

Generation = 2, Population = 122.
--0001------2-0-0-
0-22010-202011-020
120-1-2-1---1-2-11
-0--12-11-02-20-10
21---12200-21-2---
---2-----22--22120
------0-021--0-0--
20--0--1-10200---0
011221--0-0------0
-021-220---2---02-
--1-2022-00-200-0-
2----02-0-00-----2
--1--01--0-0-0022-

Generation = 3, Population = 109.
00-11---000-31-01-
1033-2-------2-1--
-3-0--30---02-3022
0--0----201--31---
3-00---31---2-----
000-00-103----32-1
10-001-01-2---01--
----1---------0001
--233--0-11000-0-1
-----33--10--0-1--
0-203---01--3-111-
-1---131-------00-
01-00--0--01-1--3-

Generation = 4, Population = 116.
--0-2--01-1-4---21
---40--12020131-20
140-1-41-0-13--1-3
1---1-01--2-04--10
-1---12-2002---1-0
11-----2-4--12----
--01-----2-1-012--
2000----11-20-----
-13-------2---0-02
1---044--2--010--1
-03-40--1--0-02--1
22--02---00000--12
1--11--10012--0-40

Generation = 5, Population = 122.
-0-1310--0205-00--
103512-23131--21-1
--10---211--40----
2000221--03--51021
320--2--31132-2-01
2--2-0--0--02----1
-0--0--0---2---30-
31--1--12-0-1--001
0---310-01----1-1-
-0-1-550----1211--
0-4-51-2-1-1-1-1--
----1-310-1---00-3
2-12--12-12-------

Generation = 6, Population = 112.
-10-421---316---21
214-2-0-4-4-1-----
-4211---220-5-3-2-
-1-1-32-21--0-2-3-
43-0---3-224-031-2
31--010-1--1-23222
110-1-011--30-1--1
--00-----1-2-0---2
11---2---2----2-2-
1-2--66-----232---
-0-0----1-0-32--11
----22--1-2---1---
--23-0--02-2--02-0

Generation = 7, Population = 122.
-------010---1-032
3-55-21-51-1-32--1
-532---233----4-33
--0-2431-23-15-04-
-4-1--2-----2----3
42------2---2--3-3
-2-121----241-2---
-1-1-001-2-31-0--3
-23333--0320003---
2---0-701202-4-1-1
--4---222-1---2122
-2013-31-03-0-2-1-
-1341112-32-11-3--

Generation = 8, Population = 114.
0-01-2-12-316201--
-1---32-62------2-
-6----4-44-15051--
-11-3-4-2-4--621-1
-50---3-3224-----4
530-0102-42--2---4
-------11-352-3---
3-0--1-223-420-00-
---44-00--3-11----
----16-1-3--25-222
0-5--13-----3--23-
2--2-2421-4-103-2-
2-452-2------20---

Generation = 9, Population = 107.
-112-312-04----2--
-2-52--27------1-1
1---1---5-02-16--3
22--------52--3--2
-611---3-3-52-310-
64--1-1---31----25
-2--2--2---6----01
------0334----0113
1--5--11-3-0223--2
2-2----2---23---33
1----2-22111-2--4-
-2033---2----1-033
3-56313-0-2----34-

*** Life<Cell> 20x20 ***

Generation = 0, Population = 74.
.-*.0**000..-**..
0*.*.*..0000.-.0.
0..0*0*....*.0.-0
--0..00.*-00*0*--
0--0.*0*0--.-.0.*
0000-*-----**...*
0.*.0**-***..0**-
00-00*0*.0-00-0*.

Generation = 1, Population = 54.
.-**1**-1-..0.*..
-*......-1--.-.-.
1..-.-..*....1.--
-0-..11.*-11.1*0-
1-01..1.-00.-.1..
1-1-0.00-0-**...*
-...-..0**...1..-
-1011.1*.10110-*.

Generation = 2, Population = 53.
.-**-*.---..-....
-*****.*0-0-.0.-.
-*.-.0.**.*.**.0-
0--..*-.*0-**-.10
*0-**.-.---.0.*..
*-*0-*--0-0***...
0...-..1.....**.0
0*--*.**.------..

Generation = 3, Population = 62.
.-..1**01-..-....
0*...*.*--10*1*0.
-*.0.-....*..*.1-
10-..*1**11..-.-1
*10*.*-.-00.-.**.
*0*-0.0---1*...*.
-.**0*.**..*.**.-
-*01..**.----00..

Generation = 4, Population = 63.
.0..**.1*0.*0**..
1**..*.*-1--**.-.
1..-*-.......*.*-
-1-*.*-*****.1.1-
.-1*..1.--1.-.***
*1.-1.--0--***.*.
0...1...*.**.*.*-
0*1-.****--11--..

Generation = 5, Population = 71.
*1*.**.-.-**1.*..
-.**.*.*0*1-...0.
*..-*0.*...*.*..0
--0*.*1*******.--
*1**.*-.--*.0...*
***-**00101..*...
-.***.*.*.*..*..0
-**1.****1--*--..

Generation = 6, Population = 47.
.-*.***1*-***....
-.*....*-*-0.**-.
.*.0.1.......**.-
---...-***...*.--
**....1.-0..1....
*..-..1-*-*.**...
0.........****..-
0*.-.**.**-1.--..

Generation = 7, Population = 53.
.1.*.****0****...
-**....*0*11..*0.
..*-.-**.**.....-
1--...-***..***--
**....*.01***....
*..-..*-.0*......
-....**.*....*..-
-*.-.....*0*.0-..

Generation = 8, Population = 47.
.*....*..1..***..
1*.*.*..1.--.**1.
..*0.1*.....*..*-
*-0...1.....**.1-
**....*.--..*....
**.-..*0.-..*....
0....****..**...-
0..-.....*-.*10..

Generation = 9, Population = 46.
***......-..*..*.
**.*.*.*-.--...-.
*..-.-**....*..*0
*11*..-*...*****1
..*..**.--.**....
...-...-*-..**...
-....*..*..*....-
1..-..***.0**-1..

Generation = 0, Population = 244.
*.-.**-*0*0..0.-0-...*0-0
.-**-000.00-*.0.--.**.---
0*.0.0*-.**..-.00***0-**0
**.--.-.0-0-.0**000*.*0**
.0****-.0*...0*.0-0-..0.0
*..-0*-**0...**-*-00*0--*
*.-*-*-.00***0-*00-..--.*
00.-0-0.0.0**0-..0-*--*-.
..*.-.0-0--0.00*.-**.*00.
.0*0-*0-*--..0*..--*-*0--
-000*-0*----.*0..*-.-*00*
-.0*0-.0*.00**-0-.0.**.-*
-**0.0..-*0--0*--0*0*-*-0
--.-.0*-....-*..*.0-*0*00
-*0..0.00-*-0*..***0-*.*0
0****-0-.-*-.00-.-0.-----
*--0.--0.*0*.0.0.--....*-
-.**.-0-0-0-00**-*.-.*.0-
*0.**.-*-0**0*0-*0-00*0*-

Generation = 1, Population = 180.
..0***0*-.-*.-.0-0..**1--
*-**011-.11-.*-.-0....-0-
-..1.-.-.....0.-1...-0..-
...-0.0*1-10.-..-1-...-..
.-**.*0.1.*.*1..-0-0..1.-
*..0-.-*.1.*...0.0--*1-0*
*.0*-.-.11...10*1--..00*.
-1*--01.-.-..1-..10*0-*-.
*...0.---0-1.11*.-.*..-1.
.-.-0.10*0-..1...0-*-.100
0---.0-.0-00..-*..-*-.1-*
-.1.--.-*.--..--0.1....-*
0*.-.1.*-*---1.--1.-.-.0-
--.0.1.-*.**-..**.--.1.11
-.-..1.11-.-1..**..10*..-
-...*0-0.-.-.11-*-1*-0--0
*-0-.-0-*.-..-.1*00...*.0
-....0--------..0**0.*.-0
.1.**.-*01*.1.-0*--1-*-*0

Generation = 2, Population = 196.
.*-...1*0.-..0.--1...**--
.-..1*--.**-*.0.-1..*.--0
0.**.0.0*..**1.0-*..0-..-
..*0-.-.---1.-..-*0...0..
.0**.*-.*...**..0---**-*0
...-0.-*.*.*...1.10-*---*
*.-*0.0**-*.*--**00..-1.*
0**--1*.0*-..-0..*-*10.0.
.*.*1.-0-1--.*-.*-...*0**
.-.01.*-.--*.*.**--*0.-1-
-00-.--.-011..0.**-*0.*0*
-.-.--*-*.00..---*-....-*
1**0****-*-00-.00-.-.0*10
00.-.-.0..**-.**.*-0.*.-*
-.-..-.--0.--*....*--*.*-
0...*-01.-.-.**-.0-.01-01
.--0*0-0..-..0**.11..**.-
0****--0-00-0-..1..-.*.--
.-..*.0.--..-.01*--*-.-*-

Generation = 3, Population = 227.
..0..***1*0..-.-0*...*.00
.0****--.**0..-.0-*.*.00-
-**..1*1**...**--*.*10..0
...10.-*--1*.-*.-*1**.-*.
.1....0.*.***...-0-0**1*-
.*.01.-..***.***.---*-0-*
*.-*-.-..-**.1-*.--..--.*
-..00*..-.-..--...0*--.1.
**..-.0-0*01**-.*-*...-.*
.-.--*.-*--*.*...-0*-.1-0
011-.--*-1**..-..*-*-**1*
0.-.0-*0*.-1..000*1.*..0.
-.*-**..0*-111*-11*0*-*-1
--.0*1.1.*.*-***.*0-.*.1*
-*-..-*-1-*01*.****--*.*0
-..**01-*0.-*..-*11*1*0-*
*0--.10-..0.*-.*.-*....*0
1**..--1-11---..*.*0**.0-
.1*.**-.-1..1.1-*00.0.0.0

Generation = 4, Population = 171.
.*1..***-.-*.-.0-*...*.-1
.-....1-...1..0*1-*...1-0
0*...-.*....***0-...-1..-
.*.*1.0.1--..-*.0*-...-**
.*...*-**......*010-..*.-
**.-*.0......*.**1--*110*
..0.0*-..-.*.*0*.-0*.-1.*
-**--*..0.-..--..*-*1-.-*
....1.---*-*.*1..-....0.*
.-*-1.*-.00..*...--*0**1-
--*0.0-.-*.*..0*..-.0*.**
1.-.10*1..--..--1.-....1.
1..0....-*-*-*.---.-*0*-*
-0*1.-.-....-.....1-.*.-.
0.0..1.1*-.1*......--...1
0**.*1*-*1.-..*0.*-.-*1-.
*--0.---..1..0.*.-......-
-..**------0--..*..-**.10
*-**..0.0**.-.--*--.1.-*-

Generation = 5, Population = 214.
..*..***1.0..-*10*.....0*
*-*..**0...*..-.*1...*--1
1**..-**....*..-1...1-*.-
.*..**-.*0-..-..-.-...-*.
.*.*..-.*.......--10....-
***0*.-*....**...-0-*---*
*.1.-.-..-..**-*.01..-*.*
0**00*..-.-..--*..0**0.1*
.**.*.0--*0.***..0*...1.*
.0*0*..0*11*.*.*.-0*1..-0
01*1.10*0*....1*..-*-...*
**1.*1***.--*.0--.-....*.
*..1.**.0.-.-..-1-.0*1*1.
01.-*1.1*.**0.....-0***-.
1.-..*.**-.*.......--**.-
1.*.***1***0***-*.1.1.*0.
*--1.10-.*-..-.*.1..*..*0
-*..*00-011-00.**..0***-1
.-***.-.1**.-.-1.0-.**0*-

Generation = 6, Population = 158.
.*...*..*.-..0.-1*.....1*
*0**...1...*..0..-...*--*
-.***1.........0**..-1**0
...***-.*11..-..0.1*..-..
.....*-***......-1-1....0
*..1*.0.....***..--0.110.
..-.-*-..-..**-.*1*..-*.*
-..-1*..-.0*.--*..1.*1.**
......---.-.**.**1....-.*
.1.1...-.-**...**--.*..1-
--.-.-1.-..**.-*..-*-..**
..-..-....-1.*1-1.-*.*.**
...-....-.0.-*.0-1.-.*.-.
1*.-.*.-..**1.....1-...-.
-.0*.....-.........10...-
-..*...*...1***0**-**..-*
*---.*1-..1..-...-*.....-
-*...1------11.*.**1...-*
.-***.0*-.**1.1*.-0*..1*-

Generation = 7, Population = 169.
**........-..-.1*......**
*1...**-......-..-...*-0.
1....-*.***....1***.1-**-
..*...0*.**..-.*1.***.0.*
......0*..*..*..--1-..**-
...**.-**...*.*.*--1***1*
..-*0.-..-....-**-*..0..*
-..0**..-.1*.-0*..**.**.*
....*.---.-.*....*.***-.*
.-.-...-.1*..*...--....*0
-1.1.1-.-....*-...0*-....
..-..-....-*.**--.1....**
...-....-.1.-*.-1-*0*.*1.
***1...-..***.....--*..-.
1*1**....-*...****.--...1
1.***.*....****-**1.*..0.
.--1***-..-..-...1..*...-
-***.*01-----*.***.-...-.
.-****1.1..*-.***--*..**-

Generation = 8, Population = 156.
**........-..-.*......***
.-...**1.*....-..1...*1-.
*....-..*.*....-..*.*1..-
.....*1....*.0**-...*.-.*
...*.*-...**.**.-1*1....0
...***-**....**.*10**..**
..1.1.-..-.*.*0.*-*..-..*
-..-.*..-.**.11*......*.*
...***---*-.***....*.*-.*
.1.1*..-.*..**...00....*-
0-.-.-1.-.*..*-...-*0....
..-..1....-..**01.-.*.***
.**1....-.*.-**0--*-***-*
*..-*..-.**.***...1-**.1.
*.-..*...0*...*...*--...-
*.....*....****0..**...-.
.00*...-..-..-...-.*....-
1*....-*---01....**1...1.
.-....-.-...1.*..-0.....0

Generation = 9, Population = 139.
......*...-..-.......***.
*1....****....-..-..*.--.
.....-..***...*1...**-*.0
....***..*.*.-.*1*..**-..
...*..-*..**....--.-....-
..*..*-...**....**-.*..**
..-.*.-..-**..1.*1*..-..*
-..0.*..-.**.*-.........*
..**.*0-0*-....*..*...-.*
.-*-...-.***.....11.....-
--.1*--.-.....-***-*-**.*
.*1..-....-.*..1*.1...*.*
.****...-***-..--1.-...-*
*.*-*..-....*....*--*..-.
**-..*...-.......**-0...-
*.*.......*****1..**...-.
.--....0..-..0*..1..*...-
**....0.0-11-*...*.-...-.
.1....-.-..***...-1*....-

Generation = 0, Population = 92.
...0**-*..00-0-.0.-0
0*-.*.0*000-0-...-*-
..*0**.00-...0.0-*--
*-*0.-*0*00****.*.-*
***-0-.0-.*.-***0*00
-.00*.00--000.0*0***
*..*0*.-..-***.0-*..
-0-.0-*.-0-..-0...-.
00..-.000--0--*--*-0

Generation = 1, Population = 70.
...1**0*..-10-0.-.--
1*-...1.1--0-0*.*-*-
*..1...110...1.-0*-0
*0.-.-.-.-1*......-*
*..-10.--...0...-.11
-.-1..1-00-1-.-.1..*
.*..-..0..-....10*..
010*10*.--0*.-1**.-.
1-..0*--1-0-00.00.--

Generation = 2, Population = 93.
...***1*..0-101*0.0-
-*0*..*.*-010-*.*0*-
..*-...**1.*.**0-*01
*1.0*0.0*-***....*-*
**.-*1.-0*..-...0.**
0.0-**-011---.-**..*
**..0..-**0*..*--*..
-*-**1**00-**-*...-.
*-*.-.-0--1011.--.--

Generation = 3, Population = 70.
...*****.*11--*.-.10
1*1......0-*--...1.-
*..1.*...*....*10.1-
*-.1.-.-.-.*****..-.
...-.*.01..*0..*1..*
-.--..-1-*-1-.-**..*
*...-..0..-****--...
0.0**-*.1--..0*...-.
.0**0*-1--*1**.--.--

Generation = 4, Population = 68.
.******.**--10..-.*1
-**......-0*0-*.*-.0
*..**......*...*1*-1
.1.*.-*0*0**.....*0.
...0..*-*...-...-...
0.--..1-1.--0.-.*...
.*.*0.*1..0*...-0...
1.-..1*.-00..1....-.
.1..1*0--0.-***--.--

Generation = 5, Population = 68.
.*.***...*---1..0.*-
-........-1.-0*.*-.-
*..**..**......**.1*
.-.*.0*-*-**.....*1.
..*1.**0..**0...1*..
-.--*.-1**0--.-.....
**..1..**.-**..11...
-*-*.-..1--..**...-.
.-..*.-111*1***0-.--

Generation = 6, Population = 72.
....*.....--1***1*.1
1.*..*..*--.0-*.*1*0
...******.**..***.-*
.-...-.-*-*.*..*..-*
..*-...-....1...***.
0*0-*.-*..-1-.-*.*..
*****.....-******...
-*-**-..--0.....*.-.
.1....0**-*-*..10.--

Generation = 7, Population = 64.
..........-1-.*.*..*
-.......*01.10...*.1
...****.*.*.*.*...-*
.-.**0*-*-*.***...-*
..*1...0....*..*.**.
-.11*.1...0*0.-...*.
.....*....-****..*..
-.0.*1.*101......*-.
.**...1*.-.-...*-.--

Generation = 8, Population = 66.
.........*---*....*.
-...**.**--.-1**...-
...*..*.*.*...*...1*
.-...1.0*-..*.**..-*
...*...-.**...*..***
-.-***-...1.1.0.*.*.
..*....**.0..*...**.
-*1**-.*--*****.*.0.
.***.***.1.-....0.--

Generation = 9, Population = 75.
........*.1-1*......
-...*****-1.1-.*..*1
..................**
.-..*-*1*-**..**.*1.
...*.**0***...*.**.*
-.-**.1.*.-.-.1**...
.*...****.-.....*.**
1.-.*-..--*******.1.
.*...****-*1**.*1*0-

Generation = 0, Population = 223.
-**-.*-*0.-0-00.*.0000*
0.-*.-.0**.-*000-.*-0-0
*--.*0.---.0..000**0*0*
00-*0-0-.--**-0*-0-0.-.
0-.0*00*0.0-****.00--0.
*0-**-0*0-**0*0.-0.0-.-
..*0.*.-0**--**0*-..-0-
.0.*.-.0.*--.*.00....*.
..--.*-0.-.--0.*.-000*-
**0.0-..**-*--.-0..*-*0
..-*.*.-**.0..--...-0--
*0--.-0-.0*.*-0.*-.0-.*
0.--*-00*-**-0.*...-.0*
.*--000--00.*0-00..*-0-
-0*--...0..**--0000*-00
-.0*-.--000.0-.000*000*
-00-..0.-*.0.**0-*.*.--
-.0-0--0--0**--0.0..---
.*-.0-**0--*-*0.0-.0*--
-*.00---0-000.0-0.0--**

Generation = 1, Population = 197.
-**-..-*-*0-0--..*--1-*
1.-*.-.-.**0.1--0..----
*--..1*000*1..1--..1.-*
11-.1-1-.--..01.0--1.-*
-0.1.--.-.1-.....1100-.
*10..--.10..1.1.-1.-0.-
*..1.*.0-..--..1.-..010
.-.*.-.1.*--**.1-*.*.**
*.00*.-1.-*001.*.011-.-
.*1*-0**.*-.00.--.*.-.1
..-***.0...1*.0-...0---
*100*-1-.-..*0-*.0.--.*
1.-0*01-*-..-1.....-.-*
**-0----01-..--1-..*--0
0-.-0*.*1....-01-11.01-
-.1*0.00-11.1-.11-.--1*
011-..-*-..1.*.10..*.00
-.1-1001--1..001.1.*0--
.*-.--*.-00.-.-.1-*1*-0
0.*1-00-1-111.1-1*---*.

Generation = 2, Population = 172.
-**-..0.-*-0---...00--.
*.-..0.-...-.--0-..00--
*--.***--1.-..*0-..*.0.
--0.-0*-*0-*.1-*----.0.
0-.-.-0.0*-0..***--1-0.
**1**0-.*1..-.-.0*.--.0
*..**.*1-*.--..*.-**-*-
.-...0.-..--.*.--*.*..*
..--.*--.0*--*...-*-0*-
.**.--.*..-.1-.0-*..-.-
*.0....1*..*..--..*-0--
*---.-*-.-.*.-0..-.0-..
-.-1.---*-..-*..*..0.0*
**-10-0-1*0..0-*0.**--1
1-.0-*..-.*..01*0***1-0
-.-.-.110***--.*--*0-*.
1-*-..0.0*.-.*.*-***.--
0.*-*-1-0-***---.-..---
.*0.00..-11.0.-.*-.*.0-
-***-1---0--*.---*-0-*.

Generation = 3, Population = 189.
-*.0..-.0.--0--...1---.
*.0.*1.-..*0.--10..11--
.00.*..0-**1...10..*.1.
-1-.--.-.1-.*--.----.-*
1-.1.01.1.-1*.*..-1--1*
*.-..10..*..-.1.-*.--*-
*.....**0*.--....0.*-*0
.-...1.1**0-..*10*....*
..0-..01.1.0-**.*0*11*-
.**.-0**.*0*--.--**.-*-
*.1...*-*..**.00..*0-0-
.100.0.-*-..*--..-*1-*.
-*0**--0*-*.0*..**.-.1*
**-*10---.-.*-0.1...---
*-*10*..-...*--.1...*11
-*1.-*--1..*1-..-0.10*.
*-.0..-.1..-..*.-*.**0-
1.*-*0*-1-..*--1*1.*-0-
*.1.--*.---.-*-..-*..10
0*.*0*0-11-1..---.-1-..

Generation = 4, Population = 186.
-**-*.-.-.0--0-...--1-.
*.1.**.0*..-*-0--**-*--
*--.**.--*.-*..--..*.-.
-*-*10*0.*-.*11*0-01*0*
*-.-*--*-*1**....--10-*
**-.*-1..**.1**.0*.00.0
........1..--.*..-..-*-
.-...-.*..1-.**-1.....*
.*10..-*.-.1-**..-.--*-
..**01...*-.-0.0-...-*1
*.-.*..1*...**11...---0
*---.-*-*0...-0**-.--*.
-.1..011*-..1..****0*-*
*.-.--001.0.*0-.-...0--
*-.*1.*.1...*01***.*.**
0.-.-*11*..*-0..-1.--..
*-.-..0.-*.1**.*-*...10
-.*0*-*-*0...--**-.*0--
*.*.-0..-1-.-.0.*-**.-1
-***-*--**--..---.--0..

Generation = 5, Population = 186.
-**-**-.0.-0---...10*0.
*.*...*1**.0*1-10.*1*0-
*-0....--*.1*..10....1.
1*-*-1.-.*-..--*1-1-.-*
*0*-.-1*-.*......1-*11*
**1..--*....-.**1.*--.1
.......*-.*-0...*0..-*0
.0*..-.**.--*..--....**
.**-..0.*1*--....-.-1*0
....1***..0.--.10...0*-
.*1.*.**....*.**...--01
.10-.-.-.1..*--..-*1-**
-*-..1-*.-.**....**-*1.
.*0*1-11*.-..--.-...1--
*0..*...-....--****.**.
-*-.-.--****--..--.1-..
.1.0*.-.1*.-.*.*0**.**1
-.*-*0*-*1..*0-..-.*1--
....-1**0-1.-.-.*-*..1-
-***-.00**1-..1-1.0--..

Generation = 6, Population = 193.
-**-.*-.1*01-0-..*-1.-.
*.*..**-.*.1.*---.**.10
*01*..*0-*.-.*.*1.*..**
*.-*--*0**-*.-1*-0--.0*
.-.-.-**1.....*..--*--*
*.-..--**..*1..*-.*-0.-
*.....**-..-1*..*1..0.1
.-*..-*...-0...-1......
.**0..1..-*10....-.1-.-
....-.....1*1-*-1...-.1
.*-.*..**..*.****..0-1-
**-0.0.-*-..*00..-**0..
1.1.*-1*.0.**....**0.-*
..-*-0***.-..--.1...-0-
*1..**..-.*..-1.***.**.
-*1*-.-1*.*.10*.--.-0.*
.*.1*.0.*..1.**.-**..**
-.*0.1.1.-*.*-0*.1..-00
.*..--..1-**0*0*.-*.*-1
0.*.0*-1..-1..--*.11-..

Generation = 7, Population = 186.
-**0.*-.**---10...1**0.
*...**.-...*.*010..*.--
*-***..-0*.-.*.**.**...
*.-*11.-.*-..--.1--1*-.
.-.1.0..*.*****.*1-*--*
..-..-1....*-.**-**01.-
.*....*.-..0-*.***.*1*-
.-**.1*...-1.*.1**.....
.**1..*..1.--*.*.-.-1.0
.*.*1..*.*-.-0*1*...-.-
**1.*..****.....***10--
*.0-.-.0.-*..1-.*-..1*.
*.-..--..-.**....*.-.-.
*.-*--..**0*.-0**...-1-
*-...*..-..*.-*.**.**.*
-.-.0.-**.*.*1..1-.11.*
.*.*.*-.*.*-....0**.*..
-*.-.-*-*1*..-1..*.*--1
.*..0-.*--*.1.1..-*.*1*
-*..1.--..-*.*1-.*-*-..

Generation = 8, Population = 186.
-**1.*0...010--...***1.
*....*.-..*...1*-....1-
*-*....01**1**....*....
.*-.*-.-..-*.-1.---**0.
.-.*.1*..******..-1.11.
..-..-**....-...-..--.1
..*...**-.*--*......**1
.0.*****..1*.*.*.***...
.*.*..*****10*...0.1-.-
....-***..-.1-.*..*.-*1
*.-.*.**..*..*....*----
*.10.-.1.-*.*-0.*0..-*.
*.1..--.*0..***..*.-*-.
**0.10...*-..0-...*.---
.1..*..*-....-*..***..*
0.-.-*1**.*.**..-1.-*..
..*.**-...*1.*.*-...*..
1*.0*-*1*-*..0***...1-*
***.11.*--*.-.-*.0..*-*
0...*.-1..-***-0..1*-*.

Generation = 9, Population = 204.
-*****1...--110....**-.
*..***.1*.....*.0.*..*0
*0.....1-*.***.*...*.*.
.*-**-*0..0..1*.--1..-.
.0..****..*****..1-.--*
..1..-..**..1.*.-..--.*
..***...1.*-1.*...****-
.1.**.....*..*..**.*.*.
...*.....*.*1*...1.*1.0
....-.....-.*0*..***0.*
.*1**...*...*****.*1--1
*.-1.-**.-*.*-1**-*.-..
*.-.*1-.*-***.*****0.-.
*.-.-1...*0.*10.....1-1
.****..*-*..*0*..*.*...
-*1*0.-****.**..1*.-**.
*.*...0...**...*-..**..
-..1.-.**-*.*-.....*--.
..*.**..-1*.1.-..-*.*1*
1..***0*..-**.-1*.**0*.

Generation = 0, Population = 59.
.*0-..-.00*0
0*.---0-*0-0
*00.0---*0**
-*0-.0**--.0
0..00-..***0
*-0*-.-*.*0*
*0--..0--***
00*.-.0**--0
-..-*0**-0.0

Generation = 1, Population = 41.
**10..0*-1.-
-..-00--.1--
.--*----.1.*
0.--.1**0-.-
1..-1-.....1
*01*-.-*..-.
.-00..10-...
-1*.0.1..0--
0*.0.-..0-*1

Generation = 2, Population = 47.
.*-1**1.-*.-
0*.011-0.-00
.-0.--00.**.
1.-0****1-*-
-.*---..*..-
*-*.-.-*..-.
*01-**--0...
--..-**.*--0
1*.-.-..-0**

Generation = 3, Population = 50.
**--..*.0.*0
1*.-*--1.1-1
*--.-0-1....
-*01**..-0*0
-.*-10..**.-
*0*.0.0**.-.
*---**--1...
--*.-****--1
*..-.0..-1**

Generation = 4, Population = 45.
**1-...*-**-
*..0.--*.-0*
*00.01-*.*.*
-*1-....--*1
1..0*-.....1
*-*.-.1...-.
*--0*.10-*..
-1..-..**--*
...-.1.*-***

Generation = 5, Population = 43.
***-....-**-
...-*10*.1-*
*1-.1*-.**..
1.--.*..--.*
*..1.0....**
*-*.-.**..-.
*--1.*--1...
--..0*...0-*
...-.-**0***

Generation = 6, Population = 49.
.*.1.**.0**-
..*0**-*.-0.
**0.-.-***..
-.-1.**.10.*
*..-*1....**
*-**-***..0.
.0--.*---...
0-..1*...10*
...-.-**-*.*

Generation = 7, Population = 44.
...*.***1**0
*..1.*0..11.
.*-.1.-.....
-.--.**.--.*
.**1.*..*..*
*0**0.....1*
*--1..-0-*.*
--..**..*--*
...-.-*.-*.*

Generation = 8, Population = 42.
.....*.*-..1
..**..-..--*
..0.-.-...*.
-*11.**.1-..
*..-.**....*
*1..1...****
*--*.*1-1*.*
0-..*****10*
...-.-..-.*.

Generation = 9, Population = 40.
........1..*
..**..-..--*
..-.-.0.....
-*******-0..
*..1..*.*..*
**..-...*..*
*-1*..-0*...
11..*....*1*
...-.1**0.**
