*** Life<ConwayCell> 109x69 ***

Generation = 0, Population = 35.
.....................................................................
.....................................................................
.....................................................................
.....................................................................
.....................................................................
.....................................................................
.....................................................................
.....................................................................
.....................................................................
.....................................................................
.....................................................................
.....................................................................
.....................................................................
.....................................................................
.....................................................................
.....................................................................
.....................................................................
.....................................................................
.....................................................................
.....................................................................
.....................................................................
.....................................................................
.....................................................................
.....................................................................
.....................................................................
.....................................................................
.....................................................................
.....................................................................
.....................................................................
.....................................................................
.....................................................................
.....................................................................
.....................................................................
.....................................................................
..................................*..................................
..................................*..................................
..................................*..................................
..................................*..................................
..................................*..................................
.....................................................................
..................................*..................................
..................................*..................................
..................................*..................................
..................................*..................................
..................................*..................................
.....................................................................
..................................*..................................
..................................*..................................
..................................*..................................
..................................*..................................
..................................*..................................
.....................................................................
..................................*..................................
..................................*..................................
..................................*..................................
..................................*..................................
..................................*..................................
.....................................................................
..................................*..................................
..................................*..................................
..................................*..................................
..................................*..................................
..................................*..................................
.....................................................................
..................................*..................................
..................................*..................................
..................................*..................................
..................................*..................................
..................................*..................................
.....................................................................
..................................*..................................
..................................*..................................
..................................*..................................
..................................*..................................
..................................*..................................
.....................................................................
.....................................................................
.....................................................................
.....................................................................
.....................................................................
.....................................................................
.....................................................................
.....................................................................
.....................................................................
.....................................................................
.....................................................................
.....................................................................
.....................................................................
.....................................................................
.....................................................................
.....................................................................
.....................................................................
.....................................................................
.....................................................................
.....................................................................
.....................................................................
.....................................................................
.....................................................................
.....................................................................
.....................................................................
.....................................................................
.....................................................................
.....................................................................
.....................................................................
.....................................................................
.....................................................................
.....................................................................
.....................................................................
.....................................................................

Generation = 283, Population = 492.
.....................................................................
.....................................................................
.....................................................................
.....................................................................
....................**.........................**....................
....................**.*.**...............**.*.**....................
....................*..*.*.*.............*.*.*..*....................
.....................*...*.*.............*.*...*.....................
.....................*.**.*...............*.**.*.....................
.......................*.....................*.......................
...................*.**.......................**.*...................
.....................................................................
...................**...........................**...................
.....................................................................
.....................................................................
.....................................................................
.....................................................................
.....................................................................
.....................................................................
.....................................................................
.........*..............***...............***..............*.........
........***...*..........*.................*..........*...***........
.......*..***..*.**...............................**.*..***..*.......
......**...**......*.............................*......**...**......
.....**.*.***.......*......*..*.......*..*......*.......***.*.**.....
.....***.**....***.**......*..*.......*..*......**.***....**.***.....
........*.*....*.....****.*....*.....*....*.****.....*....*.*........
................*****.**..**...*.....*...**..**.*****................
.....**......**.*..**...**....*.......*....**...**..*.**......**.....
....*.......****........**...*.........*...**........****.......*....
....*.*.....**.........................................**.....*.*....
....*.*.......................................................*.*....
...**...........................................................**...
....*.*.......................................................*.*....
.....*.........................................................*.....
............................*...........*............................
...........................*.*.........*.*...........................
...........................*.*.........*.*...........................
............................*...........*............................
.....................................................................
.....................................................................
.....................................................................
.....................................................................
.....................................................................
.....................................................................
.....................................................................
.....................................................................
.....................................................................
.....................................................................
.....................................................................
.....................................................................
.....................................................................
.....................................................................
.....................................................................
.......................***...***.....***...***.......................
.....................................................................
.....................................................................
.....................................................................
.....................................................................
.....................................................................
.....................................................................
.....................................................................
.....................................................................
.....................................................................
.....................................................................
.....................................................................
.....................................................................
.....................................................................
.....................................................................
.....................................................................
............................*...........*............................
...........................*.*.........*.*...........................
...........................*.*.........*.*...........................
............................*...........*............................
.....*.........................................................*.....
....*.*.......................................................*.*....
...**...........................................................**...
....*.*.......................................................*.*....
....*.*.....**.........................................**.....*.*....
....*.......****........**...*.........*...**........****.......*....
.....**......**.*..**...**....*.......*....**...**..*.**......**.....
................*****.**..**...*.....*...**..**.*****................
........*.*....*.....****.*....*.....*....*.****.....*....*.*........
.....***.**....***.**......*..*.......*..*......**.***....**.***.....
.....**.*.***.......*......*..*.......*..*......*.......***.*.**.....
......**...**......*.............................*......**...**......
.......*..***..*.**...............................**.*..***..*.......
........***...*..........*.................*..........*...***........
.........*..............***...............***..............*.........
.....................................................................
.....................................................................
.....................................................................
.....................................................................
.....................................................................
.....................................................................
.....................................................................
...................**...........................**...................
.....................................................................
...................*.**.......................**.*...................
.......................*.....................*.......................
.....................*.**.*...............*.**.*.....................
.....................*...*.*.............*.*...*.....................
....................*..*.*.*.............*.*.*..*....................
....................**.*.**...............**.*.**....................
....................**.........................**....................
.....................................................................
.....................................................................
.....................................................................
.....................................................................

Generation = 323, Population = 192.
.....................................................................
.....................................................................
.....................................................................
....................**.........................**....................
....................**...*.................*...**....................
........................*.*...............*.*........................
........................*..*.............*..*........................
.........................**...............**.........................
.....................................................................
.....................................................................
.....................................................................
.....................................................................
.....................................................................
.....................................................................
.........*.................................................*.........
........*.*...............................................*.*........
........*..*.............................................*..*........
.........**...............................................**.........
.....................................................................
.....................................................................
.............*.........................................*.............
............*.*.......................................*.*............
............*.*.......................................*.*............
.............*.........................................*.............
............................***.......***............................
.....................................................................
..........................*.....*...*.....*..........................
..........................*.....*...*.....*..........................
..........................*.....*...*.....*..........................
.....*.........................................................*.....
.....*......................***.......***......................*.....
.....*.........................................................*.....
.....................................................................
.....................................................................
.....................................................................
............................*...........*............................
...........................*.*.........*.*...........................
...........................*.*.........*.*...........................
............................*...........*............................
.....................................................................
.....................................................................
.....................................................................
.....................................................................
.....................................................................
.....................................................................
.....................................................................
.....................................................................
.....................................................................
.....................................................................
.....................................................................
.....................................................................
.....................................................................
.....................................................................
.....................................................................
.......................***...***.....***...***.......................
.....................................................................
.....................................................................
.....................................................................
.....................................................................
.....................................................................
.....................................................................
.....................................................................
.....................................................................
.....................................................................
.....................................................................
.....................................................................
.....................................................................
.....................................................................
.....................................................................
.....................................................................
............................*...........*............................
...........................*.*.........*.*...........................
...........................*.*.........*.*...........................
............................*...........*............................
.....................................................................
.....................................................................
.....................................................................
.....*.........................................................*.....
.....*......................***.......***......................*.....
.....*.........................................................*.....
..........................*.....*...*.....*..........................
..........................*.....*...*.....*..........................
..........................*.....*...*.....*..........................
.....................................................................
............................***.......***............................
.............*.........................................*.............
............*.*.......................................*.*............
............*.*.......................................*.*............
.............*.........................................*.............
.....................................................................
.....................................................................
.........**...............................................**.........
........*..*.............................................*..*........
........*.*...............................................*.*........
.........*.................................................*.........
.....................................................................
.....................................................................
.....................................................................
.....................................................................
.....................................................................
.....................................................................
.........................**...............**.........................
........................*..*.............*..*........................
........................*.*...............*.*........................
....................**...*.................*...**....................
....................**.........................**....................
.....................................................................
.....................................................................
.....................................................................

Generation = 2500, Population = 192.
.....................................................................
.....................................................................
.....................................................................
....................**.........................**....................
....................**...*.................*...**....................
........................*.*...............*.*........................
........................*..*.............*..*........................
.........................**...............**.........................
.....................................................................
.....................................................................
.....................................................................
.....................................................................
.....................................................................
.....................................................................
.........*.................................................*.........
........*.*...............................................*.*........
........*..*.............................................*..*........
.........**...............................................**.........
.....................................................................
.....................................................................
.............*.........................................*.............
............*.*.......................................*.*............
............*.*.......................................*.*............
.............*...............*.........*...............*.............
.............................*.........*.............................
.............................*.........*.............................
.....................................................................
.........................***...***.***...***.........................
.....................................................................
.............................*.........*.............................
....***......................*.........*......................***....
.............................*.........*.............................
.....................................................................
.....................................................................
.....................................................................
............................*...........*............................
...........................*.*.........*.*...........................
...........................*.*.........*.*...........................
............................*...........*............................
.....................................................................
.....................................................................
.....................................................................
.....................................................................
.....................................................................
.....................................................................
.....................................................................
.....................................................................
.....................................................................
.....................................................................
.....................................................................
.....................................................................
.....................................................................
.....................................................................
........................*.....*.......*.....*........................
........................*.....*.......*.....*........................
........................*.....*.......*.....*........................
.....................................................................
.....................................................................
.....................................................................
.....................................................................
.....................................................................
.....................................................................
.....................................................................
.....................................................................
.....................................................................
.....................................................................
.....................................................................
.....................................................................
.....................................................................
.....................................................................
............................*...........*............................
...........................*.*.........*.*...........................
...........................*.*.........*.*...........................
............................*...........*............................
.....................................................................
.....................................................................
.....................................................................
.............................*.........*.............................
....***......................*.........*......................***....
.............................*.........*.............................
.....................................................................
.........................***...***.***...***.........................
.....................................................................
.............................*.........*.............................
.............................*.........*.............................
.............*...............*.........*...............*.............
............*.*.......................................*.*............
............*.*.......................................*.*............
.............*.........................................*.............
.....................................................................
.....................................................................
.........**...............................................**.........
........*..*.............................................*..*........
........*.*...............................................*.*........
.........*.................................................*.........
.....................................................................
.....................................................................
.....................................................................
.....................................................................
.....................................................................
.....................................................................
.........................**...............**.........................
........................*..*.............*..*........................
........................*.*...............*.*........................
....................**...*.................*...**....................
....................**.........................**....................
.....................................................................
.....................................................................
.....................................................................

*** Life<ConwayCell> 10x10 ***

Generation = 0, Population = 42.
***.*...*.
..*.*.*...
*..*.**...
**..*...*.
*.*......*
....*.****
.*.*.*....
***...***.
.**.*.**.*
..*.*.*...

Generation = 1, Population = 45.
.**..*....
*.*.*.**..
*.**..**..
*.****....
*..*.*...*
.*********
**.***...*
*...*...*.
*.........
.**...**..

Generation = 2, Population = 26.
.***.**...
*...*..*..
*......*..
*....*....
*......*.*
.......*.*
*........*
*..***....
*......*..
.*........

Generation = 3, Population = 29.
.******...
*.****.*..
**....*...
**....*.*.
......*...
.........*
....*...*.
**..*.....
**..*.....
..........

Generation = 4, Population = 19.
.*....*...
*......*..
...**.*...
**...**...
.......*..
..........
..........
**.***....
**........
..........

Generation = 5, Population = 22.
..........
.....***..
**..*.**..
....****..
......*...
..........
....*.....
***.*.....
***.*.....
..........

*** Life<ConwayCell> 20x50 ***

Generation = 0, Population = 336.
.............*..*.**
.*....***..*..*...*.
*..*.............*.*
.....**...**........
....**...**......*..
*****...*.....*....*
*...**.....*..*.....
*.*...**............
.**.*.*...*.*.......
.....***........**..
...*.**.........*...
..*...******...*..*.
.*.*..*.*..**...*...
.*...**..*.***...**.
....*..*.***....*...
...*........***...**
.****.....*.........
*....***......**.**.
..*.......*.*.**.*.*
..*..*.*....*.**...*
*..**....**..*.**..*
.....*.......*.*.**.
...*.*....*****.*.*.
.****.*...*....**.**
......*.*...**...**.
.**..*........*.*...
...**....**..***...*
.*.......*.....*....
.......***.*.*.**...
.**..*....*...*.....
..*.***.*..*.*...*.*
*.*..*...*.****.**.*
...*.*.***......*...
.****.*.**..*.*..*..
****....*...*.***.**
*.*.*........*.**..*
*....*..*...*....*.*
....*...**.**..*...*
.*...*.**.**....**.*
....*..*.**.....**..
*...**......*..*....
......*.....**...*..
..*....**.*......*..
*.*....**.*..*....*.
.****......*.*...**.
.***.*.*...*....*...
*.**.*.*.*...**..*..
*..***.**.*..*...*..
....***.*.*..*....*.
.*..**.*...*..*.....

Generation = 1, Population = 331.
.......*.........***
.......*............
.....*....**......*.
.....**..***......*.
.**...*..***........
***......**.........
*...****............
*.*.*.**...*........
.***................
..**...*........**..
....*....**....**...
..***...*****..***..
.*...........*..*.*.
..*.***..*...*..**..
....***.**....*....*
.........*..**......
.******........*.*.*
....***....*.***.**.
.*...*.*...*.....*.*
.**.*....**.*......*
...****.....**...*.*
...*.*...*........**
...*.**...****......
..***.**.**....**..*
....*.**.....**...**
..****...*..*...***.
.*.**....**..*..*...
............**......
.**.....**.....**...
.*****....**.****...
..*.*.*..*.*...***..
.**......*.*.*****..
.....*.*...*..*.*.*.
*....**.......*..**.
*....*.***..*.....**
*.*.*.......**.....*
.*.***..**.*****...*
....***.....*....*.*
....****....*..*.*..
....*..*.**....*.**.
....***....***...*..
.....***...***..*...
.*....*.*..***...**.
.......**.***.....*.
*...*.***.**.....**.
*....*..*.*..**.*.*.
*....*.*.**.***.**..
.**.......*.**...**.
........*.*****.....
....*..*............

Generation = 2, Population = 281.
..................*.
......*..........*.*
.....*...*.*........
.....**.....*.......
*.*..**.*...........
*.**...***.*........
*.*.*..**.*.........
*.*.*..*............
....*.**............
.*..*..........***..
....*...............
..***...*..**.*.....
.*......*..*.**...*.
...**.****...******.
...**.*****.*.*.....
..*....***...**...*.
..**..*........*.*..
.*.....*....*.**.*.*
.***.......*.**.**.*
.**.......*.**.....*
......*..*****.....*
..**......*.......**
.......**..**.....**
..*.....***....*..**
.......*.**..**....*
..*...*.***.*.***.**
.....*...***.*..*...
.*.*....*.*.*****...
.*..*....***....*...
....**..*..**.......
....*....*.*........
.***.**.*..*.*....*.
.*...*....*.*.....*.
....**.......*.*....
*...**.**...*....*.*
*.*...**..*........*
.**...*....*..*....*
........*......*....
...*...**..*.....*..
...*...**.*..**..**.
....*...*....**..**.
....*.....*...*.*.*.
.....*..**.......**.
.....*.......*.....*
.....**......*....**
**..**........*.*.*.
*.....*.*.*.....*...
.*......*......****.
.........**...*.....
...........***......

Generation = 3, Population = 246.
..................*.
..................*.
.....*..............
....*..*............
..****..**..........
*.*.**....*.........
*.*.*.*...*.........
....*...............
.*..*.**........*...
...**...........*...
..*.**.........**...
..***......**.*.....
.....*....**....*.*.
..***.*....*....***.
..*.*.....*.*...*.*.
..*.**....*..***....
.***..*........*.*..
.*..........*....*..
*..*.......*....**.*
.*.*.....*.........*
.*.*.....*...*.....*
.......**....*......
..**...**..*.....*..
............***.....
.......*.....*..**..
......**....*...****
..*....*............
..*.*...*....**.**..
..****..*.....*.*...
...***..*...*.......
..*...****.*........
.***.**..*.*........
.*.*.......****.....
...........***....*.
.*.**..**.........*.
*.**....*..*.......*
.**...*.............
..*.....*...........
..............*.***.
...**.......***.*...
...**..**.......*..*
....**..*....****..*
....**...*.......***
....**...........*.*
......*......**..***
**..*..*.......*..**
*....*.*.*........*.
.......**.*....***..
.........*********..
..........****......

Generation = 4, Population = 220.
....................
....................
....................
......*.*...........
.**...*.**..........
..*...*...*.........
....*...............
.*..*.**............
....*...............
..*...*.........**..
..*..*.........**...
..*.......***...**..
.....*....*....**.*.
..*.*.......*..**.**
.**.......*.***.*.*.
....**.....*.***.*..
.*.***.......*.*....
**.*.............*..
**..............**..
**.**.....*........*
.........*..........
...*...*.*..*.......
.......**.....*.....
.......**...***.**..
......**......***...
......***.......*.*.
...*..***....*.*....
.**.**.**....**.**..
..*....***....*.**..
....................
.*.......*.**.......
.*.****..*.*.*......
.*.**.........*.....
...**......*..*.....
.*.**..**..*......**
*...*...*...........
.......*............
.**..............*..
...*..........*.**..
...**........**.*.*.
.......**...*...**..
......****....***..*
...*..*.......**.*.*
....*.*.........*...
....*.*.......*.**..
**...*.**.....*.....
**.....*.*.....*..**
......**....**....*.
........*........*..
.........*.....**...

Generation = 5, Population = 200.
....................
....................
....................
........**..........
.**..**.**..........
.***.*.*.*..........
...*..**............
...**...............
...*..**............
...*.*.........***..
.***.......*...*....
..........**........
...*......*.*.....**
.***........*.....**
.**.**............**
.*...*.....*.....*..
**.*.*......**.*....
...*.............*..
...**...........***.
***.................
..***...***.........
.......*.*..........
......*..*..*.**....
................**..
..............*.....
.....*..........**..
..***....*...*.*....
.**.**.......*...*..
.***..**.*...**.**..
.........**.........
..*.**.....**.......
**.*.*.....*.*......
..........*.***.....
.....*..............
..*..*.**...........
...**...*...........
.*..................
..*.............**..
...**........**.*.*.
...**........**...*.
......*..*........*.
......*..*...**.....
......*.*.....*..**.
...**.**......*...*.
....*.*.........**..
**...*.**.....*.***.
**...........**...**
......**.........***
.......**.......**..
................*...

*** Life<FredkinCell> 20x20 ***

Generation = 0, Population = 4.
--------------------
--------------------
--------------------
--------------------
--------------------
--------------------
--------------------
--------------------
--------------------
---------00---------
---------00---------
--------------------
--------------------
--------------------
--------------------
--------------------
--------------------
--------------------
--------------------
--------------------

Generation = 1, Population = 8.
--------------------
--------------------
--------------------
--------------------
--------------------
--------------------
--------------------
--------------------
---------00---------
--------0--0--------
--------0--0--------
---------00---------
--------------------
--------------------
--------------------
--------------------
--------------------
--------------------
--------------------
--------------------

Generation = 2, Population = 16.
--------------------
--------------------
--------------------
--------------------
--------------------
--------------------
--------------------
---------00---------
---------11---------
-------01--10-------
-------01--10-------
---------11---------
---------00---------
--------------------
--------------------
--------------------
--------------------
--------------------
--------------------
--------------------

Generation = 3, Population = 16.
--------------------
--------------------
--------------------
--------------------
--------------------
--------------------
---------00---------
--------0--0--------
-------0----0-------
------0------0------
------0------0------
-------0----0-------
--------0--0--------
---------00---------
--------------------
--------------------
--------------------
--------------------
--------------------
--------------------

Generation = 4, Population = 16.
--------------------
--------------------
--------------------
--------------------
--------------------
---------00---------
---------11---------
--------------------
--------------------
-----01------10-----
-----01------10-----
--------------------
--------------------
---------11---------
---------00---------
--------------------
--------------------
--------------------
--------------------
--------------------

Generation = 5, Population = 32.
--------------------
--------------------
--------------------
--------------------
---------00---------
--------0--0--------
--------0--0--------
---------00---------
-----00------00-----
----0--0----0--0----
----0--0----0--0----
-----00------00-----
---------00---------
--------0--0--------
--------0--0--------
---------00---------
--------------------
--------------------
--------------------
--------------------

*** Life<FredkinCell> 10x10 ***

Generation = 0, Population = 35.
-----00--0
-00-00--0-
-0---00--0
0------0--
00---0-000
---00-0--0
-0------0-
--------0-
---0-00-0-
-000----0-

Generation = 1, Population = 53.
-00---10--
0-1-1100-0
-1----1---
10-----1--
-100--0---
0-0110--01
0-000-001-
-0-0-000-0
-0-1-11--0
01--000010

Generation = 2, Population = 48.
-1-00---00
--2-2-----
02--0-20-0
21-0--0-0-
0-1-----00
101-210--2
10-----1-0
-10-0---01
---20220--
1-0-111---

Generation = 3, Population = 52.
0-01-0-011
00-0-1000-
----1--10-
3-0--01110
--2-00-0--
21--3-1---
-10--0--1-
--101-001-
0003-331-0
---0-2----

Generation = 4, Population = 53.
111--11-22
-1212---1-
-20--0221-
--100---21
--3----1-0
3-114---0-
----0-0-20
01212--1--
1-140-4-0-
11-1-3-0-0

Generation = 5, Population = 45.
22---22--3
-2--31----
0-1011--2-
--2-1-11--
01-0--0--1
-----11-12
-1-0---1-1
--32300-11
-----3----
-2021-1-1-

*** Life<ConwayCell> 75x20 ***

Generation = 0, Population = 370.
0---0000-0-----
-000--00----00-
-----------000-
---0--0----0---
0-------00--0--
--0---00-00-0-0
-00-----0-0-00-
-----0----00-00
-----0-0-00----
0-000---0-0-0--
0----------0---
00-00--000000--
--0-0----------
0----0-----0---
--0-0----00--00
-0---0---00--00
0-0000---0-----
---0-------0---
---0-0--0--0--0
-------0---00--
--00-0-----0---
0-0-00000----0-
-----0----00--0
------0--0--0-0
-0-----0-0-0-0-
--00-00---00---
0--------------
-0--0------00--
----0--00-0--0-
0---00--00000-0
--0-0---0--0---
0-0--000-00-00-
--0------------
-----00--0-----
----0--0-00----
00----0---000--
--0---0-----00-
00-0-0--00--0-0
-------0---00-0
00----0-----0--
0--0-----------
--0-0----000000
0--0---00--0--0
-0----0----000-
--000000--0--0-
------0---0-000
0--0-0--00--0--
-----0-----0---
--0--0---00-00-
----00--0----0-
0000---000----0
0---00-0-----00
---------0-----
0--000-------0-
---0--0---00---
---00-0-00--0-0
0---0----0---0-
-00------0-0-0-
0-0---0-0---0--
-0-----0--0----
---0-00---0-0-0
-0-0------0-0-0
----0---0-000--
-0---------00--
--00-000-00---0
---0--0--000---
--0--00--0----0
------------0--
0------0---0-0-
0000-00-0---00-
00---000-------
---0-0---00---0
-00-00--000----
-0-0----0----0-
---0-----00-0--

Generation = 1, Population = 560.
--0-1-1---0-00-
-1-1----00----0
-00----0--0-1-0
0-0-00-0000100-
-000----1---100
0-10-011-----0-
01-0-00--0-0--0
-00-01000-110-1
0-00-1--011-000
1-1-1----010-0-
--0----0-0010--
-101-001---110-
---01--0000-0--
-0--0-0--0--000
0----0--0---0--
--00010-01-00--
-011--0-01-0-00
0-------00010-0
--01--0--00--0-
--0---0---01100
00-101--0-01-0-
--101---100-0--
0-0--1000-11--1
-0------01-0-01
0--0-00--1010--
0-11-11---1-00-
--00000---0-0--
--0010-00--11--
00-0--01-0100--
-000110-1-1110-
-01-100-1001000
---0-1-10110110
0010---0--0-00-
--0--11-01-----
00-0--0-----0--
11--001--------
-0----10000-11-
110-----110--01
---0-0---0011-1
-100-0------100
1-----0--000-00
-0---0-0-1-1---
-------11---001
----0-100------
--1----1001-0--
0-0-001-0-1--11
-00--1-011--1-0
0-000-0-0---00-
-0-0--0--1101-0
00--1-0-100--1-
---10-0-110--01
1-0-11-1----01-
---0---00-0---0
-00--1---0000-0
0-0-0-100-11-00
0-0---1-1----0-
--0-100---00-1-
01-00-0--1--010
--10-0-0--0----
---0-00--010--0
--01-11--0--1-1
0--1-00-00-0--1
-----0-0---1100
0--00000000--00
--1--111---000-
--0100--01110--
-0--01-001-000-
0-0--000-0----0
1-00-0----0--10
11-1-----0--1-0
----0111-00-000
0---0--0---0-0-
0-1-1-00-1-0-00
0101-0-010----0
-0010----11----

Generation = 2, Population = 552.
---0---00---11-
02----0-110---1
----00010010201
---011--1-1---0
01----002-0---1
1--1--22-0-0-10
---10110--01--1
0---1-1----2-0-
1011-2---22--1-
2--0---0-1---1-
0---00-1--1--0-
021-01-2--0--10
------0--110-00
--0-10--01-01-1
--00010010----0
0--1-2--1-----0
-12---1-120--1-
-------0--121-1
00-20010--10010
0-100-100-12--1
11--12-0101--1-
---1-00-2-1---0
-01--2--1-----2
0--0--------01-
1--1---0--12-00
1--20220---0110
001-1---0010---
0---2---1-0-20-
1---00---12-1--
-11122102-2----
0------021-----
0-01020-12-1---
1-2-0--10010---
-01002-012---0-
--0--0-000-0-0-
-20-1-2-000--0-
0---0---11--2--
221--00---1-0--
0-01-10---1----
-2---1-----0-11
-000-0--0---0--
--0-0-010202---
-0--00-2----1-2
--00--2-1-0--00
0020-00-------0
-0--112---2002-
011-02-1-2-02-1
---11010100-110
010100-00-2----
1-002-----1--20
-0-21010-2-0-12
-----20200-01-0
000---0-101---1
-1------01-110-
10---0---0--0--
1--0---020--0--
--10--100-110--
12----1-0-0-121
0-2101--001-00-
--0--1--0-21-01
0012-220---0---
-0-2-1-01--10--
-------10----11
-0-1--1---1001-
0020022-0-0-1--
----11-0-2--10-
--0--20-120-11-
101--1--01-0001
-0---1-0-0-0-21
-202--0001002--
-0--------10-1-
1000--0-0--10-0
-020201102-1---
-2----0--1-0--1
--121--0--20--0

Generation = 3, Population = 571.
000-1--1--0022-
13010-1-22---02
00---11--1----2
00012-00-0--0--
-20-0--1-01----
2-12--330--1-21
--0-1---0-12002
1-002-2--013-1-
2---0--00-3-0-0
---1--01-21-0-0
--0-----0-210--
--2---030---12-
00---0----2-0-1
-010--0--20-20-
00-11-----0000-
--02030--10---1
-23----0------0
0-000001--23--2
-10-1-21-02-1-1
--211----02--02
-2-1------2-0-0
0---1110-020--1
-12003-0201-0-3
1--100-00-0-1-1
-00--0-1012--1-
----1----011-2-
1-20--0---2-0-0
--00---02--1-10
2-0-1--1023-2--
02--33-1--311--
1-----0----1---
----1-1-23121--
20---0------00-
-1--1--1-3--010
-0--010--10---0
-3--20-01-1--10
10-01--0--003--
3------01-2-10-
1--2-2-0-02-101
-30-0---0---122
1-1101--1-00--0
-0101-121--30-0
0-0--1-310---03
00---030---0-11
113-0-110--0001
0-0-------31131
122013-213--3-2
--0-----21-0---
--1---0--1-01--
2---300-1-2-0--
--0-212-13010-3
1-00---3110-21-
1110--102-20--2
0----100-20221-
--000-100-1----
2--100--3----0-
--2-10-110--1-0
-30-0-20-1-0232
10-----01-20-10
---0----10--0-2
112--3--0----01
-103-201-00-1-1
-----0---00-1-2
-102--2--0--1--
11-113-1-010-0-
00---2---3112-0
0-10-310--1022-
21-00----20-1--
--000201--0----
13-30-11-21-300
--0----1---1---
2-1---101--210-
-131----1------
030---10-20-002
--2-20--0-3-001

Generation = 4, Population = 556.
-1-020----1----
2-1--0203--0---
110-022---1-2-3
--1--1-----1-00
0-1-100-2-2-101
-0230044--020--
-1--21--10-----
2---3---01---21
3011120-1--0111
2----01--320--1
-01----110--1-0
0-31--1--0--23-
1-001-000-3----
01-----003103--
1--2-----01-1--
00-31-1-12--0-2
-341--1112-0-1-
--1-1-120--4-0-
-21--0----30-1-
-0-2-0100-32113
--021200-0-1-1-
-011-2--2--100-
02-1-40131211--
-00-11-11---212
-11-01--123--2-
10----20---213-
-----0--0-3---1
-01-------0--2-
30102-021---3-0
13-1-412---2-0-
2-----1-210-0--
-0-1-22-3--3---
3-2-0--10-1-1--
--1022---4-0-2-
0-001210---000-
--0-3-2-20---2-
---1--1-111--10
----000121-02--
2---0--1-1--2--
04--11--1----33
--22-2----1-0--
01-1--232---10-
1-1--2-4210---4
1-0---411001022
22---0-210-11-2
-----12---42-42
-----4-32--0403
0---101--2-11-0
01210-10022--0-
-0-0-11-2-3--20
-012-2-024--11-
201--20--21--20
2-2-0-----3-00-
1----2-1-3-3-2-
-011---1-02-0--
-00----0--0----
0-302-1-2-1-2-1
----1031-20-343
2--10-----3---1
----01--21-----
22-204--100-112
--14-3-21---20-
----010101----3
-----0--0-1-2-0
-22---2--12----
1-------0------
--2-0--11221-3-
-2-1-1--03102--
-01---1-00-0-21
24---0-2-3-04-1
--1-0-1--0-20-0
-0---021-00--10
0--22--12-01--0
141-0-21-3---1-
0-3-31---14--1-

Generation = 5, Population = 556.
--01---100-----
3-2-013-420---2
--1-1---01---04
---12-0-1-1---1
-2-0---1--3--1-
--3---550-----1
-2--3------2002
300--1201-13---
4---23--22---22
30-1----0---0--
01---002-1--201
124--12301-1-4-
-0-12--1--4--0-
12--1---14---0-
-003--0011-0-00
--042-20-3--10-
--5-0022---102-
-0-0-0-3------2
0----12--0-11--
01-3112110----4
-2----1---2----
--221-1030-21-1
13-205-2---2203
-1-1-20-21---23
-2-----1--4-0--
2---12310013---
1-2-1-----4-00-
----2000-011--0
--2130-3223----
2-1235--20-----
30---0-0--1----
0-0-13-1--1-1--
-03-10-2-0-----
-121------01-30
--11-321--0--10
131-40-0---0---
----1--02-2---1
3-----123221--1
3--2-2-2-22-3-1
-5----0---0-144
-03-03-0-0--100
-2-21034---3-1-
-02-0--5-2---05
-010-05---121-3
-3--01--2--2---
00--1230--53--3
1------43--1514
1-0--1-0230---1
-2-2--2-13---10
----3-----40-31
-12----13-01223
-12---1----0231
-13--010-04011-
2--0---2-4---30
--22001----1---
--110--1---0--0
-0---02--0--312
--002-42031---4
-022110010400-2
-0-01-00--2-00-
332-152-211--23
0-2---0-2001--1
--0-1--2-2----4
-10--12-1-2---1
-331---102-01-0
----1-0-13-1-0-
0--0--12-33-2-0
23--0---1-2-301
-12--2-1-10--3-
3-0-----0--1-0-
00----210-1--1-
---0013-1--2-21
11-3--123--2001
2--1-03-140002-
104--2-00-50021

*** Life<Cell> 20x20 ***

Generation = 0, Population = 6.
--------------------
--------------------
--------------------
--------------------
--------------------
--------------------
--------------------
--------------------
--------------------
---------00---------
--------0000--------
--------------------
--------------------
--------------------
--------------------
--------------------
--------------------
--------------------
--------------------
--------------------

Generation = 1, Population = 12.
--------------------
--------------------
--------------------
--------------------
--------------------
--------------------
--------------------
--------------------
---------00---------
--------------------
-------011110-------
--------0000--------
--------------------
--------------------
--------------------
--------------------
--------------------
--------------------
--------------------
--------------------

Generation = 2, Population = 24.
--------------------
--------------------
--------------------
--------------------
--------------------
--------------------
--------------------
---------00---------
--------0110--------
-------00--00-------
------01****10------
---------11---------
--------0000--------
--------------------
--------------------
--------------------
--------------------
--------------------
--------------------
--------------------

Generation = 3, Population = 32.
--------------------
--------------------
--------------------
--------------------
--------------------
--------------------
---------00---------
--------------------
---------**---------
--------1001--------
-----01*....*10-----
------000**000------
-------011110-------
--------0000--------
--------------------
--------------------
--------------------
--------------------
--------------------
--------------------

Generation = 4, Population = 28.
--------------------
--------------------
--------------------
--------------------
--------------------
---------00---------
--------0110--------
--------------------
---------..---------
-----00-*11*-00-----
----01*......*10----
--------1..1--------
--------------------
---------11---------
--------0000--------
--------------------
--------------------
--------------------
--------------------
--------------------

Generation = 5, Population = 52.
--------------------
--------------------
--------------------
--------------------
---------00---------
--------------------
-------01**10-------
--------0000--------
-----00-0**0-00-----
--------.--.--------
---01**.*..*.**10---
----0000-..-0000----
--------1111--------
--------------------
-------011110-------
--------0000--------
--------------------
--------------------
--------------------
--------------------

*** Life<Cell> 10x10 ***

Generation = 0, Population = 33.
--------0-
--0-0-0---
-0--0--0--
-----0--0-
--0--0-00-
0------0-0
00-0--0---
-0-000---0
--0--00-0-
0---000---

Generation = 1, Population = 42.
--0-0-00-0
----1---0-
0--01-----
-00--10010
00-001----
1-00-0-10-
---1------
-10---0---
0---01----
-00011-00-

Generation = 2, Population = 50.
-0--1-110-
0-0--00---
---1--00-0
0-100----1
-----*---0
*01101-*10
000*00000-
-*1-0--0--
-0-----00-
-1--*--110

Generation = 3, Population = 48.
---0-0--10
-0---11000
--0*---1-1
--*11-001-
-0--0*00--
*1**1*0.*-
---.-1----
-.-01---0-
0-----01--
0*00.10-*1

Generation = 4, Population = 48.
-00--1----
0---1--111
---.-00--*
--.*-1--*-
-1001.--0-
*****.-..0
000.0*----
0.11*-0--0
1-0-0--*00
-*-1.*-1**

Generation = 5, Population = 42.
-110--1110
--00-1-*--
0--.--1-0*
-0.*1*-0*-
--1--*-01-
......-..-
111.1.----
-.*-.0---1
*01-1--.11
-*0-*.--.*

*** Life<Cell> 75x20 ***

Generation = 0, Population = 513.
------0-0--0-0-0---0
-00--0-00---00-00---
0--00--0-0000000----
000-0-0-0-000---0--0
-0-0--000-0--0--0000
--0-----0--00-0----0
----0---000000--00--
0----0---0---0--0--0
--0----0-0-------0-0
--------0-0-00-----0
--0--0--0-0-0-0-----
0---0---00--0----0--
--0-00-----0------0-
-0---0-0------0000--
-------0000--0----0-
-----00--------000--
---0-0--0---0---0-0-
00--00-0-00----0----
--0----0---0-0---000
-----00-----0---0---
-000-0--------------
0000----0-000---0--0
--0--------0-000-00-
000--00-----0--00---
-0---0--0-0--0-----0
--00------0-----0---
-----00---------0---
-0-----0--00------00
00--0-00---0--0--0--
----0-0000----00-00-
00------0-0--0-00-00
-00000----0-------0-
----00-------0--0--0
----0-0--0--0--0-00-
--0------0---000-0-0
---0---0--0-0-------
0--000-----0------00
00--00-00--0---0--0-
--0-0-----0-0--000--
00--000--0--00000---
--00---------0--0--0
0-0--00-0---------0-
-----0-0-00---0000-0
--0---0-0--0-0---00-
--------0----0---00-
-0--0-----00--00-0--
---00---0-----00---0
---00-0-00-0--00---0
0-00-0------0-----00
---0000----0-00--0--
-00--000-000--0---00
-0---0-0---0--0---0-
0------0--00-0-0----
00-----00-------0-0-
-00000-0-------000--
-0-------------0-0-0
--0-0--0--000-----0-
-0-0-0-0-0-0----0-00
---------00--0----0-
---00--0--0--0-00---
-0-0----0--0--0-----
---00------------0--
00--0-0--------0--0-
--0-0--0--0---00000-
--0-0-0-0---00000-0-
-0----0----0---0---0
-0----000--0---0-00-
0-0--0-------0--0-00
-0---00--0----0--0--
--0--00----0--0--0--
0--0-----0---0-0--0-
---0-----00----0000-
-0--00--0000-00-00--
--0-----0--0-----0--
-----0---0-----000-0

Generation = 1, Population = 749.
-00----0100-01-1--0-
-11---0---00-10110-0
1001---1-111-1--0--0
-11-1-1-1011-00-1--1
-1---0--1-100--0---1
----0-0---0----0---1
0-00---0-1-11--0-10-
-00---00---0-1001001
00-0-00-01--0-------
-----0--101--1---001
00-0--00-01--0-0-0-0
-0-010-0-1--100-0---
0-----00000---0000-0
0----1-1-000--1--10-
-0--------100----0-0
---00-1--00-0001110-
000-0-----00-0-010-0
11--1--1011-000--0-0
0--00--100--0-00-1-1
-0-00-1--------0--00
--1--1--0-00-------0
11--00-0--111-0-----
-0---00-0--1-1---11-
11-00-100-0--0--1-00
-10001-0--10--00--0-
--110-0-0010-0-010-0
-000011----0---01000
-10-0001001-0-0-0-11
1-001--1-0-1001-0100
---01--111-0----0---
1--0-00-10100-0-1011
----1-0-0010---0-010
-00-1----00---0---0-
--0010-00100-0-10-10
-0--0-0001--01---10-
0--1-00-0--0--00-00-
1-0-1-0-0--1---0-0-1
-1--1--110-1--01--1-
-0---0000--01--111--
110---100--0-1-11--0
---1----00---1--10--
--1-0-10--0--000---0
0---01---11---1-----
-0-0---01----1-0-1--
-00-0-00100-01-001-0
0-0-10---0110----1-0
-00-10001-0--0110001
0--1-0---1---0--0---
--11-10-00-0---0--1-
000------0-101-00-0-
0-1--11--1-10--0---1
-1--010-000-0-1--01-
10---00--01---0-----
---000011000-0-010-0
-1---1-1------0-1--0
0100-0----000-01010-
-0-0--010-1110-00-10
0-0-0--1-1-1-0-0--11
-0--00--0---0100-01-
-00-100---1-0101100-
0---0----0--0---00--
0-0--00-0--0--000---
11--------0----1-010
0-1--00--0-00---1-10
--1-1-10-00-1-1--01-
01--00----01-0---00-
-1------1001000101-0
---0010000-00------1
--0-01-00-00--10-1-0
0---0--0--0-0-1-01--
-0-1000-01-00-01-010
0001-0---1------11-0
0---1100-11--110-1--
---00--010-100000-00
--0-0-0---00--01----

Generation = 2, Population = 749.
0--0---1---01-0*----
-**--0-0001-0*-**101
*--*--0-0--*--0---0-
-*-0-0-0-1-*0-10*00-
0*--0-00*0*11--1--0-
000--0--0-10--0-00-*
-0-1--01--0-*---0--0
0--0------01-*-1-11*
1-0----0-----0000---
----010----0-*000---
1--1-01-01-0--0-0101
01---1--0-00*1--10--
1--0001-----0-1-1-0-
1---0-0*0----0*--*10
--000000-0*1---0----
0--1---0011--1-**-10
-110-0000011----*101
*----00-1*-0-1-0----
100-10--1--010---*0-
--0--0---0000--10-11
00--0*--------00---1
*--0110-00--*0-0-000
0-000---100*0*---*--
**0----1--1001---011
--1--*-10-*-001-0-10
-0*-1-101-*1--01*--1
0--1-**---01-0---111
--1-111*-1*-1010--**
-0-1*-----0-1---1-1-
---1----**0-00-0-0--
-001-1-0*-*-1--0-1*-
000-*01-------0-0---
01-0--000110---00--0
-0---10-1-11010*10*1
---01--1---01-----1-
1----110--01--1--1--
*0-0*010--0-0-0--1--
-*-0*-0--1---01*-0--
-----11-1-01*--***-0
**1----11-010*--*00-
000----0-1-00--0-10-
00-010*1-0100-11-00-
--0--*---*-0-0*0-0-0
-10-00---0---*010*00
---01011*1-0-----*-1
----*-0-0----00-0-0-
01-0----*-1-----11--
--0*0-000*-001-01--0
------1-11-1--0100*0
--1--------*1*-11-1-
1-*0---0--0-1--1-00-
0*-01-1-1--01-*-01*-
*-00011-01*-0-1-0-00
0-01--1*-111---1*1-1
-*----0*-0--0-1--0-1
1----1--00-1-0-*---0
01-1--1*10--*-01-0*-
---01--*--0*--0---*-
-1001-----0---110-*-
--1-*1100---1*1**--0
1--010------1--01---
-0-0-11------011-000
**0-----0--00--*-1*-
10*0-1--01-1-00---*-
--*-*--1----*0-0--*-
1--0-1-0001--100-1--
-*00--0--11-11----01
-0-11*-1---1----0-0-
00-01-01-0--00-10*-1
--0--0-10-1-1---1*--
010-11101-01---*-1--
-1----00---000-0**01
1-00-*--0**---*--*--
0--11-0------1--1011
-0-01---0-1-------00

Generation = 3, Population = 758.
----000*-0-1-11*-000
0**00-0-1-*--.-.*-1*
*0-*00--11-.0-10-0--
0*-11--1-*1.---1*-11
-.----11.1.--00*001-
--1---0010*-00-0-10*
010*0-1*-1--*-0-11--
1--10-0--0-*0*0*-*-*
*---00--0-0-011---00
--0-1*--1011-.-11-01
*-0-01---*1--0101*-*
1*0---001111.*00*-00
--0111----0-1-*-*-1-
*000--1.1-00-1*--**1
-0111-11--.*0--1-0--
--0---111-*00--*.1--
0*----11--*-0--0.-1-
*1-0-1-1*.1-0*-----0
----*1-1*0-1*-0--*--
-0100-1--1-1----10--
-1---.--0-00--11-00-
*----*1-----.-01----
-0-1--0--11.-.000.1-
*.1-001*0-*1-*----*-
01-0-*0*--.--1-010-1
-1*1---1--.--0--*-0-
--0--..00-1-010--***
0----***-*.0-1-1--..
1-0-.-0100---010-1*-
-----0--*.1-11-1010-
--1-0*01*0*-*--11-*1
----.1-0-0-000--1-10
-*0--01-1-*--00-1--1
-10--*--*1--1--.*-.-
0001*00*--01---001*-
*---0-*100--00*00*--
*---.1--0-11-0--0-0-
-*--.-----0101*.0-10
0-00-*-0*0-*.0-...0-
*.-0-0---0---*01.---
1---00--0*-11--11*10
---1-1.--1---0-*-1--
001-0.-00*110-.10--1
0*-0-1-0--0-0*1*-.-1
-0-1-1*-.---0--00.-*
00-0.010--11011-1---
1*011---.0--0-1-**-1
0-1*1----.0--*0-*0-1
---101*0----001---.-
00*---0000-.**0*----
*0.------1-----*--11
1.-1-1*0*-01*-*0-*.-
*0--1-*0-*.-1-*0----
10----*.1***0-0*.-0-
0*-0---.0--0-0-0-1--
*1-00-00-1-----*0--1
-*-*--*.*--1*0---1*-
0--1-0-*---*-0-00-*1
0*11*-0-001-0-**--*-
0-*-.*--1010-.*..0--
----*1000--0*001--0-
01010-*00--001-*0-11
..-0--001-0-100*--.-
-1.10-0--*-*--10--*0
--.-.01*0-0-.1-10-*0
--010-0--1-10*----00
-*-1-0-0---1*--10--*
--0**.-*0---0---1011
1-0---1*0----1-*-.0-
-01-01-*-0*0*--0-.00
1*--***-----000*---0
0*0100--010--10-..-*
*01-1*0-1**-01*-0.0-
1--*-0-0-0--0--0*1*-
-----000---0-0--0---

Generation = 4, Population = 688.
000---1*1-0--*-*011-
-..11-10*-*-0.-..--*
.10.-1----1*--*---0-
-*-----*1.*.001*.--*
0*0000-*.-.----.11*1
0-*-001---*----1-*1*
--1.--*.0---.-1-**--
----101--10.-.-.1*1*
.00-1--01-1--*-00--1
-01-*.00-1-*-.0--0-*
*0-----00.*00-*--.-.
-.1--11--*-*..-1.0--
-01*-*10------.0*0-0
*1-10-*.-----**--..*
---**-*-0-..---*---0
001-00*-*-*1110*.*--
-.-0---*00*1--01*---
*---1*0*..*01.-0-0--
1-00.-0-.-0-.0-0-*01
0----0--0*0-----*1--
-*-00.-0-01-00--0-11
*1-01*-000-1.01*-0--
0-0--0---*-*-*-11**0
*.--11-.10**-*----*-
---10.1.--.00--1*1--
--.-10----.-----.-11
0-1--..110-11-1--***
11--1*..-..-1--*0-.*
*--1.0-*1--1-1-11-*0
0----101..*---0*1*1-
-0--1.-*.1.0.00-*1.-
-0--.--1-1-11------1
0*-011*0*-*-0-1--0-*
-*1--.0-**1---0..-*1
-11-.11.011*11---**0
*-0-1-.*110111.1-.0-
*---.---10----0--11-
0*-0*--1------**1-*1
101--.-1*-0*.-0..*1-
*.-10-111-0--*--.0-0
*0-111001*-**1-*-*-1
-0---**10---0--.-*--
-1*--*0--.*--0.*1-0*
-.010*01--101.-.0.0-
0----*.1.----10--.0.
-10-.-*10-*----0----
*.1---00.-1-1---..-*
10-.*-00-.-00.1-*--*
-01-1-.--101--*-00.0
-1*-0--1--0.*.1*1-10
.-.0-1--0*-1-00.0-**
-.0-1*.1.-1-*-.1-.*0
.-0--1.--..0--.1000-
*10100*.-...-0-..--1
1.-1---.10-10-1-1--1
.*-11--1--0-0-0*11--
0*-*--..*-1-.-0-0*.0
10--1--.01-.-10-10.*
1.**.--0-1---1..--*-
10*-..1-*1*-1...*-0-
-0--.*111--1.11---1-
1--*-1.-10---*-.1--*
*.--0011-0---11.--.-
1-*-11-00.-*-0-1-0*-
-0.-.1-.1--0.*1-1-.1
--1*1-10--1-1*0--1-1
0*----01-11-.-0*--0.
0--.**-.-0--1--0--*-
-0----*.--000--*-.-1
0------.01*-.0--1.--
-.0-...-1----11*0---
1.1--100-*-00*1-..-*
.1---.10-..--*.01.1-
*--*1--111--11-1.-*1
0--01---001-0-0-1-0-

Generation = 5, Population = 706.
1-1-00-.--11-.-.--*-
0..**0-1*-*0-*0**11*
.-1*-----1*.0-*--0-0
-.111-1****.1-***01*
-.1-1-1**-.-100.**.*
10.0-1--10.0-----.**
01*.-0..----.0-0..0-
-0-1----0*-.-.0.*.-*
.-----0-*-*-0.11-0--
-1--.*11---.-.1----.
*-0-011-1..-1-*--.-.
1.*-1--0-*1**.-*.100
--*.1.-100-0-0.-.--1
*-0*-1..1---0.*00..*
---..0*-10.*0-0*0001
1-*---*1.1.*--1...10
-.--0-1.1-.*0---.1--
.100**1....1**--01-0
--11.11-*---*--10.-*
1-1-----1.110---.-1-
0*---.01-1-01---1-**
*-0-**---11*.1-.-10-
-0--0-001.1*-*0--..1
.*1----.*1..0*0--0.-
0-1*1.-.00.-1-1***11
0-.--1-110*---01.0--
10-1-.**-1-*-----*..
**--**..-**0*--.--..
*-0-.-0**0--1-1**1.-
1--1---*.**0-1-.-.--
-111-*-*.*.1.1-1.-.1
--00.1--0*1-----1-1*
1.01--.1.-.01-*01-0*
-.--1.-0..*---1..0.*
--*1.*-.1--.*--00*.-
*01---*.--1**-.-0.--
*-00*--0---10-10-**-
1.01.00*1101-1*.*-.*
*1*0-*-*.--*.-1...-0
..---0--*011-*-1.-01
*---**---.0*.--.-*-*
---1-..*--1-10-*-*--
0-.--.100**-0-.*-0-*
0.---.1-10--*.1.1.--
---1-..-.--0-*1-0*1.
0*-0.-.-1-.101--1-00
*.*11011.0*0*011..0.
--1..---0*0--.*-*-0*
-1---1*-1*1-00*111.-
0-.01-0--01.*.*.*0-1
.0.--*101*---1-.1-..
-.11**.-*---*-.*0..-
.---1-.0-..--0*----0
*-1*-1*.1.**---..1-*
*.--010**10*-0*0*-0*
.*-**10-0-111-1.--0-
-.-*0-.**0*1.--11..1
*--1-0-*---.0-----.*
-..*.--------***--*-
-1.-.**-.**0-.*..--0
11-0***-*0--.-*1-0*-
*-0.0-.0--000.1*-0-.
*.0------1001***01*0
*1.--*0--*0.----11*-
--.0.*-.*0-1..-1-0.*
11***1----*1*.1---0*
-*-1-------1*--*0-1*
10-..*0*010-*0--10*-
1-0-1-..00----1*-.--
--1---0*--*-.1-0*.-0
-.11..*-*101-**.-1-0
-.*10*1-0.-1-.-0.*-.
*--01.-1-**00..-***0
*-0*-0--*--1--0*.1**
100--0---1*-10-1--1-
