*** Life<ConwayCell> 109x69 ***
Generation = 0, Population = 133.
.....................................................................
.**...............................................................**.
.**...............................................................**.
.....................................................................
.....................................................................
.....................................................................
.....................................................................
.....................................................................
.....................................................................
.....................................................................
.....................................................................
.....................................................................
...................************************..........................
.....................................................................
.....................................................................
.....................................................................
.....................................................................
.....................................................................
.....................................................................
.....................................................................
.....................................................................
....................***********************..........................
.....................................................................
.....................................................................
.....................................................................
.....................................................................
.....................................................................
.....................................................................
.....................................................................
.....................................................................
.....................................................................
.....................................................................
.....................................................................
.....................................................................
..................................*..................................
..................................*..................................
..................................*..................................
..................................*..................................
..................................*..................................
.....................................................................
..................................*..................................
..................................*..................................
..................................*..................................
..................................*..................................
..................................*..................................
.....................................................................
..................................*..................................
..................................*..................................
..................................*..................................
..................................*..................................
..................................*..................................
.....................................................................
..................................*..................................
..................................*..................................
..................................*..................................
..................................*..................................
..................................*..................................
.....................................................................
..................................*..................................
..................................*..................................
..................................*..................................
..................................*..................................
..................................*..................................
.....................................................................
..................................*..................................
..................................*..................................
..................................*..................................
..................................*..................................
..................................*..................................
.....................................................................
..................................*..................................
..................................*..................................
..................................*..................................
..................................*..................................
..................................*..................................
.....................................................................
.....................................................................
.....................................................................
.....................................................................
.....................................................................
.....................................................................
..........................*****************..........................
.....................................................................
.....................................................................
.....................................................................
.....................................................................
.....................................................................
.....................................................................
.....................................................................
.....................................................................
.....................................................................
.....................................................................
.....................................................................
.........................******************..........................
.....................................................................
.....................................................................
.....................................................................
.....................................................................
.....................................................................
.....................................................................
.....................................................................
.....................................................................
.....................................................................
.....................................................................
.....................................................................
.....................................................................
.**...............................................................**.
.**...............................................................**.
.....................................................................

Generation = 1, Population = 301.
.....................................................................
.**...............................................................**.
.**...............................................................**.
.....................................................................
.....................................................................
.....................................................................
.....................................................................
.....................................................................
.....................................................................
.....................................................................
.....................................................................
....................**********************...........................
....................**********************...........................
....................**********************...........................
.....................................................................
.....................................................................
.....................................................................
.....................................................................
.....................................................................
.....................................................................
.....................*********************...........................
.....................*********************...........................
.....................*********************...........................
.....................................................................
.....................................................................
.....................................................................
.....................................................................
.....................................................................
.....................................................................
.....................................................................
.....................................................................
.....................................................................
.....................................................................
.....................................................................
.....................................................................
.................................***.................................
.................................***.................................
.................................***.................................
.....................................................................
.....................................................................
.....................................................................
.................................***.................................
.................................***.................................
.................................***.................................
.....................................................................
.....................................................................
.....................................................................
.................................***.................................
.................................***.................................
.................................***.................................
.....................................................................
.....................................................................
.....................................................................
.................................***.................................
.................................***.................................
.................................***.................................
.....................................................................
.....................................................................
.....................................................................
.................................***.................................
.................................***.................................
.................................***.................................
.....................................................................
.....................................................................
.....................................................................
.................................***.................................
.................................***.................................
.................................***.................................
.....................................................................
.....................................................................
.....................................................................
.................................***.................................
.................................***.................................
.................................***.................................
.....................................................................
.....................................................................
.....................................................................
.....................................................................
.....................................................................
.....................................................................
...........................***************...........................
...........................***************...........................
...........................***************...........................
.....................................................................
.....................................................................
.....................................................................
.....................................................................
.....................................................................
.....................................................................
.....................................................................
.....................................................................
.....................................................................
..........................****************...........................
..........................****************...........................
..........................****************...........................
.....................................................................
.....................................................................
.....................................................................
.....................................................................
.....................................................................
.....................................................................
.....................................................................
.....................................................................
.....................................................................
.....................................................................
.....................................................................
.**...............................................................**.
.**...............................................................**.
.....................................................................

Generation = 2, Population = 228.
.....................................................................
.**...............................................................**.
.**...............................................................**.
.....................................................................
.....................................................................
.....................................................................
.....................................................................
.....................................................................
.....................................................................
.....................................................................
.....................********************............................
....................*....................*...........................
...................*......................*..........................
....................*....................*...........................
.....................********************............................
.....................................................................
.....................................................................
.....................................................................
.....................................................................
......................*******************............................
.....................*...................*...........................
....................*.....................*..........................
.....................*...................*...........................
......................*******************............................
.....................................................................
.....................................................................
.....................................................................
.....................................................................
.....................................................................
.....................................................................
.....................................................................
.....................................................................
.....................................................................
.....................................................................
..................................*..................................
.................................*.*.................................
................................*...*................................
.................................*.*.................................
..................................*..................................
.....................................................................
..................................*..................................
.................................*.*.................................
................................*...*................................
.................................*.*.................................
..................................*..................................
.....................................................................
..................................*..................................
.................................*.*.................................
................................*...*................................
.................................*.*.................................
..................................*..................................
.....................................................................
..................................*..................................
.................................*.*.................................
................................*...*................................
.................................*.*.................................
..................................*..................................
.....................................................................
..................................*..................................
.................................*.*.................................
................................*...*................................
.................................*.*.................................
..................................*..................................
.....................................................................
..................................*..................................
.................................*.*.................................
................................*...*................................
.................................*.*.................................
..................................*..................................
.....................................................................
..................................*..................................
.................................*.*.................................
................................*...*................................
.................................*.*.................................
..................................*..................................
.....................................................................
.....................................................................
.....................................................................
.....................................................................
............................*************............................
...........................*.............*...........................
..........................*...............*..........................
...........................*.............*...........................
............................*************............................
.....................................................................
.....................................................................
.....................................................................
.....................................................................
.....................................................................
.....................................................................
.....................................................................
...........................**************............................
..........................*..............*...........................
.........................*................*..........................
..........................*..............*...........................
...........................**************............................
.....................................................................
.....................................................................
.....................................................................
.....................................................................
.....................................................................
.....................................................................
.....................................................................
.....................................................................
.....................................................................
.....................................................................
.**...............................................................**.
.**...............................................................**.
.....................................................................

Generation = 3, Population = 512.
.....................................................................
.**...............................................................**.
.**...............................................................**.
.....................................................................
.....................................................................
.....................................................................
.....................................................................
.....................................................................
.....................................................................
......................******************.............................
.....................********************............................
....................**********************...........................
...................**....................**..........................
....................**********************...........................
.....................********************............................
......................******************.............................
.....................................................................
.....................................................................
.......................*****************.............................
......................*******************............................
.....................*********************...........................
....................**...................**..........................
.....................*********************...........................
......................*******************............................
.......................*****************.............................
.....................................................................
.....................................................................
.....................................................................
.....................................................................
.....................................................................
.....................................................................
.....................................................................
.....................................................................
.....................................................................
..................................*..................................
.................................***.................................
................................**.**................................
.................................***.................................
..................................*..................................
.....................................................................
..................................*..................................
.................................***.................................
................................**.**................................
.................................***.................................
..................................*..................................
.....................................................................
..................................*..................................
.................................***.................................
................................**.**................................
.................................***.................................
..................................*..................................
.....................................................................
..................................*..................................
.................................***.................................
................................**.**................................
.................................***.................................
..................................*..................................
.....................................................................
..................................*..................................
.................................***.................................
................................**.**................................
.................................***.................................
..................................*..................................
.....................................................................
..................................*..................................
.................................***.................................
................................**.**................................
.................................***.................................
..................................*..................................
.....................................................................
..................................*..................................
.................................***.................................
................................**.**................................
.................................***.................................
..................................*..................................
.....................................................................
.....................................................................
.....................................................................
.............................***********.............................
............................*************............................
...........................***************...........................
..........................**.............**..........................
...........................***************...........................
............................*************............................
.............................***********.............................
.....................................................................
.....................................................................
.....................................................................
.....................................................................
.....................................................................
............................************.............................
...........................**************............................
..........................****************...........................
.........................**..............**..........................
..........................****************...........................
...........................**************............................
............................************.............................
.....................................................................
.....................................................................
.....................................................................
.....................................................................
.....................................................................
.....................................................................
.....................................................................
.....................................................................
.....................................................................
.**...............................................................**.
.**...............................................................**.
.....................................................................

Generation = 4, Population = 256.
.....................................................................
.**...............................................................**.
.**...............................................................**.
.....................................................................
.....................................................................
.....................................................................
.....................................................................
.....................................................................
.......................****************..............................
.....................*..................*............................
....................*....................*...........................
...................*......................*..........................
...................*......................*..........................
...................*......................*..........................
....................*....................*...........................
.....................*..................*............................
.......................****************..............................
........................***************..............................
......................*.................*............................
.....................*...................*...........................
....................*.....................*..........................
....................*.....................*..........................
....................*.....................*..........................
.....................*...................*...........................
......................*.................*............................
........................***************..............................
.....................................................................
.....................................................................
.....................................................................
.....................................................................
.....................................................................
.....................................................................
.....................................................................
.....................................................................
.................................***.................................
................................*...*................................
................................*...*................................
................................*...*................................
.................................***.................................
.....................................................................
.................................***.................................
................................*...*................................
................................*...*................................
................................*...*................................
.................................***.................................
.....................................................................
.................................***.................................
................................*...*................................
................................*...*................................
................................*...*................................
.................................***.................................
.....................................................................
.................................***.................................
................................*...*................................
................................*...*................................
................................*...*................................
.................................***.................................
.....................................................................
.................................***.................................
................................*...*................................
................................*...*................................
................................*...*................................
.................................***.................................
.....................................................................
.................................***.................................
................................*...*................................
................................*...*................................
................................*...*................................
.................................***.................................
.....................................................................
.................................***.................................
................................*...*................................
................................*...*................................
................................*...*................................
.................................***.................................
.....................................................................
.....................................................................
..............................*********..............................
............................*...........*............................
...........................*.............*...........................
..........................*...............*..........................
..........................*...............*..........................
..........................*...............*..........................
...........................*.............*...........................
............................*...........*............................
..............................*********..............................
.....................................................................
.....................................................................
.....................................................................
.............................**********..............................
...........................*............*............................
..........................*..............*...........................
.........................*................*..........................
.........................*................*..........................
.........................*................*..........................
..........................*..............*...........................
...........................*............*............................
.............................**********..............................
.....................................................................
.....................................................................
.....................................................................
.....................................................................
.....................................................................
.....................................................................
.....................................................................
.....................................................................
.**...............................................................**.
.**...............................................................**.
.....................................................................

Generation = 5, Population = 419.
.....................................................................
.**...............................................................**.
.**...............................................................**.
.....................................................................
.....................................................................
.....................................................................
.....................................................................
........................**************...............................
........................**************...............................
........................**************...............................
....................*....................*...........................
...................**....................**..........................
..................***....................***.........................
...................**....................**..........................
....................*....................*...........................
........................**************...............................
.......................*..............**.............................
......................................**.............................
.........................*************...............................
.....................*...................*...........................
....................**...................**..........................
...................***...................***.........................
....................**...................**..........................
.....................*...................*...........................
.........................*************...............................
.........................*************...............................
.........................*************...............................
.....................................................................
.....................................................................
.....................................................................
.....................................................................
.....................................................................
.....................................................................
..................................*..................................
.................................***.................................
................................*.*.*................................
...............................***.***...............................
................................*.*.*................................
.................................***.................................
.....................................................................
.................................***.................................
................................*.*.*................................
...............................***.***...............................
................................*.*.*................................
.................................***.................................
.....................................................................
.................................***.................................
................................*.*.*................................
...............................***.***...............................
................................*.*.*................................
.................................***.................................
.....................................................................
.................................***.................................
................................*.*.*................................
...............................***.***...............................
................................*.*.*................................
.................................***.................................
.....................................................................
.................................***.................................
................................*.*.*................................
...............................***.***...............................
................................*.*.*................................
.................................***.................................
.....................................................................
.................................***.................................
................................*.*.*................................
...............................***.***...............................
................................*.*.*................................
.................................***.................................
.....................................................................
.................................***.................................
................................*.*.*................................
...............................***.***...............................
................................*.*.*................................
.................................***.................................
..................................*..................................
...............................*******...............................
...............................*******...............................
...............................*******...............................
...........................*.............*...........................
..........................**.............**..........................
.........................***.............***.........................
..........................**.............**..........................
...........................*.............*...........................
...............................*******...............................
...............................*******...............................
...............................*******...............................
.....................................................................
..............................********...............................
..............................********...............................
..............................********...............................
..........................*..............*...........................
.........................**..............**..........................
........................***..............***.........................
.........................**..............**..........................
..........................*..............*...........................
..............................********...............................
..............................********...............................
..............................********...............................
.....................................................................
.....................................................................
.....................................................................
.....................................................................
.....................................................................
.....................................................................
.....................................................................
.**...............................................................**.
.**...............................................................**.
.....................................................................


*** Life<FredkinCell> 20x20 ***
Generation = 0, Population = 44.
--------------------
--------------------
--0000000000000000--
---------0----------
---------0----------
---------0----------
---------0----------
---------0----------
---------0----------
---------0----------
---------0----------
---------0----------
---------0----------
---------0----------
---------0----------
---------0----------
---------0----------
--00000000000000----
--------------------
--------------------

Generation = 1, Population = 88.
--------------------
--0000000000000000--
-01------1-------10-
--000000---0000000--
--------0-0---------
--------0-0---------
--------0-0---------
--------0-0---------
--------0-0---------
--------0-0---------
--------0-0---------
--------0-0---------
--------0-0---------
--------0-0---------
--------0-0---------
--------0-0---------
--000000---00000----
-01------1-----10---
--00000000000000----
--------------------

Generation = 2, Population = 100.
--0000000000000000--
---------1----------
0120-----2------0210
-------1-0-1--------
--00000-1-1-000000--
-------0---0--------
-------0---0--------
-------0---0--------
-------0---0--------
-------0---0--------
-------0---0--------
-------0---0--------
-------0---0--------
-------0---0--------
-------0---0--------
--00000-1-1-0000----
-------1-0-1--------
0120-----2----0210--
---------1----------
--00000000000000----

Generation = 3, Population = 143.
-01------1-------10-
00--0000---00000--00
1--10--00-00---01--1
00--00--010--000--00
-01---1--0--1----10-
--0000-1---1-00000--
------0-0-0-0-------
------0-0-0-0-------
------0-0-0-0-------
------0-0-0-0-------
------0-0-0-0-------
------0-0-0-0-------
------0-0-0-0-------
------0-0-0-0-------
--0000-1---1-000----
-01---1--0--1--10---
00--00--010--0--00--
1--10--00-00-01--10-
00--0000---000--00--
-01------1-----10---

Generation = 4, Population = 109.
--2000000-00000002--
---------1----------
-12210---2----01221-
-----1---2---1------
-----0---1---0------
-----1---0---1------
--000-101-101-0000--
-----0-------0------
-----0-------0------
-----0-------0------
-----0-------0------
-----0-------0------
-----0-------0------
--000-101-101-00----
-----1---0---1------
-----0---1---0------
-----1---2---1------
-12210---2--01221210
---------1----------
--2000000-000002----

Generation = 5, Population = 159.
-03-----111------30-
-0----00-2-000----0-
12----0-0-0---1---21
-000--0-0-0-02-0000-
----0-1-1-1-1-0-----
--00-2-1-1-1-2-000--
-01-1-2-202-2-1--10-
--00-1-00-00-1-000--
----0-0-----0-0-----
----0-0-----0-0-----
----0-0-----0-0-----
----0-0-----0-0-----
--00-1-00-00-1-0----
-01-1-2-202-2-110---
--00-2-1-1-1-2-0----
----0-1-1-1-1-0-----
-000--0-0-0----00000
12----0-0-0012-----1
-0----00-2-0----0000
-03-----111----30---


*** Life<FredkinCell> 20x20 ***
Generation = 0, Population = 52.
00----------------00
--------------------
--0000000000000000--
---------0----------
---------0----------
---------0----------
---------0----------
---------0----------
---------0----------
---------0----------
---------0----------
---------0----------
---------0----------
---------0----------
---------0----------
---------0----------
---------0----------
--00000000000000----
--------------------
00----------------00

Generation = 1, Population = 108.
110--------------011
00000000000000000000
-01------1-------10-
--000000---0000000--
--------0-0---------
--------0-0---------
--------0-0---------
--------0-0---------
--------0-0---------
--------0-0---------
--------0-0---------
--------0-0---------
--------0-0---------
--------0-0---------
--------0-0---------
--------0-0---------
--000000---00000----
-01------1-----10---
0000000000000000--00
110--------------011

Generation = 2, Population = 96.
-2--000000000000--2-
---------1----------
--20-----2------02--
-------1-0-1--------
--00000-1-1-000000--
-------0---0--------
-------0---0--------
-------0---0--------
-------0---0--------
-------0---0--------
-------0---0--------
-------0---0--------
-------0---0--------
-------0---0--------
-------0---0--------
--00000-1-1-0000----
-------1-0-1--------
--20-----2----021000
---------1----------
-2--000000000000012-

Generation = 3, Population = 149.
1-001----1-----100-1
-0000000---00000000-
-0310--00-00---0130-
----00--010--000----
-01---1--0--1----10-
--0000-1---1-00000--
------0-0-0-0-------
------0-0-0-0-------
------0-0-0-0-------
------0-0-0-0-------
------0-0-0-0-------
------0-0-0-0-------
------0-0-0-0-------
------0-0-0-0-------
--0000-1---1-000----
-01---1--0--1--10---
----00--010--0--0000
-0310--00-00-01----1
-0000000---000-----0
1-001----1--------31

Generation = 4, Population = 109.
-2-1--000-0000--1-2-
---------1----------
0-4210---2----0124-0
-----1---2---1------
01---0---1---0----10
-----1---0---1------
--000-101-101-0000--
-----0-------0------
-----0-------0------
-----0-------0------
-----0-------0------
-----0-------0------
-----0-------0------
--000-101-101-00----
-----1---0---1------
01---0---1---0----00
-----1---2---1------
0-4210---2--012210--
---------1----------
-2-1--000-0000---14-

Generation = 5, Population = 199.
1---101-111--101---1
000-0000-2-00000-000
--5---0-0-0---1--5--
-000--0-0-0-02-0000-
121-0-1-1-1-1-0--121
0000-2-1-1-1-2-00000
-01-1-2-202-2-1--10-
--00-1-00-00-1-000--
----0-0-----0-0-----
----0-0-----0-0-----
----0-0-----0-0-----
----0-0-----0-0-----
--00-1-00-00-1-0----
-01-1-2-202-2-110---
0000-2-1-1-1-2-0--00
121-0-1-1-1-1-0--011
-000--0-0-0----00000
--5---0-0-0012---10-
000-0000-2-0--000-0-
1---101-111--10-0251


*** Life<FredkinCell> 20x20 ***
Generation = 0, Population = 50.
--------------------
--------------------
--0000000000000000--
---------0----------
---------0----------
---------0----------
---------0----------
---------0----------
---------0----------
0--------0---------0
0--------0---------0
0--------0---------0
---------0----------
---------0----------
---------0----------
---------0----------
---------0----------
--00000000000000----
--------------------
--------------------

Generation = 1, Population = 102.
--------------------
--0000000000000000--
-01------1-------10-
--000000---0000000--
--------0-0---------
--------0-0---------
--------0-0---------
--------0-0---------
0-------0-0--------0
10------0-0-------01
-0------0-0-------0-
10------0-0-------01
0-------0-0--------0
--------0-0---------
--------0-0---------
--------0-0---------
--000000---00000----
-01------1-----10---
--00000000000000----
--------------------

Generation = 2, Population = 116.
--0000000000000000--
---------1----------
0120-----2------0210
-------1-0-1--------
--00000-1-1-000000--
-------0---0--------
-------0---0--------
0------0---0-------0
1------0---0-------1
--0----0---0-----0--
0-0----0---0-----0-0
--0----0---0-----0--
1------0---0-------1
0------0---0-------0
-------0---0--------
--00000-1-1-0000----
-------1-0-1--------
0120-----2----0210--
---------1----------
--00000000000000----

Generation = 3, Population = 181.
-01------1-------10-
00--0000---00000--00
1--10--00-00---01--1
00--00--010--000--00
-01---1--0--1----10-
--0000-1---1-00000--
0-----0-0-0-0------0
10----0-0-0-0-----01
200---0-0-0-0----002
-010--0-0-0-0---010-
---0--0-0-0-0---0---
-010--0-0-0-0---010-
200---0-0-0-0----002
10----0-0-0-0-----01
0-0000-1---1-000---0
-01---1--0--1--10---
00--00--010--0--00--
1--10--00-00-01--10-
00--0000---000--00--
-01------1-----10---

Generation = 4, Population = 133.
--2000000-00000002--
---------1----------
-12210---2----01221-
-----1---2---1------
-----0---1---0------
0----1---0---1-----0
1-000-101-101-0000-1
2----0-------0-----2
-----0-------0------
--2-00-------0-0-2--
--0-00-------0-0-0--
--2-00-------0-0-2--
-----0-------0------
2-000-101-101-00---2
1----1---0---1-----1
0----0---1---0-----0
-----1---2---1------
-12210---2--01221210
---------1----------
--2000000-000002----

Generation = 5, Population = 191.
-03-----111------30-
-0----00-2-000----0-
12----0-0-0---1---21
-000--0-0-0-02-0000-
0---0-1-1-1-1-0----0
1000-2-1-1-1-2-00001
--1-1-2-202-2-1--1--
3000-1-00-00-1-00003
2-0---0-----0-00-0-2
-03--10-----0--1-30-
-0--110-----0-----0-
-03--10-----0--1-30-
2--001-00-00-1---0-2
3-1-1-2-202-2-110-03
-000-2-1-1-1-2-0--0-
10--0-1-1-1-1-0---01
0000--0-0-0----0000-
12----0-0-0012-----1
-0----00-2-0----0000
-03-----111----30---


*** Life<Cell> 20x20 ***
Generation = 0, Population = 24.
--------------------
--------------------
--------------------
--------------------
-----000---000------
--------------------
--------------------
--------------------
--------------------
-----000---000------
-----000---000------
--------------------
--------------------
--------------------
--------------------
-----000---000------
--------------------
--------------------
--------------------
--------------------

Generation = 1, Population = 64.
--------------------
--------------------
--------------------
-----000---000------
----01-10-01-10-----
-----000---000------
--------------------
--------------------
-----000---000------
----0-1-0-0-1-0-----
----0-1-0-0-1-0-----
-----000---000------
--------------------
--------------------
-----000---000------
----01-10-01-10-----
-----000---000------
--------------------
--------------------
--------------------

Generation = 2, Population = 88.
--------------------
--------------------
-----000---000------
--------------------
---01*-*1-1*-*10----
--------------------
-----000---000------
-----000---000------
-----111---111------
---010-01-10-010----
---010-01-10-010----
-----111---111------
-----000---000------
-----000---000------
--------------------
---01*-*1-1*-*10----
--------------------
-----000---000------
--------------------
--------------------

Generation = 3, Population = 136.
--------------------
-----000---000------
----01-10-01-10-----
---00-0-0-0-0-00----
--01-.-.*-*.-.-10---
---00-0-0-0-0-00----
----0-1-0-0-1-0-----
----01-10-01-10-----
---0-***---***-0----
--0-*111---111*-0---
--0-*111---111*-0---
---0-***---***-0----
----01-10-01-10-----
----0-1-0-0-1-0-----
---00-0-0-0-0-00----
--01-.-.*-*.-.-10---
---00-0-0-0-0-00----
----01-10-01-10-----
-----000---000------
--------------------

Generation = 4, Population = 76.
-----000---000------
--------------------
--------------------
-----0-0---0-0------
-01*1.-.*-*.-.1*10--
------1-----1-------
-----0*0---0*0------
--------------------
-----...---...------
-010.--*1-1*--.010--
-010.--*1-1*--.010--
-----...---...------
--------------------
-----0*0---0*0------
------1-----1-------
-01*1.-.*-*.-.1*10--
-----0-0---0-0------
--------------------
--------------------
-----000---000------

Generation = 5, Population = 164.
----01-10-01-10-----
-----000---000------
-----1-1---1-1------
-000-----------000--
01-***0*.-.*0***-10-
-0000-*-0-0-*-0000--
----01*10-01*10-----
-----101---101------
-000-...0-0...-000--
0-*-.-1*---*1-.-*-0-
0-*-.-1*---*1-.-*-0-
-000-...0-0...-000--
-----101---101------
----01*10-01*10-----
-0000-*-0-0-*-0000--
01-***0*.-.*0***-10-
-000-----------000--
-----1-1---1-1------
-----000---000------
----01-10-01-10-----


*** Life<Cell> 20x20 ***
Generation = 0, Population = 36.
--------------------
--------------------
--------------------
--------------------
-----000---000------
--------------------
--------***---------
--------***---------
--------------------
-----000---000------
-----000---000------
--------------------
--------***---------
--------***---------
--------------------
-----000---000------
--------------------
--------------------
--------------------
--------------------

Generation = 1, Population = 92.
--------------------
--------------------
--------------------
-----000---000------
----01-10-01-10-----
-----000000000------
-------0*.*0--------
-------0*.*0--------
-----000000000------
----0-1-0-0-1-0-----
----0-1-0-0-1-0-----
-----000000000------
-------0*.*0--------
-------0*.*0--------
-----000000000------
----01-10-01-10-----
-----000---000------
--------------------
--------------------
--------------------

Generation = 2, Population = 76.
--------------------
--------------------
-----000---000------
--------------------
---01*-*-0-*-*10----
--------------------
-----0-1...1-0------
-----0-1...1-0------
-----111---111------
---010-0-0-0-010----
---010-0-0-0-010----
-----111---111------
-----0-1...1-0------
-----0-1...1-0------
--------------------
---01*-*-0-*-*10----
--------------------
-----000---000------
--------------------
--------------------

Generation = 3, Population = 120.
--------------------
-----000---000------
----01-10-01-10-----
---00-0--0--0-00----
--01-.-.---.-.-10---
---00----0----00----
----01-*...*-10-----
----0-0-*.*-0-0-----
---0-*-*000*-*-0----
--0-*11--1--11*-0---
--0-*11--1--11*-0---
---0-*-*000*-*-0----
----0-0-*.*-0-0-----
----01-*...*-10-----
---00----0----00----
--01-.-.---.-.-10---
---00-0--0--0-00----
----01-10-01-10-----
-----000---000------
--------------------

Generation = 4, Population = 98.
-----000---000------
--------------------
--------101---------
-----0-------0------
-01*1*0.---.0*1*10--
-------00-00--------
----1*0*****0*1-----
----1---...---1-----
-----.-.111.-.------
-010.---------.010--
-010.---------.010--
-----.-.111.-.------
----1---...---1-----
----1*0*****0*1-----
-------00-00--------
-01*1*0.---.0*1*10--
-----0-------0------
--------101---------
--------------------
-----000---000------

Generation = 5, Population = 172.
----01-10-01-10-----
-----000000000------
-----1-1*-*1-1------
-000-1--000--1-000--
01-*-*1*0-0*1*-*-10-
-000--0--0--0--000--
---0-*-.....-*-0----
---0*-01...10-*0----
-0000.-.*-*.-.0000--
0-*-.---010---.-*-0-
0-*-.---010---.-*-0-
-0000.-.*-*.-.0000--
---0*-01...10-*0----
---0-*-.....-*-0----
-000--0--0--0--000--
01-*-*1*0-0*1*-*-10-
-000-1--000--1-000--
-----1-1*-*1-1------
-----000000000------
----01-10-01-10-----


*** Life<Cell> 20x20 ***
Generation = 0, Population = 44.
--------------------
--------------------
--------------------
------*-----*-------
-----0*0---0*0------
------*-----*-------
--------***---------
--------***---------
--------------------
-----0*0---0*0------
-----0*0---0*0------
--------------------
--------***---------
--------***---------
------*-----*-------
-----0*0---0*0------
------*-----*-------
--------------------
--------------------
--------------------

Generation = 1, Population = 80.
--------------------
--------------------
------0-----0-------
------*-----*-------
----01.10-01.10-----
------*-000-*-------
------00*.*00-------
-------0*.*0--------
-----000000000------
----0-.-0-0-.-0-----
----0-.-0-0-.-0-----
-----000000000------
-------0*.*0--------
------00*.*00-------
------*-000-*-------
----01.10-01.10-----
------*-----*-------
------0-----0-------
--------------------
--------------------

Generation = 2, Population = 96.
--------------------
------0-----0-------
-----010---010------
----0-*-0-0-*-0-----
---01*.*-0-*.*10----
----0-.-1-1-.-0-----
-----0-1...1-0------
-----001...100------
-----1-1---1-1------
---01-*--0--*-10----
---01-*--0--*-10----
-----1-1---1-1------
-----001...100------
-----0-1...1-0------
----0-.-1-1-.-0-----
---01*.*-0-*.*10----
----0-*-0-0-*-0-----
-----010---010------
------0-----0-------
--------------------

Generation = 3, Population = 120.
------0-----0-------
------1-----1-------
-----1-1---1-1------
----1-.--0--.-1-----
--01-.**---**.-10---
----10.0-0-0.01-----
-----10**.**01------
----01-**.**-10-----
---0-*-*000*-*-0----
--0--0*-010-*0--0---
--0--0*-010-*0--0---
---0-*-*000*-*-0----
----01-**.**-10-----
-----10**.**01------
----10.0-0-0.01-----
--01-.**---**.-10---
----1-.--0--.-1-----
-----1-1---1-1------
------1-----1-------
------0-----0-------

Generation = 4, Population = 128.
-----010---010------
------*-----*-------
------1-000-1-------
--0---.-0-0-.---0---
-01*1.**0-0**.1*10--
--0-*-.-1-1-.-*-0---
----0*-.....-*0-----
----1*0.....0*1-----
----0.0.-1-.0.0-----
-01-11.01-10.11-10--
-01-11.01-10.11-10--
----0.0.-1-.0.0-----
----1*0.....0*1-----
----0*-.....-*0-----
--0-*-.-1-1-.-*-0---
-01*1.**0-0**.1*10--
--0---.-0-0-.---0---
------1-000-1-------
------*-----*-------
-----010---010------

Generation = 5, Population = 130.
----01*10-01*10-----
------.-000-.-------
--0--1*-----*1--0---
--1-1-*--0--*-1-1---
01-.-*..1-1..*-.-10-
--10.-*-*-*-*-.01---
--001.-.....-.100---
---0*.-.....-.*0----
-000-.1.---.1.-000--
0---*-.--1--.-*---0-
0---*-.--1--.-*---0-
-000-.1.---.1.-000--
---0*.-.....-.*0----
--001.-.....-.100---
--10.-*-*-*-*-.01---
01-.-*..1-1..*-.-10-
--1-1-*--0--*-1-1---
--0--1*-----*1--0---
------.-000-.-------
----01*10-01*10-----


