*** Life<ConwayCell> 20x3 ***
Generation = 0, Population = 6.
...
...
...
***
...
...
...
...
...
...
...
...
...
...
...
...
***
...
...
...

Generation = 1, Population = 6.
...
...
.*.
.*.
.*.
...
...
...
...
...
...
...
...
...
...
.*.
.*.
.*.
...
...

Generation = 2, Population = 6.
...
...
...
***
...
...
...
...
...
...
...
...
...
...
...
...
***
...
...
...

Generation = 3, Population = 6.
...
...
.*.
.*.
.*.
...
...
...
...
...
...
...
...
...
...
.*.
.*.
.*.
...
...

Generation = 4, Population = 6.
...
...
...
***
...
...
...
...
...
...
...
...
...
...
...
...
***
...
...
...

Generation = 5, Population = 6.
...
...
.*.
.*.
.*.
...
...
...
...
...
...
...
...
...
...
.*.
.*.
.*.
...
...

Generation = 6, Population = 6.
...
...
...
***
...
...
...
...
...
...
...
...
...
...
...
...
***
...
...
...

Generation = 7, Population = 6.
...
...
.*.
.*.
.*.
...
...
...
...
...
...
...
...
...
...
.*.
.*.
.*.
...
...

Generation = 8, Population = 6.
...
...
...
***
...
...
...
...
...
...
...
...
...
...
...
...
***
...
...
...

Generation = 9, Population = 6.
...
...
.*.
.*.
.*.
...
...
...
...
...
...
...
...
...
...
.*.
.*.
.*.
...
...

Generation = 10, Population = 6.
...
...
...
***
...
...
...
...
...
...
...
...
...
...
...
...
***
...
...
...

*** Life<ConwayCell> 20x5 ***
Generation = 0, Population = 10.
*....
.*...
..*..
...*.
....*
.....
.....
.....
.....
.....
.....
.....
.....
.....
.....
*....
.*...
..*..
...*.
....*

Generation = 1, Population = 6.
.....
.*...
..*..
...*.
.....
.....
.....
.....
.....
.....
.....
.....
.....
.....
.....
.....
.*...
..*..
...*.
.....

Generation = 2, Population = 2.
.....
.....
..*..
.....
.....
.....
.....
.....
.....
.....
.....
.....
.....
.....
.....
.....
.....
..*..
.....
.....

Generation = 3, Population = 0.
.....
.....
.....
.....
.....
.....
.....
.....
.....
.....
.....
.....
.....
.....
.....
.....
.....
.....
.....
.....

Generation = 4, Population = 0.
.....
.....
.....
.....
.....
.....
.....
.....
.....
.....
.....
.....
.....
.....
.....
.....
.....
.....
.....
.....

Generation = 5, Population = 0.
.....
.....
.....
.....
.....
.....
.....
.....
.....
.....
.....
.....
.....
.....
.....
.....
.....
.....
.....
.....

Generation = 6, Population = 0.
.....
.....
.....
.....
.....
.....
.....
.....
.....
.....
.....
.....
.....
.....
.....
.....
.....
.....
.....
.....

Generation = 7, Population = 0.
.....
.....
.....
.....
.....
.....
.....
.....
.....
.....
.....
.....
.....
.....
.....
.....
.....
.....
.....
.....

Generation = 8, Population = 0.
.....
.....
.....
.....
.....
.....
.....
.....
.....
.....
.....
.....
.....
.....
.....
.....
.....
.....
.....
.....

Generation = 9, Population = 0.
.....
.....
.....
.....
.....
.....
.....
.....
.....
.....
.....
.....
.....
.....
.....
.....
.....
.....
.....
.....

Generation = 10, Population = 0.
.....
.....
.....
.....
.....
.....
.....
.....
.....
.....
.....
.....
.....
.....
.....
.....
.....
.....
.....
.....

*** Life<ConwayCell> 30x4 ***
Generation = 0, Population = 20.
....
....
....
.**.
....
.**.
....
....
.**.
....
....
.**.
....
....
.**.
....
....
.**.
....
....
.**.
....
....
.**.
....
....
.**.
....
....
.**.

Generation = 1, Population = 0.
....
....
....
....
....
....
....
....
....
....
....
....
....
....
....
....
....
....
....
....
....
....
....
....
....
....
....
....
....
....

Generation = 2, Population = 0.
....
....
....
....
....
....
....
....
....
....
....
....
....
....
....
....
....
....
....
....
....
....
....
....
....
....
....
....
....
....

Generation = 3, Population = 0.
....
....
....
....
....
....
....
....
....
....
....
....
....
....
....
....
....
....
....
....
....
....
....
....
....
....
....
....
....
....

Generation = 4, Population = 0.
....
....
....
....
....
....
....
....
....
....
....
....
....
....
....
....
....
....
....
....
....
....
....
....
....
....
....
....
....
....

Generation = 5, Population = 0.
....
....
....
....
....
....
....
....
....
....
....
....
....
....
....
....
....
....
....
....
....
....
....
....
....
....
....
....
....
....

Generation = 6, Population = 0.
....
....
....
....
....
....
....
....
....
....
....
....
....
....
....
....
....
....
....
....
....
....
....
....
....
....
....
....
....
....

Generation = 7, Population = 0.
....
....
....
....
....
....
....
....
....
....
....
....
....
....
....
....
....
....
....
....
....
....
....
....
....
....
....
....
....
....

Generation = 8, Population = 0.
....
....
....
....
....
....
....
....
....
....
....
....
....
....
....
....
....
....
....
....
....
....
....
....
....
....
....
....
....
....

Generation = 9, Population = 0.
....
....
....
....
....
....
....
....
....
....
....
....
....
....
....
....
....
....
....
....
....
....
....
....
....
....
....
....
....
....

Generation = 10, Population = 0.
....
....
....
....
....
....
....
....
....
....
....
....
....
....
....
....
....
....
....
....
....
....
....
....
....
....
....
....
....
....

*** Life<FredkinCell> 50x5 ***
Generation = 0, Population = 23.
-----
-----
-----
-----
-----
-----
-----
-----
-----
-0-0-
-----
-----
-0-0-
-----
-----
-0-0-
-----
-----
-0-0-
-----
-----
-0-0-
-----
-----
-0-0-
-----
-----
-0-0-
-----
--0--
--4--
--4--
--0--
-----
-----
00000
-----
-----
-----
-----
-----
-----
-----
-----
-----
-----
-----
-----
-----
-----

Generation = 1, Population = 66.
-----
-----
-----
-----
-----
-----
-----
-----
-0-0-
0---0
-0-0-
-0-0-
0---0
-0-0-
-0-0-
0---0
-0-0-
-0-0-
0---0
-0-0-
-0-0-
0---0
-0-0-
-0-0-
0---0
-0-0-
-0-0-
0---0
-000-
-010-
-0-0-
-0-0-
-010-
--0--
00000
1---1
00000
-----
-----
-----
-----
-----
-----
-----
-----
-----
-----
-----
-----
-----

Generation = 2, Population = 68.
-----
-----
-----
-----
-----
-----
-----
-0-0-
-----
-0-0-
-1-1-
-1-1-
-0-0-
-1-1-
-1-1-
-0-0-
-1-1-
-1-1-
-0-0-
-1-1-
-1-1-
-0-0-
-1-1-
-1-1-
-0-0-
-1-1-
-1-1-
-000-
--1--
01210
0-4-0
0-4-0
0-2-0
00-00
--1--
-0-0-
-----
00000
-----
-----
-----
-----
-----
-----
-----
-----
-----
-----
-----
-----

Generation = 3, Population = 74.
-----
-----
-----
-----
-----
-----
-0-0-
0---0
-----
01-10
0---0
0---0
0---0
0---0
0---0
0---0
0---0
0---0
0---0
0---0
0---0
0---0
0---0
0---0
0---0
0---0
0-0-0
0-1-0
00-00
-----
-0-0-
-----
-030-
-1-1-
00-00
1-0-1
0-0-0
1---1
00000
-----
-----
-----
-----
-----
-----
-----
-----
-----
-----
-----

Generation = 4, Population = 62.
-----
-----
-----
-----
-----
-0-0-
-----
-----
-0-0-
-2-2-
-----
-1-1-
-0-0-
-1-1-
-1-1-
-0-0-
-1-1-
-1-1-
-0-0-
-1-1-
-1-1-
-0-0-
-1-1-
-1-1-
-0-0-
-101-
--1--
-020-
-111-
0---0
0---0
--4--
0---0
--0--
--1--
-010-
--1--
-----
-----
00000
-----
-----
-----
-----
-----
-----
-----
-----
-----
-----

Generation = 5, Population = 90.
-----
-----
-----
-----
-0-0-
0---0
-0-0-
-0-0-
01-10
03-30
-----
02-20
0---0
0---0
0---0
0---0
0---0
0---0
0---0
0---0
0---0
0---0
0---0
0---0
0-0-0
0-1-0
-1-1-
0---0
--2--
1-2-1
10401
-0-0-
-0-0-
01110
-----
11-11
--2--
--0--
00000
1---1
00000
-----
-----
-----
-----
-----
-----
-----
-----
-----

Generation = 6, Population = 78.
-----
-----
-----
-0-0-
-----
-0-0-
-1-1-
-----
-2-2-
-----
-----
-3-3-
-----
-1-1-
-1-1-
-0-0-
-1-1-
-1-1-
-0-0-
-1-1-
-1-1-
-0-0-
-1-1-
-101-
--1--
11211
0-1-0
--2--
-131-
21-12
-151-
--4--
--3--
12-21
--1--
22122
0-3-0
1---1
--1--
-0-0-
-----
00000
-----
-----
-----
-----
-----
-----
-----
-----

Generation = 7, Population = 94.
-----
-----
-0-0-
0---0
-----
01-10
02-20
-----
0---0
-3-3-
-1-1-
0---0
-----
02-20
0---0
0---0
0---0
0---0
0---0
0---0
0---0
0---0
0-0-0
0-1-0
00-00
-----
11-11
0---0
--4--
32-23
--6--
-----
0-4-0
23-32
-020-
-----
-040-
20-02
0---0
1-0-1
0-0-0
1---1
00000
-----
-----
-----
-----
-----
-----
-----

Generation = 8, Population = 62.
-----
-0-0-
-----
-----
-0-0-
-----
-----
-0-0-
-----
-4-4-
-2-2-
-----
-0-0-
-3-3-
-----
-0-0-
-1-1-
-1-1-
-0-0-
-1-1-
-1-1-
-000-
--1--
-121-
-111-
-----
-2-2-
1-2-1
-----
43-34
1---1
0---0
10-01
-----
-----
-----
-----
--0--
--1--
--1--
--1--
-----
-----
00000
-----
-----
-----
-----
-----
-----

Generation = 9, Population = 96.
-0-0-
0---0
-0-0-
-0-0-
0---0
-1-1-
-2-2-
0---0
-----
05-50
03-30
-----
01-10
04-40
-----
01-10
0---0
0---0
0---0
0---0
0-0-0
0-1-0
-1-1-
0---0
0-2-0
--2--
--1--
-0-0-
-141-
-4-4-
-----
-----
-1-1-
23-32
-----
-----
--4--
-010-
-0-0-
-0-0-
-020-
--0--
00000
1---1
00000
-----
-----
-----
-----
-----

Generation = 10, Population = 94.
-----
-0-0-
-1-1-
-1-1-
-0-0-
-2-2-
-3-3-
-----
-2-2-
-----
-----
-----
-----
-----
-----
-2-2-
-----
-1-1-
-0-0-
-101-
--1--
10201
0-1-0
1-2-1
1-3-1
11-11
--2--
11-11
02-20
45254
-1-1-
-0-0-
-2-2-
3---3
00-00
--1--
--5--
2-2-2
0-1-0
1-1-1
0-3-0
10-01
--1--
-0-0-
-----
00000
-----
-----
-----
-----

*** Life<FredkinCell> 25x3 ***
Generation = 0, Population = 17.
---
-0-
-0-
-0-
---
-0-
1-1
-0-
---
-0-
1-1
-0-
---
-0-
-0-
-0-
---
---
---
-0-
-0-
-0-
---
---
---

Generation = 1, Population = 28.
-0-
010
0-0
010
---
---
---
---
---
---
---
---
---
010
0-0
010
-0-
---
-0-
010
0-0
010
-0-
---
---

Generation = 2, Population = 15.
-1-
-2-
---
---
000
---
---
---
---
---
---
---
000
---
---
-2-
-1-
---
-1-
-2-
---
-2-
-1-
-0-
---

Generation = 3, Population = 45.
020
030
-0-
010
1-1
000
---
---
---
---
---
000
1-1
010
-0-
030
020
---
020
030
---
030
0-0
010
-0-

Generation = 4, Population = 18.
-3-
---
0-0
-2-
---
---
101
---
---
---
101
---
---
-2-
0-0
---
-3-
---
-3-
-4-
---
---
---
-2-
-1-

Generation = 5, Population = 44.
0-0
030
-0-
---
-0-
000
2-2
000
---
000
2-2
000
-0-
---
-0-
030
0-0
---
040
050
-0-
---
-1-
030
020

Generation = 6, Population = 19.
131
-4-
-1-
---
-1-
-1-
---
---
---
---
---
-1-
-1-
---
-1-
-4-
131
-0-
-5-
---
-1-
---
-2-
---
-3-

Generation = 7, Population = 34.
242
---
020
---
121
020
-0-
---
---
---
-0-
020
121
---
020
---
2-2
---
060
---
0-0
---
0-0
---
0-0

Generation = 8, Population = 17.
3-3
---
1-1
---
-3-
---
-1-
-0-
---
-0-
-1-
---
-3-
---
1-1
-4-
---
-0-
1-1
-5-
---
---
---
---
---

Generation = 9, Population = 24.
---
---
---
020
1-1
---
222
010
---
010
222
---
1-1
020
-2-
---
---
---
---
---
-1-
---
---
---
---

Generation = 10, Population = 22.
---
---
121
---
232
-2-
-3-
-2-
---
-2-
-3-
-2-
232
-3-
-3-
-4-
---
---
---
-5-
0-0
-3-
---
---
---

*** Life<Cell> 50x5 ***
Generation = 0, Population = 27.
-----
-----
-----
-----
-----
-----
-----
-----
-----
-0-0-
-----
-----
-0-0-
-----
-----
-0-0-
-----
-----
-0-0-
-----
-----
-0-0-
-----
-----
-0-0-
-----
-----
-0-0-
-----
--0--
--0--
--0--
--0--
-----
-----
00000
-----
-----
-----
-----
-----
-----
--0--
-----
-----
-----
-----
-00--
-----
---0-

Generation = 1, Population = 81.
-----
-----
-----
-----
-----
-----
-----
-----
-0-0-
0---0
-0-0-
-0-0-
0---0
-0-0-
-0-0-
0---0
-0-0-
-0-0-
0---0
-0-0-
-0-0-
0---0
-0-0-
-0-0-
0---0
-0-0-
-0-0-
0---0
-000-
-010-
-0-0-
-0-0-
-010-
--0--
00000
1---1
00000
-----
-----
-----
-----
--0--
-0-0-
--0--
-----
-----
-00--
0110-
-000-
--0-0

Generation = 2, Population = 78.
-----
-----
-----
-----
-----
-----
-----
-0-0-
-----
-0-0-
-1-1-
-1-1-
-0-0-
-1-1-
-1-1-
-0-0-
-1-1-
-1-1-
-0-0-
-1-1-
-1-1-
-0-0-
-1-1-
-1-1-
-0-0-
-1-1-
-1-1-
-000-
--1--
01*10
0-0-0
0-0-0
0-*-0
00-00
--1--
-0-0-
-----
00000
-----
-----
--0--
-----
0---0
-----
--0--
-00--
-----
1---0
-----
--10-

Generation = 3, Population = 104.
-----
-----
-----
-----
-----
-----
-0-0-
0---0
-----
01-10
0---0
0---0
0---0
0---0
0---0
0---0
0---0
0---0
0---0
0---0
0---0
0---0
0---0
0---0
0---0
0---0
0-0-0
0-1-0
00-00
--.--
-0-0-
-----
-0*0-
-1-1-
00-00
1-0-1
0-0-0
1---1
00000
--0--
-0-0-
0-0-0
-0-0-
0-0-0
--10-
01-0-
000-0
-1-0-
0-000
-0*10

Generation = 4, Population = 75.
-----
-----
-----
-----
-----
-0-0-
-----
-----
-0-0-
-*-*-
-----
-1-1-
-0-0-
-1-1-
-1-1-
-0-0-
-1-1-
-1-1-
-0-0-
-1-1-
-1-1-
-0-0-
-1-1-
-1-1-
-0-0-
-101-
--1--
-0*0-
-111-
0-.-0
0---0
--0--
0-.-0
--0--
--1--
-010-
--1--
-----
--1--
00100
-----
-----
0---0
-01--
-----
---1-
--1--
1*-10
-----
-1.*-

Generation = 5, Population = 110.
-----
-----
-----
-----
-0-0-
0---0
-0-0-
-0-0-
01-10
0.-.0
-----
0*-*0
0---0
0---0
0---0
0---0
0---0
0---0
0---0
0---0
0---0
0---0
0---0
0---0
0-0-0
0-1-0
-1-1-
0-.-0
--*--
1-*-1
10001
-0-0-
-0.0-
01110
-----
11-11
--*--
-----
0-*-0
1-*-1
00000
0---0
--00-
-1*00
-010-
----0
0--00
**1*1
0---0
0-..0

Generation = 6, Population = 102.
-----
-----
-----
-0-0-
-----
-0-0-
-1-1-
-----
-----
1*-*1
-1-1-
-*-*-
-----
-1-1-
-1-1-
-0-0-
-1-1-
-1-1-
-0-0-
-1-1-
-1-1-
-0-0-
-1-1-
-101-
--1--
11*11
0-1-0
--*--
-1.1-
*1.1*
-111-
--0--
--.--
1*-*1
--1--
**1**
0-*-0
1---1
1-.-1
-0.0-
1-1-1
1--01
0---0
0-.-1
0-*-0
01011
1---1
*.-.*
--0--
11..1

Generation = 7, Population = 117.
-----
-----
-0-0-
0---0
-----
01-10
0*-*0
-0-0-
01-10
**-**
-----
0.-.0
-----
0*-*0
0---0
0---0
0---0
0---0
0---0
0---0
0---0
0---0
0-0-0
0-1-0
00-00
--.--
11-11
0-*-0
-*.*-
**.**
--*--
--1--
00*00
**1**
-0*0-
*.-.*
-0*0-
-000-
*-.-*
1-*-1
*0--*
-0-1*
-0---
-1.0-
-0*0-
1-1-*
--1--
.*1*.
---0-
**..-

Generation = 8, Population = 86.
-----
-0-0-
-----
-----
-0-0-
-----
-.-.-
0---0
-*-*-
**-**
-1-1-
-.-.-
-0-0-
-*-*-
-----
-0-0-
-1-1-
-1-1-
-0-0-
-1-1-
-1-1-
-000-
--1--
-1*1-
-111-
--.--
-*1*-
1-.-1
0...0
**.**
1-*-1
0---0
-1.1-
..-..
0-.-0
*.-.*
--.--
--1--
*-.-*
-0.--
*---*
---**
0-0-0
0-.11
--.--
-1-1.
1---1
.***.
0--10
....-

Generation = 9, Population = 99.
-0-0-
0---0
-0-0-
-0-0-
0---0
-1-1-
0.-.0
-----
0*-*0
**-**
-*-*-
-.-.-
01-10
0.-.0
-----
01-10
0---0
0---0
0---0
0---0
0-0-0
0-1-0
-1-1-
0-.-0
0-*-0
--.--
-*-*-
*-*-*
-...-
*.*.*
-1*1-
1-1-1
--.--
..-..
10.01
..-..
0-.-0
10-01
.-.0.
1-.--
.---*
---.*
1----
11.*-
00*-0
----.
-010-
***..
----1
....1

Generation = 10, Population = 113.
-----
-0-0-
-1-1-
-1-1-
-0-0-
0---0
-.-.-
-0-0-
-*-*-
..-..
-*-*-
0*-*0
-*-*-
1*-*1
-1-1-
-*-*-
-----
-1-1-
-0-0-
-101-
--1--
10*01
0-1-0
1-*-1
1-.-1
11*11
-*1*-
.0*0.
-...-
..*..
1*.*1
-0*0-
0-.-0
..-..
*1.1*
**-**
1-.-1
-1---
*0*1*
-0.01
.--0.
1--..
*--00
*-.*-
-1*0-
1--1.
--*11
*....
0001*
....*

*** Life<Cell> 25x3 ***
Generation = 0, Population = 18.
---
-0-
-0-
-0-
---
-0-
1-1
-0-
---
-0-
1-1
-0-
---
-0-
-0-
-0-
---
-0-
---
-0-
-0-
-0-
---
---
---

Generation = 1, Population = 28.
-0-
010
0-0
010
---
---
---
---
---
---
---
---
---
010
0-0
010
---
0-0
---
010
0-0
010
-0-
---
---

Generation = 2, Population = 13.
-1-
-*-
---
---
000
---
---
---
---
---
---
---
000
---
---
---
-0-
---
-0-
---
---
-*-
-1-
-0-
---

Generation = 3, Population = 37.
0*0
0.0
-0-
010
1-1
000
---
---
---
---
---
000
1-1
010
---
-1-
0-0
---
0-0
-1-
-0-
0.0
0-0
010
-0-

Generation = 4, Population = 23.
-.-
1.1
010
-*-
---
---
101
---
---
---
101
---
---
---
0-0
---
-0-
---
-0-
-*-
-1-
1.1
-1-
-*-
-1-

Generation = 5, Population = 44.
0.0
*.*
-*-
-*-
-0-
000
*-*
000
---
000
*-*
000
---
0-0
---
010
0-0
---
010
0*0
-*-
-.-
-*-
0*0
0*0

Generation = 6, Population = 18.
1.1
*.*
-*-
0*0
---
-1-
.-.
---
---
---
.-.
---
-0-
---
-0-
---
101
-0-
-*-
-.-
-*-
-.-
-*-
-.-
-.-

Generation = 7, Population = 30.
*.*
*.*
0.0
1*1
1-1
0-0
.0.
---
---
---
.-.
-0-
1-1
---
0-0
0-0
*1*
---
0.0
-.-
0.0
-.-
0.0
-.-
-.-

Generation = 8, Population = 19.
...
*.*
-.-
*.*
-0-
111
.-.
-0-
---
---
.0.
---
-0-
---
1-1
-1-
*-*
-0-
-.-
-.-
-.-
-.-
-.-
0.0
-.-

Generation = 9, Population = 27.
...
...
-.-
.*.
111
***
*-*
0-0
-0-
-0-
.-.
---
1-1
010
-0-
0-0
*-*
---
-.-
-.-
-.-
-.-
0.0
-.-
0.0

Generation = 10, Population = 30.
...
...
-.-
***
---
...
*0*
101
-1-
010
.0.
0-0
*0*
-*-
111
111
.-.
0-0
-.-
-.-
-.-
1.1
-.-
-.-
-.-

