*** Life<ConwayCell> 10x10 ***

Generation = 0, Population = 5.
..........
..........
..........
..........
.....*....
....**....
....**....
..........
..........
..........

Generation = 1, Population = 5.
..........
..........
..........
..........
....**....
......*...
....**....
..........
..........
..........

Generation = 2, Population = 3.
..........
..........
..........
..........
.....*....
......*...
.....*....
..........
..........
..........

Generation = 3, Population = 2.
..........
..........
..........
..........
..........
.....**...
..........
..........
..........
..........

Generation = 4, Population = 0.
..........
..........
..........
..........
..........
..........
..........
..........
..........
..........

Generation = 5, Population = 0.
..........
..........
..........
..........
..........
..........
..........
..........
..........
..........

*** Life<ConwayCell> 2x2 ***

Generation = 0, Population = 4.
**
**

Generation = 1, Population = 4.
**
**

Generation = 2, Population = 4.
**
**

Generation = 3, Population = 4.
**
**

Generation = 4, Population = 4.
**
**

Generation = 5, Population = 4.
**
**

*** Life<ConwayCell> 8x8 ***

Generation = 0, Population = 7.
*.......
........
..*.*...
...*....
..*.*...
........
........
.......*

Generation = 1, Population = 4.
........
........
...*....
..*.*...
...*....
........
........
........

Generation = 2, Population = 4.
........
........
...*....
..*.*...
...*....
........
........
........

Generation = 3, Population = 4.
........
........
...*....
..*.*...
...*....
........
........
........

Generation = 4, Population = 4.
........
........
...*....
..*.*...
...*....
........
........
........

Generation = 5, Population = 4.
........
........
...*....
..*.*...
...*....
........
........
........

*** Life<ConwayCell> 8x4 ***

Generation = 0, Population = 21.
****
....
****
.*..
****
....
****
****

Generation = 1, Population = 12.
.**.
....
***.
....
***.
....
*..*
*..*

Generation = 2, Population = 5.
....
*...
.*..
....
.*..
*.*.
....
....

Generation = 3, Population = 2.
....
....
....
....
.*..
.*..
....
....

Generation = 4, Population = 0.
....
....
....
....
....
....
....
....

Generation = 5, Population = 0.
....
....
....
....
....
....
....
....

*** Life<ConwayCell> 20x10 ***

Generation = 0, Population = 58.
*........*
....**....
..........
....*.....
....**....
....*.....
.....*....
....**....
....*.....
.....*....
....**....
*........*
*.*.*.*.*.
*........*
..........
**********
**********
**......**
..******..
*.*....*.*

Generation = 1, Population = 48.
..........
..........
....**....
....**....
...***....
....*.....
.....*....
....**....
....*.....
.....*....
....**....
.*.**.....
*.......**
.*........
*.******.*
*........*
..........
*........*
*.******.*
.**.**.**.

Generation = 2, Population = 54.
..........
..........
....**....
......*...
...*......
...*......
.....*....
....**....
....*.....
.....*....
...*.*....
...***....
***.......
********.*
*.*****.*.
.*.****.*.
..........
.*.****.*.
*.*....*.*
.**....**.

Generation = 3, Population = 39.
..........
..........
.....*....
....**....
..........
....*.....
.....*....
....**....
....*.....
.....*....
...*.**...
.*.*.*....
*.........
.......**.
*.......**
.*....*...
..........
.********.
*...**...*
.**....**.

Generation = 4, Population = 36.
..........
..........
....**....
....**....
....**....
..........
.....*....
....**....
....*.....
.....**...
..*..**...
..*..**...
..........
.......***
........**
..........
.*.**.....
.***..***.
*........*
.*......*.

Generation = 5, Population = 39.
..........
..........
....**....
...*..*...
....**....
....**....
....**....
....**....
....*.*...
....*.*...
....*..*..
.....**...
......***.
.......*.*
.......*.*
..........
.*.**..*..
**.**..**.
*........*
..........

*** Life<ConwayCell> 10x10 ***

Generation = 0, Population = 68.
**********
..........
**********
**********
**********
**..**..**
..**..**..
**..**..**
**********
....**....

Generation = 1, Population = 26.
.********.
..........
*........*
..........
..........
*........*
..**..**..
*........*
*.*....*.*
.**....**.

Generation = 2, Population = 28.
..******..
.********.
..........
..........
..........
..........
.*......*.
..**..**..
*.*....*.*
.**....**.

Generation = 3, Population = 20.
.*......*.
.*......*.
..******..
..........
..........
..........
..*....*..
..**..**..
..........
.**....**.

Generation = 4, Population = 28.
..........
.*.****.*.
..******..
...****...
..........
..........
..**..**..
..**..**..
.*.*..*.*.
..........

Generation = 5, Population = 16.
....**....
..........
..........
..*....*..
....**....
..........
..**..**..
.*..**..*.
...*..*...
..........

*** Life<ConwayCell> 2x20 ***

Generation = 0, Population = 22.
.*.*.*.*.*.*.*.*.*.*
*.*.*.*****.*.*.*.*.

Generation = 1, Population = 32.
.*****.*.*.********.
.*******.**********.

Generation = 2, Population = 8.
.*.....*.*........*.
.*.....*.*........*.

Generation = 3, Population = 0.
....................
....................

Generation = 4, Population = 0.
....................
....................

Generation = 5, Population = 0.
....................
....................

*** Life<ConwayCell> 1x1 ***

Generation = 0, Population = 1.
*

Generation = 1, Population = 0.
.

Generation = 2, Population = 0.
.

Generation = 3, Population = 0.
.

Generation = 4, Population = 0.
.

Generation = 5, Population = 0.
.

*** Life<ConwayCell> 19x1 ***

Generation = 0, Population = 18.
*
*
*
*
*
*
*
*
*
.
*
*
*
*
*
*
*
*
*

Generation = 1, Population = 14.
.
*
*
*
*
*
*
*
.
.
.
*
*
*
*
*
*
*
.

Generation = 2, Population = 10.
.
.
*
*
*
*
*
.
.
.
.
.
*
*
*
*
*
.
.

Generation = 3, Population = 6.
.
.
.
*
*
*
.
.
.
.
.
.
.
*
*
*
.
.
.

Generation = 4, Population = 2.
.
.
.
.
*
.
.
.
.
.
.
.
.
.
*
.
.
.
.

Generation = 5, Population = 0.
.
.
.
.
.
.
.
.
.
.
.
.
.
.
.
.
.
.
.

*** Life<ConwayCell> 8x13 ***

Generation = 0, Population = 23.
.............
.*...*.*...*.
.**.**..*.*..
.*.*.*...*...
.*...*...*...
.*...*...*...
.*...*...*...
.............

Generation = 1, Population = 36.
.............
.**.***......
**.*.*..***..
**.*.**.***..
**...**.***..
***.***.***..
.............
.............

Generation = 2, Population = 24.
.....*.......
*******..*...
...*....*.*..
...........*.
...*.......*.
*.*.*.*.*.*..
.*...*...*...
.............

Generation = 3, Population = 31.
.***.**......
.***.**..*...
.*.*.*...**..
..........**.
...*......**.
.*****...**..
.*...*...*...
.............

Generation = 4, Population = 26.
.*.*.**......
*........**..
.*.*.**..*.*.
..*.*........
...*.........
.*.*.*...*.*.
.*.*.*...**..
.............

Generation = 5, Population = 18.
.............
**.......**..
.*****...*...
..*.**.......
...*.........
...*.....*...
.........**..
.............

*** Life<FredkinCell> 10x10 ***

Generation = 0, Population = 50.
----------
0000000000
0-0-0-0-0-
-0-0-0-0-0
0-0-0-0-0-
-0-0-0-0-0
0000000000
-0-0-0-0-0
0-0-0-0-0-
----------

Generation = 1, Population = 46.
0000000000
--1-1-1-11
1-1-1-1-10
0---------
---------0
01-1-1-1-1
1--------1
01-1-1-1-1
-0-0-0-0--
0-0-0-0-0-

Generation = 2, Population = 47.
1-1-1-1-1-
---0-0-022
2-2-2-2---
100-0-0-0-
-0-0-0-001
-2--------
-0------0-
---2-2-2-2
01010101-0
-0-0-0-0-0

Generation = 3, Population = 59.
---0-0-02-
--1----133
3030303--0
-1-010101-
--0-0-0112
0-01-1-1-1
1100-0----
0--3030303
12-----2--
-1010101-1

Generation = 4, Population = 41.
----------
0-201---4-
414141-011
-2---1-1-0
0-1-1---2-
121-020202
2-110---0-
-1---4-4-4
------0---
----------

Generation = 5, Population = 47.
1-101---2-
10-1----5-
-2525---2-
130012-2-1
1-2-200132
2-211----3
3----00011
---3--0-0-
-2-------0
------0---

*** Life<FredkinCell> 4x4 ***

Generation = 0, Population = 16.
0000
0000
0000
0000

Generation = 1, Population = 8.
-11-
1--1
1--1
-11-

Generation = 2, Population = 8.
-22-
2--2
2--2
-22-

Generation = 3, Population = 8.
-33-
3--3
3--3
-33-

Generation = 4, Population = 8.
-44-
4--4
4--4
-44-

Generation = 5, Population = 8.
-55-
5--5
5--5
-55-

*** Life<FredkinCell> 4x4 ***

Generation = 0, Population = 8.
----
0000
0000
----

Generation = 1, Population = 12.
0000
-11-
-11-
0000

Generation = 2, Population = 12.
1111
-22-
-22-
1111

Generation = 3, Population = 12.
2222
-33-
-33-
2222

Generation = 4, Population = 12.
3333
-44-
-44-
3333

Generation = 5, Population = 12.
4444
-55-
-55-
4444

*** Life<FredkinCell> 8x5 ***

Generation = 0, Population = 24.
00000
--0--
-0-0-
0-0-0
-0-0-
--0--
00000
00000

Generation = 1, Population = 18.
1-1-1
00100
-----
-----
-----
00100
-1-1-
-111-

Generation = 2, Population = 22.
20202
--2--
00000
-----
00000
11-11
-----
0---0

Generation = 3, Population = 15.
3-3-3
-0-0-
1-1-1
-----
-1-1-
--1--
-1-1-
-1-1-

Generation = 4, Population = 25.
-0-0-
0---0
-0-0-
00000
0-0-0
-1-1-
02020
02-20

Generation = 5, Population = 18.
-----
-0-0-
11111
-111-
1-1-1
12-21
-----
--1--

*** Life<FredkinCell> 5x5 ***

Generation = 0, Population = 9.
0---0
-0-0-
--0--
-0-0-
0---0

Generation = 1, Population = 4.
-----
--0--
-0-0-
--0--
-----

Generation = 2, Population = 4.
--0--
-----
0---0
-----
--0--

Generation = 3, Population = 12.
-0-0-
0-0-0
-0-0-
0-0-0
-0-0-

Generation = 4, Population = 4.
--0--
-----
0---0
-----
--0--

Generation = 5, Population = 12.
-0-0-
0-0-0
-0-0-
0-0-0
-0-0-

*** Life<Cell> 5x5 ***

Generation = 0, Population = 10.
0---0
-0-0-
0-0-0
-0-0-
--0--

Generation = 1, Population = 3.
-----
0-0-0
-----
-----
-----

Generation = 2, Population = 6.
0-0-0
-----
0-0-0
-----
-----

Generation = 3, Population = 3.
-----
-----
-----
0-0-0
-----

Generation = 4, Population = 6.
-----
-----
0-0-0
-----
0-0-0

Generation = 5, Population = 3.
-----
0-0-0
-----
-----
-----

*** Life<Cell> 10x8 ***

Generation = 0, Population = 36.
---00---
0-0--0-0
-0-00-0-
--0--0--
---00---
000--000
---00---
000--000
--------
00000000

Generation = 1, Population = 38.
0--11--0
-0-00-0-
---11---
---00---
00011000
1-1001-1
--0110--
1-1--1-1
---00---
1------1

Generation = 2, Population = 40.
--0--0--
---11---
-00**00-
00-11-00
--1--1--
*0*--*0*
-01**10-
--*00*--
---11---
-0-00-0-

Generation = 3, Population = 26.
-0----0-
-00--00-
---..---
1------1
-0*--*0-
*1*--*1*
---**---
--.--.--
-0-**-0-
1------1

Generation = 4, Population = 38.
01----10
0-1111-0
000..000
--0--0--
0-.11.-0
**.--.**
00-**-00
-0.--.0-
---**---
---00---

Generation = 5, Population = 30.
-*-11-*-
--------
--1..1--
--1--1--
1-.**.-1
*.*--*.*
-1-**-1-
-1*--*1-
-00..00-
--0--0--

*** Life<Cell> 4x4 ***

Generation = 0, Population = 8.
0--0
-00-
----
0000

Generation = 1, Population = 6.
----
-11-
0--0
1--1

Generation = 2, Population = 10.
-00-
-**-
1--1
*00*

Generation = 3, Population = 6.
0--0
-..-
*00*
.--.

Generation = 4, Population = 10.
-00-
-**-
*--*
*00*

Generation = 5, Population = 6.
0--0
-..-
*00*
.--.

*** Life<Cell> 10x2 ***

Generation = 0, Population = 11.
--
00
0-
-0
0-
-0
00
--
00
-0

Generation = 1, Population = 12.
00
-1
10
0-
-0
01
1-
--
1-
-1

Generation = 2, Population = 7.
1-
0-
--
10
01
--
*-
--
--
--

Generation = 3, Population = 8.
*0
11
-0
--
--
-1
.0
0-
--
--

Generation = 4, Population = 8.
.-
-*
-1
-0
-1
0*
.1
--
1-
--

Generation = 5, Population = 12.
.0
1*
1-
1-
--
1*
.*
00
-0
0-

*** Life<Cell> 15x5 ***

Generation = 0, Population = 41.
-----
00000
-----
00000
--0--
00000
00000
--0--
00000
-----
00000
-----
00-00
0---0
-000-

Generation = 1, Population = 33.
00000
1---1
-----
1-1-1
-0-0-
-1-1-
-1-1-
-0-0-
1-1-1
-----
1---1
--0--
-1-1-
10001
-1-1-

Generation = 2, Population = 31.
-----
*-0-*
--0--
-0-0-
-101-
0---0
0---0
-101-
-0-0-
--0--
-000-
0---0
-*-*-
*---*
-*0*-

Generation = 3, Population = 37.
0-0-0
.-1-.
0-1-0
11-11
-----
1-0-1
1-0-1
-----
11-11
-010-
-111-
-000-
0.-.0
.000.
-*-*-

Generation = 4, Population = 41.
--1--
.0-0.
10*01
-*1*-
-101-
*-1-*
*-1-*
-101-
*-1-*
-1*1-
1*-*1
--1--
-*-*-
.---.
0*0*0

Generation = 5, Population = 36.
-----
.1-1.
*-*-*
-*-*-
-----
*1-1*
*1-1*
0*-*0
.---.
0-*-0
*.-.*
00-00
0.0.0
*-0-*
1.-.1