*** Life<ConwayCell> 34x28 ***
Generation = 10, Population = 79.
............................
............................
............................
............................
.............**.............
...........**..*............
...........**.**............
............***.............
............................
............................
............................
............................
............................
............................
............................
............................
.........*..................
.........**.................
.........***................
...........*................
.............*..............
........**...*..............
........**..................
............*...............
........*..*................
......*..***........***.....
.....***............***.....
....**.**..........*...*....
...***.***.........****.....
....**.**............**.**..
.....***..............*...*.
......*...............****..
.....................*.**...
......................*.....

*** Life<ConwayCell> 27x25 ***
Generation = 10, Population = 23.
.........................
.........................
.........................
.........................
.........................
.........................
.........................
.........................
.........................
.**......................
*..*.....................
.**......................
..............*..........
..............***........
.................*.......
...............***.......
.........................
.................**......
.................*.......
.................*.......
.........................
.........................
.........................
............**...........
...........*.*...........
............*............
.........................

*** Life<ConwayCell> 22x6 ***
Generation = 10, Population = 6.
......
......
......
......
......
......
......
......
......
......
......
......
......
.*....
*.*...
*.*...
.*....
......
......
......
......
......

*** Life<ConwayCell> 10x5 ***
Generation = 10, Population = 10.
.***.
....*
*....
*...*
.***.
.....
.....
.....
.....
.....

*** Life<ConwayCell> 16x34 ***
Generation = 10, Population = 10.
..................................
..................................
..................................
..................................
..................................
..................................
..................................
..............................**..
.............................*..*.
............**................**..
............**....................
..................................
..................................
..................................
..................................
..................................

*** Life<ConwayCell> 18x21 ***
Generation = 10, Population = 18.
.....................
.....................
.....................
**...................
*.*..................
.*...................
.............***.....
.....................
.....................
.....................
.**...**.............
*.*...**.............
.**..................
.....................
.....................
.....................
.....................
.....................

*** Life<FredkinCell> 25x15 ***
Generation = 10, Population = 177.
1-0-01-0110-0--
3-0-1-1-00--0--
--0-1--1--0----
0-0-2--0--100--
------1---000--
---01---2-0-1-0
0---0---111-010
-0---0-0--10--0
---1------01--0
00-1--0--10--00
-11--00-1-0----
6-01----1-012--
1-0-0---01-1---
0-01100---0-101
00-201---0-01-0
132--000----0--
-1-0------10-0-
-0-10-0100---0-
0--1--011--20--
1--1100-020-1--
00--0--1---0--0
-1--0--001-10-1
--01-10--1--100
0-2-0-000000-2-
01-0021----00--

*** Life<FredkinCell> 26x15 ***
Generation = 10, Population = 161.
-001----1-2-10-
----------0---0
---0103--0-3---
----0-------10-
3-10---0-11--01
--1--200-0-1---
--1----01-0--22
---00-1--200---
10-1-0--0-0-01-
---010--13001--
-0-1---0040-10-
--1---------0--
01---0-1-01----
00-10-110--1---
2201-1-10-10101
0000----10----1
0-1----130-----
-2-0---------1-
12-----0--0-021
--0-00---00022-
----11-23------
--------10-----
-1----2-300-0-1
01---1-10----00
---0-131-010100
----0--0---000-

*** Life<FredkinCell> 18x9 ***
Generation = 10, Population = 58.
-0-21--0-
00--01--0
--00---0-
--001--00
---0--2--
-10--01-0
-1-011--0
---0-----
-1-0-0---
-10--0---
---0--0--
-10----0-
1---0-0--
0--0-0---
0---0-0-0
-0-0---0-
--0-0-0--
-----0---

*** Life<FredkinCell> 8x6 ***
Generation = 10, Population = 17.
0-----
-0-0-0
--0---
-0--1-
----2-
-0-231
--2---
01--01

*** Life<FredkinCell> 9x22 ***
Generation = 10, Population = 86.
----0---011----5110---
0------0-0-0---1-0--10
----1-0-01-2-1----0-2-
-0----1------0-1--1---
----1--0--01002-10---1
--1010-1-0------00-012
0-11013-10-----11-0--4
11-00----0-0-011--1--4
-1001100--0---0--1121-

*** Life<FredkinCell> 5x20 ***
Generation = 10, Population = 48.
--010---201-0-10-2--
3-111-000-11---1---1
1---1-1-1-0---2-1--0
11----1-00-------1--
-31017610012-1---0--

**** Life<Cell> 25x25 ***
Generation = 10, Population = 262.
0.0-.----0-11----1.***-1.
00.-.001-.10.*..--.**.-0-
-..1.--101*-00-.--.1..*-*
.-0-.1.-00-*001.-11-10*-*
.-1--1--.-0--0-1-*-10-00-
-11-0-00.10..*0.-.1.-0--*
.-..0-0-0---.---0.01-0-.0
0-.11*--0-..--1000-1.-1-1
--..0..*-**00*..10.-0-*.*
-*-1..-*-..*-*..--10-00--
.-**---*-.----0.-1*00**0-
*0.-0..*..0**11-.0-.*--.1
---.-..*.0*.-*-.01*.-*011
*.-1-.10.-....-.--.*0--.-
-*0-.--.0.*0-0000*.***1.-
000-*.-**----.--*.1*-*..-
*0*.0.-..-.*-..-.*-0-1.1.
1.*-*1-.-*0-*--...-*..1.-
100--.1.-*0-.--111.*0.-..
0*0-..1010--1-.1010--.--.
--.-0-0-.----..--00*.-.--
..-..-1*0*00...00-1***1-.
**--.-00.-.*01-*1*..*.0*.
*-0-------0100---*0--0..-
00-----11.*--0-.-0**-.-.-

*** Life<Cell> 32x24 ***
Generation = 10, Population = 314.
------**--0-0-0-**-*..--
0--10.--*0.*.00*---0.---
--0*..01.--*1---**..0*00
0-----0-1100---0*-.0-**.
1--*0*0**---0*--*-*-.11.
---.-.----.-1*0-*.*.0-**
0*0.-.-.-.*1-.*1-1-*..*0
-0.-0-*1..0-....**.***01
-1*---.-0--1.*--00-.0---
11*-0--01-1.-**.0-..-*..
00--...-..1-.-0-....**.-
0-00--0*.-0-.1.*-.-1*...
-.11.011-....10*.--1-..-
-0..--0--1-00--.-.-0-...
1-1-0-00-.--.-..-1.-0.00
0---.00*1-**.--1..---...
--1-0.-1.1-*-*...0.-.000
01-1-.*-.110.001.---.-.*
01---.-.000-----**--**.1
--11*0*01-*.0-1-0*.0..1-
*---0*-..1**..1-..*---00
--.--.-.1-0-*---.1--...*
-1-0-..-*...*1011-.1.-..
.11.0-*10*00*0-0---.-*-*
*--00--....*-0-1..1-.-.-
....--1.000...*0.10..-.1
1.*-*-*001*0-*0-.--*---0
--.0-10.-*-*0*.--..-.-0*
*-.10--0.--0-00--0-*0*-.
-1--1.*-*-*-*--0.-10-*.-
1-...1--10-*---*-.-01.1*
000*----------**0.---*0*

*** Life<Cell> 22x22 ***
Generation = 10, Population = 218.
-..*.-0.0--1.-0---00**
00011*1**11-0*00-0.--1
-*.*.*0*..-*0..-.0-*-.
*0.--..0*1...**0..01.-
-.**--..0*.---*0.*-1..
-000000*-.*.**.-0----*
-.-01.-1..*0.*.--*0011
**0-*0010-0*0---.0..0-
.0-..--..0*-.-1.*..--.
0--.0-*-*1..*.0.-.0--.
.*0**-*..*-**..0*.-*--
*-.---0.-1-00-0-*-1*10
0.--*0*-*-00****-0-00-
....-01.1.**....0..-00
--.-*0-.-.---.**.-1--1
*..*0.**-***.0--00*-.*
*-0--0-00..*--0-----.0
1-10...1-.-.0.100*-.11
--0---...--1-1*0*0-.--
*.-0-0.0*.*..-.1--.---
**--.-01--1-0*.-11-1--
00-.-.01-*-.*.-..*0-10