*** Life<ConwayCell> 10x10 ***
Generation = 0, Population = 50.
..........
**********
..........
**********
..........
**********
..........
**********
..........
**********

Generation = 1, Population = 48.
.********.
.********.
..........
.********.
..........
.********.
..........
.********.
..........
.********.

Generation = 2, Population = 28.
.*......*.
.*......*.
..........
..******..
..........
..******..
..........
..******..
..........
..******..

Generation = 3, Population = 22.
..........
..........
..******..
...****...
..........
...****...
..........
...****...
..........
...****...

*** Life<ConwayCell> 20x20 ***
Generation = 0, Population = 110.
********************
.******************.
..****************..
...**************...
....************....
.....**********.....
......********......
.......******.......
........****........
.........**.........
....................
....................
....................
....................
....................
....................
....................
....................
....................
....................

Generation = 1, Population = 20.
*..................*
*..................*
.*................*.
..*..............*..
...*............*...
....*..........*....
.....*........*.....
......*......*......
.......*....*.......
........*..*........
....................
....................
....................
....................
....................
....................
....................
....................
....................
....................

Generation = 2, Population = 18.
....................
**................**
.*................*.
..*..............*..
...*............*...
....*..........*....
.....*........*.....
......*......*......
.......*....*.......
....................
....................
....................
....................
....................
....................
....................
....................
....................
....................
....................

Generation = 3, Population = 20.
....................
**................**
***..............***
..*..............*..
...*............*...
....*..........*....
.....*........*.....
......*......*......
....................
....................
....................
....................
....................
....................
....................
....................
....................
....................
....................
....................

*** Life<ConwayCell> 50x50 ***
Generation = 0, Population = 1175.
.*.*.*.*........................**.*..*.*.*...*...
*.*.*.*.*.*.**********************.*.*.*.*.*.*.**.
.*.*.*.*........................**.*..*.*.*...*...
*.*.*.*.*.*.**********************.*.*.*.*.*.*.**.
.*.*.*.*........................**.*..*.*.*...*...
*.*.*.*.*.*.**********************.*.*.*.*.*.*.**.
.*.*.*.*........................**.*..*.*.*...*...
*.*.*.*.*.*.**********************.*.*.*.*.*.*.**.
.*.*.*.*........................**.*..*.*.*...*...
*.*.*.*.*.*.**********************.*.*.*.*.*.*.**.
.*.*.*.*........................**.*..*.*.*...*...
*.*.*.*.*.*.**********************.*.*.*.*.*.*.**.
.*.*.*.*........................**.*..*.*.*...*...
*.*.*.*.*.*.**********************.*.*.*.*.*.*.**.
.*.*.*.*........................**.*..*.*.*...*...
*.*.*.*.*.*.**********************.*.*.*.*.*.*.**.
.*.*.*.*........................**.*..*.*.*...*...
*.*.*.*.*.*.**********************.*.*.*.*.*.*.**.
.*.*.*.*........................**.*..*.*.*...*...
*.*.*.*.*.*.**********************.*.*.*.*.*.*.**.
.*.*.*.*........................**.*..*.*.*...*...
*.*.*.*.*.*.**********************.*.*.*.*.*.*.**.
.*.*.*.*........................**.*..*.*.*...*...
*.*.*.*.*.*.**********************.*.*.*.*.*.*.**.
.*.*.*.*........................**.*..*.*.*...*...
*.*.*.*.*.*.**********************.*.*.*.*.*.*.**.
.*.*.*.*........................**.*..*.*.*...*...
*.*.*.*.*.*.**********************.*.*.*.*.*.*.**.
.*.*.*.*........................**.*..*.*.*...*...
*.*.*.*.*.*.**********************.*.*.*.*.*.*.**.
.*.*.*.*........................**.*..*.*.*...*...
*.*.*.*.*.*.**********************.*.*.*.*.*.*.**.
.*.*.*.*........................**.*..*.*.*...*...
*.*.*.*.*.*.**********************.*.*.*.*.*.*.**.
.*.*.*.*........................**.*..*.*.*...*...
*.*.*.*.*.*.**********************.*.*.*.*.*.*.**.
.*.*.*.*........................**.*..*.*.*...*...
*.*.*.*.*.*.**********************.*.*.*.*.*.*.**.
.*.*.*.*........................**.*..*.*.*...*...
*.*.*.*.*.*.**********************.*.*.*.*.*.*.**.
.*.*.*.*........................**.*..*.*.*...*...
*.*.*.*.*.*.**********************.*.*.*.*.*.*.**.
.*.*.*.*........................**.*..*.*.*...*...
*.*.*.*.*.*.**********************.*.*.*.*.*.*.**.
.*.*.*.*........................**.*..*.*.*...*...
*.*.*.*.*.*.**********************.*.*.*.*.*.*.**.
.*.*.*.*........................**.*..*.*.*...*...
*.*.*.*.*.*.**********************.*.*.*.*.*.*.**.
.*.*.*.*........................**.*..*.*.*...*...
*.*.*.*.*.*.**********************.*.*.*.*.*.*.**.

Generation = 1, Population = 813.
.*******.....******************..*..*.*****...**..
*.......*....******************....*.*.....*.*.*..
*.......*..........................*.*.....*.*....
*.......*....******************....*.*.....*.*.*..
*.......*..........................*.*.....*.*....
*.......*....******************....*.*.....*.*.*..
*.......*..........................*.*.....*.*....
*.......*....******************....*.*.....*.*.*..
*.......*..........................*.*.....*.*....
*.......*....******************....*.*.....*.*.*..
*.......*..........................*.*.....*.*....
*.......*....******************....*.*.....*.*.*..
*.......*..........................*.*.....*.*....
*.......*....******************....*.*.....*.*.*..
*.......*..........................*.*.....*.*....
*.......*....******************....*.*.....*.*.*..
*.......*..........................*.*.....*.*....
*.......*....******************....*.*.....*.*.*..
*.......*..........................*.*.....*.*....
*.......*....******************....*.*.....*.*.*..
*.......*..........................*.*.....*.*....
*.......*....******************....*.*.....*.*.*..
*.......*..........................*.*.....*.*....
*.......*....******************....*.*.....*.*.*..
*.......*..........................*.*.....*.*....
*.......*....******************....*.*.....*.*.*..
*.......*..........................*.*.....*.*....
*.......*....******************....*.*.....*.*.*..
*.......*..........................*.*.....*.*....
*.......*....******************....*.*.....*.*.*..
*.......*..........................*.*.....*.*....
*.......*....******************....*.*.....*.*.*..
*.......*..........................*.*.....*.*....
*.......*....******************....*.*.....*.*.*..
*.......*..........................*.*.....*.*....
*.......*....******************....*.*.....*.*.*..
*.......*..........................*.*.....*.*....
*.......*....******************....*.*.....*.*.*..
*.......*..........................*.*.....*.*....
*.......*....******************....*.*.....*.*.*..
*.......*..........................*.*.....*.*....
*.......*....******************....*.*.....*.*.*..
*.......*..........................*.*.....*.*....
*.......*....******************....*.*.....*.*.*..
*.......*..........................*.*.....*.*....
*.......*....******************....*.*.....*.*.*..
*.......*..........................*.*.....*.*....
*.......*....******************....*.*.....*.*.*..
*.......*..........................*.*.....*.*....
.*******.....*******************.*..*.*****...**..

Generation = 2, Population = 1005.
.*******.....*................*.....*******...**..
*.*****.*....*................*...**.*.***.*.*.*..
**.....***........................**.**...**.*....
**.....***....****************....**.**...**.*....
**.....***........................**.**...**.*....
**.....***....****************....**.**...**.*....
**.....***........................**.**...**.*....
**.....***....****************....**.**...**.*....
**.....***........................**.**...**.*....
**.....***....****************....**.**...**.*....
**.....***........................**.**...**.*....
**.....***....****************....**.**...**.*....
**.....***........................**.**...**.*....
**.....***....****************....**.**...**.*....
**.....***........................**.**...**.*....
**.....***....****************....**.**...**.*....
**.....***........................**.**...**.*....
**.....***....****************....**.**...**.*....
**.....***........................**.**...**.*....
**.....***....****************....**.**...**.*....
**.....***........................**.**...**.*....
**.....***....****************....**.**...**.*....
**.....***........................**.**...**.*....
**.....***....****************....**.**...**.*....
**.....***........................**.**...**.*....
**.....***....****************....**.**...**.*....
**.....***........................**.**...**.*....
**.....***....****************....**.**...**.*....
**.....***........................**.**...**.*....
**.....***....****************....**.**...**.*....
**.....***........................**.**...**.*....
**.....***....****************....**.**...**.*....
**.....***........................**.**...**.*....
**.....***....****************....**.**...**.*....
**.....***........................**.**...**.*....
**.....***....****************....**.**...**.*....
**.....***........................**.**...**.*....
**.....***....****************....**.**...**.*....
**.....***........................**.**...**.*....
**.....***....****************....**.**...**.*....
**.....***........................**.**...**.*....
**.....***....****************....**.**...**.*....
**.....***........................**.**...**.*....
**.....***....****************....**.**...**.*....
**.....***........................**.**...**.*....
**.....***....****************....**.**...**.*....
**.....***........................**.**...**.*....
**.....***....****************....**.**...**.*....
*.*****.*......................*..**.*.***.*.*.*..
.*******......*****************.....*******...*...

Generation = 3, Population = 744.
.*.....*...........................***....*...**..
*........*........................*........*.*.*..
...***........****************...*......*....*....
..*...*...*....**************....*.....*.*...**...
..*...*...*......................*.....*.*...**...
..*...*...*....**************....*.....*.*...**...
..*...*...*......................*.....*.*...**...
..*...*...*....**************....*.....*.*...**...
..*...*...*......................*.....*.*...**...
..*...*...*....**************....*.....*.*...**...
..*...*...*......................*.....*.*...**...
..*...*...*....**************....*.....*.*...**...
..*...*...*......................*.....*.*...**...
..*...*...*....**************....*.....*.*...**...
..*...*...*......................*.....*.*...**...
..*...*...*....**************....*.....*.*...**...
..*...*...*......................*.....*.*...**...
..*...*...*....**************....*.....*.*...**...
..*...*...*......................*.....*.*...**...
..*...*...*....**************....*.....*.*...**...
..*...*...*......................*.....*.*...**...
..*...*...*....**************....*.....*.*...**...
..*...*...*......................*.....*.*...**...
..*...*...*....**************....*.....*.*...**...
..*...*...*......................*.....*.*...**...
..*...*...*....**************....*.....*.*...**...
..*...*...*......................*.....*.*...**...
..*...*...*....**************....*.....*.*...**...
..*...*...*......................*.....*.*...**...
..*...*...*....**************....*.....*.*...**...
..*...*...*......................*.....*.*...**...
..*...*...*....**************....*.....*.*...**...
..*...*...*......................*.....*.*...**...
..*...*...*....**************....*.....*.*...**...
..*...*...*......................*.....*.*...**...
..*...*...*....**************....*.....*.*...**...
..*...*...*......................*.....*.*...**...
..*...*...*....**************....*.....*.*...**...
..*...*...*......................*.....*.*...**...
..*...*...*....**************....*.....*.*...**...
..*...*...*......................*.....*.*...**...
..*...*...*....**************....*.....*.*...**...
..*...*...*......................*.....*.*...**...
..*...*...*....**************....*.....*.*...**...
..*...*...*......................*.....*.*...**...
..*...*...*....**************....*.....*.*...**...
..*...*...*......................*.....*.*...**...
...***.........**************....*......*....*....
*........*........................*........*.*....
.*.....*.......****************....***....*...*...

*** Life<ConwayCell> 50x4 ***
Generation = 0, Population = 114.
****
****
****
****
.**.
.**.
.**.
.**.
..*.
.*..
..*.
.*..
****
****
****
****
.**.
.**.
.**.
.**.
..*.
.*..
..*.
.*..
****
****
****
****
.**.
.**.
.**.
.**.
..*.
.*..
..*.
.*..
****
****
****
****
.**.
.**.
.**.
.**.
..*.
.*..
..*.
.*..
..*.
.*..

Generation = 1, Population = 55.
*..*
....
....
....
....
*..*
*..*
...*
..*.
.**.
.**.
*..*
...*
....
....
....
....
*..*
*..*
...*
..*.
.**.
.**.
*..*
...*
....
....
....
....
*..*
*..*
...*
..*.
.**.
.**.
*..*
...*
....
....
....
....
*..*
*..*
...*
..*.
.**.
.**.
.**.
.**.
....

Generation = 2, Population = 50.
....
....
....
....
....
....
..**
..**
.***
...*
*..*
.*.*
....
....
....
....
....
....
..**
..**
.***
...*
*..*
.*.*
....
....
....
....
....
....
..**
..**
.***
...*
*..*
.*.*
....
....
....
....
....
....
..**
..**
.***
...*
*..*
*..*
.**.
....

Generation = 3, Population = 32.
....
....
....
....
....
....
..**
....
.*..
.*.*
...*
..*.
....
....
....
....
....
....
..**
....
.*..
.*.*
...*
..*.
....
....
....
....
....
....
..**
....
.*..
.*.*
...*
..*.
....
....
....
....
....
....
..**
....
.*..
.*.*
..**
*..*
.**.
....

*** Life<ConwayCell> 50x6 ***
Generation = 0, Population = 118.
*.*...
..**..
..*...
.*.*.*
*.*.*.
*...*.
.****.
..**..
*.*...
..**..
..*...
.*.*.*
*.*.*.
*...*.
.****.
..**..
*.*...
..**..
..*...
.*.*.*
*.*.*.
*...*.
.****.
..**..
*.*...
..**..
..*...
.*.*.*
*.*.*.
*...*.
.****.
..**..
*.*...
..**..
..*...
.*.*.*
*.*.*.
*...*.
.****.
..**..
*.*...
..**..
..*...
.*.*.*
*.*.*.
*...*.
.****.
..**..
*.*...
..**..

Generation = 1, Population = 108.
.***..
..**..
.*..*.
.*.**.
*.*.**
*...**
.*..*.
....*.
......
..**..
.*..*.
.*.**.
*.*.**
*...**
.*..*.
....*.
......
..**..
.*..*.
.*.**.
*.*.**
*...**
.*..*.
....*.
......
..**..
.*..*.
.*.**.
*.*.**
*...**
.*..*.
....*.
......
..**..
.*..*.
.*.**.
*.*.**
*...**
.*..*.
....*.
......
..**..
.*..*.
.*.**.
*.*.**
*...**
.*..*.
....*.
......
.***..

Generation = 2, Population = 75.
.*.*..
....*.
.*..*.
**....
*.*...
*.....
...**.
......
...*..
..**..
.*..*.
**....
*.*...
*.....
...**.
......
...*..
..**..
.*..*.
**....
*.*...
*.....
...**.
......
...*..
..**..
.*..*.
**....
*.*...
*.....
...**.
......
...*..
..**..
.*..*.
**....
*.*...
*.....
...**.
......
...*..
..**..
.*..*.
**....
*.*...
*.....
...**.
......
..**..
..*...

Generation = 3, Population = 91.
......
..***.
**....
*.*...
*.....
.*.*..
......
...**.
..**..
..***.
**.*..
*.*...
*.....
.*.*..
......
...**.
..**..
..***.
**.*..
*.*...
*.....
.*.*..
......
...**.
..**..
..***.
**.*..
*.*...
*.....
.*.*..
......
...**.
..**..
..***.
**.*..
*.*...
*.....
.*.*..
......
...**.
..**..
..***.
**.*..
*.*...
*.....
.*.*..
......
..*.*.
..**..
..**..

*** Life<ConwayCell> 13x12 ***
Generation = 0, Population = 84.
************
*****..*****
****....****
***......***
**........**
*..........*
............
*..........*
**........**
***......***
****....****
*****..*****
************

Generation = 1, Population = 28.
*....**....*
............
....*..*....
...*....*...
..*......*..
**........**
............
**........**
..*......*..
...*....*...
....*..*....
............
*....**....*

Generation = 2, Population = 20.
............
.....**.....
............
...*....*...
.**......**.
.*........*.
............
.*........*.
.**......**.
...*....*...
............
.....**.....
............

Generation = 3, Population = 20.
............
............
............
..*......*..
.**......**.
.**......**.
............
.**......**.
.**......**.
..*......*..
............
............
............

*** Life<FredkinCell> 5x5 ***
Generation = 0, Population = 5.
----0
---0-
--0--
-0---
0----

Generation = 1, Population = 0.
-----
-----
-----
-----
-----

Generation = 2, Population = 0.
-----
-----
-----
-----
-----

Generation = 3, Population = 0.
-----
-----
-----
-----
-----

*** Life<FredkinCell> 20x20 ***
Generation = 0, Population = 20.
0-------------------
-0------------------
--0-----------------
---0----------------
----0---------------
-----0--------------
------0-------------
-------0------------
--------0-----------
---------0----------
----------0---------
-----------0--------
------------0-------
-------------0------
--------------0-----
---------------0----
----------------0---
-----------------0--
------------------0-
-------------------0

Generation = 1, Population = 0.
--------------------
--------------------
--------------------
--------------------
--------------------
--------------------
--------------------
--------------------
--------------------
--------------------
--------------------
--------------------
--------------------
--------------------
--------------------
--------------------
--------------------
--------------------
--------------------
--------------------

Generation = 2, Population = 0.
--------------------
--------------------
--------------------
--------------------
--------------------
--------------------
--------------------
--------------------
--------------------
--------------------
--------------------
--------------------
--------------------
--------------------
--------------------
--------------------
--------------------
--------------------
--------------------
--------------------

Generation = 3, Population = 0.
--------------------
--------------------
--------------------
--------------------
--------------------
--------------------
--------------------
--------------------
--------------------
--------------------
--------------------
--------------------
--------------------
--------------------
--------------------
--------------------
--------------------
--------------------
--------------------
--------------------

*** Life<FredkinCell> 7x10 ***
Generation = 0, Population = 20.
----------
----------
----------
----------
----------
0000000000
0000000000

Generation = 1, Population = 26.
----------
----------
----------
----------
0000000000
-11111111-
-11111111-

Generation = 2, Population = 30.
----------
----------
----------
0000000000
1111111111
-2------2-
0-222222-0

Generation = 3, Population = 34.
----------
----------
0000000000
-11111111-
--222222--
031----130
-13----31-

*** Life<FredkinCell> 10x20 ***
Generation = 0, Population = 100.
00000000000000000000
00000000000000000000
00000000000000000000
00000000000000000000
00000000000000000000
--------------------
--------------------
--------------------
--------------------
--------------------

Generation = 1, Population = 62.
-111111111111111111-
1------------------1
1------------------1
1------------------1
-111111111111111111-
00000000000000000000
--------------------
--------------------
--------------------
--------------------

Generation = 2, Population = 98.
-2----------------2-
2-0000000000000000-2
-0----------------0-
2-0000000000000000-2
0-2222222222222222-0
11111111111111111111
00000000000000000000
--------------------
--------------------
--------------------

Generation = 3, Population = 84.
---11111111111111---
--1--------------1--
1-0--------------0-1
30-11111111111111-03
-13--------------31-
22----------------22
-111111111111111111-
00000000000000000000
--------------------
--------------------

*** Life<FredkinCell> 50x50 ***
Generation = 0, Population = 625.
--------------------------------------------------
0-0-0-0-0-0-0-0-0-0-0-0-0-0-0-0-0-0-0-0-0-0-0-0-0-
--------------------------------------------------
0-0-0-0-0-0-0-0-0-0-0-0-0-0-0-0-0-0-0-0-0-0-0-0-0-
--------------------------------------------------
0-0-0-0-0-0-0-0-0-0-0-0-0-0-0-0-0-0-0-0-0-0-0-0-0-
--------------------------------------------------
0-0-0-0-0-0-0-0-0-0-0-0-0-0-0-0-0-0-0-0-0-0-0-0-0-
--------------------------------------------------
0-0-0-0-0-0-0-0-0-0-0-0-0-0-0-0-0-0-0-0-0-0-0-0-0-
--------------------------------------------------
0-0-0-0-0-0-0-0-0-0-0-0-0-0-0-0-0-0-0-0-0-0-0-0-0-
--------------------------------------------------
0-0-0-0-0-0-0-0-0-0-0-0-0-0-0-0-0-0-0-0-0-0-0-0-0-
--------------------------------------------------
0-0-0-0-0-0-0-0-0-0-0-0-0-0-0-0-0-0-0-0-0-0-0-0-0-
--------------------------------------------------
0-0-0-0-0-0-0-0-0-0-0-0-0-0-0-0-0-0-0-0-0-0-0-0-0-
--------------------------------------------------
0-0-0-0-0-0-0-0-0-0-0-0-0-0-0-0-0-0-0-0-0-0-0-0-0-
--------------------------------------------------
0-0-0-0-0-0-0-0-0-0-0-0-0-0-0-0-0-0-0-0-0-0-0-0-0-
--------------------------------------------------
0-0-0-0-0-0-0-0-0-0-0-0-0-0-0-0-0-0-0-0-0-0-0-0-0-
--------------------------------------------------
0-0-0-0-0-0-0-0-0-0-0-0-0-0-0-0-0-0-0-0-0-0-0-0-0-
--------------------------------------------------
0-0-0-0-0-0-0-0-0-0-0-0-0-0-0-0-0-0-0-0-0-0-0-0-0-
--------------------------------------------------
0-0-0-0-0-0-0-0-0-0-0-0-0-0-0-0-0-0-0-0-0-0-0-0-0-
--------------------------------------------------
0-0-0-0-0-0-0-0-0-0-0-0-0-0-0-0-0-0-0-0-0-0-0-0-0-
--------------------------------------------------
0-0-0-0-0-0-0-0-0-0-0-0-0-0-0-0-0-0-0-0-0-0-0-0-0-
--------------------------------------------------
0-0-0-0-0-0-0-0-0-0-0-0-0-0-0-0-0-0-0-0-0-0-0-0-0-
--------------------------------------------------
0-0-0-0-0-0-0-0-0-0-0-0-0-0-0-0-0-0-0-0-0-0-0-0-0-
--------------------------------------------------
0-0-0-0-0-0-0-0-0-0-0-0-0-0-0-0-0-0-0-0-0-0-0-0-0-
--------------------------------------------------
0-0-0-0-0-0-0-0-0-0-0-0-0-0-0-0-0-0-0-0-0-0-0-0-0-
--------------------------------------------------
0-0-0-0-0-0-0-0-0-0-0-0-0-0-0-0-0-0-0-0-0-0-0-0-0-
--------------------------------------------------
0-0-0-0-0-0-0-0-0-0-0-0-0-0-0-0-0-0-0-0-0-0-0-0-0-
--------------------------------------------------
0-0-0-0-0-0-0-0-0-0-0-0-0-0-0-0-0-0-0-0-0-0-0-0-0-
--------------------------------------------------
0-0-0-0-0-0-0-0-0-0-0-0-0-0-0-0-0-0-0-0-0-0-0-0-0-

Generation = 1, Population = 50.
0-0-0-0-0-0-0-0-0-0-0-0-0-0-0-0-0-0-0-0-0-0-0-0-0-
-------------------------------------------------0
--------------------------------------------------
-------------------------------------------------0
--------------------------------------------------
-------------------------------------------------0
--------------------------------------------------
-------------------------------------------------0
--------------------------------------------------
-------------------------------------------------0
--------------------------------------------------
-------------------------------------------------0
--------------------------------------------------
-------------------------------------------------0
--------------------------------------------------
-------------------------------------------------0
--------------------------------------------------
-------------------------------------------------0
--------------------------------------------------
-------------------------------------------------0
--------------------------------------------------
-------------------------------------------------0
--------------------------------------------------
-------------------------------------------------0
--------------------------------------------------
-------------------------------------------------0
--------------------------------------------------
-------------------------------------------------0
--------------------------------------------------
-------------------------------------------------0
--------------------------------------------------
-------------------------------------------------0
--------------------------------------------------
-------------------------------------------------0
--------------------------------------------------
-------------------------------------------------0
--------------------------------------------------
-------------------------------------------------0
--------------------------------------------------
-------------------------------------------------0
--------------------------------------------------
-------------------------------------------------0
--------------------------------------------------
-------------------------------------------------0
--------------------------------------------------
-------------------------------------------------0
--------------------------------------------------
-------------------------------------------------0
--------------------------------------------------
-------------------------------------------------0

Generation = 2, Population = 48.
--------------------------------------------------
0-0-0-0-0-0-0-0-0-0-0-0-0-0-0-0-0-0-0-0-0-0-0-0---
--------------------------------------------------
------------------------------------------------0-
--------------------------------------------------
------------------------------------------------0-
--------------------------------------------------
------------------------------------------------0-
--------------------------------------------------
------------------------------------------------0-
--------------------------------------------------
------------------------------------------------0-
--------------------------------------------------
------------------------------------------------0-
--------------------------------------------------
------------------------------------------------0-
--------------------------------------------------
------------------------------------------------0-
--------------------------------------------------
------------------------------------------------0-
--------------------------------------------------
------------------------------------------------0-
--------------------------------------------------
------------------------------------------------0-
--------------------------------------------------
------------------------------------------------0-
--------------------------------------------------
------------------------------------------------0-
--------------------------------------------------
------------------------------------------------0-
--------------------------------------------------
------------------------------------------------0-
--------------------------------------------------
------------------------------------------------0-
--------------------------------------------------
------------------------------------------------0-
--------------------------------------------------
------------------------------------------------0-
--------------------------------------------------
------------------------------------------------0-
--------------------------------------------------
------------------------------------------------0-
--------------------------------------------------
------------------------------------------------0-
--------------------------------------------------
------------------------------------------------0-
--------------------------------------------------
------------------------------------------------0-
--------------------------------------------------
------------------------------------------------0-

Generation = 3, Population = 98.
0-0-0-0-0-0-0-0-0-0-0-0-0-0-0-0-0-0-0-0-0-0-0-0---
-----------------------------------------------0--
0-0-0-0-0-0-0-0-0-0-0-0-0-0-0-0-0-0-0-0-0-0-0-0-0-
-----------------------------------------------0-0
--------------------------------------------------
-----------------------------------------------0-0
--------------------------------------------------
-----------------------------------------------0-0
--------------------------------------------------
-----------------------------------------------0-0
--------------------------------------------------
-----------------------------------------------0-0
--------------------------------------------------
-----------------------------------------------0-0
--------------------------------------------------
-----------------------------------------------0-0
--------------------------------------------------
-----------------------------------------------0-0
--------------------------------------------------
-----------------------------------------------0-0
--------------------------------------------------
-----------------------------------------------0-0
--------------------------------------------------
-----------------------------------------------0-0
--------------------------------------------------
-----------------------------------------------0-0
--------------------------------------------------
-----------------------------------------------0-0
--------------------------------------------------
-----------------------------------------------0-0
--------------------------------------------------
-----------------------------------------------0-0
--------------------------------------------------
-----------------------------------------------0-0
--------------------------------------------------
-----------------------------------------------0-0
--------------------------------------------------
-----------------------------------------------0-0
--------------------------------------------------
-----------------------------------------------0-0
--------------------------------------------------
-----------------------------------------------0-0
--------------------------------------------------
-----------------------------------------------0-0
--------------------------------------------------
-----------------------------------------------0-0
--------------------------------------------------
-----------------------------------------------0-0
--------------------------------------------------
-----------------------------------------------0-0

*** Life<FredkinCell> 10x10 ***
Generation = 0, Population = 37.
-0-0-0--00
----------
0-0--0--00
--0-0-00--
---0-0-0--
-0-0-0-000
-0-0-0---0
-0-0----0-
-----000--
0000------

Generation = 1, Population = 49.
0-----0011
0000------
--10----11
0010--1--0
-0-1010--0
01--------
0----10001
01-10-0---
0-0-01-1--
1--10000--

Generation = 2, Population = 56.
1-00-01--2
--1-0-00--
-0210-002-
1121--20--
0-0----001
--000--00-
-0-0-21--2
1202--1000
-0--1--20-
20-211--0-

Generation = 3, Population = 49.
---101--1-
0---101--0
---2--1-31
-2---0-100
10-10--112
0--11----0
-1--03-003
2------11-
0--02---1-
3--3220-10

*** Life<FredkinCell> 3x3 ***
Generation = 0, Population = 6.
000
---
000

Generation = 1, Population = 4.
1-1
---
1-1

Generation = 2, Population = 0.
---
---
---

Generation = 3, Population = 0.
---
---
---

*** Life<FredkinCell> 10x10 ***
Generation = 0, Population = 8.
----------
----------
-----0----
0---------
--------0-
---0------
-0--------
-------0--
-----0----
0---------

Generation = 1, Population = 29.
----------
-----0----
0---0-0---
-0---0--0-
0--0---0-0
-00-0---0-
0-00---0--
-0---00-0-
0---0-00--
-0---0----

Generation = 2, Population = 27.
-----0----
0---------
---0---00-
0-00------
-0---00---
01---0-0--
---1-0--0-
0--0-1---0
-0-0---1--
--0----0--

Generation = 3, Population = 50.
0---0-0---
-0-0-0-00-
---10-0110
-01-00000-
01-00-1---
1-000-0---
-002--0---
--0--200--
--01000200
------010-

*** Life<FredkinCell> 26x20 ***
Generation = 0, Population = 18.
0-------------------
0-------------------
--------------------
0-------------------
0-------------------
--------------------
0-------------------
0-------------------
--------------------
0-------------------
0-------------------
--------------------
0-------------------
0-------------------
--------------------
0-------------------
0-------------------
--------------------
0-------------------
0-------------------
--------------------
0-------------------
0-------------------
--------------------
0-------------------
0-------------------

Generation = 1, Population = 36.
10------------------
10------------------
--------------------
10------------------
10------------------
--------------------
10------------------
10------------------
--------------------
10------------------
10------------------
--------------------
10------------------
10------------------
--------------------
10------------------
10------------------
--------------------
10------------------
10------------------
--------------------
10------------------
10------------------
--------------------
10------------------
10------------------

Generation = 2, Population = 18.
--0-----------------
--0-----------------
--------------------
--0-----------------
--0-----------------
--------------------
--0-----------------
--0-----------------
--------------------
--0-----------------
--0-----------------
--------------------
--0-----------------
--0-----------------
--------------------
--0-----------------
--0-----------------
--------------------
--0-----------------
--0-----------------
--------------------
--0-----------------
--0-----------------
--------------------
--0-----------------
--0-----------------

Generation = 3, Population = 54.
-010----------------
-010----------------
--------------------
-010----------------
-010----------------
--------------------
-010----------------
-010----------------
--------------------
-010----------------
-010----------------
--------------------
-010----------------
-010----------------
--------------------
-010----------------
-010----------------
--------------------
-010----------------
-010----------------
--------------------
-010----------------
-010----------------
--------------------
-010----------------
-010----------------

*** Life<FredkinCell> 35x5 ***
Generation = 0, Population = 48.
-----
-----
0-0-0
-----
0-0-0
-----
0-0-0
-----
0-0-0
-----
0-0-0
-----
0-0-0
-----
0-0-0
-----
0-0-0
-----
0-0-0
-----
0-0-0
-----
0-0-0
-----
0-0-0
-----
0-0-0
-----
0-0-0
-----
0-0-0
-----
0-0-0
-----
-----

Generation = 1, Population = 6.
-----
0-0-0
-----
-----
-----
-----
-----
-----
-----
-----
-----
-----
-----
-----
-----
-----
-----
-----
-----
-----
-----
-----
-----
-----
-----
-----
-----
-----
-----
-----
-----
-----
-----
0-0-0
-----

Generation = 2, Population = 12.
0-0-0
-----
0-0-0
-----
-----
-----
-----
-----
-----
-----
-----
-----
-----
-----
-----
-----
-----
-----
-----
-----
-----
-----
-----
-----
-----
-----
-----
-----
-----
-----
-----
-----
0-0-0
-----
0-0-0

Generation = 3, Population = 6.
-----
-----
-----
0-0-0
-----
-----
-----
-----
-----
-----
-----
-----
-----
-----
-----
-----
-----
-----
-----
-----
-----
-----
-----
-----
-----
-----
-----
-----
-----
-----
-----
0-0-0
-----
-----
-----

*** Life<Cell> 20x20 ***
Generation = 0, Population = 100.
*-.*..-*.-.-*.-*.-..
*-.*..-*.-.-*.-*.-..
*-.*..-*.-.-*.-*.-..
*-.*..-*.-.-*.-*.-..
*-.*..-*.-.-*.-*.-..
*-.*..-*.-.-*.-*.-..
*-.*..-*.-.-*.-*.-..
*-.*..-*.-.-*.-*.-..
*-.*..-*.-.-*.-*.-..
*-.*..-*.-.-*.-*.-..
*-.*..-*.-.-*.-*.-..
*-.*..-*.-.-*.-*.-..
*-.*..-*.-.-*.-*.-..
*-.*..-*.-.-*.-*.-..
*-.*..-*.-.-*.-*.-..
*-.*..-*.-.-*.-*.-..
*-.*..-*.-.-*.-*.-..
*-.*..-*.-.-*.-*.-..
*-.*..-*.-.-*.-*.-..
*-.*..-*.-.-*.-*.-..

Generation = 1, Population = 260.
.0....0..-.0..0..-..
*0***.0**-.0**0**-..
*0***.0**-.0**0**-..
*0***.0**-.0**0**-..
*0***.0**-.0**0**-..
*0***.0**-.0**0**-..
*0***.0**-.0**0**-..
*0***.0**-.0**0**-..
*0***.0**-.0**0**-..
*0***.0**-.0**0**-..
*0***.0**-.0**0**-..
*0***.0**-.0**0**-..
*0***.0**-.0**0**-..
*0***.0**-.0**0**-..
*0***.0**-.0**0**-..
*0***.0**-.0**0**-..
*0***.0**-.0**0**-..
*0***.0**-.0**0**-..
*0***.0**-.0**0**-..
.0....0..-.0..0..-..

Generation = 2, Population = 110.
*1.*.*1..-.1..1..-..
.-..*.1.*0*1..-.*0..
.-....1..0*1..-..0..
.-....1..0*1..-..0..
.-....1..0*1..-..0..
.-....1..0*1..-..0..
.-....1..0*1..-..0..
.-....1..0*1..-..0..
.-....1..0*1..-..0..
.-....1..0*1..-..0..
.-....1..0*1..-..0..
.-....1..0*1..-..0..
.-....1..0*1..-..0..
.-....1..0*1..-..0..
.-....1..0*1..-..0..
.-....1..0*1..-..0..
.-....1..0*1..-..0..
.-....1..0*1..-..0..
.-..*.1.*0*1..-.*0..
*1.*.*1..-.1..1..-..

Generation = 3, Population = 150.
.*..**-*.0.*..-..0..
.0..*.-.*1.**.0.*-..
.-....-..1.**.-..-*.
.-...*-**1.**.-.*-*.
.-...*-**1.**.-.*-*.
.-...*-**1.**.-.*-*.
.-...*-**1.**.-.*-*.
.-...*-**1.**.-.*-*.
.-...*-**1.**.-.*-*.
.-...*-**1.**.-.*-*.
.-...*-**1.**.-.*-*.
.-...*-**1.**.-.*-*.
.-...*-**1.**.-.*-*.
.-...*-**1.**.-.*-*.
.-...*-**1.**.-.*-*.
.-...*-**1.**.-.*-*.
.-...*-**1.**.-.*-*.
.-....-..1.**.-..-*.
.0..*.-.*1.**.0.*-..
.*..**-*.0.*..-..0..

*** Life<Cell> 10x13 ***
Generation = 0, Population = 35.
.-*-.-*-.-*-.
*-.-*-.-*-.*-
.-*-.-*-.-*-.
*-.-*-.-*-.*-
.-*-.-*-.-*-.
*-.-*-.-*-.*-
.-*-.-*-.-*-.
*-.-*-.-*-.*-
.-*-.-*-.-*-.
*-.-*-.-*-.*-

Generation = 1, Population = 71.
.0.0.0.0.0.-.
.0.0.0.0.0**0
.0.0.0.0.0*0.
.0.0.0.0.0**0
.0.0.0.0.0*0.
.0.0.0.0.0**0
.0.0.0.0.0*0.
.0.0.0.0.0**0
.0.0.0.0.0*0.
.0.0.0.0.0..0

Generation = 2, Population = 35.
.1.1.1.1.1.0.
*-.-.-.-.1..1
*-.-.-.-.1.1.
*-.-.-.-.1..1
*-.-.-.-.1.1.
*-.-.-.-.1..1
*-.-.-.-.1.1.
*-.-.-.-.1..1
*-.-.-.-.1.-.
.1.1.1.1.1.*-

Generation = 3, Population = 40.
.-.-.-.-***-.
*-.0.0.0.-.*-
*0.-.-.-*-.-*
*0.-.-.-*-.*-
*0.-.-.-*-.-*
*0.-.-.-*-.*-
*0.-.-.-*-.-*
*0.-.-.-*-..-
*-.0.0.0.-.0.
.-.-.-.-***.0

*** Life<Cell> 50x5 ***
Generation = 0, Population = 80.
-----
.....
*****
-----
.....
*****
-----
.....
*****
-----
.....
*****
-----
.....
*****
-----
.....
*****
-----
.....
*****
-----
.....
*****
-----
.....
*****
-----
.....
*****
-----
.....
*****
-----
.....
*****
-----
.....
*****
-----
.....
*****
-----
.....
*****
-----
.....
*****
-----
.....

Generation = 1, Population = 176.
-----
.***.
.***.
00000
.***.
.***.
00000
.***.
.***.
00000
.***.
.***.
00000
.***.
.***.
00000
.***.
.***.
00000
.***.
.***.
00000
.***.
.***.
00000
.***.
.***.
00000
.***.
.***.
00000
.***.
.***.
00000
.***.
.***.
00000
.***.
.***.
00000
.***.
.***.
00000
.***.
.***.
00000
.***.
.***.
00000
.....

Generation = 2, Population = 43.
-000-
.*.*.
.....
1---1
.....
.....
1---1
.....
.....
1---1
.....
.....
1---1
.....
.....
1---1
.....
.....
1---1
.....
.....
1---1
.....
.....
1---1
.....
.....
1---1
.....
.....
1---1
.....
.....
1---1
.....
.....
1---1
.....
.....
1---1
.....
.....
1---1
.....
.....
1---1
.....
.....
11111
.***.

Generation = 3, Population = 44.
0---0
.*.*.
.....
-0-0-
.....
.....
-0-0-
.....
.....
-0-0-
.....
.....
-0-0-
.....
.....
-0-0-
.....
.....
-0-0-
.....
.....
-0-0-
.....
.....
-0-0-
.....
.....
-0-0-
.....
.....
-0-0-
.....
.....
-0-0-
.....
.....
-0-0-
.....
.....
-0-0-
.....
.....
-0-0-
.....
.....
-0-0-
.....
.***.
*****
*...*

*** Life<Cell> 30x10 ***
Generation = 0, Population = 100.
**********
**********
**********
**********
**********
----------
----------
----------
----------
----------
..........
..........
..........
..........
..........
**********
**********
**********
**********
**********
----------
----------
----------
----------
----------
..........
..........
..........
..........
..........

Generation = 1, Population = 36.
*........*
..........
..........
..........
*........*
0000000000
----------
----------
----------
----------
..........
..........
..........
..........
.********.
*........*
..........
..........
..........
*........*
0000000000
----------
----------
----------
----------
..........
..........
..........
..........
..........

Generation = 2, Population = 58.
..........
..........
..........
..........
*.******.*
----------
0000000000
----------
----------
----------
..........
..........
..........
..******..
.********.
.********.
..........
..........
..........
*.******.*
----------
0000000000
----------
----------
----------
..........
..........
..........
..........
..........

Generation = 3, Population = 58.
..........
..........
..........
...****...
...****...
-0------0-
1--------1
0000000000
----------
----------
..........
..........
...****...
.*......*.
..........
.*......*.
..******..
..........
...****...
...****...
-0------0-
1--------1
0000000000
----------
----------
..........
..........
..........
..........
..........

*** Life<Cell> 45x2 ***
Generation = 0, Population = 45.
*.
.*
*.
.*
*.
.*
*.
.*
*.
.*
*.
.*
*.
.*
*.
.*
*.
.*
*.
.*
*.
.*
*.
.*
*.
.*
*.
.*
*.
.*
*.
.*
*.
.*
*.
.*
*.
.*
*.
.*
*.
.*
*.
.*
*.

Generation = 1, Population = 86.
..
**
**
**
**
**
**
**
**
**
**
**
**
**
**
**
**
**
**
**
**
**
**
**
**
**
**
**
**
**
**
**
**
**
**
**
**
**
**
**
**
**
**
**
..

Generation = 2, Population = 4.
..
**
..
..
..
..
..
..
..
..
..
..
..
..
..
..
..
..
..
..
..
..
..
..
..
..
..
..
..
..
..
..
..
..
..
..
..
..
..
..
..
..
..
**
..

Generation = 3, Population = 0.
..
..
..
..
..
..
..
..
..
..
..
..
..
..
..
..
..
..
..
..
..
..
..
..
..
..
..
..
..
..
..
..
..
..
..
..
..
..
..
..
..
..
..
..
..

*** Life<Cell> 15x9 ***
Generation = 0, Population = 54.
*********
*********
*********
----.----
---...---
--.....--
-.......-
.........
-.......-
--.....--
---...---
----.----
*********
*********
*********

Generation = 1, Population = 26.
*.......*
.........
*.......*
0000*0000
---...---
--.....--
-.......-
.........
-.......-
--.....--
---...---
0000*0000
*.......*
.........
*.......*

Generation = 2, Population = 34.
.........
.........
*.*****.*
----*----
000***000
--.....--
-.......-
.........
-.......-
--.....--
000***000
----*----
*.*****.*
.........
.........

Generation = 3, Population = 48.
.........
...***...
...***...
-0-0.0-0-
1--***--1
00*****00
-.......-
.........
-.......-
00*****00
1--***--1
-0-0.0-0-
...***...
...***...
.........

*** Life<Cell> 28x16 ***
Generation = 0, Population = 192.
.*-.*.-*.-.*-.*.
**..-*.-.*.-.*-.
000*.*-.*-.*-000
000*-*-*-*-...*-
.*-.*.-*.-.*-.*.
**..-*.-.*.-.*-.
000*.*-.*-.*-000
000*-*-*-*-...*-
.*-.*.-*.-.*-.*.
**..-*.-.*.-.*-.
000*.*-.*-.*-000
000*-*-*-*-...*-
..*-.*.-.*-.*.-.
000**-*-.*.-.*.-
.*-.*.-*.-.*-.*.
**..-*.-.*.-.*-.
000*.*-.*-.*-000
000*-*-*-*-...*-
.*-.*.-*.-.*-.*.
**..-*.-.*.-.*-.
000*.*-.*-.*-000
000*-*-*-*-...*-
.*-.*.-*.-.*-.*.
**..-*.-.*.-.*-.
000*.*-.*-.*-000
000*-*-*-*-...*-
..*-.*.-.*-.*.-.
000**-*-.*.-.*.-

Generation = 1, Population = 231.
**0...0..0..0...
...*-**0*.*-.*0*
1-1*.*0.*0*.--11
--1.0*-*0.0.*..-
..-***0..-*.0**.
...*-**0*.*-.*0*
1-1*.*0.*0*.--11
--1.0*-*0.0.*..-
..-***0..-*.0**.
...*-**0*.*-.*0*
1-1*.*0.*0*.--11
-1-.-*-.0*0.*.*-
...0.*.0.*0..*0.
111.*0*-*.*0**.-
..-.*.-.*-*.0**.
...*-**0*.*-.*0*
1-1*.*0.*0*.--11
--1.0*-*0.0.*..-
..-***0..-*.0**.
...*-**0*.*-.*0*
1-1*.*0.*0*.--11
--1.0*-*0.0.*..-
..-***0..-*.0**.
...*-**0*.*-.*0*
1-1*.*0.*0*.--11
-1-.-*-.0*0.*.*-
...0.*.0.*0..*0.
1-1**0.0...-...-

Generation = 2, Population = 123.
.*1..*1.*-..-**.
*..*-..-..*0.*1*
---...-..-*.0---
00*.-.-.-.-.*..0
..-...-..0*.-..*
....0..-*.*0*.-.
---...-..-*.0---
00*.-.-.-.-.*..0
..-...-..0*.-..*
....0..-*.*0*.-.
-0**..-..1..0-*-
---*0*-.-.1....-
*..-...-..1...-.
*-*..1*0*..-...-
.*0...-.*-*.-..*
..**0..-..*0*.-.
---...-..-*.0---
00*.-.-.-.-.*..0
..-...-..0*.-..*
....0..-*.*0*.-.
---...-..-*.0---
00*.-.-.-.-.*..0
..-...-..0*.-..*
....0..-*.*0*.-.
-0**..-..1..0-*-
---*0*-.-.1....-
.*.1.*.1..-*.*-.
--**.-.1*..-...-

Generation = 3, Population = 147.
.**...*..0..0*.*
.**.0..-.**1..**
-01...-..0*.1-1-
1-..-.-.-*-....1
.*0...-..1*.-...
....-..0...-*.-.
101...-..0*.-0-1
1-..-.-.-*-....1
.*0...-..1*.-...
..**-..0*..-**0.
11*..*-..-..1-.1
01-*-.0.-***...-
.*.0...0.**...-.
*1*..**-*..-...0
..1.**0.*-*.0...
.***1..-..*-*.-.
10-...-..0*.-0-1
1-..-.-.-*-....1
.*0...-..1*.-...
....-..0...-*.-.
101...-..0*.-0-1
1-..-.-.-*-....1
.*0...-..1*.-...
..**-..0*..-**0.
11*..*-..-..1-.1
---.-*0.-.-***.-
...-.*.**.-...0.
--***0*-*..0...-

