*** Life<ConwayCell> Own Test: 0 ***

Generation = 0, Population = 140.
*.*.*.*.*.*.*.*.*.*.
.*.*.*.*.*.*.*.*.*.*
....................
*.*.*.*.*.*.*.*.*.*.
.*.*.*.*.*.*.*.*.*.*
....................
*.*.*.*.*.*.*.*.*.*.
.*.*.*.*.*.*.*.*.*.*
....................
*.*.*.*.*.*.*.*.*.*.
.*.*.*.*.*.*.*.*.*.*
....................
*.*.*.*.*.*.*.*.*.*.
.*.*.*.*.*.*.*.*.*.*
....................
*.*.*.*.*.*.*.*.*.*.
.*.*.*.*.*.*.*.*.*.*
....................
*.*.*.*.*.*.*.*.*.*.
.*.*.*.*.*.*.*.*.*.*

Generation = 1, Population = 360.
.******************.
.******************.
.******************.
.******************.
.******************.
.******************.
.******************.
.******************.
.******************.
.******************.
.******************.
.******************.
.******************.
.******************.
.******************.
.******************.
.******************.
.******************.
.******************.
.******************.

Generation = 2, Population = 40.
.*................*.
*..................*
*..................*
*..................*
*..................*
*..................*
*..................*
*..................*
*..................*
*..................*
*..................*
*..................*
*..................*
*..................*
*..................*
*..................*
*..................*
*..................*
*..................*
.*................*.

Generation = 3, Population = 72.
....................
**................**
**................**
**................**
**................**
**................**
**................**
**................**
**................**
**................**
**................**
**................**
**................**
**................**
**................**
**................**
**................**
**................**
**................**
....................

Generation = 4, Population = 40.
....................
**................**
..*..............*..
..*..............*..
..*..............*..
..*..............*..
..*..............*..
..*..............*..
..*..............*..
..*..............*..
..*..............*..
..*..............*..
..*..............*..
..*..............*..
..*..............*..
..*..............*..
..*..............*..
..*..............*..
**................**
....................

Generation = 5, Population = 92.
....................
.*................*.
..*..............*..
.***............***.
.***............***.
.***............***.
.***............***.
.***............***.
.***............***.
.***............***.
.***............***.
.***............***.
.***............***.
.***............***.
.***............***.
.***............***.
.***............***.
..*..............*..
.*................*.
....................

*** Life<ConwayCell> Own Test: 1 ***

Generation = 0, Population = 20.
********************
....................
....................
....................
....................
....................
....................
....................
....................
....................
....................
....................
....................
....................
....................
....................
....................
....................
....................
....................

Generation = 1, Population = 36.
.******************.
.******************.
....................
....................
....................
....................
....................
....................
....................
....................
....................
....................
....................
....................
....................
....................
....................
....................
....................
....................

Generation = 2, Population = 20.
.*................*.
.*................*.
..****************..
....................
....................
....................
....................
....................
....................
....................
....................
....................
....................
....................
....................
....................
....................
....................
....................
....................

Generation = 3, Population = 46.
....................
.*.**************.*.
..****************..
...**************...
....................
....................
....................
....................
....................
....................
....................
....................
....................
....................
....................
....................
....................
....................
....................
....................

Generation = 4, Population = 26.
....************....
....................
....................
..*..............*..
....************....
....................
....................
....................
....................
....................
....................
....................
....................
....................
....................
....................
....................
....................
....................
....................

Generation = 5, Population = 50.
.....**********.....
.....**********.....
....................
.....**********.....
.....**********.....
.....**********.....
....................
....................
....................
....................
....................
....................
....................
....................
....................
....................
....................
....................
....................
....................

*** Life<ConwayCell> Own Test: 2 ***

Generation = 0, Population = 30.
*.*
.*.
*.*
.*.
*.*
.*.
*.*
.*.
*.*
.*.
*.*
.*.
*.*
.*.
*.*
.*.
*.*
.*.
*.*
.*.

Generation = 1, Population = 38.
.*.
*.*
*.*
*.*
*.*
*.*
*.*
*.*
*.*
*.*
*.*
*.*
*.*
*.*
*.*
*.*
*.*
*.*
*.*
.*.

Generation = 2, Population = 38.
.*.
*.*
*.*
*.*
*.*
*.*
*.*
*.*
*.*
*.*
*.*
*.*
*.*
*.*
*.*
*.*
*.*
*.*
*.*
.*.

Generation = 3, Population = 38.
.*.
*.*
*.*
*.*
*.*
*.*
*.*
*.*
*.*
*.*
*.*
*.*
*.*
*.*
*.*
*.*
*.*
*.*
*.*
.*.

Generation = 4, Population = 38.
.*.
*.*
*.*
*.*
*.*
*.*
*.*
*.*
*.*
*.*
*.*
*.*
*.*
*.*
*.*
*.*
*.*
*.*
*.*
.*.

Generation = 5, Population = 38.
.*.
*.*
*.*
*.*
*.*
*.*
*.*
*.*
*.*
*.*
*.*
*.*
*.*
*.*
*.*
*.*
*.*
*.*
*.*
.*.

*** Life<ConwayCell> Own Test: 3 ***

Generation = 0, Population = 56.
*.*.*.*.*.*.*.*.*.*.
.*.*.*.*.*.*.*.*.*.*
*.................*.
.*.................*
*.................*.
.*.................*
*.................*.
.*.................*
*.................*.
.*.................*
*.................*.
.*.................*
*.................*.
.*.................*
*.................*.
.*.................*
*.................*.
.*.................*
*.................*.
.*.................*

Generation = 1, Population = 106.
.******************.
******************.*
***...............**
**................**
**................**
**................**
**................**
**................**
**................**
**................**
**................**
**................**
**................**
**................**
**................**
**................**
**................**
**................**
**................**
....................

Generation = 2, Population = 49.
*.................*.
...................*
....*************...
.................*..
..*..............*..
..*..............*..
..*..............*..
..*..............*..
..*..............*..
..*..............*..
..*..............*..
..*..............*..
..*..............*..
..*..............*..
..*..............*..
..*..............*..
..*..............*..
..*..............*..
**................**
....................

Generation = 3, Population = 114.
....................
.....***********....
.....************...
.....***********.*..
................***.
.***............***.
.***............***.
.***............***.
.***............***.
.***............***.
.***............***.
.***............***.
.***............***.
.***............***.
.***............***.
.***............***.
.***............***.
..*..............*..
.*................*.
....................

Generation = 4, Population = 70.
......*********.....
.....*..........*...
....*...............
.....*............*.
..*...*********.....
.*.*...........*...*
*...*..........*...*
*...*..........*...*
*...*..........*...*
*...*..........*...*
*...*..........*...*
*...*..........*...*
*...*..........*...*
*...*..........*...*
*...*..........*...*
*...*..........*...*
....................
...*............*...
....................
....................

Generation = 5, Population = 138.
......********......
.....*********......
....**..............
.....*********......
..*...*********.....
.***...*******.*....
**.**.........***.**
**.***........***.**
**.***........***.**
**.***........***.**
**.***........***.**
**.***........***.**
**.***........***.**
**.***........***.**
**.***........***.**
....................
....................
....................
....................
....................

*** Life<FredkinCell> Own Test: 0 ***

Generation = 0, Population = 140.
0-0-0-0-0-0-0-0-0-0-
-0-0-0-0-0-0-0-0-0-0
--------------------
0-0-0-0-0-0-0-0-0-0-
-0-0-0-0-0-0-0-0-0-0
--------------------
0-0-0-0-0-0-0-0-0-0-
-0-0-0-0-0-0-0-0-0-0
--------------------
0-0-0-0-0-0-0-0-0-0-
-0-0-0-0-0-0-0-0-0-0
--------------------
0-0-0-0-0-0-0-0-0-0-
-0-0-0-0-0-0-0-0-0-0
--------------------
0-0-0-0-0-0-0-0-0-0-
-0-0-0-0-0-0-0-0-0-0
--------------------
0-0-0-0-0-0-0-0-0-0-
-0-0-0-0-0-0-0-0-0-0

Generation = 1, Population = 246.
-0-0-0-0-0-0-0-0-0--
--0-0-0-0-0-0-0-0-0-
00000000000000000000
-0-0-0-0-0-0-0-0-0--
--0-0-0-0-0-0-0-0-0-
00000000000000000000
-0-0-0-0-0-0-0-0-0--
--0-0-0-0-0-0-0-0-0-
00000000000000000000
-0-0-0-0-0-0-0-0-0--
--0-0-0-0-0-0-0-0-0-
00000000000000000000
-0-0-0-0-0-0-0-0-0--
--0-0-0-0-0-0-0-0-0-
00000000000000000000
-0-0-0-0-0-0-0-0-0--
--0-0-0-0-0-0-0-0-0-
00000000000000000000
-0-0-0-0-0-0-0-0-0--
--0-0-0-0-0-0-0-0-0-

Generation = 2, Population = 270.
0-0-0-0-0-0-0-0-0---
001-1-1-1-1-1-1-1-1-
11111111111111111111
-1-1-1-1-1-1-1-1-100
001-1-1-1-1-1-1-1-1-
11111111111111111111
-1-1-1-1-1-1-1-1-100
001-1-1-1-1-1-1-1-1-
11111111111111111111
-1-1-1-1-1-1-1-1-100
001-1-1-1-1-1-1-1-1-
11111111111111111111
-1-1-1-1-1-1-1-1-100
001-1-1-1-1-1-1-1-1-
11111111111111111111
-1-1-1-1-1-1-1-1-100
001-1-1-1-1-1-1-1-1-
11111111111111111111
-1-1-1-1-1-1-1-1-100
---0-0-0-0-0-0-0-0-0

Generation = 3, Population = 224.
101-1-1-1-1-1-1-100-
1120-0-0-0-0-0-0-02-
--2222222222222222--
0--2-2-2-2-2-2-2----
----2-2-2-2-2-2-2--0
--2222222222222222--
0--2-2-2-2-2-2-2----
----2-2-2-2-2-2-2--0
--2222222222222222--
0--2-2-2-2-2-2-2----
----2-2-2-2-2-2-2--0
--2222222222222222--
0--2-2-2-2-2-2-2----
----2-2-2-2-2-2-2--0
--2222222222222222--
0--2-2-2-2-2-2-2----
----2-2-2-2-2-2-2--0
--2222222222222222--
-20-0-0-0-0-0-0-0211
-001-1-1-1-1-1-1-101

Generation = 4, Population = 230.
-1-0-0-0-0-0-0-021-0
-2---1-1-1-1-1-1-1-0
--------------------
-1-3-3-3-3-3-3-301-0
0-103-3-3-3-3-3-3-1-
11333333333333333311
-1-3-3-3-3-3-3-301-0
0-103-3-3-3-3-3-3-1-
11333333333333333311
-1-3-3-3-3-3-3-301-0
0-103-3-3-3-3-3-3-1-
11333333333333333311
-1-3-3-3-3-3-3-301-0
0-103-3-3-3-3-3-3-1-
11333333333333333311
-1-3-3-3-3-3-3-301-0
0-103-3-3-3-3-3-3-1-
--------------------
0-1-1-1-1-1-1-1---2-
0-120-0-0-0-0-0-0-1-

Generation = 5, Population = 200.
12---1-1-1-1-1-----1
132012-2-2-2-2-212-1
---2------------2---
--040-0-0-0-0-04120-
1-----4-4-4-4-4---20
-24-444444444444-42-
02---4-4-4-4-4-----1
1-----4-4-4-4-4---20
-24-444444444444-42-
02---4-4-4-4-4-----1
1-----4-4-4-4-4---20
-24-444444444444-42-
02---4-4-4-4-4-----1
1-----4-4-4-4-4---20
-24-444444444444-42-
02---4-4-4-4-4-----1
-02140-0-0-0-0-040--
---2------------2---
1-212-2-2-2-2-210231
1-----1-1-1-1-1---21

*** Life<FredkinCell> Own Test: 1 ***

Generation = 0, Population = 38.
0-0-0-0-0-0-0-0-0-0-
-------------------0
0-------------------
-------------------0
0-------------------
-------------------0
0-------------------
-------------------0
0-------------------
-------------------0
0-------------------
-------------------0
0-------------------
-------------------0
0-------------------
-------------------0
0-------------------
-------------------0
0-------------------
-0-0-0-0-0-0-0-0-0-0

Generation = 1, Population = 32.
--------------------
--0-0-0-0-0-0-0-0---
-0------------------
------------------0-
-0------------------
------------------0-
-0------------------
------------------0-
-0------------------
------------------0-
-0------------------
------------------0-
-0------------------
------------------0-
-0------------------
------------------0-
-0------------------
------------------0-
---0-0-0-0-0-0-0-0--
--------------------

Generation = 2, Population = 64.
--0-0-0-0-0-0-0-0---
-----------------0--
0---0-0-0-0-0-0-0-0-
-----------------0-0
0-0-----------------
-----------------0-0
0-0-----------------
-----------------0-0
0-0-----------------
-----------------0-0
0-0-----------------
-----------------0-0
0-0-----------------
-----------------0-0
0-0-----------------
-----------------0-0
0-0-----------------
-0-0-0-0-0-0-0-0---0
--0-----------------
---0-0-0-0-0-0-0-0--

Generation = 3, Population = 40.
-0------------------
0-0-------------0---
-0-0----------------
--0-0-0-0-0-0-0---0-
---0----------------
----------------0---
---0----------------
----------------0---
---0----------------
----------------0---
---0----------------
----------------0---
---0----------------
----------------0---
---0----------------
----------------0---
-0---0-0-0-0-0-0-0--
----------------0-0-
---0-------------0-0
------------------0-

Generation = 4, Population = 60.
----------------0---
---------------0-0--
------0-0-0-0-0-0-0-
---------------0-0-0
------0-0-0-0-0-0-0-
---------------0-0--
--0-0---------------
---------------0-0--
--0-0---------------
---------------0-0--
--0-0---------------
---------------0-0--
--0-0---------------
---------------0-0--
--0-0---------------
-0-0-0-0-0-0-0------
0-0-0---------------
-0-0-0-0-0-0-0------
--0-0---------------
---0----------------

Generation = 5, Population = 44.
--------------------
------0-0-0-0-------
-----0--------------
--------------0-----
-----0--------------
--0-0-0-0-0-0---0---
-0---0--------------
--------------0---0-
-0---0--------------
--------------0---0-
-0---0--------------
--------------0---0-
-0---0--------------
--------------0---0-
---0---0-0-0-0-0-0--
--------------0-----
-----0--------------
--------------0-----
-------0-0-0-0------
--------------------

*** Life<FredkinCell> Own Test: 2 ***

Generation = 0, Population = 38.
00--00--00--00--00--
-------------------0
-------------------0
0-------------------
0-------------------
-------------------0
-------------------0
0-------------------
0-------------------
-------------------0
-------------------0
0-------------------
0-------------------
-------------------0
-------------------0
0-------------------
0-------------------
-------------------0
-------------------0
00--00--00--00--00--

Generation = 1, Population = 112.
11001100110011001100
00--00--00--00--0001
0-----------------01
10-----------------0
10-----------------0
0-----------------01
0-----------------01
10-----------------0
10-----------------0
0-----------------01
0-----------------01
10-----------------0
10-----------------0
0-----------------01
0-----------------01
10-----------------0
10-----------------0
0-----------------01
00--00--00--00--0001
11001100110011001100

Generation = 2, Population = 72.
-2--22--22--22--221-
1----------------1-2
-0--00--00--00--0--2
2-0-----------------
2-0-----------------
-----------------0-2
-----------------0-2
2-0-----------------
2-0-----------------
-----------------0-2
-----------------0-2
2-0-----------------
2-0-----------------
-----------------0-2
-----------------0-2
2-0-----------------
2-0-----------------
-0--00--00--00--0--2
1----------------1-2
-2--22--22--22--221-

Generation = 3, Population = 160.
--00330033003300332-
-0--------------0203
0--0110011001100--03
301000--00--00--0--0
3-10-------------0-0
0-0-------------01-3
0-0-------------01-3
3-10-------------0-0
3-10-------------0-0
0-0-------------01-3
0-0-------------01-3
3-10-------------0-0
3-10-------------0-0
0-0-------------01-3
0-0-------------01-3
3-10-------------0-0
301000--00--00--0--0
0--0110011001100--03
-0--------------0203
--00330033003300332-

Generation = 4, Population = 76.
--1-------------44--
---------------0-3--
10--22--22--22-10--4
4-2-1---------------
-02--0--00--00--01--
---------------0-2--
---------------0-2--
--2-0---------------
--2-0---------------
---------------0-2--
---------------0-2--
--2-0---------------
--2-0---------------
---------------0-2--
---------------0-2--
-02--0--00--00--01--
4-2-1---------------
10--22--22--22-10--4
---------------0-3--
--1-------------44--

Generation = 5, Population = 172.
-2-0------------5-2-
100-00--00--0001-403
-1-0-300330033--1-0-
5-3-20---------0-0-0
-1-0--001100110-1-0-
-00--0--00--00010-0-
--0-0---------01-30-
-03-10---------0-0--
-03-10---------0-0--
--0-0---------01-30-
--0-0---------01-30-
-03-10---------0-0--
-03-10---------0-0--
--0-0---------01-30-
-00--0--00--00010-0-
-1-0--001100110-1-0-
5-3-20---------0-0-0
-1-0-300330033--1-0-
100-00--00--0001-403
-2-0------------5-2-

*** Life<FredkinCell> Own Test: 3 ***

Generation = 0, Population = 5.
0-0
-0-
0-0

Generation = 1, Population = 4.
-0-
0-0
-0-

Generation = 2, Population = 0.
---
---
---

Generation = 3, Population = 0.
---
---
---

Generation = 4, Population = 0.
---
---
---

Generation = 5, Population = 0.
---
---
---

*** Life<Cell> Own Test: 0 ***

Generation = 0, Population = 140.
0-0-0-0-0-0-0-0-0-0-
-0-0-0-0-0-0-0-0-0-0
--------------------
0-0-0-0-0-0-0-0-0-0-
-0-0-0-0-0-0-0-0-0-0
--------------------
0-0-0-0-0-0-0-0-0-0-
-0-0-0-0-0-0-0-0-0-0
--------------------
0-0-0-0-0-0-0-0-0-0-
-0-0-0-0-0-0-0-0-0-0
--------------------
0-0-0-0-0-0-0-0-0-0-
-0-0-0-0-0-0-0-0-0-0
--------------------
0-0-0-0-0-0-0-0-0-0-
-0-0-0-0-0-0-0-0-0-0
--------------------
0-0-0-0-0-0-0-0-0-0-
-0-0-0-0-0-0-0-0-0-0

Generation = 1, Population = 246.
-0-0-0-0-0-0-0-0-0--
--0-0-0-0-0-0-0-0-0-
00000000000000000000
-0-0-0-0-0-0-0-0-0--
--0-0-0-0-0-0-0-0-0-
00000000000000000000
-0-0-0-0-0-0-0-0-0--
--0-0-0-0-0-0-0-0-0-
00000000000000000000
-0-0-0-0-0-0-0-0-0--
--0-0-0-0-0-0-0-0-0-
00000000000000000000
-0-0-0-0-0-0-0-0-0--
--0-0-0-0-0-0-0-0-0-
00000000000000000000
-0-0-0-0-0-0-0-0-0--
--0-0-0-0-0-0-0-0-0-
00000000000000000000
-0-0-0-0-0-0-0-0-0--
--0-0-0-0-0-0-0-0-0-

Generation = 2, Population = 270.
0-0-0-0-0-0-0-0-0---
001-1-1-1-1-1-1-1-1-
11111111111111111111
-1-1-1-1-1-1-1-1-100
001-1-1-1-1-1-1-1-1-
11111111111111111111
-1-1-1-1-1-1-1-1-100
001-1-1-1-1-1-1-1-1-
11111111111111111111
-1-1-1-1-1-1-1-1-100
001-1-1-1-1-1-1-1-1-
11111111111111111111
-1-1-1-1-1-1-1-1-100
001-1-1-1-1-1-1-1-1-
11111111111111111111
-1-1-1-1-1-1-1-1-100
001-1-1-1-1-1-1-1-1-
11111111111111111111
-1-1-1-1-1-1-1-1-100
---0-0-0-0-0-0-0-0-0

Generation = 3, Population = 224.
101-1-1-1-1-1-1-100-
11*0-0-0-0-0-0-0-0*-
--****************--
0--*-*-*-*-*-*-*----
----*-*-*-*-*-*-*--0
--****************--
0--*-*-*-*-*-*-*----
----*-*-*-*-*-*-*--0
--****************--
0--*-*-*-*-*-*-*----
----*-*-*-*-*-*-*--0
--****************--
0--*-*-*-*-*-*-*----
----*-*-*-*-*-*-*--0
--****************--
0--*-*-*-*-*-*-*----
----*-*-*-*-*-*-*--0
--****************--
-*0-0-0-0-0-0-0-0*11
-001-1-1-1-1-1-1-101

Generation = 4, Population = 106.
-1-0-0-0-0-0-0-0*1-0
-*.--1-1-1-1-1-1-1.0
--...............*--
-1-.-.-.-.-.-.-.01-0
0-10.-.-.-.-.-.-.-1-
11*..............*11
-1-.-.-.-.-.-.-.01-0
0-10.-.-.-.-.-.-.-1-
11*..............*11
-1-.-.-.-.-.-.-.01-0
0-10.-.-.-.-.-.-.-1-
11*..............*11
-1-.-.-.-.-.-.-.01-0
0-10.-.-.-.-.-.-.-1-
11*..............*11
-1-.-.-.-.-.-.-.01-0
0-10.-.-.-.-.-.-.-1-
--*...............--
0.1-1-1-1-1-1-1--.*-
0-1*0-0-0-0-0-0-0-1-

Generation = 5, Population = 112.
1*---1-1-1-1-1--.--1
1.*01*-*-*-*-*-*1-.1
--...............*1-
---.-.-.-.-.-.-.1-0-
1--1.-.-.-.-.-.-*0*0
-*.*............*.*-
0*0*-.-.-.-.-.-.1--1
1--1.-.-.-.-.-.-*0*0
-*.*............*.*-
0*0*-.-.-.-.-.-.1--1
1--1.-.-.-.-.-.-*0*0
-*.*............*.*-
0*0*-.-.-.-.-.-.1--1
1--1.-.-.-.-.-.-*0*0
-*.*............*.*-
0*0*-.-.-.-.-.-.1--1
-0-1.-.-.-.-.-.-.---
-1*...............--
1.-1*-*-*-*-*-*10*.1
1--.--1-1-1-1-1---*1

*** Life<Cell> Own Test: 1 ***

Generation = 0, Population = 38.
0-0-0-0-0-0-0-0-0-0-
-------------------0
0-------------------
-------------------0
0-------------------
-------------------0
0-------------------
-------------------0
0-------------------
-------------------0
0-------------------
-------------------0
0-------------------
-------------------0
0-------------------
-------------------0
0-------------------
-------------------0
0-------------------
-0-0-0-0-0-0-0-0-0-0

Generation = 1, Population = 32.
--------------------
--0-0-0-0-0-0-0-0---
-0------------------
------------------0-
-0------------------
------------------0-
-0------------------
------------------0-
-0------------------
------------------0-
-0------------------
------------------0-
-0------------------
------------------0-
-0------------------
------------------0-
-0------------------
------------------0-
---0-0-0-0-0-0-0-0--
--------------------

Generation = 2, Population = 64.
--0-0-0-0-0-0-0-0---
-----------------0--
0---0-0-0-0-0-0-0-0-
-----------------0-0
0-0-----------------
-----------------0-0
0-0-----------------
-----------------0-0
0-0-----------------
-----------------0-0
0-0-----------------
-----------------0-0
0-0-----------------
-----------------0-0
0-0-----------------
-----------------0-0
0-0-----------------
-0-0-0-0-0-0-0-0---0
--0-----------------
---0-0-0-0-0-0-0-0--

Generation = 3, Population = 40.
-0------------------
0-0-------------0---
-0-0----------------
--0-0-0-0-0-0-0---0-
---0----------------
----------------0---
---0----------------
----------------0---
---0----------------
----------------0---
---0----------------
----------------0---
---0----------------
----------------0---
---0----------------
----------------0---
-0---0-0-0-0-0-0-0--
----------------0-0-
---0-------------0-0
------------------0-

Generation = 4, Population = 60.
----------------0---
---------------0-0--
------0-0-0-0-0-0-0-
---------------0-0-0
------0-0-0-0-0-0-0-
---------------0-0--
--0-0---------------
---------------0-0--
--0-0---------------
---------------0-0--
--0-0---------------
---------------0-0--
--0-0---------------
---------------0-0--
--0-0---------------
-0-0-0-0-0-0-0------
0-0-0---------------
-0-0-0-0-0-0-0------
--0-0---------------
---0----------------

Generation = 5, Population = 44.
--------------------
------0-0-0-0-------
-----0--------------
--------------0-----
-----0--------------
--0-0-0-0-0-0---0---
-0---0--------------
--------------0---0-
-0---0--------------
--------------0---0-
-0---0--------------
--------------0---0-
-0---0--------------
--------------0---0-
---0---0-0-0-0-0-0--
--------------0-----
-----0--------------
--------------0-----
-------0-0-0-0------
--------------------

*** Life<Cell> Own Test: 2 ***

Generation = 0, Population = 38.
00--00--00--00--00--
-------------------0
-------------------0
0-------------------
0-------------------
-------------------0
-------------------0
0-------------------
0-------------------
-------------------0
-------------------0
0-------------------
0-------------------
-------------------0
-------------------0
0-------------------
0-------------------
-------------------0
-------------------0
00--00--00--00--00--

Generation = 1, Population = 112.
11001100110011001100
00--00--00--00--0001
0-----------------01
10-----------------0
10-----------------0
0-----------------01
0-----------------01
10-----------------0
10-----------------0
0-----------------01
0-----------------01
10-----------------0
10-----------------0
0-----------------01
0-----------------01
10-----------------0
10-----------------0
0-----------------01
00--00--00--00--0001
11001100110011001100

Generation = 2, Population = 72.
-*--**--**--**--**1-
1----------------1-*
-0--00--00--00--0--*
*-0-----------------
*-0-----------------
-----------------0-*
-----------------0-*
*-0-----------------
*-0-----------------
-----------------0-*
-----------------0-*
*-0-----------------
*-0-----------------
-----------------0-*
-----------------0-*
*-0-----------------
*-0-----------------
-0--00--00--00--0--*
1----------------1-*
-*--**--**--**--**1-

Generation = 3, Population = 134.
-.00..00..00..00***-
-0--------------0*0*
0--0110011001100--0.
*01000--00--00--0--0
.-10-------------0-0
0-0-------------01-.
0-0-------------01-.
.-10-------------0-0
.-10-------------0-0
0-0-------------01-.
0-0-------------01-.
.-10-------------0-0
.-10-------------0-0
0-0-------------01-.
0-0-------------01-.
.-10-------------0-0
*01000--00--00--0--0
0--0110011001100--0.
-0--------------0*0*
-.00..00..00..00***-

Generation = 4, Population = 120.
-.11..11..11..1-...-
----00--00--00-0-.-*
10--**--**--**-10-1.
*-*-1--------------1
*-*--0--00--00--01-1
1--------------0-*0.
1--------------0-*0.
.0*-0--------------1
.0*-0--------------1
1--------------0-*0.
1--------------0-*0.
.0*-0--------------1
.0*-0--------------1
1--------------0-*0.
1--------------0-*0.
*-*--0--00--00--01-1
*-*-1--------------1
10--**--**--**-10-1.
----00--00--00-0-.-*
-.11..11..11..1-...-

Generation = 5, Population = 182.
-.************--...0
100-----------01-.-.
-1-0..00**00**--1--*
*0*-*0---------0-0-*
*-.0--001100110-1-0*
-00--0--00--00010.-*
*-0-0---------01-*-*
*-*-10---------0-0-*
*-*-10---------0-0-*
*-0-0---------01-*-*
*-0-0---------01-*-*
*-*-10---------0-0-*
*-*-10---------0-0-*
*-0-0---------01-*-*
-00--0--00--00010.-*
*-.0--001100110-1-0*
*0*-*0---------0-0-*
-1-0..00**00**--1--*
100-----------01-.-.
-.************--...0

*** Life<Cell> Own Test: 3 ***

Generation = 0, Population = 1.
0

Generation = 1, Population = 0.
-

Generation = 2, Population = 0.
-

Generation = 3, Population = 0.
-

Generation = 4, Population = 0.
-

Generation = 5, Population = 0.
-

*** Life<Cell> Own Test: 4 ***

Generation = 0, Population = 0.
-

Generation = 1, Population = 0.
-

Generation = 2, Population = 0.
-

Generation = 3, Population = 0.
-

Generation = 4, Population = 0.
-

Generation = 5, Population = 0.
-
